Building DAG of jobs...
The code used to generate one or several output files has changed:
    To inspect which output files have changes, run 'snakemake --list-code-changes'.
    To trigger a re-run, use 'snakemake -R $(snakemake --list-code-changes)'.
Using shell: /usr/bin/bash
Provided cluster nodes: 100
Job stats:
job                       count    min threads    max threads
----------------------  -------  -------------  -------------
all                           1              1              1
bamCoverage                   6             12             12
bamCoverage_summary           1              1              1
calculating_subsample         3              1              1
gathering_results             1              1              1
subsample_summary             1              1              1
subsample_summary_frac        1              1              1
subsample_whole               6             16             16
total                        20              1             16

Select jobs to execute...

[Fri Jul 21 12:59:47 2023]
Job 44: getting subsample norm for xrn2-r2

Submitted DRMAA job 44 with external jobid 128934.

[Fri Jul 21 12:59:48 2023]
Job 46: getting subsample norm for xrn2-r4

Submitted DRMAA job 46 with external jobid 128935.

[Fri Jul 21 12:59:48 2023]
Job 45: getting subsample norm for xrn2-r3

Submitted DRMAA job 45 with external jobid 128936.
[Fri Jul 21 13:00:06 2023]
Finished job 44.
1 of 20 steps (5%) done
[Fri Jul 21 13:00:06 2023]
Finished job 46.
2 of 20 steps (10%) done
[Fri Jul 21 13:00:06 2023]
Finished job 45.
3 of 20 steps (15%) done
Select jobs to execute...

[Fri Jul 21 13:00:06 2023]
Job 43: Creating Xrn2 subsample summary

Submitted DRMAA job 43 with external jobid 128937.
Removing temporary output file Xrn2/bams/xrn2-r2_hg38_subsample_frac.txt.
Removing temporary output file Xrn2/bams/xrn2-r3_hg38_subsample_frac.txt.
Removing temporary output file Xrn2/bams/xrn2-r4_hg38_subsample_frac.txt.
[Fri Jul 21 13:00:16 2023]
Finished job 43.
4 of 20 steps (20%) done
Select jobs to execute...

[Fri Jul 21 13:00:16 2023]
Job 42: Subsampling reads for 293flpin_Xrn2_WT_R2 INDEX_SAMPLE 

Submitted DRMAA job 42 with external jobid 128938.

[Fri Jul 21 13:00:16 2023]
Job 47: Subsampling reads for 293flpin_Xrn2_MT_R2 INDEX_SAMPLE 

Submitted DRMAA job 47 with external jobid 128939.

[Fri Jul 21 13:00:17 2023]
Job 49: Subsampling reads for 293flpin_Xrn2_MT_R3 INDEX_SAMPLE 

Submitted DRMAA job 49 with external jobid 128940.

[Fri Jul 21 13:00:17 2023]
Job 51: Subsampling reads for 293flpin_Xrn2_MT_R4 INDEX_SAMPLE 

Submitted DRMAA job 51 with external jobid 128941.

[Fri Jul 21 13:00:17 2023]
Job 48: Subsampling reads for 293flpin_Xrn2_WT_R3 INDEX_SAMPLE 

Submitted DRMAA job 48 with external jobid 128942.

[Fri Jul 21 13:00:18 2023]
Job 50: Subsampling reads for 293flpin_Xrn2_WT_R4 INDEX_SAMPLE 

Submitted DRMAA job 50 with external jobid 128943.
[Fri Jul 21 13:01:26 2023]
Finished job 49.
5 of 20 steps (25%) done
Select jobs to execute...

[Fri Jul 21 13:01:26 2023]
Job 55: stranded bigwigs 5prim or 3prim reads in R1-R2 orentation for 293flpin_Xrn2_MT_R3

Submitted DRMAA job 55 with external jobid 128944.
[Fri Jul 21 13:01:36 2023]
Finished job 51.
6 of 20 steps (30%) done
Select jobs to execute...

[Fri Jul 21 13:01:36 2023]
Job 56: stranded bigwigs 5prim or 3prim reads in R1-R2 orentation for 293flpin_Xrn2_MT_R4

Submitted DRMAA job 56 with external jobid 128945.
[Fri Jul 21 13:01:36 2023]
Finished job 48.
7 of 20 steps (35%) done
Select jobs to execute...

[Fri Jul 21 13:01:36 2023]
Job 58: stranded bigwigs 5prim or 3prim reads in R1-R2 orentation for 293flpin_Xrn2_WT_R3

Submitted DRMAA job 58 with external jobid 128946.
[Fri Jul 21 13:01:46 2023]
Finished job 42.
8 of 20 steps (40%) done
Select jobs to execute...

[Fri Jul 21 13:01:46 2023]
Job 57: stranded bigwigs 5prim or 3prim reads in R1-R2 orentation for 293flpin_Xrn2_WT_R2

Submitted DRMAA job 57 with external jobid 128947.
[Fri Jul 21 13:01:47 2023]
Finished job 47.
9 of 20 steps (45%) done
Select jobs to execute...

[Fri Jul 21 13:01:47 2023]
Job 54: stranded bigwigs 5prim or 3prim reads in R1-R2 orentation for 293flpin_Xrn2_MT_R2

Submitted DRMAA job 54 with external jobid 128948.
[Fri Jul 21 13:01:56 2023]
Finished job 50.
10 of 20 steps (50%) done
Select jobs to execute...

[Fri Jul 21 13:01:56 2023]
Job 41: Creating Xrn2 subsample_whole summary

Submitted DRMAA job 41 with external jobid 128949.

[Fri Jul 21 13:01:57 2023]
Job 59: stranded bigwigs 5prim or 3prim reads in R1-R2 orentation for 293flpin_Xrn2_WT_R4

Submitted DRMAA job 59 with external jobid 128950.
Removing temporary output file Xrn2/bams/293flpin_Xrn2_WT_R2_hg38_dedup_subsample.txt.
Removing temporary output file Xrn2/bams/293flpin_Xrn2_MT_R2_hg38_dedup_subsample.txt.
Removing temporary output file Xrn2/bams/293flpin_Xrn2_WT_R3_hg38_dedup_subsample.txt.
Removing temporary output file Xrn2/bams/293flpin_Xrn2_MT_R3_hg38_dedup_subsample.txt.
Removing temporary output file Xrn2/bams/293flpin_Xrn2_WT_R4_hg38_dedup_subsample.txt.
Removing temporary output file Xrn2/bams/293flpin_Xrn2_MT_R4_hg38_dedup_subsample.txt.
[Fri Jul 21 13:02:07 2023]
Finished job 41.
11 of 20 steps (55%) done
Select jobs to execute...

[Fri Jul 21 13:02:07 2023]
Job 52: getting final results

Submitted DRMAA job 52 with external jobid 128951.
[Fri Jul 21 13:02:27 2023]
Finished job 52.
12 of 20 steps (60%) done
Removing temporary output file Xrn2/bams/293flpin_Xrn2_MT_R3_hg38_220215_220218_dedup_subsample.bam.bai.
Removing temporary output file Xrn2/bams/293flpin_Xrn2_MT_R3_hg38_220215_220218_dedup_subsample.bam.
[Fri Jul 21 13:21:33 2023]
Finished job 55.
13 of 20 steps (65%) done
Removing temporary output file Xrn2/bams/293flpin_Xrn2_WT_R4_hg38_220215_220218_dedup_subsample.bam.bai.
Removing temporary output file Xrn2/bams/293flpin_Xrn2_WT_R4_hg38_220215_220218_dedup_subsample.bam.
[Fri Jul 21 13:22:23 2023]
Finished job 59.
14 of 20 steps (70%) done
Removing temporary output file Xrn2/bams/293flpin_Xrn2_MT_R4_hg38_220215_220218_dedup_subsample.bam.
Removing temporary output file Xrn2/bams/293flpin_Xrn2_MT_R4_hg38_220215_220218_dedup_subsample.bam.bai.
[Fri Jul 21 13:24:04 2023]
Finished job 56.
15 of 20 steps (75%) done
Removing temporary output file Xrn2/bams/293flpin_Xrn2_WT_R2_hg38_220215_220218_dedup_subsample.bam.
Removing temporary output file Xrn2/bams/293flpin_Xrn2_WT_R2_hg38_220215_220218_dedup_subsample.bam.bai.
[Fri Jul 21 13:24:44 2023]
Finished job 57.
16 of 20 steps (80%) done
Removing temporary output file Xrn2/bams/293flpin_Xrn2_WT_R3_hg38_220215_220218_dedup_subsample.bam.
Removing temporary output file Xrn2/bams/293flpin_Xrn2_WT_R3_hg38_220215_220218_dedup_subsample.bam.bai.
[Fri Jul 21 13:26:14 2023]
Finished job 58.
17 of 20 steps (85%) done
Removing temporary output file Xrn2/bams/293flpin_Xrn2_MT_R2_hg38_220215_220218_dedup_subsample.bam.
Removing temporary output file Xrn2/bams/293flpin_Xrn2_MT_R2_hg38_220215_220218_dedup_subsample.bam.bai.
[Fri Jul 21 13:27:14 2023]
Finished job 54.
18 of 20 steps (90%) done
Select jobs to execute...

[Fri Jul 21 13:27:14 2023]
Job 53: Creating Xrn2 bamCoverage summary

Submitted DRMAA job 53 with external jobid 129016.
Removing temporary output file Xrn2/bw/293flpin_Xrn2_MT_R2_bamCoverage_spike_stats.txt.
Removing temporary output file Xrn2/bw/293flpin_Xrn2_MT_R3_bamCoverage_spike_stats.txt.
Removing temporary output file Xrn2/bw/293flpin_Xrn2_MT_R4_bamCoverage_spike_stats.txt.
Removing temporary output file Xrn2/bw/293flpin_Xrn2_WT_R2_bamCoverage_spike_stats.txt.
Removing temporary output file Xrn2/bw/293flpin_Xrn2_WT_R3_bamCoverage_spike_stats.txt.
Removing temporary output file Xrn2/bw/293flpin_Xrn2_WT_R4_bamCoverage_spike_stats.txt.
[Fri Jul 21 13:27:34 2023]
Finished job 53.
19 of 20 steps (95%) done
Select jobs to execute...

[Fri Jul 21 13:27:34 2023]
localrule all:
    input: Xrn2/stats/Xrn2_fastqc.tsv, Xrn2/stats/Xrn2_cutadapt.tsv, Xrn2/stats/Xrn2_aligned.tsv, Xrn2/stats/Xrn2_hg38_dedup.tsv, Xrn2/stats/Xrn2_hg38_subsample.tsv, Xrn2/stats/Xrn2_results.tsv, Xrn2/URLS/Xrn2_hg38_norm_3end_subsample_bw_URL.txt
    jobid: 0
    resources: tmpdir=/tmp

[Fri Jul 21 13:27:34 2023]
Finished job 0.
20 of 20 steps (100%) done
The code used to generate one or several output files has changed:
    To inspect which output files have changes, run 'snakemake --list-code-changes'.
    To trigger a re-run, use 'snakemake -R $(snakemake --list-code-changes)'.
Complete log: /beevol/home/erickson/Ben_pipelines/snakemake_pipelines/NETseq_UMI_findPauses/.snakemake/log/2023-07-21T125943.732232.snakemake.log
