Building DAG of jobs...
The code used to generate one or several output files has changed:
    To inspect which output files have changes, run 'snakemake --list-code-changes'.
    To trigger a re-run, use 'snakemake -R $(snakemake --list-code-changes)'.
Using shell: /usr/bin/bash
Provided cluster nodes: 100
Job stats:
job                    count    min threads    max threads
-------------------  -------  -------------  -------------
all                        1              1              1
create_plots               1              1              1
gene_subsample_test        8              1              1
pause_density            312              6              6
pause_metaplots           24              6              6
pause_reads               24              6              6
pausing_summary            2              1              1
strong_pauses             12              1              1
total                    384              1              6

Select jobs to execute...

[Thu Aug  3 13:43:31 2023]
Job 230: Testing subsampling for xrn2-r4 gene

Submitted DRMAA job 230 with external jobid 170263.

[Thu Aug  3 13:43:32 2023]
Job 258: Filtering _strong_ pauses (200bp window) for 293flpin_Xrn2_WT_R4_xrn2-r4_body

Submitted DRMAA job 258 with external jobid 170264.

[Thu Aug  3 13:43:32 2023]
Job 349: Intersecting reads with _ pauses (200bp window) for 293flpin_Xrn2_WT_R2_xrn2-r2_body

Submitted DRMAA job 349 with external jobid 170265.

[Thu Aug  3 13:43:32 2023]
Job 224: Testing subsampling for xrn2-r2 gene

Submitted DRMAA job 224 with external jobid 170266.

[Thu Aug  3 13:43:32 2023]
Job 252: Filtering _strong_ pauses (200bp window) for 293flpin_Xrn2_MT_R3_xrn2-r3_body

Submitted DRMAA job 252 with external jobid 170267.

[Thu Aug  3 13:43:33 2023]
Job 266: Filtering _strong_ pauses (200bp window) for 293flpin_Xrn2_MT_R4_xrn2-r4_gene

Submitted DRMAA job 266 with external jobid 170268.

[Thu Aug  3 13:43:33 2023]
Job 287: Creating _ pause (200bp window) metaplot files for 293flpin_Xrn2_WT_R3_xrn2-r3_gene

Submitted DRMAA job 287 with external jobid 170269.

[Thu Aug  3 13:43:34 2023]
Job 273: Creating _ pause (200bp window) metaplot files for 293flpin_Xrn2_WT_R2_xrn2-r2_body

Submitted DRMAA job 273 with external jobid 170270.

[Thu Aug  3 13:43:34 2023]
Job 685: Intersecting reads with _ pauses (200bp window) for 293flpin_Xrn2_WT_R4_xrn2-r4_body

Submitted DRMAA job 685 with external jobid 170271.

[Thu Aug  3 13:43:34 2023]
Job 225: Testing subsampling for xrn2-r3 tss

Submitted DRMAA job 225 with external jobid 170272.

[Thu Aug  3 13:43:34 2023]
Job 281: Creating _ pause (200bp window) metaplot files for 293flpin_Xrn2_MT_R2_xrn2-r2_gene

Submitted DRMAA job 281 with external jobid 170273.

[Thu Aug  3 13:43:35 2023]
Job 433: Intersecting reads with _ pauses (200bp window) for 293flpin_Xrn2_MT_R2_xrn2-r2_body

Submitted DRMAA job 433 with external jobid 170274.

[Thu Aug  3 13:43:35 2023]
Job 204: Testing subsampling for xrn2-r2 tss

Submitted DRMAA job 204 with external jobid 170275.

[Thu Aug  3 13:43:35 2023]
Job 246: Filtering _strong_ pauses (200bp window) for 293flpin_Xrn2_WT_R3_xrn2-r3_body

Submitted DRMAA job 246 with external jobid 170276.

[Thu Aug  3 13:43:35 2023]
Job 260: Filtering _strong_ pauses (200bp window) for 293flpin_Xrn2_WT_R4_xrn2-r4_gene

Submitted DRMAA job 260 with external jobid 170277.

[Thu Aug  3 13:43:35 2023]
Job 226: Testing subsampling for xrn2-r3 body

Submitted DRMAA job 226 with external jobid 170278.

[Thu Aug  3 13:43:35 2023]
Job 240: Filtering _strong_ pauses (200bp window) for 293flpin_Xrn2_MT_R2_xrn2-r2_body

Submitted DRMAA job 240 with external jobid 170279.

[Thu Aug  3 13:43:36 2023]
Job 254: Filtering _strong_ pauses (200bp window) for 293flpin_Xrn2_MT_R3_xrn2-r3_gene

Submitted DRMAA job 254 with external jobid 170280.

[Thu Aug  3 13:43:36 2023]
Job 268: Creating Xrn2 _ pausing summary (200bp window)

Submitted DRMAA job 268 with external jobid 170281.

[Thu Aug  3 13:43:36 2023]
Job 377: Intersecting reads with _ pauses (200bp window) for 293flpin_Xrn2_WT_R2_xrn2-r2_gene

Submitted DRMAA job 377 with external jobid 170282.

[Thu Aug  3 13:43:36 2023]
Job 629: Intersecting reads with _ pauses (200bp window) for 293flpin_Xrn2_MT_R3_xrn2-r3_gene

Submitted DRMAA job 629 with external jobid 170283.

[Thu Aug  3 13:43:36 2023]
Job 303: Creating _ pause (200bp window) metaplot files for 293flpin_Xrn2_MT_R4_xrn2-r4_body

Submitted DRMAA job 303 with external jobid 170284.

[Thu Aug  3 13:43:36 2023]
Job 275: Creating _ pause (200bp window) metaplot files for 293flpin_Xrn2_WT_R2_xrn2-r2_gene

Submitted DRMAA job 275 with external jobid 170285.

[Thu Aug  3 13:43:36 2023]
Job 279: Creating _ pause (200bp window) metaplot files for 293flpin_Xrn2_MT_R2_xrn2-r2_body

Submitted DRMAA job 279 with external jobid 170286.

[Thu Aug  3 13:43:36 2023]
Job 297: Creating _ pause (200bp window) metaplot files for 293flpin_Xrn2_WT_R4_xrn2-r4_body

Submitted DRMAA job 297 with external jobid 170287.

[Thu Aug  3 13:43:37 2023]
Job 227: Testing subsampling for xrn2-r3 gene

Submitted DRMAA job 227 with external jobid 170288.

[Thu Aug  3 13:43:37 2023]
Job 769: Intersecting reads with _ pauses (200bp window) for 293flpin_Xrn2_MT_R4_xrn2-r4_body

Submitted DRMAA job 769 with external jobid 170289.

[Thu Aug  3 13:43:37 2023]
Job 234: Filtering _strong_ pauses (200bp window) for 293flpin_Xrn2_WT_R2_xrn2-r2_body

Submitted DRMAA job 234 with external jobid 170290.

[Thu Aug  3 13:43:37 2023]
Job 248: Filtering _strong_ pauses (200bp window) for 293flpin_Xrn2_WT_R3_xrn2-r3_gene

Submitted DRMAA job 248 with external jobid 170291.

[Thu Aug  3 13:43:37 2023]
Job 461: Intersecting reads with _ pauses (200bp window) for 293flpin_Xrn2_MT_R2_xrn2-r2_gene

Submitted DRMAA job 461 with external jobid 170292.

[Thu Aug  3 13:43:37 2023]
Job 517: Intersecting reads with _ pauses (200bp window) for 293flpin_Xrn2_WT_R3_xrn2-r3_body

Submitted DRMAA job 517 with external jobid 170293.

[Thu Aug  3 13:43:37 2023]
Job 228: Testing subsampling for xrn2-r4 tss

Submitted DRMAA job 228 with external jobid 170294.

[Thu Aug  3 13:43:37 2023]
Job 242: Filtering _strong_ pauses (200bp window) for 293flpin_Xrn2_MT_R2_xrn2-r2_gene

Submitted DRMAA job 242 with external jobid 170295.

[Thu Aug  3 13:43:37 2023]
Job 713: Intersecting reads with _ pauses (200bp window) for 293flpin_Xrn2_WT_R4_xrn2-r4_gene

Submitted DRMAA job 713 with external jobid 170296.

[Thu Aug  3 13:43:37 2023]
Job 305: Creating _ pause (200bp window) metaplot files for 293flpin_Xrn2_MT_R4_xrn2-r4_gene

Submitted DRMAA job 305 with external jobid 170297.

[Thu Aug  3 13:43:37 2023]
Job 291: Creating _ pause (200bp window) metaplot files for 293flpin_Xrn2_MT_R3_xrn2-r3_body

Submitted DRMAA job 291 with external jobid 170298.

[Thu Aug  3 13:43:37 2023]
Job 299: Creating _ pause (200bp window) metaplot files for 293flpin_Xrn2_WT_R4_xrn2-r4_gene

Submitted DRMAA job 299 with external jobid 170299.

[Thu Aug  3 13:43:38 2023]
Job 285: Creating _ pause (200bp window) metaplot files for 293flpin_Xrn2_WT_R3_xrn2-r3_body

Submitted DRMAA job 285 with external jobid 170300.

[Thu Aug  3 13:43:38 2023]
Job 236: Filtering _strong_ pauses (200bp window) for 293flpin_Xrn2_WT_R2_xrn2-r2_gene

Submitted DRMAA job 236 with external jobid 170301.

[Thu Aug  3 13:43:38 2023]
Job 293: Creating _ pause (200bp window) metaplot files for 293flpin_Xrn2_MT_R3_xrn2-r3_gene

Submitted DRMAA job 293 with external jobid 170302.

[Thu Aug  3 13:43:38 2023]
Job 264: Filtering _strong_ pauses (200bp window) for 293flpin_Xrn2_MT_R4_xrn2-r4_body

Submitted DRMAA job 264 with external jobid 170303.

[Thu Aug  3 13:43:38 2023]
Job 223: Testing subsampling for xrn2-r2 body

Submitted DRMAA job 223 with external jobid 170304.

[Thu Aug  3 13:43:38 2023]
Job 545: Intersecting reads with _ pauses (200bp window) for 293flpin_Xrn2_WT_R3_xrn2-r3_gene

Submitted DRMAA job 545 with external jobid 170305.

[Thu Aug  3 13:43:38 2023]
Job 601: Intersecting reads with _ pauses (200bp window) for 293flpin_Xrn2_MT_R3_xrn2-r3_body

Submitted DRMAA job 601 with external jobid 170306.

[Thu Aug  3 13:43:38 2023]
Job 797: Intersecting reads with _ pauses (200bp window) for 293flpin_Xrn2_MT_R4_xrn2-r4_gene

Submitted DRMAA job 797 with external jobid 170307.
[Thu Aug  3 13:43:43 2023]
Finished job 258.
1 of 384 steps (0.3%) done
Select jobs to execute...

[Thu Aug  3 13:43:43 2023]
Job 671: Intersecting reads with _strong_ pauses (200bp window) for 293flpin_Xrn2_WT_R4_xrn2-r4_body

Submitted DRMAA job 671 with external jobid 170308.

[Thu Aug  3 13:43:43 2023]
Job 296: Creating _strong_ pause (200bp window) metaplot files for 293flpin_Xrn2_WT_R4_xrn2-r4_body

Submitted DRMAA job 296 with external jobid 170309.
[Thu Aug  3 13:43:43 2023]
Finished job 252.
2 of 384 steps (1%) done
[Thu Aug  3 13:43:43 2023]
Finished job 266.
3 of 384 steps (1%) done
Select jobs to execute...

[Thu Aug  3 13:43:43 2023]
Job 290: Creating _strong_ pause (200bp window) metaplot files for 293flpin_Xrn2_MT_R3_xrn2-r3_body

Submitted DRMAA job 290 with external jobid 170310.

[Thu Aug  3 13:43:43 2023]
Job 587: Intersecting reads with _strong_ pauses (200bp window) for 293flpin_Xrn2_MT_R3_xrn2-r3_body

Submitted DRMAA job 587 with external jobid 170311.

[Thu Aug  3 13:43:43 2023]
Job 783: Intersecting reads with _strong_ pauses (200bp window) for 293flpin_Xrn2_MT_R4_xrn2-r4_gene

Submitted DRMAA job 783 with external jobid 170312.

[Thu Aug  3 13:43:43 2023]
Job 304: Creating _strong_ pause (200bp window) metaplot files for 293flpin_Xrn2_MT_R4_xrn2-r4_gene

Submitted DRMAA job 304 with external jobid 170313.
[Thu Aug  3 13:43:58 2023]
Finished job 246.
4 of 384 steps (1%) done
Select jobs to execute...

[Thu Aug  3 13:43:58 2023]
Job 284: Creating _strong_ pause (200bp window) metaplot files for 293flpin_Xrn2_WT_R3_xrn2-r3_body

Submitted DRMAA job 284 with external jobid 170314.

[Thu Aug  3 13:43:59 2023]
Job 503: Intersecting reads with _strong_ pauses (200bp window) for 293flpin_Xrn2_WT_R3_xrn2-r3_body

Submitted DRMAA job 503 with external jobid 170315.
[Thu Aug  3 13:43:59 2023]
Finished job 260.
5 of 384 steps (1%) done
[Thu Aug  3 13:43:59 2023]
Finished job 240.
6 of 384 steps (2%) done
Select jobs to execute...

[Thu Aug  3 13:43:59 2023]
Job 298: Creating _strong_ pause (200bp window) metaplot files for 293flpin_Xrn2_WT_R4_xrn2-r4_gene

Submitted DRMAA job 298 with external jobid 170316.

[Thu Aug  3 13:43:59 2023]
Job 278: Creating _strong_ pause (200bp window) metaplot files for 293flpin_Xrn2_MT_R2_xrn2-r2_body

Submitted DRMAA job 278 with external jobid 170317.

[Thu Aug  3 13:43:59 2023]
Job 699: Intersecting reads with _strong_ pauses (200bp window) for 293flpin_Xrn2_WT_R4_xrn2-r4_gene

Submitted DRMAA job 699 with external jobid 170318.

[Thu Aug  3 13:43:59 2023]
Job 419: Intersecting reads with _strong_ pauses (200bp window) for 293flpin_Xrn2_MT_R2_xrn2-r2_body

Submitted DRMAA job 419 with external jobid 170319.
[Thu Aug  3 13:43:59 2023]
Finished job 254.
7 of 384 steps (2%) done
Select jobs to execute...

[Thu Aug  3 13:43:59 2023]
Job 292: Creating _strong_ pause (200bp window) metaplot files for 293flpin_Xrn2_MT_R3_xrn2-r3_gene

Submitted DRMAA job 292 with external jobid 170320.

[Thu Aug  3 13:43:59 2023]
Job 615: Intersecting reads with _strong_ pauses (200bp window) for 293flpin_Xrn2_MT_R3_xrn2-r3_gene

Submitted DRMAA job 615 with external jobid 170321.
Removing temporary output file Xrn2/pauses/293flpin_Xrn2_WT_R2_xrn2-r2_tss_200_pauses.bed.gz.
Removing temporary output file Xrn2/pauses/293flpin_Xrn2_MT_R2_xrn2-r2_tss_200_pauses.bed.gz.
Removing temporary output file Xrn2/pauses/293flpin_Xrn2_WT_R3_xrn2-r3_tss_200_pauses.bed.gz.
Removing temporary output file Xrn2/pauses/293flpin_Xrn2_MT_R3_xrn2-r3_tss_200_pauses.bed.gz.
Removing temporary output file Xrn2/pauses/293flpin_Xrn2_WT_R4_xrn2-r4_tss_200_pauses.bed.gz.
Removing temporary output file Xrn2/pauses/293flpin_Xrn2_MT_R4_xrn2-r4_tss_200_pauses.bed.gz.
[Thu Aug  3 13:44:00 2023]
Finished job 268.
8 of 384 steps (2%) done
[Thu Aug  3 13:44:00 2023]
Finished job 234.
9 of 384 steps (2%) done
Select jobs to execute...

[Thu Aug  3 13:44:00 2023]
Job 335: Intersecting reads with _strong_ pauses (200bp window) for 293flpin_Xrn2_WT_R2_xrn2-r2_body

Submitted DRMAA job 335 with external jobid 170322.

[Thu Aug  3 13:44:00 2023]
Job 272: Creating _strong_ pause (200bp window) metaplot files for 293flpin_Xrn2_WT_R2_xrn2-r2_body

Submitted DRMAA job 272 with external jobid 170323.
[Thu Aug  3 13:44:00 2023]
Finished job 248.
10 of 384 steps (3%) done
Select jobs to execute...

[Thu Aug  3 13:44:00 2023]
Job 531: Intersecting reads with _strong_ pauses (200bp window) for 293flpin_Xrn2_WT_R3_xrn2-r3_gene

Submitted DRMAA job 531 with external jobid 170324.

[Thu Aug  3 13:44:01 2023]
Job 286: Creating _strong_ pause (200bp window) metaplot files for 293flpin_Xrn2_WT_R3_xrn2-r3_gene

Submitted DRMAA job 286 with external jobid 170325.
[Thu Aug  3 13:44:16 2023]
Finished job 242.
11 of 384 steps (3%) done
Select jobs to execute...

[Thu Aug  3 13:44:16 2023]
Job 447: Intersecting reads with _strong_ pauses (200bp window) for 293flpin_Xrn2_MT_R2_xrn2-r2_gene

Submitted DRMAA job 447 with external jobid 170326.

[Thu Aug  3 13:44:16 2023]
Job 280: Creating _strong_ pause (200bp window) metaplot files for 293flpin_Xrn2_MT_R2_xrn2-r2_gene

Submitted DRMAA job 280 with external jobid 170327.
[Thu Aug  3 13:44:16 2023]
Finished job 236.
12 of 384 steps (3%) done
[Thu Aug  3 13:44:16 2023]
Finished job 264.
13 of 384 steps (3%) done
Select jobs to execute...

[Thu Aug  3 13:44:16 2023]
Job 302: Creating _strong_ pause (200bp window) metaplot files for 293flpin_Xrn2_MT_R4_xrn2-r4_body

Submitted DRMAA job 302 with external jobid 170328.

[Thu Aug  3 13:44:16 2023]
Job 274: Creating _strong_ pause (200bp window) metaplot files for 293flpin_Xrn2_WT_R2_xrn2-r2_gene

Submitted DRMAA job 274 with external jobid 170329.

[Thu Aug  3 13:44:16 2023]
Job 363: Intersecting reads with _strong_ pauses (200bp window) for 293flpin_Xrn2_WT_R2_xrn2-r2_gene

Submitted DRMAA job 363 with external jobid 170330.

[Thu Aug  3 13:44:16 2023]
Job 231: Creating Xrn2 _strong_ pausing summary (200bp window)

Submitted DRMAA job 231 with external jobid 170331.

[Thu Aug  3 13:44:16 2023]
Job 755: Intersecting reads with _strong_ pauses (200bp window) for 293flpin_Xrn2_MT_R4_xrn2-r4_body

Submitted DRMAA job 755 with external jobid 170332.
Removing temporary output file Xrn2/pauses/293flpin_Xrn2_WT_R2_xrn2-r2_tss_200_strong_pauses.bed.gz.
Removing temporary output file Xrn2/pauses/293flpin_Xrn2_MT_R2_xrn2-r2_tss_200_strong_pauses.bed.gz.
Removing temporary output file Xrn2/pauses/293flpin_Xrn2_WT_R3_xrn2-r3_tss_200_strong_pauses.bed.gz.
Removing temporary output file Xrn2/pauses/293flpin_Xrn2_MT_R3_xrn2-r3_tss_200_strong_pauses.bed.gz.
Removing temporary output file Xrn2/pauses/293flpin_Xrn2_WT_R4_xrn2-r4_tss_200_strong_pauses.bed.gz.
Removing temporary output file Xrn2/pauses/293flpin_Xrn2_MT_R4_xrn2-r4_tss_200_strong_pauses.bed.gz.
[Thu Aug  3 13:44:27 2023]
Finished job 231.
14 of 384 steps (4%) done
[Thu Aug  3 13:44:29 2023]
Finished job 349.
15 of 384 steps (4%) done
Select jobs to execute...

[Thu Aug  3 13:44:29 2023]
Job 355: Intersecting _ pauses (200bp window) for 293flpin_Xrn2_WT_R2_xrn2-r2_body 5-50bp

Submitted DRMAA job 355 with external jobid 170333.

[Thu Aug  3 13:44:29 2023]
Job 356: Intersecting _ pauses (200bp window) for 293flpin_Xrn2_WT_R2_xrn2-r2_body 3-50bp

Submitted DRMAA job 356 with external jobid 170334.

[Thu Aug  3 13:44:29 2023]
Job 358: Intersecting _ pauses (200bp window) for 293flpin_Xrn2_WT_R2_xrn2-r2_body introns

Submitted DRMAA job 358 with external jobid 170335.

[Thu Aug  3 13:44:29 2023]
Job 360: Intersecting _ pauses (200bp window) for 293flpin_Xrn2_WT_R2_xrn2-r2_body body

Submitted DRMAA job 360 with external jobid 170336.

[Thu Aug  3 13:44:29 2023]
Job 348: Intersecting _ pauses (200bp window) for 293flpin_Xrn2_WT_R2_xrn2-r2_body 5-TSS-100bp

Submitted DRMAA job 348 with external jobid 170337.

[Thu Aug  3 13:44:29 2023]
Job 350: Intersecting _ pauses (200bp window) for 293flpin_Xrn2_WT_R2_xrn2-r2_body 5-100bp-300bp

Submitted DRMAA job 350 with external jobid 170338.

[Thu Aug  3 13:44:30 2023]
Job 352: Intersecting _ pauses (200bp window) for 293flpin_Xrn2_WT_R2_xrn2-r2_body 5-500bp-1kb

Submitted DRMAA job 352 with external jobid 170339.

[Thu Aug  3 13:44:30 2023]
Job 354: Intersecting _ pauses (200bp window) for 293flpin_Xrn2_WT_R2_xrn2-r2_body 5-10bp

Submitted DRMAA job 354 with external jobid 170340.

[Thu Aug  3 13:44:30 2023]
Job 357: Intersecting _ pauses (200bp window) for 293flpin_Xrn2_WT_R2_xrn2-r2_body exons

Submitted DRMAA job 357 with external jobid 170341.

[Thu Aug  3 13:44:30 2023]
Job 359: Intersecting _ pauses (200bp window) for 293flpin_Xrn2_WT_R2_xrn2-r2_body tss

Submitted DRMAA job 359 with external jobid 170342.

[Thu Aug  3 13:44:30 2023]
Job 361: Intersecting _ pauses (200bp window) for 293flpin_Xrn2_WT_R2_xrn2-r2_body gene

Submitted DRMAA job 361 with external jobid 170343.

[Thu Aug  3 13:44:30 2023]
Job 351: Intersecting _ pauses (200bp window) for 293flpin_Xrn2_WT_R2_xrn2-r2_body 5-300bp-500bp

Submitted DRMAA job 351 with external jobid 170344.

[Thu Aug  3 13:44:30 2023]
Job 353: Intersecting _ pauses (200bp window) for 293flpin_Xrn2_WT_R2_xrn2-r2_body 4-200bp

Submitted DRMAA job 353 with external jobid 170345.
[Thu Aug  3 13:44:30 2023]
Finished job 685.
16 of 384 steps (4%) done
Select jobs to execute...

[Thu Aug  3 13:44:31 2023]
Job 691: Intersecting _ pauses (200bp window) for 293flpin_Xrn2_WT_R4_xrn2-r4_body 5-50bp

Submitted DRMAA job 691 with external jobid 170346.

[Thu Aug  3 13:44:31 2023]
Job 692: Intersecting _ pauses (200bp window) for 293flpin_Xrn2_WT_R4_xrn2-r4_body 3-50bp

Submitted DRMAA job 692 with external jobid 170347.

[Thu Aug  3 13:44:31 2023]
Job 694: Intersecting _ pauses (200bp window) for 293flpin_Xrn2_WT_R4_xrn2-r4_body introns

Submitted DRMAA job 694 with external jobid 170348.

[Thu Aug  3 13:44:31 2023]
Job 696: Intersecting _ pauses (200bp window) for 293flpin_Xrn2_WT_R4_xrn2-r4_body body

Submitted DRMAA job 696 with external jobid 170349.

[Thu Aug  3 13:44:31 2023]
Job 684: Intersecting _ pauses (200bp window) for 293flpin_Xrn2_WT_R4_xrn2-r4_body 5-TSS-100bp

Submitted DRMAA job 684 with external jobid 170350.

[Thu Aug  3 13:44:31 2023]
Job 686: Intersecting _ pauses (200bp window) for 293flpin_Xrn2_WT_R4_xrn2-r4_body 5-100bp-300bp

Submitted DRMAA job 686 with external jobid 170351.

[Thu Aug  3 13:44:32 2023]
Job 688: Intersecting _ pauses (200bp window) for 293flpin_Xrn2_WT_R4_xrn2-r4_body 5-500bp-1kb

Submitted DRMAA job 688 with external jobid 170352.

[Thu Aug  3 13:44:32 2023]
Job 690: Intersecting _ pauses (200bp window) for 293flpin_Xrn2_WT_R4_xrn2-r4_body 5-10bp

Submitted DRMAA job 690 with external jobid 170353.

[Thu Aug  3 13:44:32 2023]
Job 693: Intersecting _ pauses (200bp window) for 293flpin_Xrn2_WT_R4_xrn2-r4_body exons

Submitted DRMAA job 693 with external jobid 170354.

[Thu Aug  3 13:44:32 2023]
Job 695: Intersecting _ pauses (200bp window) for 293flpin_Xrn2_WT_R4_xrn2-r4_body tss

Submitted DRMAA job 695 with external jobid 170355.

[Thu Aug  3 13:44:32 2023]
Job 697: Intersecting _ pauses (200bp window) for 293flpin_Xrn2_WT_R4_xrn2-r4_body gene

Submitted DRMAA job 697 with external jobid 170356.

[Thu Aug  3 13:44:32 2023]
Job 687: Intersecting _ pauses (200bp window) for 293flpin_Xrn2_WT_R4_xrn2-r4_body 5-300bp-500bp

Submitted DRMAA job 687 with external jobid 170357.

[Thu Aug  3 13:44:32 2023]
Job 689: Intersecting _ pauses (200bp window) for 293flpin_Xrn2_WT_R4_xrn2-r4_body 4-200bp

Submitted DRMAA job 689 with external jobid 170358.
Removing temporary output file Xrn2/pauses/293flpin_Xrn2_WT_R2_xrn2-r2_body_200_pause_reads_body.bed.gz.
[Thu Aug  3 13:44:43 2023]
Finished job 360.
17 of 384 steps (4%) done
Removing temporary output file Xrn2/pauses/293flpin_Xrn2_WT_R2_xrn2-r2_body_200_pause_reads_5-TSS-100bp.bed.gz.
[Thu Aug  3 13:44:43 2023]
Finished job 348.
18 of 384 steps (5%) done
Removing temporary output file Xrn2/pauses/293flpin_Xrn2_WT_R2_xrn2-r2_body_200_pause_reads_5-100bp-300bp.bed.gz.
[Thu Aug  3 13:44:43 2023]
Finished job 350.
19 of 384 steps (5%) done
[Thu Aug  3 13:44:46 2023]
Finished job 671.
20 of 384 steps (5%) done
Select jobs to execute...

[Thu Aug  3 13:44:46 2023]
Job 677: Intersecting _strong_ pauses (200bp window) for 293flpin_Xrn2_WT_R4_xrn2-r4_body 5-50bp

Submitted DRMAA job 677 with external jobid 170359.

[Thu Aug  3 13:44:46 2023]
Job 678: Intersecting _strong_ pauses (200bp window) for 293flpin_Xrn2_WT_R4_xrn2-r4_body 3-50bp

Submitted DRMAA job 678 with external jobid 170360.

[Thu Aug  3 13:44:46 2023]
Job 680: Intersecting _strong_ pauses (200bp window) for 293flpin_Xrn2_WT_R4_xrn2-r4_body introns

Submitted DRMAA job 680 with external jobid 170361.

[Thu Aug  3 13:44:46 2023]
Job 682: Intersecting _strong_ pauses (200bp window) for 293flpin_Xrn2_WT_R4_xrn2-r4_body body

Submitted DRMAA job 682 with external jobid 170362.

[Thu Aug  3 13:44:46 2023]
Job 670: Intersecting _strong_ pauses (200bp window) for 293flpin_Xrn2_WT_R4_xrn2-r4_body 5-TSS-100bp

Submitted DRMAA job 670 with external jobid 170363.

[Thu Aug  3 13:44:46 2023]
Job 672: Intersecting _strong_ pauses (200bp window) for 293flpin_Xrn2_WT_R4_xrn2-r4_body 5-100bp-300bp

Submitted DRMAA job 672 with external jobid 170364.

[Thu Aug  3 13:44:47 2023]
Job 674: Intersecting _strong_ pauses (200bp window) for 293flpin_Xrn2_WT_R4_xrn2-r4_body 5-500bp-1kb

Submitted DRMAA job 674 with external jobid 170365.

[Thu Aug  3 13:44:47 2023]
Job 676: Intersecting _strong_ pauses (200bp window) for 293flpin_Xrn2_WT_R4_xrn2-r4_body 5-10bp

Submitted DRMAA job 676 with external jobid 170366.

[Thu Aug  3 13:44:47 2023]
Job 679: Intersecting _strong_ pauses (200bp window) for 293flpin_Xrn2_WT_R4_xrn2-r4_body exons

Submitted DRMAA job 679 with external jobid 170367.

[Thu Aug  3 13:44:47 2023]
Job 681: Intersecting _strong_ pauses (200bp window) for 293flpin_Xrn2_WT_R4_xrn2-r4_body tss

Submitted DRMAA job 681 with external jobid 170368.

[Thu Aug  3 13:44:47 2023]
Job 683: Intersecting _strong_ pauses (200bp window) for 293flpin_Xrn2_WT_R4_xrn2-r4_body gene

Submitted DRMAA job 683 with external jobid 170369.

[Thu Aug  3 13:44:47 2023]
Job 673: Intersecting _strong_ pauses (200bp window) for 293flpin_Xrn2_WT_R4_xrn2-r4_body 5-300bp-500bp

Submitted DRMAA job 673 with external jobid 170370.

[Thu Aug  3 13:44:48 2023]
Job 675: Intersecting _strong_ pauses (200bp window) for 293flpin_Xrn2_WT_R4_xrn2-r4_body 4-200bp

Submitted DRMAA job 675 with external jobid 170371.
[Thu Aug  3 13:44:48 2023]
Finished job 377.
21 of 384 steps (5%) done
Select jobs to execute...

[Thu Aug  3 13:44:48 2023]
Job 383: Intersecting _ pauses (200bp window) for 293flpin_Xrn2_WT_R2_xrn2-r2_gene 5-50bp

Submitted DRMAA job 383 with external jobid 170372.

[Thu Aug  3 13:44:48 2023]
Job 384: Intersecting _ pauses (200bp window) for 293flpin_Xrn2_WT_R2_xrn2-r2_gene 3-50bp

Submitted DRMAA job 384 with external jobid 170373.

[Thu Aug  3 13:44:48 2023]
Job 386: Intersecting _ pauses (200bp window) for 293flpin_Xrn2_WT_R2_xrn2-r2_gene introns

Submitted DRMAA job 386 with external jobid 170374.

[Thu Aug  3 13:44:48 2023]
Job 388: Intersecting _ pauses (200bp window) for 293flpin_Xrn2_WT_R2_xrn2-r2_gene body

Submitted DRMAA job 388 with external jobid 170375.

[Thu Aug  3 13:44:48 2023]
Job 376: Intersecting _ pauses (200bp window) for 293flpin_Xrn2_WT_R2_xrn2-r2_gene 5-TSS-100bp

Submitted DRMAA job 376 with external jobid 170376.

[Thu Aug  3 13:44:48 2023]
Job 378: Intersecting _ pauses (200bp window) for 293flpin_Xrn2_WT_R2_xrn2-r2_gene 5-100bp-300bp

Submitted DRMAA job 378 with external jobid 170377.

[Thu Aug  3 13:44:49 2023]
Job 380: Intersecting _ pauses (200bp window) for 293flpin_Xrn2_WT_R2_xrn2-r2_gene 5-500bp-1kb

Submitted DRMAA job 380 with external jobid 170378.

[Thu Aug  3 13:44:49 2023]
Job 382: Intersecting _ pauses (200bp window) for 293flpin_Xrn2_WT_R2_xrn2-r2_gene 5-10bp

Submitted DRMAA job 382 with external jobid 170379.

[Thu Aug  3 13:44:49 2023]
Job 385: Intersecting _ pauses (200bp window) for 293flpin_Xrn2_WT_R2_xrn2-r2_gene exons

Submitted DRMAA job 385 with external jobid 170380.

[Thu Aug  3 13:44:49 2023]
Job 387: Intersecting _ pauses (200bp window) for 293flpin_Xrn2_WT_R2_xrn2-r2_gene tss

Submitted DRMAA job 387 with external jobid 170381.

[Thu Aug  3 13:44:49 2023]
Job 389: Intersecting _ pauses (200bp window) for 293flpin_Xrn2_WT_R2_xrn2-r2_gene gene

Submitted DRMAA job 389 with external jobid 170382.

[Thu Aug  3 13:44:49 2023]
Job 379: Intersecting _ pauses (200bp window) for 293flpin_Xrn2_WT_R2_xrn2-r2_gene 5-300bp-500bp

Submitted DRMAA job 379 with external jobid 170383.
[Thu Aug  3 13:44:49 2023]
Finished job 629.
22 of 384 steps (6%) done
[Thu Aug  3 13:44:49 2023]
Finished job 461.
23 of 384 steps (6%) done
[Thu Aug  3 13:44:49 2023]
Finished job 517.
24 of 384 steps (6%) done
[Thu Aug  3 13:44:50 2023]
Finished job 713.
25 of 384 steps (7%) done
[Thu Aug  3 13:44:50 2023]
Finished job 545.
26 of 384 steps (7%) done
[Thu Aug  3 13:44:50 2023]
Finished job 601.
27 of 384 steps (7%) done
[Thu Aug  3 13:44:50 2023]
Finished job 797.
28 of 384 steps (7%) done
Select jobs to execute...

[Thu Aug  3 13:44:50 2023]
Job 804: Intersecting _ pauses (200bp window) for 293flpin_Xrn2_MT_R4_xrn2-r4_gene 3-50bp

Submitted DRMAA job 804 with external jobid 170384.

[Thu Aug  3 13:44:50 2023]
Job 806: Intersecting _ pauses (200bp window) for 293flpin_Xrn2_MT_R4_xrn2-r4_gene introns

Submitted DRMAA job 806 with external jobid 170385.

[Thu Aug  3 13:44:50 2023]
Job 808: Intersecting _ pauses (200bp window) for 293flpin_Xrn2_MT_R4_xrn2-r4_gene body

Submitted DRMAA job 808 with external jobid 170386.

[Thu Aug  3 13:44:50 2023]
Job 796: Intersecting _ pauses (200bp window) for 293flpin_Xrn2_MT_R4_xrn2-r4_gene 5-TSS-100bp

Submitted DRMAA job 796 with external jobid 170387.

[Thu Aug  3 13:44:50 2023]
Job 805: Intersecting _ pauses (200bp window) for 293flpin_Xrn2_MT_R4_xrn2-r4_gene exons

Submitted DRMAA job 805 with external jobid 170388.

[Thu Aug  3 13:44:51 2023]
Job 807: Intersecting _ pauses (200bp window) for 293flpin_Xrn2_MT_R4_xrn2-r4_gene tss

Submitted DRMAA job 807 with external jobid 170389.

[Thu Aug  3 13:44:51 2023]
Job 809: Intersecting _ pauses (200bp window) for 293flpin_Xrn2_MT_R4_xrn2-r4_gene gene

Submitted DRMAA job 809 with external jobid 170390.
Select jobs to execute...
Removing temporary output file Xrn2/pauses/293flpin_Xrn2_WT_R2_xrn2-r2_body_200_pause_reads_5-500bp-1kb.bed.gz.
[Thu Aug  3 13:45:02 2023]
Finished job 352.
29 of 384 steps (8%) done

[Thu Aug  3 13:45:02 2023]
Job 798: Intersecting _ pauses (200bp window) for 293flpin_Xrn2_MT_R4_xrn2-r4_gene 5-100bp-300bp

Submitted DRMAA job 798 with external jobid 170391.
Removing temporary output file Xrn2/pauses/293flpin_Xrn2_WT_R2_xrn2-r2_body_200_pause_reads_tss.bed.gz.
[Thu Aug  3 13:45:03 2023]
Finished job 359.
30 of 384 steps (8%) done
Select jobs to execute...

[Thu Aug  3 13:45:03 2023]
Job 799: Intersecting _ pauses (200bp window) for 293flpin_Xrn2_MT_R4_xrn2-r4_gene 5-300bp-500bp

Submitted DRMAA job 799 with external jobid 170392.
Removing temporary output file Xrn2/pauses/293flpin_Xrn2_WT_R2_xrn2-r2_body_200_pause_reads_gene.bed.gz.
[Thu Aug  3 13:45:04 2023]
Finished job 361.
31 of 384 steps (8%) done
Removing temporary output file Xrn2/pauses/293flpin_Xrn2_WT_R2_xrn2-r2_body_200_pause_reads_5-300bp-500bp.bed.gz.
[Thu Aug  3 13:45:04 2023]
Finished job 351.
32 of 384 steps (8%) done
Removing temporary output file Xrn2/pauses/293flpin_Xrn2_WT_R4_xrn2-r4_body_200_pause_reads_body.bed.gz.
[Thu Aug  3 13:45:04 2023]
Finished job 696.
33 of 384 steps (9%) done
Removing temporary output file Xrn2/pauses/293flpin_Xrn2_WT_R4_xrn2-r4_body_200_pause_reads_5-TSS-100bp.bed.gz.
[Thu Aug  3 13:45:04 2023]
Finished job 684.
34 of 384 steps (9%) done
Select jobs to execute...

[Thu Aug  3 13:45:04 2023]
Job 802: Intersecting _ pauses (200bp window) for 293flpin_Xrn2_MT_R4_xrn2-r4_gene 5-10bp

Submitted DRMAA job 802 with external jobid 170393.

[Thu Aug  3 13:45:04 2023]
Job 803: Intersecting _ pauses (200bp window) for 293flpin_Xrn2_MT_R4_xrn2-r4_gene 5-50bp

Submitted DRMAA job 803 with external jobid 170394.

[Thu Aug  3 13:45:04 2023]
Job 800: Intersecting _ pauses (200bp window) for 293flpin_Xrn2_MT_R4_xrn2-r4_gene 5-500bp-1kb

Submitted DRMAA job 800 with external jobid 170395.

[Thu Aug  3 13:45:04 2023]
Job 801: Intersecting _ pauses (200bp window) for 293flpin_Xrn2_MT_R4_xrn2-r4_gene 4-200bp

Submitted DRMAA job 801 with external jobid 170396.
Removing temporary output file Xrn2/pauses/293flpin_Xrn2_WT_R4_xrn2-r4_body_200_pause_reads_5-100bp-300bp.bed.gz.
[Thu Aug  3 13:45:04 2023]
Finished job 686.
35 of 384 steps (9%) done
Removing temporary output file Xrn2/pauses/293flpin_Xrn2_WT_R4_xrn2-r4_body_200_pause_reads_5-500bp-1kb.bed.gz.
[Thu Aug  3 13:45:04 2023]
Finished job 688.
36 of 384 steps (9%) done
[Thu Aug  3 13:45:05 2023]
Finished job 503.
37 of 384 steps (10%) done
Select jobs to execute...

[Thu Aug  3 13:45:05 2023]
Job 636: Intersecting _ pauses (200bp window) for 293flpin_Xrn2_MT_R3_xrn2-r3_gene 3-50bp

Submitted DRMAA job 636 with external jobid 170397.

[Thu Aug  3 13:45:05 2023]
Job 637: Intersecting _ pauses (200bp window) for 293flpin_Xrn2_MT_R3_xrn2-r3_gene exons

Submitted DRMAA job 637 with external jobid 170398.

[Thu Aug  3 13:45:05 2023]
Job 638: Intersecting _ pauses (200bp window) for 293flpin_Xrn2_MT_R3_xrn2-r3_gene introns

Submitted DRMAA job 638 with external jobid 170399.
Select jobs to execute...
[Thu Aug  3 13:45:05 2023]
Finished job 699.
38 of 384 steps (10%) done

[Thu Aug  3 13:45:05 2023]
Job 639: Intersecting _ pauses (200bp window) for 293flpin_Xrn2_MT_R3_xrn2-r3_gene tss

Submitted DRMAA job 639 with external jobid 170400.
[Thu Aug  3 13:45:05 2023]
Finished job 419.
39 of 384 steps (10%) done
[Thu Aug  3 13:45:06 2023]
Finished job 615.
40 of 384 steps (10%) done
[Thu Aug  3 13:45:06 2023]
Finished job 335.
41 of 384 steps (11%) done
[Thu Aug  3 13:45:06 2023]
Finished job 531.
42 of 384 steps (11%) done
Select jobs to execute...

[Thu Aug  3 13:45:06 2023]
Job 640: Intersecting _ pauses (200bp window) for 293flpin_Xrn2_MT_R3_xrn2-r3_gene body

Submitted DRMAA job 640 with external jobid 170401.

[Thu Aug  3 13:45:06 2023]
Job 641: Intersecting _ pauses (200bp window) for 293flpin_Xrn2_MT_R3_xrn2-r3_gene gene

Submitted DRMAA job 641 with external jobid 170402.

[Thu Aug  3 13:45:06 2023]
Job 628: Intersecting _ pauses (200bp window) for 293flpin_Xrn2_MT_R3_xrn2-r3_gene 5-TSS-100bp

Submitted DRMAA job 628 with external jobid 170403.

[Thu Aug  3 13:45:06 2023]
Job 630: Intersecting _ pauses (200bp window) for 293flpin_Xrn2_MT_R3_xrn2-r3_gene 5-100bp-300bp

Submitted DRMAA job 630 with external jobid 170404.
[Thu Aug  3 13:45:06 2023]
Error in rule gene_subsample_test:
    jobid: 230
    output: Xrn2/stats/xrn2-r4_gene_test.tsv
    log: Xrn2/logs/xrn2-r4_gene_test.out, Xrn2/logs/xrn2-r4_gene_test.err (check log file(s) for error message)
    shell:
        
        check_sampling() {
            local bgs=($1)
            local genes="$2"
            local out="$3"
        
            local test_res=${bgs[@]/%/}
        
            for bed in ${bgs[@]}
            do
                local res="$bed.TEST"
        
                zcat "$bed"                     | awk -v OFS="	" '{
                        $4 = $4 * ($3 - $2);
                        print
                    }'                     | bedtools map -a "$genes" -b - -c 4 -o sum                     | awk -v OFS="	" '$6 == "+" {gsub("\.", 0, $7); print}'                     > "$res"
            done
        
            local chk=$(md5sum ${test_res[@]} | sort -k1,1 -u | wc -l)
        
            rm ${test_res[@]}
        
            if [[ "$chk" == 1 ]]
            then
                local res='PASS'
            else
                local res='FAIL'
            fi
        
            for file in ${bgs[@]}
            do
                echo -e "$file	xrn2-r4	gene	$res"                     >> "$out"
            done
        }

        check_sampling "Xrn2/bg/293flpin_Xrn2_WT_R2_xrn2-r2_tss_pos.bedgraph.gz Xrn2/bg/293flpin_Xrn2_WT_R2_xrn2-r2_body_pos.bedgraph.gz Xrn2/bg/293flpin_Xrn2_WT_R2_xrn2-r2_gene_pos.bedgraph.gz Xrn2/bg/293flpin_Xrn2_MT_R2_xrn2-r2_tss_pos.bedgraph.gz Xrn2/bg/293flpin_Xrn2_MT_R2_xrn2-r2_body_pos.bedgraph.gz Xrn2/bg/293flpin_Xrn2_MT_R2_xrn2-r2_gene_pos.bedgraph.gz Xrn2/bg/293flpin_Xrn2_WT_R3_xrn2-r3_tss_pos.bedgraph.gz Xrn2/bg/293flpin_Xrn2_WT_R3_xrn2-r3_body_pos.bedgraph.gz Xrn2/bg/293flpin_Xrn2_WT_R3_xrn2-r3_gene_pos.bedgraph.gz Xrn2/bg/293flpin_Xrn2_MT_R3_xrn2-r3_tss_pos.bedgraph.gz Xrn2/bg/293flpin_Xrn2_MT_R3_xrn2-r3_body_pos.bedgraph.gz Xrn2/bg/293flpin_Xrn2_MT_R3_xrn2-r3_gene_pos.bedgraph.gz Xrn2/bg/293flpin_Xrn2_WT_R4_xrn2-r4_tss_pos.bedgraph.gz Xrn2/bg/293flpin_Xrn2_WT_R4_xrn2-r4_body_pos.bedgraph.gz Xrn2/bg/293flpin_Xrn2_WT_R4_xrn2-r4_gene_pos.bedgraph.gz Xrn2/bg/293flpin_Xrn2_MT_R4_xrn2-r4_tss_pos.bedgraph.gz Xrn2/bg/293flpin_Xrn2_MT_R4_xrn2-r4_body_pos.bedgraph.gz Xrn2/bg/293flpin_Xrn2_MT_R4_xrn2-r4_gene_pos.bedgraph.gz" /beevol/home/erickson/ref/hg38/find_pauses/ref/GRCh38/base_lists/GRCh38_0ksep.bed.gz Xrn2/stats/xrn2-r4_gene_test.tsv
        check_sampling "Xrn2/bg/293flpin_Xrn2_WT_R2_xrn2-r2_tss_neg.bedgraph.gz Xrn2/bg/293flpin_Xrn2_WT_R2_xrn2-r2_body_neg.bedgraph.gz Xrn2/bg/293flpin_Xrn2_WT_R2_xrn2-r2_gene_neg.bedgraph.gz Xrn2/bg/293flpin_Xrn2_MT_R2_xrn2-r2_tss_neg.bedgraph.gz Xrn2/bg/293flpin_Xrn2_MT_R2_xrn2-r2_body_neg.bedgraph.gz Xrn2/bg/293flpin_Xrn2_MT_R2_xrn2-r2_gene_neg.bedgraph.gz Xrn2/bg/293flpin_Xrn2_WT_R3_xrn2-r3_tss_neg.bedgraph.gz Xrn2/bg/293flpin_Xrn2_WT_R3_xrn2-r3_body_neg.bedgraph.gz Xrn2/bg/293flpin_Xrn2_WT_R3_xrn2-r3_gene_neg.bedgraph.gz Xrn2/bg/293flpin_Xrn2_MT_R3_xrn2-r3_tss_neg.bedgraph.gz Xrn2/bg/293flpin_Xrn2_MT_R3_xrn2-r3_body_neg.bedgraph.gz Xrn2/bg/293flpin_Xrn2_MT_R3_xrn2-r3_gene_neg.bedgraph.gz Xrn2/bg/293flpin_Xrn2_WT_R4_xrn2-r4_tss_neg.bedgraph.gz Xrn2/bg/293flpin_Xrn2_WT_R4_xrn2-r4_body_neg.bedgraph.gz Xrn2/bg/293flpin_Xrn2_WT_R4_xrn2-r4_gene_neg.bedgraph.gz Xrn2/bg/293flpin_Xrn2_MT_R4_xrn2-r4_tss_neg.bedgraph.gz Xrn2/bg/293flpin_Xrn2_MT_R4_xrn2-r4_body_neg.bedgraph.gz Xrn2/bg/293flpin_Xrn2_MT_R4_xrn2-r4_gene_neg.bedgraph.gz" /beevol/home/erickson/ref/hg38/find_pauses/ref/GRCh38/base_lists/GRCh38_0ksep.bed.gz Xrn2/stats/xrn2-r4_gene_test.tsv
        
        (one of the commands exited with non-zero exit code; note that snakemake uses bash strict mode!)

[Thu Aug  3 13:45:06 2023]
Error executing rule gene_subsample_test on cluster (jobid: 230, external: 170263, jobscript: /beevol/home/erickson/Ben_pipelines/snakemake_pipelines/NETseq_UMI_findPauses/.snakemake/tmp.mref8m8m/snakejob.gene_subsample_test.230.sh). For error details see the cluster log and the log files of the involved rule(s).
Finished job 587.
43 of 384 steps (11%) done
[Thu Aug  3 13:45:06 2023]
Finished job 783.
44 of 384 steps (11%) done
Select jobs to execute...
[Thu Aug  3 13:45:06 2023]
Error in rule gene_subsample_test:
    jobid: 224
    output: Xrn2/stats/xrn2-r2_gene_test.tsv
    log: Xrn2/logs/xrn2-r2_gene_test.out, Xrn2/logs/xrn2-r2_gene_test.err (check log file(s) for error message)
    shell:
        
        check_sampling() {
            local bgs=($1)
            local genes="$2"
            local out="$3"
        
            local test_res=${bgs[@]/%/}
        
            for bed in ${bgs[@]}
            do
                local res="$bed.TEST"
        
                zcat "$bed"                     | awk -v OFS="	" '{
                        $4 = $4 * ($3 - $2);
                        print
                    }'                     | bedtools map -a "$genes" -b - -c 4 -o sum                     | awk -v OFS="	" '$6 == "+" {gsub("\.", 0, $7); print}'                     > "$res"
            done
        
            local chk=$(md5sum ${test_res[@]} | sort -k1,1 -u | wc -l)
        
            rm ${test_res[@]}
        
            if [[ "$chk" == 1 ]]
            then
                local res='PASS'
            else
                local res='FAIL'
            fi
        
            for file in ${bgs[@]}
            do
                echo -e "$file	xrn2-r2	gene	$res"                     >> "$out"
            done
        }

        check_sampling "Xrn2/bg/293flpin_Xrn2_WT_R2_xrn2-r2_tss_pos.bedgraph.gz Xrn2/bg/293flpin_Xrn2_WT_R2_xrn2-r2_body_pos.bedgraph.gz Xrn2/bg/293flpin_Xrn2_WT_R2_xrn2-r2_gene_pos.bedgraph.gz Xrn2/bg/293flpin_Xrn2_MT_R2_xrn2-r2_tss_pos.bedgraph.gz Xrn2/bg/293flpin_Xrn2_MT_R2_xrn2-r2_body_pos.bedgraph.gz Xrn2/bg/293flpin_Xrn2_MT_R2_xrn2-r2_gene_pos.bedgraph.gz Xrn2/bg/293flpin_Xrn2_WT_R3_xrn2-r3_tss_pos.bedgraph.gz Xrn2/bg/293flpin_Xrn2_WT_R3_xrn2-r3_body_pos.bedgraph.gz Xrn2/bg/293flpin_Xrn2_WT_R3_xrn2-r3_gene_pos.bedgraph.gz Xrn2/bg/293flpin_Xrn2_MT_R3_xrn2-r3_tss_pos.bedgraph.gz Xrn2/bg/293flpin_Xrn2_MT_R3_xrn2-r3_body_pos.bedgraph.gz Xrn2/bg/293flpin_Xrn2_MT_R3_xrn2-r3_gene_pos.bedgraph.gz Xrn2/bg/293flpin_Xrn2_WT_R4_xrn2-r4_tss_pos.bedgraph.gz Xrn2/bg/293flpin_Xrn2_WT_R4_xrn2-r4_body_pos.bedgraph.gz Xrn2/bg/293flpin_Xrn2_WT_R4_xrn2-r4_gene_pos.bedgraph.gz Xrn2/bg/293flpin_Xrn2_MT_R4_xrn2-r4_tss_pos.bedgraph.gz Xrn2/bg/293flpin_Xrn2_MT_R4_xrn2-r4_body_pos.bedgraph.gz Xrn2/bg/293flpin_Xrn2_MT_R4_xrn2-r4_gene_pos.bedgraph.gz" /beevol/home/erickson/ref/hg38/find_pauses/ref/GRCh38/base_lists/GRCh38_0ksep.bed.gz Xrn2/stats/xrn2-r2_gene_test.tsv
        check_sampling "Xrn2/bg/293flpin_Xrn2_WT_R2_xrn2-r2_tss_neg.bedgraph.gz Xrn2/bg/293flpin_Xrn2_WT_R2_xrn2-r2_body_neg.bedgraph.gz Xrn2/bg/293flpin_Xrn2_WT_R2_xrn2-r2_gene_neg.bedgraph.gz Xrn2/bg/293flpin_Xrn2_MT_R2_xrn2-r2_tss_neg.bedgraph.gz Xrn2/bg/293flpin_Xrn2_MT_R2_xrn2-r2_body_neg.bedgraph.gz Xrn2/bg/293flpin_Xrn2_MT_R2_xrn2-r2_gene_neg.bedgraph.gz Xrn2/bg/293flpin_Xrn2_WT_R3_xrn2-r3_tss_neg.bedgraph.gz Xrn2/bg/293flpin_Xrn2_WT_R3_xrn2-r3_body_neg.bedgraph.gz Xrn2/bg/293flpin_Xrn2_WT_R3_xrn2-r3_gene_neg.bedgraph.gz Xrn2/bg/293flpin_Xrn2_MT_R3_xrn2-r3_tss_neg.bedgraph.gz Xrn2/bg/293flpin_Xrn2_MT_R3_xrn2-r3_body_neg.bedgraph.gz Xrn2/bg/293flpin_Xrn2_MT_R3_xrn2-r3_gene_neg.bedgraph.gz Xrn2/bg/293flpin_Xrn2_WT_R4_xrn2-r4_tss_neg.bedgraph.gz Xrn2/bg/293flpin_Xrn2_WT_R4_xrn2-r4_body_neg.bedgraph.gz Xrn2/bg/293flpin_Xrn2_WT_R4_xrn2-r4_gene_neg.bedgraph.gz Xrn2/bg/293flpin_Xrn2_MT_R4_xrn2-r4_tss_neg.bedgraph.gz Xrn2/bg/293flpin_Xrn2_MT_R4_xrn2-r4_body_neg.bedgraph.gz Xrn2/bg/293flpin_Xrn2_MT_R4_xrn2-r4_gene_neg.bedgraph.gz" /beevol/home/erickson/ref/hg38/find_pauses/ref/GRCh38/base_lists/GRCh38_0ksep.bed.gz Xrn2/stats/xrn2-r2_gene_test.tsv
        
        (one of the commands exited with non-zero exit code; note that snakemake uses bash strict mode!)

Error executing rule gene_subsample_test on cluster (jobid: 224, external: 170266, jobscript: /beevol/home/erickson/Ben_pipelines/snakemake_pipelines/NETseq_UMI_findPauses/.snakemake/tmp.mref8m8m/snakejob.gene_subsample_test.224.sh). For error details see the cluster log and the log files of the involved rule(s).

[Thu Aug  3 13:45:07 2023]
Job 631: Intersecting _ pauses (200bp window) for 293flpin_Xrn2_MT_R3_xrn2-r3_gene 5-300bp-500bp

[Thu Aug  3 13:45:07 2023]
Error in rule gene_subsample_test:
    jobid: 225
    output: Xrn2/stats/xrn2-r3_tss_test.tsv
    log: Xrn2/logs/xrn2-r3_tss_test.out, Xrn2/logs/xrn2-r3_tss_test.err (check log file(s) for error message)
    shell:
        
        check_sampling() {
            local bgs=($1)
            local genes="$2"
            local out="$3"
        
            local test_res=${bgs[@]/%/}
        
            for bed in ${bgs[@]}
            do
                local res="$bed.TEST"
        
                zcat "$bed"                     | awk -v OFS="	" '{
                        $4 = $4 * ($3 - $2);
                        print
                    }'                     | bedtools map -a "$genes" -b - -c 4 -o sum                     | awk -v OFS="	" '$6 == "+" {gsub("\.", 0, $7); print}'                     > "$res"
            done
        
            local chk=$(md5sum ${test_res[@]} | sort -k1,1 -u | wc -l)
        
            rm ${test_res[@]}
        
            if [[ "$chk" == 1 ]]
            then
                local res='PASS'
            else
                local res='FAIL'
            fi
        
            for file in ${bgs[@]}
            do
                echo -e "$file	xrn2-r3	tss	$res"                     >> "$out"
            done
        }

        check_sampling "Xrn2/bg/293flpin_Xrn2_WT_R2_xrn2-r2_tss_pos.bedgraph.gz Xrn2/bg/293flpin_Xrn2_WT_R2_xrn2-r2_body_pos.bedgraph.gz Xrn2/bg/293flpin_Xrn2_WT_R2_xrn2-r2_gene_pos.bedgraph.gz Xrn2/bg/293flpin_Xrn2_MT_R2_xrn2-r2_tss_pos.bedgraph.gz Xrn2/bg/293flpin_Xrn2_MT_R2_xrn2-r2_body_pos.bedgraph.gz Xrn2/bg/293flpin_Xrn2_MT_R2_xrn2-r2_gene_pos.bedgraph.gz Xrn2/bg/293flpin_Xrn2_WT_R3_xrn2-r3_tss_pos.bedgraph.gz Xrn2/bg/293flpin_Xrn2_WT_R3_xrn2-r3_body_pos.bedgraph.gz Xrn2/bg/293flpin_Xrn2_WT_R3_xrn2-r3_gene_pos.bedgraph.gz Xrn2/bg/293flpin_Xrn2_MT_R3_xrn2-r3_tss_pos.bedgraph.gz Xrn2/bg/293flpin_Xrn2_MT_R3_xrn2-r3_body_pos.bedgraph.gz Xrn2/bg/293flpin_Xrn2_MT_R3_xrn2-r3_gene_pos.bedgraph.gz Xrn2/bg/293flpin_Xrn2_WT_R4_xrn2-r4_tss_pos.bedgraph.gz Xrn2/bg/293flpin_Xrn2_WT_R4_xrn2-r4_body_pos.bedgraph.gz Xrn2/bg/293flpin_Xrn2_WT_R4_xrn2-r4_gene_pos.bedgraph.gz Xrn2/bg/293flpin_Xrn2_MT_R4_xrn2-r4_tss_pos.bedgraph.gz Xrn2/bg/293flpin_Xrn2_MT_R4_xrn2-r4_body_pos.bedgraph.gz Xrn2/bg/293flpin_Xrn2_MT_R4_xrn2-r4_gene_pos.bedgraph.gz" /beevol/home/erickson/ref/hg38/find_pauses/ref/GRCh38/base_lists/GRCh38_0ksep.bed.gz Xrn2/stats/xrn2-r3_tss_test.tsv
        check_sampling "Xrn2/bg/293flpin_Xrn2_WT_R2_xrn2-r2_tss_neg.bedgraph.gz Xrn2/bg/293flpin_Xrn2_WT_R2_xrn2-r2_body_neg.bedgraph.gz Xrn2/bg/293flpin_Xrn2_WT_R2_xrn2-r2_gene_neg.bedgraph.gz Xrn2/bg/293flpin_Xrn2_MT_R2_xrn2-r2_tss_neg.bedgraph.gz Xrn2/bg/293flpin_Xrn2_MT_R2_xrn2-r2_body_neg.bedgraph.gz Xrn2/bg/293flpin_Xrn2_MT_R2_xrn2-r2_gene_neg.bedgraph.gz Xrn2/bg/293flpin_Xrn2_WT_R3_xrn2-r3_tss_neg.bedgraph.gz Xrn2/bg/293flpin_Xrn2_WT_R3_xrn2-r3_body_neg.bedgraph.gz Xrn2/bg/293flpin_Xrn2_WT_R3_xrn2-r3_gene_neg.bedgraph.gz Xrn2/bg/293flpin_Xrn2_MT_R3_xrn2-r3_tss_neg.bedgraph.gz Xrn2/bg/293flpin_Xrn2_MT_R3_xrn2-r3_body_neg.bedgraph.gz Xrn2/bg/293flpin_Xrn2_MT_R3_xrn2-r3_gene_neg.bedgraph.gz Xrn2/bg/293flpin_Xrn2_WT_R4_xrn2-r4_tss_neg.bedgraph.gz Xrn2/bg/293flpin_Xrn2_WT_R4_xrn2-r4_body_neg.bedgraph.gz Xrn2/bg/293flpin_Xrn2_WT_R4_xrn2-r4_gene_neg.bedgraph.gz Xrn2/bg/293flpin_Xrn2_MT_R4_xrn2-r4_tss_neg.bedgraph.gz Xrn2/bg/293flpin_Xrn2_MT_R4_xrn2-r4_body_neg.bedgraph.gz Xrn2/bg/293flpin_Xrn2_MT_R4_xrn2-r4_gene_neg.bedgraph.gz" /beevol/home/erickson/ref/hg38/find_pauses/ref/GRCh38/base_lists/GRCh38_0ksep.bed.gz Xrn2/stats/xrn2-r3_tss_test.tsv
        
        (one of the commands exited with non-zero exit code; note that snakemake uses bash strict mode!)

Error executing rule gene_subsample_test on cluster (jobid: 225, external: 170272, jobscript: /beevol/home/erickson/Ben_pipelines/snakemake_pipelines/NETseq_UMI_findPauses/.snakemake/tmp.mref8m8m/snakejob.gene_subsample_test.225.sh). For error details see the cluster log and the log files of the involved rule(s).
Submitted DRMAA job 631 with external jobid 170405.

[Thu Aug  3 13:45:07 2023]
Job 632: Intersecting _ pauses (200bp window) for 293flpin_Xrn2_MT_R3_xrn2-r3_gene 5-500bp-1kb

Submitted DRMAA job 632 with external jobid 170406.
[Thu Aug  3 13:45:07 2023]
Finished job 433.
45 of 384 steps (12%) done
[Thu Aug  3 13:45:07 2023]
Error in rule gene_subsample_test:
    jobid: 204
    output: Xrn2/stats/xrn2-r2_tss_test.tsv
    log: Xrn2/logs/xrn2-r2_tss_test.out, Xrn2/logs/xrn2-r2_tss_test.err (check log file(s) for error message)
    shell:
        
        check_sampling() {
            local bgs=($1)
            local genes="$2"
            local out="$3"
        
            local test_res=${bgs[@]/%/}
        
            for bed in ${bgs[@]}
            do
                local res="$bed.TEST"
        
                zcat "$bed"                     | awk -v OFS="	" '{
                        $4 = $4 * ($3 - $2);
                        print
                    }'                     | bedtools map -a "$genes" -b - -c 4 -o sum                     | awk -v OFS="	" '$6 == "+" {gsub("\.", 0, $7); print}'                     > "$res"
            done
        
            local chk=$(md5sum ${test_res[@]} | sort -k1,1 -u | wc -l)
        
            rm ${test_res[@]}
        
            if [[ "$chk" == 1 ]]
            then
                local res='PASS'
            else
                local res='FAIL'
            fi
        
            for file in ${bgs[@]}
            do
                echo -e "$file	xrn2-r2	tss	$res"                     >> "$out"
            done
        }

        check_sampling "Xrn2/bg/293flpin_Xrn2_WT_R2_xrn2-r2_tss_pos.bedgraph.gz Xrn2/bg/293flpin_Xrn2_WT_R2_xrn2-r2_body_pos.bedgraph.gz Xrn2/bg/293flpin_Xrn2_WT_R2_xrn2-r2_gene_pos.bedgraph.gz Xrn2/bg/293flpin_Xrn2_MT_R2_xrn2-r2_tss_pos.bedgraph.gz Xrn2/bg/293flpin_Xrn2_MT_R2_xrn2-r2_body_pos.bedgraph.gz Xrn2/bg/293flpin_Xrn2_MT_R2_xrn2-r2_gene_pos.bedgraph.gz Xrn2/bg/293flpin_Xrn2_WT_R3_xrn2-r3_tss_pos.bedgraph.gz Xrn2/bg/293flpin_Xrn2_WT_R3_xrn2-r3_body_pos.bedgraph.gz Xrn2/bg/293flpin_Xrn2_WT_R3_xrn2-r3_gene_pos.bedgraph.gz Xrn2/bg/293flpin_Xrn2_MT_R3_xrn2-r3_tss_pos.bedgraph.gz Xrn2/bg/293flpin_Xrn2_MT_R3_xrn2-r3_body_pos.bedgraph.gz Xrn2/bg/293flpin_Xrn2_MT_R3_xrn2-r3_gene_pos.bedgraph.gz Xrn2/bg/293flpin_Xrn2_WT_R4_xrn2-r4_tss_pos.bedgraph.gz Xrn2/bg/293flpin_Xrn2_WT_R4_xrn2-r4_body_pos.bedgraph.gz Xrn2/bg/293flpin_Xrn2_WT_R4_xrn2-r4_gene_pos.bedgraph.gz Xrn2/bg/293flpin_Xrn2_MT_R4_xrn2-r4_tss_pos.bedgraph.gz Xrn2/bg/293flpin_Xrn2_MT_R4_xrn2-r4_body_pos.bedgraph.gz Xrn2/bg/293flpin_Xrn2_MT_R4_xrn2-r4_gene_pos.bedgraph.gz" /beevol/home/erickson/ref/hg38/find_pauses/ref/GRCh38/base_lists/GRCh38_0ksep.bed.gz Xrn2/stats/xrn2-r2_tss_test.tsv
        check_sampling "Xrn2/bg/293flpin_Xrn2_WT_R2_xrn2-r2_tss_neg.bedgraph.gz Xrn2/bg/293flpin_Xrn2_WT_R2_xrn2-r2_body_neg.bedgraph.gz Xrn2/bg/293flpin_Xrn2_WT_R2_xrn2-r2_gene_neg.bedgraph.gz Xrn2/bg/293flpin_Xrn2_MT_R2_xrn2-r2_tss_neg.bedgraph.gz Xrn2/bg/293flpin_Xrn2_MT_R2_xrn2-r2_body_neg.bedgraph.gz Xrn2/bg/293flpin_Xrn2_MT_R2_xrn2-r2_gene_neg.bedgraph.gz Xrn2/bg/293flpin_Xrn2_WT_R3_xrn2-r3_tss_neg.bedgraph.gz Xrn2/bg/293flpin_Xrn2_WT_R3_xrn2-r3_body_neg.bedgraph.gz Xrn2/bg/293flpin_Xrn2_WT_R3_xrn2-r3_gene_neg.bedgraph.gz Xrn2/bg/293flpin_Xrn2_MT_R3_xrn2-r3_tss_neg.bedgraph.gz Xrn2/bg/293flpin_Xrn2_MT_R3_xrn2-r3_body_neg.bedgraph.gz Xrn2/bg/293flpin_Xrn2_MT_R3_xrn2-r3_gene_neg.bedgraph.gz Xrn2/bg/293flpin_Xrn2_WT_R4_xrn2-r4_tss_neg.bedgraph.gz Xrn2/bg/293flpin_Xrn2_WT_R4_xrn2-r4_body_neg.bedgraph.gz Xrn2/bg/293flpin_Xrn2_WT_R4_xrn2-r4_gene_neg.bedgraph.gz Xrn2/bg/293flpin_Xrn2_MT_R4_xrn2-r4_tss_neg.bedgraph.gz Xrn2/bg/293flpin_Xrn2_MT_R4_xrn2-r4_body_neg.bedgraph.gz Xrn2/bg/293flpin_Xrn2_MT_R4_xrn2-r4_gene_neg.bedgraph.gz" /beevol/home/erickson/ref/hg38/find_pauses/ref/GRCh38/base_lists/GRCh38_0ksep.bed.gz Xrn2/stats/xrn2-r2_tss_test.tsv
        
        (one of the commands exited with non-zero exit code; note that snakemake uses bash strict mode!)

Error executing rule gene_subsample_test on cluster (jobid: 204, external: 170275, jobscript: /beevol/home/erickson/Ben_pipelines/snakemake_pipelines/NETseq_UMI_findPauses/.snakemake/tmp.mref8m8m/snakejob.gene_subsample_test.204.sh). For error details see the cluster log and the log files of the involved rule(s).
[Thu Aug  3 13:45:07 2023]
Error in rule gene_subsample_test:
    jobid: 226
    output: Xrn2/stats/xrn2-r3_body_test.tsv
    log: Xrn2/logs/xrn2-r3_body_test.out, Xrn2/logs/xrn2-r3_body_test.err (check log file(s) for error message)
    shell:
        
        check_sampling() {
            local bgs=($1)
            local genes="$2"
            local out="$3"
        
            local test_res=${bgs[@]/%/}
        
            for bed in ${bgs[@]}
            do
                local res="$bed.TEST"
        
                zcat "$bed"                     | awk -v OFS="	" '{
                        $4 = $4 * ($3 - $2);
                        print
                    }'                     | bedtools map -a "$genes" -b - -c 4 -o sum                     | awk -v OFS="	" '$6 == "+" {gsub("\.", 0, $7); print}'                     > "$res"
            done
        
            local chk=$(md5sum ${test_res[@]} | sort -k1,1 -u | wc -l)
        
            rm ${test_res[@]}
        
            if [[ "$chk" == 1 ]]
            then
                local res='PASS'
            else
                local res='FAIL'
            fi
        
            for file in ${bgs[@]}
            do
                echo -e "$file	xrn2-r3	body	$res"                     >> "$out"
            done
        }

        check_sampling "Xrn2/bg/293flpin_Xrn2_WT_R2_xrn2-r2_tss_pos.bedgraph.gz Xrn2/bg/293flpin_Xrn2_WT_R2_xrn2-r2_body_pos.bedgraph.gz Xrn2/bg/293flpin_Xrn2_WT_R2_xrn2-r2_gene_pos.bedgraph.gz Xrn2/bg/293flpin_Xrn2_MT_R2_xrn2-r2_tss_pos.bedgraph.gz Xrn2/bg/293flpin_Xrn2_MT_R2_xrn2-r2_body_pos.bedgraph.gz Xrn2/bg/293flpin_Xrn2_MT_R2_xrn2-r2_gene_pos.bedgraph.gz Xrn2/bg/293flpin_Xrn2_WT_R3_xrn2-r3_tss_pos.bedgraph.gz Xrn2/bg/293flpin_Xrn2_WT_R3_xrn2-r3_body_pos.bedgraph.gz Xrn2/bg/293flpin_Xrn2_WT_R3_xrn2-r3_gene_pos.bedgraph.gz Xrn2/bg/293flpin_Xrn2_MT_R3_xrn2-r3_tss_pos.bedgraph.gz Xrn2/bg/293flpin_Xrn2_MT_R3_xrn2-r3_body_pos.bedgraph.gz Xrn2/bg/293flpin_Xrn2_MT_R3_xrn2-r3_gene_pos.bedgraph.gz Xrn2/bg/293flpin_Xrn2_WT_R4_xrn2-r4_tss_pos.bedgraph.gz Xrn2/bg/293flpin_Xrn2_WT_R4_xrn2-r4_body_pos.bedgraph.gz Xrn2/bg/293flpin_Xrn2_WT_R4_xrn2-r4_gene_pos.bedgraph.gz Xrn2/bg/293flpin_Xrn2_MT_R4_xrn2-r4_tss_pos.bedgraph.gz Xrn2/bg/293flpin_Xrn2_MT_R4_xrn2-r4_body_pos.bedgraph.gz Xrn2/bg/293flpin_Xrn2_MT_R4_xrn2-r4_gene_pos.bedgraph.gz" /beevol/home/erickson/ref/hg38/find_pauses/ref/GRCh38/base_lists/GRCh38_0ksep.bed.gz Xrn2/stats/xrn2-r3_body_test.tsv
        check_sampling "Xrn2/bg/293flpin_Xrn2_WT_R2_xrn2-r2_tss_neg.bedgraph.gz Xrn2/bg/293flpin_Xrn2_WT_R2_xrn2-r2_body_neg.bedgraph.gz Xrn2/bg/293flpin_Xrn2_WT_R2_xrn2-r2_gene_neg.bedgraph.gz Xrn2/bg/293flpin_Xrn2_MT_R2_xrn2-r2_tss_neg.bedgraph.gz Xrn2/bg/293flpin_Xrn2_MT_R2_xrn2-r2_body_neg.bedgraph.gz Xrn2/bg/293flpin_Xrn2_MT_R2_xrn2-r2_gene_neg.bedgraph.gz Xrn2/bg/293flpin_Xrn2_WT_R3_xrn2-r3_tss_neg.bedgraph.gz Xrn2/bg/293flpin_Xrn2_WT_R3_xrn2-r3_body_neg.bedgraph.gz Xrn2/bg/293flpin_Xrn2_WT_R3_xrn2-r3_gene_neg.bedgraph.gz Xrn2/bg/293flpin_Xrn2_MT_R3_xrn2-r3_tss_neg.bedgraph.gz Xrn2/bg/293flpin_Xrn2_MT_R3_xrn2-r3_body_neg.bedgraph.gz Xrn2/bg/293flpin_Xrn2_MT_R3_xrn2-r3_gene_neg.bedgraph.gz Xrn2/bg/293flpin_Xrn2_WT_R4_xrn2-r4_tss_neg.bedgraph.gz Xrn2/bg/293flpin_Xrn2_WT_R4_xrn2-r4_body_neg.bedgraph.gz Xrn2/bg/293flpin_Xrn2_WT_R4_xrn2-r4_gene_neg.bedgraph.gz Xrn2/bg/293flpin_Xrn2_MT_R4_xrn2-r4_tss_neg.bedgraph.gz Xrn2/bg/293flpin_Xrn2_MT_R4_xrn2-r4_body_neg.bedgraph.gz Xrn2/bg/293flpin_Xrn2_MT_R4_xrn2-r4_gene_neg.bedgraph.gz" /beevol/home/erickson/ref/hg38/find_pauses/ref/GRCh38/base_lists/GRCh38_0ksep.bed.gz Xrn2/stats/xrn2-r3_body_test.tsv
        
        (one of the commands exited with non-zero exit code; note that snakemake uses bash strict mode!)

Error executing rule gene_subsample_test on cluster (jobid: 226, external: 170278, jobscript: /beevol/home/erickson/Ben_pipelines/snakemake_pipelines/NETseq_UMI_findPauses/.snakemake/tmp.mref8m8m/snakejob.gene_subsample_test.226.sh). For error details see the cluster log and the log files of the involved rule(s).
[Thu Aug  3 13:45:08 2023]
Error in rule gene_subsample_test:
    jobid: 227
    output: Xrn2/stats/xrn2-r3_gene_test.tsv
    log: Xrn2/logs/xrn2-r3_gene_test.out, Xrn2/logs/xrn2-r3_gene_test.err (check log file(s) for error message)
    shell:
        
        check_sampling() {
            local bgs=($1)
            local genes="$2"
            local out="$3"
        
            local test_res=${bgs[@]/%/}
        
            for bed in ${bgs[@]}
            do
                local res="$bed.TEST"
        
                zcat "$bed"                     | awk -v OFS="	" '{
                        $4 = $4 * ($3 - $2);
                        print
                    }'                     | bedtools map -a "$genes" -b - -c 4 -o sum                     | awk -v OFS="	" '$6 == "+" {gsub("\.", 0, $7); print}'                     > "$res"
            done
        
            local chk=$(md5sum ${test_res[@]} | sort -k1,1 -u | wc -l)
        
            rm ${test_res[@]}
        
            if [[ "$chk" == 1 ]]
            then
                local res='PASS'
            else
                local res='FAIL'
            fi
        
            for file in ${bgs[@]}
            do
                echo -e "$file	xrn2-r3	gene	$res"                     >> "$out"
            done
        }

        check_sampling "Xrn2/bg/293flpin_Xrn2_WT_R2_xrn2-r2_tss_pos.bedgraph.gz Xrn2/bg/293flpin_Xrn2_WT_R2_xrn2-r2_body_pos.bedgraph.gz Xrn2/bg/293flpin_Xrn2_WT_R2_xrn2-r2_gene_pos.bedgraph.gz Xrn2/bg/293flpin_Xrn2_MT_R2_xrn2-r2_tss_pos.bedgraph.gz Xrn2/bg/293flpin_Xrn2_MT_R2_xrn2-r2_body_pos.bedgraph.gz Xrn2/bg/293flpin_Xrn2_MT_R2_xrn2-r2_gene_pos.bedgraph.gz Xrn2/bg/293flpin_Xrn2_WT_R3_xrn2-r3_tss_pos.bedgraph.gz Xrn2/bg/293flpin_Xrn2_WT_R3_xrn2-r3_body_pos.bedgraph.gz Xrn2/bg/293flpin_Xrn2_WT_R3_xrn2-r3_gene_pos.bedgraph.gz Xrn2/bg/293flpin_Xrn2_MT_R3_xrn2-r3_tss_pos.bedgraph.gz Xrn2/bg/293flpin_Xrn2_MT_R3_xrn2-r3_body_pos.bedgraph.gz Xrn2/bg/293flpin_Xrn2_MT_R3_xrn2-r3_gene_pos.bedgraph.gz Xrn2/bg/293flpin_Xrn2_WT_R4_xrn2-r4_tss_pos.bedgraph.gz Xrn2/bg/293flpin_Xrn2_WT_R4_xrn2-r4_body_pos.bedgraph.gz Xrn2/bg/293flpin_Xrn2_WT_R4_xrn2-r4_gene_pos.bedgraph.gz Xrn2/bg/293flpin_Xrn2_MT_R4_xrn2-r4_tss_pos.bedgraph.gz Xrn2/bg/293flpin_Xrn2_MT_R4_xrn2-r4_body_pos.bedgraph.gz Xrn2/bg/293flpin_Xrn2_MT_R4_xrn2-r4_gene_pos.bedgraph.gz" /beevol/home/erickson/ref/hg38/find_pauses/ref/GRCh38/base_lists/GRCh38_0ksep.bed.gz Xrn2/stats/xrn2-r3_gene_test.tsv
        check_sampling "Xrn2/bg/293flpin_Xrn2_WT_R2_xrn2-r2_tss_neg.bedgraph.gz Xrn2/bg/293flpin_Xrn2_WT_R2_xrn2-r2_body_neg.bedgraph.gz Xrn2/bg/293flpin_Xrn2_WT_R2_xrn2-r2_gene_neg.bedgraph.gz Xrn2/bg/293flpin_Xrn2_MT_R2_xrn2-r2_tss_neg.bedgraph.gz Xrn2/bg/293flpin_Xrn2_MT_R2_xrn2-r2_body_neg.bedgraph.gz Xrn2/bg/293flpin_Xrn2_MT_R2_xrn2-r2_gene_neg.bedgraph.gz Xrn2/bg/293flpin_Xrn2_WT_R3_xrn2-r3_tss_neg.bedgraph.gz Xrn2/bg/293flpin_Xrn2_WT_R3_xrn2-r3_body_neg.bedgraph.gz Xrn2/bg/293flpin_Xrn2_WT_R3_xrn2-r3_gene_neg.bedgraph.gz Xrn2/bg/293flpin_Xrn2_MT_R3_xrn2-r3_tss_neg.bedgraph.gz Xrn2/bg/293flpin_Xrn2_MT_R3_xrn2-r3_body_neg.bedgraph.gz Xrn2/bg/293flpin_Xrn2_MT_R3_xrn2-r3_gene_neg.bedgraph.gz Xrn2/bg/293flpin_Xrn2_WT_R4_xrn2-r4_tss_neg.bedgraph.gz Xrn2/bg/293flpin_Xrn2_WT_R4_xrn2-r4_body_neg.bedgraph.gz Xrn2/bg/293flpin_Xrn2_WT_R4_xrn2-r4_gene_neg.bedgraph.gz Xrn2/bg/293flpin_Xrn2_MT_R4_xrn2-r4_tss_neg.bedgraph.gz Xrn2/bg/293flpin_Xrn2_MT_R4_xrn2-r4_body_neg.bedgraph.gz Xrn2/bg/293flpin_Xrn2_MT_R4_xrn2-r4_gene_neg.bedgraph.gz" /beevol/home/erickson/ref/hg38/find_pauses/ref/GRCh38/base_lists/GRCh38_0ksep.bed.gz Xrn2/stats/xrn2-r3_gene_test.tsv
        
        (one of the commands exited with non-zero exit code; note that snakemake uses bash strict mode!)

Error executing rule gene_subsample_test on cluster (jobid: 227, external: 170288, jobscript: /beevol/home/erickson/Ben_pipelines/snakemake_pipelines/NETseq_UMI_findPauses/.snakemake/tmp.mref8m8m/snakejob.gene_subsample_test.227.sh). For error details see the cluster log and the log files of the involved rule(s).
[Thu Aug  3 13:45:08 2023]
Error in rule gene_subsample_test:
    jobid: 228
    output: Xrn2/stats/xrn2-r4_tss_test.tsv
    log: Xrn2/logs/xrn2-r4_tss_test.out, Xrn2/logs/xrn2-r4_tss_test.err (check log file(s) for error message)
    shell:
        
        check_sampling() {
            local bgs=($1)
            local genes="$2"
            local out="$3"
        
            local test_res=${bgs[@]/%/}
        
            for bed in ${bgs[@]}
            do
                local res="$bed.TEST"
        
                zcat "$bed"                     | awk -v OFS="	" '{
                        $4 = $4 * ($3 - $2);
                        print
                    }'                     | bedtools map -a "$genes" -b - -c 4 -o sum                     | awk -v OFS="	" '$6 == "+" {gsub("\.", 0, $7); print}'                     > "$res"
            done
        
            local chk=$(md5sum ${test_res[@]} | sort -k1,1 -u | wc -l)
        
            rm ${test_res[@]}
        
            if [[ "$chk" == 1 ]]
            then
                local res='PASS'
            else
                local res='FAIL'
            fi
        
            for file in ${bgs[@]}
            do
                echo -e "$file	xrn2-r4	tss	$res"                     >> "$out"
            done
        }

        check_sampling "Xrn2/bg/293flpin_Xrn2_WT_R2_xrn2-r2_tss_pos.bedgraph.gz Xrn2/bg/293flpin_Xrn2_WT_R2_xrn2-r2_body_pos.bedgraph.gz Xrn2/bg/293flpin_Xrn2_WT_R2_xrn2-r2_gene_pos.bedgraph.gz Xrn2/bg/293flpin_Xrn2_MT_R2_xrn2-r2_tss_pos.bedgraph.gz Xrn2/bg/293flpin_Xrn2_MT_R2_xrn2-r2_body_pos.bedgraph.gz Xrn2/bg/293flpin_Xrn2_MT_R2_xrn2-r2_gene_pos.bedgraph.gz Xrn2/bg/293flpin_Xrn2_WT_R3_xrn2-r3_tss_pos.bedgraph.gz Xrn2/bg/293flpin_Xrn2_WT_R3_xrn2-r3_body_pos.bedgraph.gz Xrn2/bg/293flpin_Xrn2_WT_R3_xrn2-r3_gene_pos.bedgraph.gz Xrn2/bg/293flpin_Xrn2_MT_R3_xrn2-r3_tss_pos.bedgraph.gz Xrn2/bg/293flpin_Xrn2_MT_R3_xrn2-r3_body_pos.bedgraph.gz Xrn2/bg/293flpin_Xrn2_MT_R3_xrn2-r3_gene_pos.bedgraph.gz Xrn2/bg/293flpin_Xrn2_WT_R4_xrn2-r4_tss_pos.bedgraph.gz Xrn2/bg/293flpin_Xrn2_WT_R4_xrn2-r4_body_pos.bedgraph.gz Xrn2/bg/293flpin_Xrn2_WT_R4_xrn2-r4_gene_pos.bedgraph.gz Xrn2/bg/293flpin_Xrn2_MT_R4_xrn2-r4_tss_pos.bedgraph.gz Xrn2/bg/293flpin_Xrn2_MT_R4_xrn2-r4_body_pos.bedgraph.gz Xrn2/bg/293flpin_Xrn2_MT_R4_xrn2-r4_gene_pos.bedgraph.gz" /beevol/home/erickson/ref/hg38/find_pauses/ref/GRCh38/base_lists/GRCh38_0ksep.bed.gz Xrn2/stats/xrn2-r4_tss_test.tsv
        check_sampling "Xrn2/bg/293flpin_Xrn2_WT_R2_xrn2-r2_tss_neg.bedgraph.gz Xrn2/bg/293flpin_Xrn2_WT_R2_xrn2-r2_body_neg.bedgraph.gz Xrn2/bg/293flpin_Xrn2_WT_R2_xrn2-r2_gene_neg.bedgraph.gz Xrn2/bg/293flpin_Xrn2_MT_R2_xrn2-r2_tss_neg.bedgraph.gz Xrn2/bg/293flpin_Xrn2_MT_R2_xrn2-r2_body_neg.bedgraph.gz Xrn2/bg/293flpin_Xrn2_MT_R2_xrn2-r2_gene_neg.bedgraph.gz Xrn2/bg/293flpin_Xrn2_WT_R3_xrn2-r3_tss_neg.bedgraph.gz Xrn2/bg/293flpin_Xrn2_WT_R3_xrn2-r3_body_neg.bedgraph.gz Xrn2/bg/293flpin_Xrn2_WT_R3_xrn2-r3_gene_neg.bedgraph.gz Xrn2/bg/293flpin_Xrn2_MT_R3_xrn2-r3_tss_neg.bedgraph.gz Xrn2/bg/293flpin_Xrn2_MT_R3_xrn2-r3_body_neg.bedgraph.gz Xrn2/bg/293flpin_Xrn2_MT_R3_xrn2-r3_gene_neg.bedgraph.gz Xrn2/bg/293flpin_Xrn2_WT_R4_xrn2-r4_tss_neg.bedgraph.gz Xrn2/bg/293flpin_Xrn2_WT_R4_xrn2-r4_body_neg.bedgraph.gz Xrn2/bg/293flpin_Xrn2_WT_R4_xrn2-r4_gene_neg.bedgraph.gz Xrn2/bg/293flpin_Xrn2_MT_R4_xrn2-r4_tss_neg.bedgraph.gz Xrn2/bg/293flpin_Xrn2_MT_R4_xrn2-r4_body_neg.bedgraph.gz Xrn2/bg/293flpin_Xrn2_MT_R4_xrn2-r4_gene_neg.bedgraph.gz" /beevol/home/erickson/ref/hg38/find_pauses/ref/GRCh38/base_lists/GRCh38_0ksep.bed.gz Xrn2/stats/xrn2-r4_tss_test.tsv
        
        (one of the commands exited with non-zero exit code; note that snakemake uses bash strict mode!)

Error executing rule gene_subsample_test on cluster (jobid: 228, external: 170294, jobscript: /beevol/home/erickson/Ben_pipelines/snakemake_pipelines/NETseq_UMI_findPauses/.snakemake/tmp.mref8m8m/snakejob.gene_subsample_test.228.sh). For error details see the cluster log and the log files of the involved rule(s).
[Thu Aug  3 13:45:09 2023]
Error in rule gene_subsample_test:
    jobid: 223
    output: Xrn2/stats/xrn2-r2_body_test.tsv
    log: Xrn2/logs/xrn2-r2_body_test.out, Xrn2/logs/xrn2-r2_body_test.err (check log file(s) for error message)
    shell:
        
        check_sampling() {
            local bgs=($1)
            local genes="$2"
            local out="$3"
        
            local test_res=${bgs[@]/%/}
        
            for bed in ${bgs[@]}
            do
                local res="$bed.TEST"
        
                zcat "$bed"                     | awk -v OFS="	" '{
                        $4 = $4 * ($3 - $2);
                        print
                    }'                     | bedtools map -a "$genes" -b - -c 4 -o sum                     | awk -v OFS="	" '$6 == "+" {gsub("\.", 0, $7); print}'                     > "$res"
            done
        
            local chk=$(md5sum ${test_res[@]} | sort -k1,1 -u | wc -l)
        
            rm ${test_res[@]}
        
            if [[ "$chk" == 1 ]]
            then
                local res='PASS'
            else
                local res='FAIL'
            fi
        
            for file in ${bgs[@]}
            do
                echo -e "$file	xrn2-r2	body	$res"                     >> "$out"
            done
        }

        check_sampling "Xrn2/bg/293flpin_Xrn2_WT_R2_xrn2-r2_tss_pos.bedgraph.gz Xrn2/bg/293flpin_Xrn2_WT_R2_xrn2-r2_body_pos.bedgraph.gz Xrn2/bg/293flpin_Xrn2_WT_R2_xrn2-r2_gene_pos.bedgraph.gz Xrn2/bg/293flpin_Xrn2_MT_R2_xrn2-r2_tss_pos.bedgraph.gz Xrn2/bg/293flpin_Xrn2_MT_R2_xrn2-r2_body_pos.bedgraph.gz Xrn2/bg/293flpin_Xrn2_MT_R2_xrn2-r2_gene_pos.bedgraph.gz Xrn2/bg/293flpin_Xrn2_WT_R3_xrn2-r3_tss_pos.bedgraph.gz Xrn2/bg/293flpin_Xrn2_WT_R3_xrn2-r3_body_pos.bedgraph.gz Xrn2/bg/293flpin_Xrn2_WT_R3_xrn2-r3_gene_pos.bedgraph.gz Xrn2/bg/293flpin_Xrn2_MT_R3_xrn2-r3_tss_pos.bedgraph.gz Xrn2/bg/293flpin_Xrn2_MT_R3_xrn2-r3_body_pos.bedgraph.gz Xrn2/bg/293flpin_Xrn2_MT_R3_xrn2-r3_gene_pos.bedgraph.gz Xrn2/bg/293flpin_Xrn2_WT_R4_xrn2-r4_tss_pos.bedgraph.gz Xrn2/bg/293flpin_Xrn2_WT_R4_xrn2-r4_body_pos.bedgraph.gz Xrn2/bg/293flpin_Xrn2_WT_R4_xrn2-r4_gene_pos.bedgraph.gz Xrn2/bg/293flpin_Xrn2_MT_R4_xrn2-r4_tss_pos.bedgraph.gz Xrn2/bg/293flpin_Xrn2_MT_R4_xrn2-r4_body_pos.bedgraph.gz Xrn2/bg/293flpin_Xrn2_MT_R4_xrn2-r4_gene_pos.bedgraph.gz" /beevol/home/erickson/ref/hg38/find_pauses/ref/GRCh38/base_lists/GRCh38_0ksep.bed.gz Xrn2/stats/xrn2-r2_body_test.tsv
        check_sampling "Xrn2/bg/293flpin_Xrn2_WT_R2_xrn2-r2_tss_neg.bedgraph.gz Xrn2/bg/293flpin_Xrn2_WT_R2_xrn2-r2_body_neg.bedgraph.gz Xrn2/bg/293flpin_Xrn2_WT_R2_xrn2-r2_gene_neg.bedgraph.gz Xrn2/bg/293flpin_Xrn2_MT_R2_xrn2-r2_tss_neg.bedgraph.gz Xrn2/bg/293flpin_Xrn2_MT_R2_xrn2-r2_body_neg.bedgraph.gz Xrn2/bg/293flpin_Xrn2_MT_R2_xrn2-r2_gene_neg.bedgraph.gz Xrn2/bg/293flpin_Xrn2_WT_R3_xrn2-r3_tss_neg.bedgraph.gz Xrn2/bg/293flpin_Xrn2_WT_R3_xrn2-r3_body_neg.bedgraph.gz Xrn2/bg/293flpin_Xrn2_WT_R3_xrn2-r3_gene_neg.bedgraph.gz Xrn2/bg/293flpin_Xrn2_MT_R3_xrn2-r3_tss_neg.bedgraph.gz Xrn2/bg/293flpin_Xrn2_MT_R3_xrn2-r3_body_neg.bedgraph.gz Xrn2/bg/293flpin_Xrn2_MT_R3_xrn2-r3_gene_neg.bedgraph.gz Xrn2/bg/293flpin_Xrn2_WT_R4_xrn2-r4_tss_neg.bedgraph.gz Xrn2/bg/293flpin_Xrn2_WT_R4_xrn2-r4_body_neg.bedgraph.gz Xrn2/bg/293flpin_Xrn2_WT_R4_xrn2-r4_gene_neg.bedgraph.gz Xrn2/bg/293flpin_Xrn2_MT_R4_xrn2-r4_tss_neg.bedgraph.gz Xrn2/bg/293flpin_Xrn2_MT_R4_xrn2-r4_body_neg.bedgraph.gz Xrn2/bg/293flpin_Xrn2_MT_R4_xrn2-r4_gene_neg.bedgraph.gz" /beevol/home/erickson/ref/hg38/find_pauses/ref/GRCh38/base_lists/GRCh38_0ksep.bed.gz Xrn2/stats/xrn2-r2_body_test.tsv
        
        (one of the commands exited with non-zero exit code; note that snakemake uses bash strict mode!)

Error executing rule gene_subsample_test on cluster (jobid: 223, external: 170304, jobscript: /beevol/home/erickson/Ben_pipelines/snakemake_pipelines/NETseq_UMI_findPauses/.snakemake/tmp.mref8m8m/snakejob.gene_subsample_test.223.sh). For error details see the cluster log and the log files of the involved rule(s).
Removing temporary output file Xrn2/pauses/293flpin_Xrn2_WT_R4_xrn2-r4_body_200_pause_reads_tss.bed.gz.
[Thu Aug  3 13:45:09 2023]
Finished job 695.
46 of 384 steps (12%) done
Removing temporary output file Xrn2/pauses/293flpin_Xrn2_WT_R4_xrn2-r4_body_200_pause_reads_gene.bed.gz.
[Thu Aug  3 13:45:09 2023]
Finished job 697.
47 of 384 steps (12%) done
Removing temporary output file Xrn2/pauses/293flpin_Xrn2_WT_R4_xrn2-r4_body_200_pause_reads_5-300bp-500bp.bed.gz.
[Thu Aug  3 13:45:09 2023]
Finished job 687.
48 of 384 steps (12%) done
Removing temporary output file Xrn2/pauses/293flpin_Xrn2_WT_R4_xrn2-r4_body_200_strong_pause_reads_body.bed.gz.
[Thu Aug  3 13:45:21 2023]
Finished job 682.
49 of 384 steps (13%) done
Removing temporary output file Xrn2/pauses/293flpin_Xrn2_WT_R4_xrn2-r4_body_200_strong_pause_reads_5-TSS-100bp.bed.gz.
[Thu Aug  3 13:45:22 2023]
Finished job 670.
50 of 384 steps (13%) done
Removing temporary output file Xrn2/pauses/293flpin_Xrn2_WT_R4_xrn2-r4_body_200_strong_pause_reads_5-100bp-300bp.bed.gz.
[Thu Aug  3 13:45:22 2023]
Finished job 672.
51 of 384 steps (13%) done
Removing temporary output file Xrn2/pauses/293flpin_Xrn2_WT_R4_xrn2-r4_body_200_strong_pause_reads_5-500bp-1kb.bed.gz.
[Thu Aug  3 13:45:22 2023]
Finished job 674.
52 of 384 steps (14%) done
Removing temporary output file Xrn2/pauses/293flpin_Xrn2_WT_R4_xrn2-r4_body_200_strong_pause_reads_tss.bed.gz.
[Thu Aug  3 13:45:22 2023]
Finished job 681.
53 of 384 steps (14%) done
Removing temporary output file Xrn2/pauses/293flpin_Xrn2_WT_R4_xrn2-r4_body_200_strong_pause_reads_gene.bed.gz.
[Thu Aug  3 13:45:22 2023]
Finished job 683.
54 of 384 steps (14%) done
Removing temporary output file Xrn2/pauses/293flpin_Xrn2_WT_R4_xrn2-r4_body_200_strong_pause_reads_5-300bp-500bp.bed.gz.
[Thu Aug  3 13:45:22 2023]
Finished job 673.
55 of 384 steps (14%) done
Removing temporary output file Xrn2/pauses/293flpin_Xrn2_WT_R2_xrn2-r2_gene_200_pause_reads_body.bed.gz.
[Thu Aug  3 13:45:23 2023]
Finished job 388.
56 of 384 steps (15%) done
Removing temporary output file Xrn2/pauses/293flpin_Xrn2_WT_R2_xrn2-r2_gene_200_pause_reads_5-TSS-100bp.bed.gz.
[Thu Aug  3 13:45:23 2023]
Finished job 376.
57 of 384 steps (15%) done
Removing temporary output file Xrn2/pauses/293flpin_Xrn2_WT_R2_xrn2-r2_gene_200_pause_reads_5-100bp-300bp.bed.gz.
[Thu Aug  3 13:45:23 2023]
Finished job 378.
58 of 384 steps (15%) done
Removing temporary output file Xrn2/pauses/293flpin_Xrn2_WT_R2_xrn2-r2_gene_200_pause_reads_5-500bp-1kb.bed.gz.
[Thu Aug  3 13:45:24 2023]
Finished job 380.
59 of 384 steps (15%) done
Removing temporary output file Xrn2/pauses/293flpin_Xrn2_WT_R2_xrn2-r2_body_200_pause_reads_5-50bp.bed.gz.
[Thu Aug  3 13:45:24 2023]
Finished job 355.
60 of 384 steps (16%) done
Removing temporary output file Xrn2/pauses/293flpin_Xrn2_WT_R2_xrn2-r2_body_200_pause_reads_3-50bp.bed.gz.
[Thu Aug  3 13:45:24 2023]
Finished job 356.
61 of 384 steps (16%) done
Removing temporary output file Xrn2/pauses/293flpin_Xrn2_WT_R2_xrn2-r2_body_200_pause_reads_introns.bed.gz.
[Thu Aug  3 13:45:24 2023]
Finished job 358.
62 of 384 steps (16%) done
Removing temporary output file Xrn2/pauses/293flpin_Xrn2_WT_R2_xrn2-r2_body_200_pause_reads_exons.bed.gz.
[Thu Aug  3 13:45:25 2023]
Finished job 357.
63 of 384 steps (16%) done
Removing temporary output file Xrn2/pauses/293flpin_Xrn2_WT_R4_xrn2-r4_body_200_pause_reads_introns.bed.gz.
[Thu Aug  3 13:45:25 2023]
Finished job 694.
64 of 384 steps (17%) done
[Thu Aug  3 13:45:25 2023]
Finished job 447.
65 of 384 steps (17%) done
[Thu Aug  3 13:45:25 2023]
Finished job 363.
66 of 384 steps (17%) done
[Thu Aug  3 13:45:26 2023]
Finished job 755.
67 of 384 steps (17%) done
[Thu Aug  3 13:45:27 2023]
Finished job 769.
68 of 384 steps (18%) done
Removing temporary output file Xrn2/pauses/293flpin_Xrn2_MT_R4_xrn2-r4_gene_200_pause_reads_5-100bp-300bp.bed.gz.
[Thu Aug  3 13:45:39 2023]
Finished job 798.
69 of 384 steps (18%) done
Removing temporary output file Xrn2/pauses/293flpin_Xrn2_WT_R4_xrn2-r4_body_200_strong_pause_reads_5-50bp.bed.gz.
[Thu Aug  3 13:45:40 2023]
Finished job 677.
70 of 384 steps (18%) done
Removing temporary output file Xrn2/pauses/293flpin_Xrn2_WT_R4_xrn2-r4_body_200_strong_pause_reads_introns.bed.gz.
[Thu Aug  3 13:45:40 2023]
Finished job 680.
71 of 384 steps (18%) done
Removing temporary output file Xrn2/pauses/293flpin_Xrn2_WT_R4_xrn2-r4_body_200_strong_pause_reads_exons.bed.gz.
[Thu Aug  3 13:45:41 2023]
Finished job 679.
72 of 384 steps (19%) done
Removing temporary output file Xrn2/pauses/293flpin_Xrn2_WT_R2_xrn2-r2_gene_200_pause_reads_tss.bed.gz.
[Thu Aug  3 13:45:41 2023]
Finished job 387.
73 of 384 steps (19%) done
Removing temporary output file Xrn2/pauses/293flpin_Xrn2_WT_R2_xrn2-r2_gene_200_pause_reads_gene.bed.gz.
[Thu Aug  3 13:45:41 2023]
Finished job 389.
74 of 384 steps (19%) done
Removing temporary output file Xrn2/pauses/293flpin_Xrn2_WT_R2_xrn2-r2_gene_200_pause_reads_5-300bp-500bp.bed.gz.
[Thu Aug  3 13:45:41 2023]
Finished job 379.
75 of 384 steps (20%) done
Removing temporary output file Xrn2/pauses/293flpin_Xrn2_WT_R2_xrn2-r2_body_200_pause_reads_4-200bp.bed.gz.
[Thu Aug  3 13:45:42 2023]
Finished job 353.
76 of 384 steps (20%) done
Removing temporary output file Xrn2/pauses/293flpin_Xrn2_WT_R4_xrn2-r4_body_200_pause_reads_5-50bp.bed.gz.
[Thu Aug  3 13:45:42 2023]
Finished job 691.
77 of 384 steps (20%) done
Removing temporary output file Xrn2/pauses/293flpin_Xrn2_WT_R4_xrn2-r4_body_200_pause_reads_3-50bp.bed.gz.
[Thu Aug  3 13:45:42 2023]
Finished job 692.
78 of 384 steps (20%) done
Removing temporary output file Xrn2/pauses/293flpin_Xrn2_WT_R4_xrn2-r4_body_200_pause_reads_4-200bp.bed.gz.
[Thu Aug  3 13:45:45 2023]
Finished job 689.
79 of 384 steps (21%) done
Removing temporary output file Xrn2/pauses/293flpin_Xrn2_MT_R4_xrn2-r4_gene_200_pause_reads_body.bed.gz.
[Thu Aug  3 13:45:45 2023]
Finished job 808.
80 of 384 steps (21%) done
Removing temporary output file Xrn2/pauses/293flpin_Xrn2_MT_R4_xrn2-r4_gene_200_pause_reads_5-TSS-100bp.bed.gz.
[Thu Aug  3 13:45:45 2023]
Finished job 796.
81 of 384 steps (21%) done
Removing temporary output file Xrn2/pauses/293flpin_Xrn2_MT_R4_xrn2-r4_gene_200_pause_reads_tss.bed.gz.
[Thu Aug  3 13:45:45 2023]
Finished job 807.
82 of 384 steps (21%) done
Removing temporary output file Xrn2/pauses/293flpin_Xrn2_MT_R4_xrn2-r4_gene_200_pause_reads_gene.bed.gz.
[Thu Aug  3 13:45:45 2023]
Finished job 809.
83 of 384 steps (22%) done
Removing temporary output file Xrn2/pauses/293flpin_Xrn2_MT_R4_xrn2-r4_gene_200_pause_reads_5-300bp-500bp.bed.gz.
[Thu Aug  3 13:45:55 2023]
Finished job 799.
84 of 384 steps (22%) done
Removing temporary output file Xrn2/pauses/293flpin_Xrn2_MT_R4_xrn2-r4_gene_200_pause_reads_5-500bp-1kb.bed.gz.
[Thu Aug  3 13:45:55 2023]
Finished job 800.
85 of 384 steps (22%) done
Removing temporary output file Xrn2/pauses/293flpin_Xrn2_MT_R3_xrn2-r3_gene_200_pause_reads_tss.bed.gz.
[Thu Aug  3 13:45:55 2023]
Finished job 639.
86 of 384 steps (22%) done
Removing temporary output file Xrn2/pauses/293flpin_Xrn2_MT_R3_xrn2-r3_gene_200_pause_reads_body.bed.gz.
[Thu Aug  3 13:45:55 2023]
Finished job 640.
87 of 384 steps (23%) done
Removing temporary output file Xrn2/pauses/293flpin_Xrn2_MT_R3_xrn2-r3_gene_200_pause_reads_gene.bed.gz.
[Thu Aug  3 13:45:56 2023]
Finished job 641.
88 of 384 steps (23%) done
Removing temporary output file Xrn2/pauses/293flpin_Xrn2_MT_R3_xrn2-r3_gene_200_pause_reads_5-TSS-100bp.bed.gz.
[Thu Aug  3 13:45:56 2023]
Finished job 628.
89 of 384 steps (23%) done
Removing temporary output file Xrn2/pauses/293flpin_Xrn2_MT_R3_xrn2-r3_gene_200_pause_reads_5-100bp-300bp.bed.gz.
[Thu Aug  3 13:45:56 2023]
Finished job 630.
90 of 384 steps (23%) done
Removing temporary output file Xrn2/pauses/293flpin_Xrn2_MT_R3_xrn2-r3_gene_200_pause_reads_5-300bp-500bp.bed.gz.
[Thu Aug  3 13:45:56 2023]
Finished job 631.
91 of 384 steps (24%) done
Removing temporary output file Xrn2/pauses/293flpin_Xrn2_MT_R3_xrn2-r3_gene_200_pause_reads_5-500bp-1kb.bed.gz.
[Thu Aug  3 13:45:56 2023]
Finished job 632.
92 of 384 steps (24%) done
Removing temporary output file Xrn2/pauses/293flpin_Xrn2_WT_R4_xrn2-r4_body_200_strong_pause_reads_3-50bp.bed.gz.
[Thu Aug  3 13:45:56 2023]
Finished job 678.
93 of 384 steps (24%) done
Removing temporary output file Xrn2/pauses/293flpin_Xrn2_WT_R2_xrn2-r2_gene_200_pause_reads_introns.bed.gz.
[Thu Aug  3 13:45:57 2023]
Finished job 386.
94 of 384 steps (24%) done
Removing temporary output file Xrn2/pauses/293flpin_Xrn2_WT_R2_xrn2-r2_gene_200_pause_reads_exons.bed.gz.
[Thu Aug  3 13:45:57 2023]
Finished job 385.
95 of 384 steps (25%) done
Removing temporary output file Xrn2/pauses/293flpin_Xrn2_WT_R4_xrn2-r4_body_200_pause_reads_exons.bed.gz.
[Thu Aug  3 13:45:59 2023]
Finished job 693.
96 of 384 steps (25%) done
Removing temporary output file Xrn2/pauses/293flpin_Xrn2_MT_R4_xrn2-r4_gene_200_pause_reads_introns.bed.gz.
[Thu Aug  3 13:46:00 2023]
Finished job 806.
97 of 384 steps (25%) done
Removing temporary output file Xrn2/pauses/293flpin_Xrn2_MT_R4_xrn2-r4_gene_200_pause_reads_exons.bed.gz.
[Thu Aug  3 13:46:00 2023]
Finished job 805.
98 of 384 steps (26%) done
Removing temporary output file Xrn2/pauses/293flpin_Xrn2_MT_R3_xrn2-r3_gene_200_pause_reads_exons.bed.gz.
[Thu Aug  3 13:46:10 2023]
Finished job 637.
99 of 384 steps (26%) done
Removing temporary output file Xrn2/pauses/293flpin_Xrn2_MT_R3_xrn2-r3_gene_200_pause_reads_introns.bed.gz.
[Thu Aug  3 13:46:10 2023]
Finished job 638.
100 of 384 steps (26%) done
Removing temporary output file Xrn2/pauses/293flpin_Xrn2_WT_R2_xrn2-r2_gene_200_pause_reads_5-50bp.bed.gz.
[Thu Aug  3 13:46:10 2023]
Finished job 383.
101 of 384 steps (26%) done
Removing temporary output file Xrn2/pauses/293flpin_Xrn2_WT_R2_xrn2-r2_gene_200_pause_reads_3-50bp.bed.gz.
[Thu Aug  3 13:46:10 2023]
Finished job 384.
102 of 384 steps (27%) done
Removing temporary output file Xrn2/pauses/293flpin_Xrn2_WT_R2_xrn2-r2_body_200_pauses.bed.gz.
Removing temporary output file Xrn2/pauses/293flpin_Xrn2_WT_R2_xrn2-r2_body_200_pause_reads.bed.gz.
Removing temporary output file Xrn2/pauses/293flpin_Xrn2_WT_R2_xrn2-r2_body_200_pause_reads_5-10bp.bed.gz.
[Thu Aug  3 13:46:11 2023]
Finished job 354.
103 of 384 steps (27%) done
Removing temporary output file Xrn2/pauses/293flpin_Xrn2_MT_R4_xrn2-r4_gene_200_pause_reads_3-50bp.bed.gz.
[Thu Aug  3 13:46:13 2023]
Finished job 804.
104 of 384 steps (27%) done
Removing temporary output file Xrn2/pauses/293flpin_Xrn2_MT_R4_xrn2-r4_gene_200_pause_reads_5-50bp.bed.gz.
[Thu Aug  3 13:46:23 2023]
Finished job 803.
105 of 384 steps (27%) done
Removing temporary output file Xrn2/pauses/293flpin_Xrn2_MT_R3_xrn2-r3_gene_200_pause_reads_3-50bp.bed.gz.
[Thu Aug  3 13:46:23 2023]
Finished job 636.
106 of 384 steps (28%) done
Removing temporary output file Xrn2/pauses/293flpin_Xrn2_WT_R4_xrn2-r4_body_200_strong_pause_reads_5-10bp.bed.gz.
[Thu Aug  3 13:46:23 2023]
Finished job 676.
107 of 384 steps (28%) done
Removing temporary output file Xrn2/pauses/293flpin_Xrn2_WT_R3_xrn2-r3_gene_200_sep_pauses.bed.gz.
Removing temporary output file Xrn2/pauses/293flpin_Xrn2_WT_R3_xrn2-r3_gene_200_pauses_wins.bed.gz.
Removing temporary output file Xrn2/pauses/293flpin_Xrn2_WT_R3_xrn2-r3_gene_200_pauses_meta.bed.gz.
[Thu Aug  3 13:46:24 2023]
Finished job 287.
108 of 384 steps (28%) done
Removing temporary output file Xrn2/pauses/293flpin_Xrn2_MT_R2_xrn2-r2_gene_200_sep_pauses.bed.gz.
Removing temporary output file Xrn2/pauses/293flpin_Xrn2_MT_R2_xrn2-r2_gene_200_pauses_wins.bed.gz.
Removing temporary output file Xrn2/pauses/293flpin_Xrn2_MT_R2_xrn2-r2_gene_200_pauses_meta.bed.gz.
[Thu Aug  3 13:46:25 2023]
Finished job 281.
109 of 384 steps (28%) done
Removing temporary output file Xrn2/pauses/293flpin_Xrn2_MT_R4_xrn2-r4_gene_200_pause_reads_4-200bp.bed.gz.
[Thu Aug  3 13:46:36 2023]
Finished job 801.
110 of 384 steps (29%) done
Removing temporary output file Xrn2/pauses/293flpin_Xrn2_WT_R2_xrn2-r2_gene_200_pause_reads_5-10bp.bed.gz.
[Thu Aug  3 13:46:36 2023]
Finished job 382.
111 of 384 steps (29%) done
Removing temporary output file Xrn2/pauses/293flpin_Xrn2_WT_R4_xrn2-r4_body_200_pauses.bed.gz.
Removing temporary output file Xrn2/pauses/293flpin_Xrn2_WT_R4_xrn2-r4_body_200_pause_reads.bed.gz.
Removing temporary output file Xrn2/pauses/293flpin_Xrn2_WT_R4_xrn2-r4_body_200_pause_reads_5-10bp.bed.gz.
[Thu Aug  3 13:46:38 2023]
Finished job 690.
112 of 384 steps (29%) done
Removing temporary output file Xrn2/pauses/293flpin_Xrn2_WT_R4_xrn2-r4_body_200_strong_pauses.bed.gz.
Removing temporary output file Xrn2/pauses/293flpin_Xrn2_WT_R4_xrn2-r4_body_200_strong_pause_reads.bed.gz.
Removing temporary output file Xrn2/pauses/293flpin_Xrn2_WT_R4_xrn2-r4_body_200_strong_pause_reads_4-200bp.bed.gz.
[Thu Aug  3 13:46:48 2023]
Finished job 675.
113 of 384 steps (29%) done
Removing temporary output file Xrn2/pauses/293flpin_Xrn2_WT_R2_xrn2-r2_body_200_sep_pauses.bed.gz.
Removing temporary output file Xrn2/pauses/293flpin_Xrn2_WT_R2_xrn2-r2_body_200_pauses_wins.bed.gz.
Removing temporary output file Xrn2/pauses/293flpin_Xrn2_WT_R2_xrn2-r2_body_200_pauses_meta.bed.gz.
[Thu Aug  3 13:46:50 2023]
Finished job 273.
114 of 384 steps (30%) done
Removing temporary output file Xrn2/pauses/293flpin_Xrn2_MT_R2_xrn2-r2_body_200_sep_pauses.bed.gz.
Removing temporary output file Xrn2/pauses/293flpin_Xrn2_MT_R2_xrn2-r2_body_200_pauses_wins.bed.gz.
Removing temporary output file Xrn2/pauses/293flpin_Xrn2_MT_R2_xrn2-r2_body_200_pauses_meta.bed.gz.
[Thu Aug  3 13:46:50 2023]
Finished job 279.
115 of 384 steps (30%) done
Removing temporary output file Xrn2/pauses/293flpin_Xrn2_WT_R4_xrn2-r4_body_200_sep_pauses.bed.gz.
Removing temporary output file Xrn2/pauses/293flpin_Xrn2_WT_R4_xrn2-r4_body_200_pauses_wins.bed.gz.
Removing temporary output file Xrn2/pauses/293flpin_Xrn2_WT_R4_xrn2-r4_body_200_pauses_meta.bed.gz.
[Thu Aug  3 13:47:02 2023]
Finished job 297.
116 of 384 steps (30%) done
Removing temporary output file Xrn2/pauses/293flpin_Xrn2_WT_R3_xrn2-r3_body_200_sep_strong_pauses.bed.gz.
Removing temporary output file Xrn2/pauses/293flpin_Xrn2_WT_R3_xrn2-r3_body_200_strong_pauses_wins.bed.gz.
Removing temporary output file Xrn2/pauses/293flpin_Xrn2_WT_R3_xrn2-r3_body_200_strong_pauses_meta.bed.gz.
[Thu Aug  3 13:47:13 2023]
Finished job 284.
117 of 384 steps (30%) done
Removing temporary output file Xrn2/pauses/293flpin_Xrn2_MT_R3_xrn2-r3_body_200_sep_pauses.bed.gz.
Removing temporary output file Xrn2/pauses/293flpin_Xrn2_MT_R3_xrn2-r3_body_200_pauses_wins.bed.gz.
Removing temporary output file Xrn2/pauses/293flpin_Xrn2_MT_R3_xrn2-r3_body_200_pauses_meta.bed.gz.
[Thu Aug  3 13:47:14 2023]
Finished job 291.
118 of 384 steps (31%) done
Removing temporary output file Xrn2/pauses/293flpin_Xrn2_WT_R3_xrn2-r3_body_200_sep_pauses.bed.gz.
Removing temporary output file Xrn2/pauses/293flpin_Xrn2_WT_R3_xrn2-r3_body_200_pauses_wins.bed.gz.
Removing temporary output file Xrn2/pauses/293flpin_Xrn2_WT_R3_xrn2-r3_body_200_pauses_meta.bed.gz.
[Thu Aug  3 13:47:14 2023]
Finished job 285.
119 of 384 steps (31%) done
Removing temporary output file Xrn2/pauses/293flpin_Xrn2_MT_R4_xrn2-r4_gene_200_pauses.bed.gz.
Removing temporary output file Xrn2/pauses/293flpin_Xrn2_MT_R4_xrn2-r4_gene_200_pause_reads.bed.gz.
Removing temporary output file Xrn2/pauses/293flpin_Xrn2_MT_R4_xrn2-r4_gene_200_pause_reads_5-10bp.bed.gz.
[Thu Aug  3 13:47:25 2023]
Finished job 802.
120 of 384 steps (31%) done
Removing temporary output file Xrn2/pauses/293flpin_Xrn2_MT_R2_xrn2-r2_body_200_sep_strong_pauses.bed.gz.
Removing temporary output file Xrn2/pauses/293flpin_Xrn2_MT_R2_xrn2-r2_body_200_strong_pauses_wins.bed.gz.
Removing temporary output file Xrn2/pauses/293flpin_Xrn2_MT_R2_xrn2-r2_body_200_strong_pauses_meta.bed.gz.
[Thu Aug  3 13:47:25 2023]
Finished job 278.
121 of 384 steps (32%) done
Removing temporary output file Xrn2/pauses/293flpin_Xrn2_WT_R4_xrn2-r4_body_200_sep_strong_pauses.bed.gz.
Removing temporary output file Xrn2/pauses/293flpin_Xrn2_WT_R4_xrn2-r4_body_200_strong_pauses_wins.bed.gz.
Removing temporary output file Xrn2/pauses/293flpin_Xrn2_WT_R4_xrn2-r4_body_200_strong_pauses_meta.bed.gz.
[Thu Aug  3 13:47:25 2023]
Finished job 296.
122 of 384 steps (32%) done
Removing temporary output file Xrn2/pauses/293flpin_Xrn2_MT_R3_xrn2-r3_body_200_sep_strong_pauses.bed.gz.
Removing temporary output file Xrn2/pauses/293flpin_Xrn2_MT_R3_xrn2-r3_body_200_strong_pauses_wins.bed.gz.
Removing temporary output file Xrn2/pauses/293flpin_Xrn2_MT_R3_xrn2-r3_body_200_strong_pauses_meta.bed.gz.
[Thu Aug  3 13:47:26 2023]
Finished job 290.
123 of 384 steps (32%) done
Removing temporary output file Xrn2/pauses/293flpin_Xrn2_MT_R3_xrn2-r3_gene_200_sep_pauses.bed.gz.
Removing temporary output file Xrn2/pauses/293flpin_Xrn2_MT_R3_xrn2-r3_gene_200_pauses_wins.bed.gz.
Removing temporary output file Xrn2/pauses/293flpin_Xrn2_MT_R3_xrn2-r3_gene_200_pauses_meta.bed.gz.
[Thu Aug  3 13:47:26 2023]
Finished job 293.
124 of 384 steps (32%) done
Removing temporary output file Xrn2/pauses/293flpin_Xrn2_MT_R2_xrn2-r2_gene_200_sep_strong_pauses.bed.gz.
Removing temporary output file Xrn2/pauses/293flpin_Xrn2_MT_R2_xrn2-r2_gene_200_strong_pauses_wins.bed.gz.
Removing temporary output file Xrn2/pauses/293flpin_Xrn2_MT_R2_xrn2-r2_gene_200_strong_pauses_meta.bed.gz.
[Thu Aug  3 13:47:36 2023]
Finished job 280.
125 of 384 steps (33%) done
Removing temporary output file Xrn2/pauses/293flpin_Xrn2_WT_R4_xrn2-r4_gene_200_sep_strong_pauses.bed.gz.
Removing temporary output file Xrn2/pauses/293flpin_Xrn2_WT_R4_xrn2-r4_gene_200_strong_pauses_wins.bed.gz.
Removing temporary output file Xrn2/pauses/293flpin_Xrn2_WT_R4_xrn2-r4_gene_200_strong_pauses_meta.bed.gz.
[Thu Aug  3 13:47:36 2023]
Finished job 298.
126 of 384 steps (33%) done
Removing temporary output file Xrn2/pauses/293flpin_Xrn2_WT_R3_xrn2-r3_gene_200_sep_strong_pauses.bed.gz.
Removing temporary output file Xrn2/pauses/293flpin_Xrn2_WT_R3_xrn2-r3_gene_200_strong_pauses_wins.bed.gz.
Removing temporary output file Xrn2/pauses/293flpin_Xrn2_WT_R3_xrn2-r3_gene_200_strong_pauses_meta.bed.gz.
[Thu Aug  3 13:47:36 2023]
Finished job 286.
127 of 384 steps (33%) done
Removing temporary output file Xrn2/pauses/293flpin_Xrn2_WT_R2_xrn2-r2_gene_200_sep_pauses.bed.gz.
Removing temporary output file Xrn2/pauses/293flpin_Xrn2_WT_R2_xrn2-r2_gene_200_pauses_wins.bed.gz.
Removing temporary output file Xrn2/pauses/293flpin_Xrn2_WT_R2_xrn2-r2_gene_200_pauses_meta.bed.gz.
[Thu Aug  3 13:47:36 2023]
Finished job 275.
128 of 384 steps (33%) done
Removing temporary output file Xrn2/pauses/293flpin_Xrn2_MT_R4_xrn2-r4_body_200_sep_pauses.bed.gz.
Removing temporary output file Xrn2/pauses/293flpin_Xrn2_MT_R4_xrn2-r4_body_200_pauses_wins.bed.gz.
Removing temporary output file Xrn2/pauses/293flpin_Xrn2_MT_R4_xrn2-r4_body_200_pauses_meta.bed.gz.
[Thu Aug  3 13:47:47 2023]
Finished job 303.
129 of 384 steps (34%) done
Removing temporary output file Xrn2/pauses/293flpin_Xrn2_WT_R4_xrn2-r4_gene_200_sep_pauses.bed.gz.
Removing temporary output file Xrn2/pauses/293flpin_Xrn2_WT_R4_xrn2-r4_gene_200_pauses_wins.bed.gz.
Removing temporary output file Xrn2/pauses/293flpin_Xrn2_WT_R4_xrn2-r4_gene_200_pauses_meta.bed.gz.
[Thu Aug  3 13:47:47 2023]
Finished job 299.
130 of 384 steps (34%) done
Removing temporary output file Xrn2/pauses/293flpin_Xrn2_MT_R4_xrn2-r4_body_200_sep_strong_pauses.bed.gz.
Removing temporary output file Xrn2/pauses/293flpin_Xrn2_MT_R4_xrn2-r4_body_200_strong_pauses_wins.bed.gz.
Removing temporary output file Xrn2/pauses/293flpin_Xrn2_MT_R4_xrn2-r4_body_200_strong_pauses_meta.bed.gz.
[Thu Aug  3 13:47:57 2023]
Finished job 302.
131 of 384 steps (34%) done
Removing temporary output file Xrn2/pauses/293flpin_Xrn2_MT_R3_xrn2-r3_gene_200_sep_strong_pauses.bed.gz.
Removing temporary output file Xrn2/pauses/293flpin_Xrn2_MT_R3_xrn2-r3_gene_200_strong_pauses_wins.bed.gz.
Removing temporary output file Xrn2/pauses/293flpin_Xrn2_MT_R3_xrn2-r3_gene_200_strong_pauses_meta.bed.gz.
[Thu Aug  3 13:47:57 2023]
Finished job 292.
132 of 384 steps (34%) done
Removing temporary output file Xrn2/pauses/293flpin_Xrn2_WT_R2_xrn2-r2_body_200_sep_strong_pauses.bed.gz.
Removing temporary output file Xrn2/pauses/293flpin_Xrn2_WT_R2_xrn2-r2_body_200_strong_pauses_wins.bed.gz.
Removing temporary output file Xrn2/pauses/293flpin_Xrn2_WT_R2_xrn2-r2_body_200_strong_pauses_meta.bed.gz.
[Thu Aug  3 13:47:57 2023]
Finished job 272.
133 of 384 steps (35%) done
Removing temporary output file Xrn2/pauses/293flpin_Xrn2_WT_R2_xrn2-r2_gene_200_sep_strong_pauses.bed.gz.
Removing temporary output file Xrn2/pauses/293flpin_Xrn2_WT_R2_xrn2-r2_gene_200_strong_pauses_wins.bed.gz.
Removing temporary output file Xrn2/pauses/293flpin_Xrn2_WT_R2_xrn2-r2_gene_200_strong_pauses_meta.bed.gz.
[Thu Aug  3 13:48:07 2023]
Finished job 274.
134 of 384 steps (35%) done
Removing temporary output file Xrn2/pauses/293flpin_Xrn2_MT_R4_xrn2-r4_gene_200_sep_pauses.bed.gz.
Removing temporary output file Xrn2/pauses/293flpin_Xrn2_MT_R4_xrn2-r4_gene_200_pauses_wins.bed.gz.
Removing temporary output file Xrn2/pauses/293flpin_Xrn2_MT_R4_xrn2-r4_gene_200_pauses_meta.bed.gz.
[Thu Aug  3 13:48:17 2023]
Finished job 305.
135 of 384 steps (35%) done
Removing temporary output file Xrn2/pauses/293flpin_Xrn2_MT_R4_xrn2-r4_gene_200_sep_strong_pauses.bed.gz.
Removing temporary output file Xrn2/pauses/293flpin_Xrn2_MT_R4_xrn2-r4_gene_200_strong_pauses_wins.bed.gz.
Removing temporary output file Xrn2/pauses/293flpin_Xrn2_MT_R4_xrn2-r4_gene_200_strong_pauses_meta.bed.gz.
[Thu Aug  3 13:48:27 2023]
Finished job 304.
136 of 384 steps (35%) done
Shutting down, this might take some time.
Exiting because a job execution failed. Look above for error message
The code used to generate one or several output files has changed:
    To inspect which output files have changes, run 'snakemake --list-code-changes'.
    To trigger a re-run, use 'snakemake -R $(snakemake --list-code-changes)'.
Complete log: /beevol/home/erickson/Ben_pipelines/snakemake_pipelines/NETseq_UMI_findPauses/.snakemake/log/2023-08-03T134316.263226.snakemake.log
