Building DAG of jobs...
The code used to generate one or several output files has changed:
    To inspect which output files have changes, run 'snakemake --list-code-changes'.
    To trigger a re-run, use 'snakemake -R $(snakemake --list-code-changes)'.
Using shell: /usr/bin/bash
Provided cluster nodes: 100
Job stats:
job                  count    min threads    max threads
-----------------  -------  -------------  -------------
all                      1              1              1
gathering_results        1              1              1
total                    2              1              1

Select jobs to execute...

[Fri Jul 21 13:30:05 2023]
Job 52: getting final results

Submitted DRMAA job 52 with external jobid 129018.
[Fri Jul 21 13:30:24 2023]
Finished job 52.
1 of 2 steps (50%) done
Select jobs to execute...

[Fri Jul 21 13:30:24 2023]
localrule all:
    input: Xrn2/stats/Xrn2_fastqc.tsv, Xrn2/stats/Xrn2_cutadapt.tsv, Xrn2/stats/Xrn2_aligned.tsv, Xrn2/stats/Xrn2_hg38_dedup.tsv, Xrn2/stats/Xrn2_hg38_subsample.tsv, Xrn2/stats/Xrn2_results.tsv, Xrn2/URLS/Xrn2_hg38_norm_3end_subsample_bw_URL.txt
    jobid: 0
    resources: tmpdir=/tmp

[Fri Jul 21 13:30:24 2023]
Finished job 0.
2 of 2 steps (100%) done
The code used to generate one or several output files has changed:
    To inspect which output files have changes, run 'snakemake --list-code-changes'.
    To trigger a re-run, use 'snakemake -R $(snakemake --list-code-changes)'.
Complete log: /beevol/home/erickson/Ben_pipelines/snakemake_pipelines/NETseq_UMI_findPauses/.snakemake/log/2023-07-21T133002.936252.snakemake.log
