Building DAG of jobs...
Using shell: /usr/bin/bash
Provided cluster nodes: 100
Job stats:
job                        count    min threads    max threads
-----------------------  -------  -------------  -------------
all                            1              1              1
create_bedgraphs              18              6              6
create_plots                   1              1              1
filt_summary                   1              1              1
find_pauses                   18              4              4
gene_subsample_1               9              1              1
gene_subsample_2              54              6              6
gene_subsample_3              54              6              6
gene_subsample_4              54              6              6
gene_subsample_test            9              1              1
pause_density                468              6              6
pause_metaplots               36              6              6
pause_reads                   36              6              6
pausing_summary                2              1              1
strong_pauses                 18              1              1
subsample_metaplot_beds       18              6              6
total                        797              1              6

Select jobs to execute...

[Tue Aug  1 13:27:29 2023]
Job 22: Intersecting reads for 293flpin_Xrn2_MT_R2 gene

Submitted DRMAA job 22 with external jobid 155685.

[Tue Aug  1 13:27:29 2023]
Job 20: Intersecting reads for 293flpin_Xrn2_WT_R2 gene

Submitted DRMAA job 20 with external jobid 155686.

[Tue Aug  1 13:27:29 2023]
Job 59: Intersecting reads for 293flpin_Xrn2_WT_R4 body

Submitted DRMAA job 59 with external jobid 155687.

[Tue Aug  1 13:27:30 2023]
Job 37: Intersecting reads for 293flpin_Xrn2_WT_R3 body

Submitted DRMAA job 37 with external jobid 155688.

[Tue Aug  1 13:27:30 2023]
Job 203: Creating Xrn2 read filtering summary

Submitted DRMAA job 203 with external jobid 155689.

[Tue Aug  1 13:27:30 2023]
Job 27: Intersecting reads for 293flpin_Xrn2_WT_R3 tss

Submitted DRMAA job 27 with external jobid 155690.

[Tue Aug  1 13:27:30 2023]
Job 52: Intersecting reads for 293flpin_Xrn2_MT_R4 tss

Submitted DRMAA job 52 with external jobid 155691.

[Tue Aug  1 13:27:30 2023]
Job 30: Intersecting reads for 293flpin_Xrn2_MT_R3 tss

Submitted DRMAA job 30 with external jobid 155692.

[Tue Aug  1 13:27:30 2023]
Job 60: Intersecting reads for 293flpin_Xrn2_MT_R4 body

Submitted DRMAA job 60 with external jobid 155693.

[Tue Aug  1 13:27:30 2023]
Job 38: Intersecting reads for 293flpin_Xrn2_MT_R3 body

Submitted DRMAA job 38 with external jobid 155694.

[Tue Aug  1 13:27:30 2023]
Job 49: Intersecting reads for 293flpin_Xrn2_WT_R4 tss

Submitted DRMAA job 49 with external jobid 155695.

[Tue Aug  1 13:27:30 2023]
Job 8: Intersecting reads for 293flpin_Xrn2_MT_R2 tss

Submitted DRMAA job 8 with external jobid 155696.

[Tue Aug  1 13:27:30 2023]
Job 16: Intersecting reads for 293flpin_Xrn2_MT_R2 body

Submitted DRMAA job 16 with external jobid 155697.

[Tue Aug  1 13:27:30 2023]
Job 43: Intersecting reads for 293flpin_Xrn2_WT_R3 gene

Submitted DRMAA job 43 with external jobid 155698.

[Tue Aug  1 13:27:31 2023]
Job 65: Intersecting reads for 293flpin_Xrn2_WT_R4 gene

Submitted DRMAA job 65 with external jobid 155699.

[Tue Aug  1 13:27:31 2023]
Job 14: Intersecting reads for 293flpin_Xrn2_WT_R2 body

Submitted DRMAA job 14 with external jobid 155700.

[Tue Aug  1 13:27:31 2023]
Job 6: Intersecting reads for 293flpin_Xrn2_WT_R2 tss

Submitted DRMAA job 6 with external jobid 155701.

[Tue Aug  1 13:27:31 2023]
Job 44: Intersecting reads for 293flpin_Xrn2_MT_R3 gene

Submitted DRMAA job 44 with external jobid 155702.

[Tue Aug  1 13:27:31 2023]
Job 66: Intersecting reads for 293flpin_Xrn2_MT_R4 gene

Submitted DRMAA job 66 with external jobid 155703.
[Tue Aug  1 13:27:39 2023]
Finished job 203.
1 of 797 steps (0.1%) done
Removing temporary output file Xrn2/beds/293flpin_Xrn2_WT_R3_hg38_220215_220218_tss_S_N.bed.gz.
[Tue Aug  1 13:28:45 2023]
Finished job 27.
2 of 797 steps (0.3%) done
Removing temporary output file Xrn2/beds/293flpin_Xrn2_WT_R2_hg38_220215_220218_gene_S_N.bed.gz.
[Tue Aug  1 13:28:56 2023]
Finished job 20.
3 of 797 steps (0.4%) done
Removing temporary output file Xrn2/beds/293flpin_Xrn2_WT_R4_hg38_220215_220218_body_S_N.bed.gz.
[Tue Aug  1 13:28:56 2023]
Finished job 59.
4 of 797 steps (1%) done
Removing temporary output file Xrn2/beds/293flpin_Xrn2_WT_R3_hg38_220215_220218_body_S_N.bed.gz.
[Tue Aug  1 13:28:56 2023]
Finished job 37.
5 of 797 steps (1%) done
Removing temporary output file Xrn2/beds/293flpin_Xrn2_WT_R2_hg38_220215_220218_body_S_N.bed.gz.
[Tue Aug  1 13:28:57 2023]
Finished job 14.
6 of 797 steps (1%) done
Removing temporary output file Xrn2/beds/293flpin_Xrn2_WT_R2_hg38_220215_220218_tss_S_N.bed.gz.
[Tue Aug  1 13:28:57 2023]
Finished job 6.
7 of 797 steps (1%) done
Removing temporary output file Xrn2/beds/293flpin_Xrn2_MT_R3_hg38_220215_220218_gene_S_N.bed.gz.
[Tue Aug  1 13:28:57 2023]
Finished job 44.
8 of 797 steps (1%) done
Removing temporary output file Xrn2/beds/293flpin_Xrn2_MT_R2_hg38_220215_220218_gene_S_N.bed.gz.
[Tue Aug  1 13:29:07 2023]
Finished job 22.
9 of 797 steps (1%) done
Select jobs to execute...

[Tue Aug  1 13:29:07 2023]
Job 21: Subsampling reads for xrn2-r2 gene

Submitted DRMAA job 21 with external jobid 155704.
Removing temporary output file Xrn2/beds/293flpin_Xrn2_MT_R3_hg38_220215_220218_tss_S_N.bed.gz.
[Tue Aug  1 13:29:08 2023]
Finished job 30.
10 of 797 steps (1%) done
Removing temporary output file Xrn2/beds/293flpin_Xrn2_WT_R4_hg38_220215_220218_tss_S_N.bed.gz.
[Tue Aug  1 13:29:08 2023]
Finished job 49.
11 of 797 steps (1%) done
Removing temporary output file Xrn2/beds/293flpin_Xrn2_WT_R3_hg38_220215_220218_gene_S_N.bed.gz.
[Tue Aug  1 13:29:08 2023]
Finished job 43.
12 of 797 steps (2%) done
Select jobs to execute...

[Tue Aug  1 13:29:08 2023]
Job 26: Subsampling reads for xrn2-r3 tss

Submitted DRMAA job 26 with external jobid 155705.

[Tue Aug  1 13:29:08 2023]
Job 42: Subsampling reads for xrn2-r3 gene

Submitted DRMAA job 42 with external jobid 155706.
Removing temporary output file Xrn2/beds/293flpin_Xrn2_MT_R3_hg38_220215_220218_body_S_N.bed.gz.
[Tue Aug  1 13:29:18 2023]
Finished job 38.
13 of 797 steps (2%) done
Select jobs to execute...

[Tue Aug  1 13:29:19 2023]
Job 36: Subsampling reads for xrn2-r3 body

Submitted DRMAA job 36 with external jobid 155707.
Removing temporary output file Xrn2/beds/293flpin_Xrn2_MT_R2_hg38_220215_220218_tss_S_N.bed.gz.
[Tue Aug  1 13:29:19 2023]
Finished job 8.
14 of 797 steps (2%) done
Removing temporary output file Xrn2/beds/293flpin_Xrn2_MT_R2_hg38_220215_220218_body_S_N.bed.gz.
[Tue Aug  1 13:29:19 2023]
Finished job 16.
15 of 797 steps (2%) done
Removing temporary output file Xrn2/beds/293flpin_Xrn2_WT_R4_hg38_220215_220218_gene_S_N.bed.gz.
[Tue Aug  1 13:29:19 2023]
Finished job 65.
16 of 797 steps (2%) done
Removing temporary output file Xrn2/beds/293flpin_Xrn2_MT_R4_hg38_220215_220218_gene_S_N.bed.gz.
[Tue Aug  1 13:29:19 2023]
Finished job 66.
17 of 797 steps (2%) done
Select jobs to execute...

[Tue Aug  1 13:29:19 2023]
Job 15: Subsampling reads for xrn2-r2 body

Submitted DRMAA job 15 with external jobid 155708.

[Tue Aug  1 13:29:19 2023]
Job 64: Subsampling reads for xrn2-r4 gene

Submitted DRMAA job 64 with external jobid 155709.

[Tue Aug  1 13:29:19 2023]
Job 7: Subsampling reads for xrn2-r2 tss

Submitted DRMAA job 7 with external jobid 155710.
Removing temporary output file Xrn2/beds/293flpin_Xrn2_MT_R4_hg38_220215_220218_tss_S_N.bed.gz.
[Tue Aug  1 13:29:29 2023]
Finished job 52.
18 of 797 steps (2%) done
Select jobs to execute...

[Tue Aug  1 13:29:30 2023]
Job 48: Subsampling reads for xrn2-r4 tss

Submitted DRMAA job 48 with external jobid 155711.
Removing temporary output file Xrn2/beds/293flpin_Xrn2_MT_R4_hg38_220215_220218_body_S_N.bed.gz.
[Tue Aug  1 13:29:30 2023]
Finished job 60.
19 of 797 steps (2%) done
Select jobs to execute...

[Tue Aug  1 13:29:30 2023]
Job 58: Subsampling reads for xrn2-r4 body

Submitted DRMAA job 58 with external jobid 155712.
[Tue Aug  1 14:18:48 2023]
Finished job 42.
20 of 797 steps (3%) done
Select jobs to execute...

[Tue Aug  1 14:18:48 2023]
Job 41: Subsampling reads for 293flpin_Xrn2_WT_R2 xrn2-r3 gene

Submitted DRMAA job 41 with external jobid 155736.

[Tue Aug  1 14:18:48 2023]
Job 84: Subsampling reads for 293flpin_Xrn2_MT_R2 xrn2-r3 gene

Submitted DRMAA job 84 with external jobid 155737.

[Tue Aug  1 14:18:49 2023]
Job 111: Subsampling reads for 293flpin_Xrn2_WT_R3 xrn2-r3 gene

Submitted DRMAA job 111 with external jobid 155738.

[Tue Aug  1 14:18:49 2023]
Job 138: Subsampling reads for 293flpin_Xrn2_MT_R3 xrn2-r3 gene

Submitted DRMAA job 138 with external jobid 155739.

[Tue Aug  1 14:18:49 2023]
Job 192: Subsampling reads for 293flpin_Xrn2_MT_R4 xrn2-r3 gene

Submitted DRMAA job 192 with external jobid 155740.

[Tue Aug  1 14:18:49 2023]
Job 165: Subsampling reads for 293flpin_Xrn2_WT_R4 xrn2-r3 gene

Submitted DRMAA job 165 with external jobid 155741.
[Tue Aug  1 14:19:21 2023]
Finished job 58.
21 of 797 steps (3%) done
Select jobs to execute...

[Tue Aug  1 14:19:21 2023]
Job 117: Subsampling reads for 293flpin_Xrn2_WT_R3 xrn2-r4 body

Submitted DRMAA job 117 with external jobid 155742.

[Tue Aug  1 14:19:21 2023]
Job 198: Subsampling reads for 293flpin_Xrn2_MT_R4 xrn2-r4 body

Submitted DRMAA job 198 with external jobid 155743.

[Tue Aug  1 14:19:21 2023]
Job 171: Subsampling reads for 293flpin_Xrn2_WT_R4 xrn2-r4 body

Submitted DRMAA job 171 with external jobid 155744.

[Tue Aug  1 14:19:21 2023]
Job 90: Subsampling reads for 293flpin_Xrn2_MT_R2 xrn2-r4 body

Submitted DRMAA job 90 with external jobid 155745.

[Tue Aug  1 14:19:21 2023]
Job 144: Subsampling reads for 293flpin_Xrn2_MT_R3 xrn2-r4 body

Submitted DRMAA job 144 with external jobid 155746.

[Tue Aug  1 14:19:21 2023]
Job 57: Subsampling reads for 293flpin_Xrn2_WT_R2 xrn2-r4 body

Submitted DRMAA job 57 with external jobid 155747.
[Tue Aug  1 14:19:32 2023]
Finished job 26.
22 of 797 steps (3%) done
Select jobs to execute...

[Tue Aug  1 14:19:32 2023]
Job 105: Subsampling reads for 293flpin_Xrn2_WT_R3 xrn2-r3 tss

Submitted DRMAA job 105 with external jobid 155748.

[Tue Aug  1 14:19:32 2023]
Job 132: Subsampling reads for 293flpin_Xrn2_MT_R3 xrn2-r3 tss

Submitted DRMAA job 132 with external jobid 155749.

[Tue Aug  1 14:19:32 2023]
Job 159: Subsampling reads for 293flpin_Xrn2_WT_R4 xrn2-r3 tss

Submitted DRMAA job 159 with external jobid 155750.

[Tue Aug  1 14:19:32 2023]
Job 186: Subsampling reads for 293flpin_Xrn2_MT_R4 xrn2-r3 tss

Submitted DRMAA job 186 with external jobid 155751.

[Tue Aug  1 14:19:32 2023]
Job 25: Subsampling reads for 293flpin_Xrn2_WT_R2 xrn2-r3 tss

Submitted DRMAA job 25 with external jobid 155752.

[Tue Aug  1 14:19:32 2023]
Job 78: Subsampling reads for 293flpin_Xrn2_MT_R2 xrn2-r3 tss

Submitted DRMAA job 78 with external jobid 155753.
[Tue Aug  1 14:19:32 2023]
Finished job 15.
23 of 797 steps (3%) done
Select jobs to execute...

[Tue Aug  1 14:19:32 2023]
Job 99: Subsampling reads for 293flpin_Xrn2_WT_R3 xrn2-r2 body

Submitted DRMAA job 99 with external jobid 155754.

[Tue Aug  1 14:19:32 2023]
Job 13: Subsampling reads for 293flpin_Xrn2_WT_R2 xrn2-r2 body

Submitted DRMAA job 13 with external jobid 155755.

[Tue Aug  1 14:19:32 2023]
Job 180: Subsampling reads for 293flpin_Xrn2_MT_R4 xrn2-r2 body

Submitted DRMAA job 180 with external jobid 155756.

[Tue Aug  1 14:19:32 2023]
Job 153: Subsampling reads for 293flpin_Xrn2_WT_R4 xrn2-r2 body

Submitted DRMAA job 153 with external jobid 155757.

[Tue Aug  1 14:19:32 2023]
Job 72: Subsampling reads for 293flpin_Xrn2_MT_R2 xrn2-r2 body

Submitted DRMAA job 72 with external jobid 155758.

[Tue Aug  1 14:19:32 2023]
Job 126: Subsampling reads for 293flpin_Xrn2_MT_R3 xrn2-r2 body

Submitted DRMAA job 126 with external jobid 155759.
[Tue Aug  1 14:19:33 2023]
Finished job 48.
24 of 797 steps (3%) done
Select jobs to execute...

[Tue Aug  1 14:19:33 2023]
Job 168: Subsampling reads for 293flpin_Xrn2_WT_R4 xrn2-r4 tss

Submitted DRMAA job 168 with external jobid 155760.

[Tue Aug  1 14:19:33 2023]
Job 195: Subsampling reads for 293flpin_Xrn2_MT_R4 xrn2-r4 tss

Submitted DRMAA job 195 with external jobid 155761.

[Tue Aug  1 14:19:33 2023]
Job 47: Subsampling reads for 293flpin_Xrn2_WT_R2 xrn2-r4 tss

Submitted DRMAA job 47 with external jobid 155762.

[Tue Aug  1 14:19:33 2023]
Job 141: Subsampling reads for 293flpin_Xrn2_MT_R3 xrn2-r4 tss

Submitted DRMAA job 141 with external jobid 155763.

[Tue Aug  1 14:19:33 2023]
Job 114: Subsampling reads for 293flpin_Xrn2_WT_R3 xrn2-r4 tss

Submitted DRMAA job 114 with external jobid 155764.

[Tue Aug  1 14:19:33 2023]
Job 87: Subsampling reads for 293flpin_Xrn2_MT_R2 xrn2-r4 tss

Submitted DRMAA job 87 with external jobid 155765.
[Tue Aug  1 14:19:45 2023]
Finished job 64.
25 of 797 steps (3%) done
Select jobs to execute...

[Tue Aug  1 14:19:45 2023]
Job 63: Subsampling reads for 293flpin_Xrn2_WT_R2 xrn2-r4 gene

Submitted DRMAA job 63 with external jobid 155766.

[Tue Aug  1 14:19:45 2023]
Job 120: Subsampling reads for 293flpin_Xrn2_WT_R3 xrn2-r4 gene

Submitted DRMAA job 120 with external jobid 155767.

[Tue Aug  1 14:19:45 2023]
Job 147: Subsampling reads for 293flpin_Xrn2_MT_R3 xrn2-r4 gene

Submitted DRMAA job 147 with external jobid 155768.

[Tue Aug  1 14:19:45 2023]
Job 174: Subsampling reads for 293flpin_Xrn2_WT_R4 xrn2-r4 gene

Submitted DRMAA job 174 with external jobid 155769.

[Tue Aug  1 14:19:45 2023]
Job 201: Subsampling reads for 293flpin_Xrn2_MT_R4 xrn2-r4 gene

Submitted DRMAA job 201 with external jobid 155770.

[Tue Aug  1 14:19:45 2023]
Job 93: Subsampling reads for 293flpin_Xrn2_MT_R2 xrn2-r4 gene

Submitted DRMAA job 93 with external jobid 155771.
[Tue Aug  1 14:20:11 2023]
Finished job 21.
26 of 797 steps (3%) done
Select jobs to execute...

[Tue Aug  1 14:20:11 2023]
Job 129: Subsampling reads for 293flpin_Xrn2_MT_R3 xrn2-r2 gene

Submitted DRMAA job 129 with external jobid 155772.

[Tue Aug  1 14:20:11 2023]
Job 183: Subsampling reads for 293flpin_Xrn2_MT_R4 xrn2-r2 gene

Submitted DRMAA job 183 with external jobid 155773.

[Tue Aug  1 14:20:11 2023]
Job 102: Subsampling reads for 293flpin_Xrn2_WT_R3 xrn2-r2 gene

Submitted DRMAA job 102 with external jobid 155774.

[Tue Aug  1 14:20:11 2023]
Job 75: Subsampling reads for 293flpin_Xrn2_MT_R2 xrn2-r2 gene

Submitted DRMAA job 75 with external jobid 155775.

[Tue Aug  1 14:20:11 2023]
Job 156: Subsampling reads for 293flpin_Xrn2_WT_R4 xrn2-r2 gene

Submitted DRMAA job 156 with external jobid 155776.

[Tue Aug  1 14:20:11 2023]
Job 19: Subsampling reads for 293flpin_Xrn2_WT_R2 xrn2-r2 gene

Submitted DRMAA job 19 with external jobid 155777.
[Tue Aug  1 14:20:11 2023]
Finished job 36.
27 of 797 steps (3%) done
Select jobs to execute...

[Tue Aug  1 14:20:11 2023]
Job 81: Subsampling reads for 293flpin_Xrn2_MT_R2 xrn2-r3 body

Submitted DRMAA job 81 with external jobid 155778.

[Tue Aug  1 14:20:11 2023]
Job 162: Subsampling reads for 293flpin_Xrn2_WT_R4 xrn2-r3 body

Submitted DRMAA job 162 with external jobid 155779.

[Tue Aug  1 14:20:11 2023]
Job 108: Subsampling reads for 293flpin_Xrn2_WT_R3 xrn2-r3 body

Submitted DRMAA job 108 with external jobid 155780.

[Tue Aug  1 14:20:12 2023]
Job 135: Subsampling reads for 293flpin_Xrn2_MT_R3 xrn2-r3 body

Submitted DRMAA job 135 with external jobid 155781.

[Tue Aug  1 14:20:12 2023]
Job 35: Subsampling reads for 293flpin_Xrn2_WT_R2 xrn2-r3 body

Submitted DRMAA job 35 with external jobid 155782.

[Tue Aug  1 14:20:12 2023]
Job 189: Subsampling reads for 293flpin_Xrn2_MT_R4 xrn2-r3 body

Submitted DRMAA job 189 with external jobid 155783.
[Tue Aug  1 14:20:25 2023]
Finished job 7.
28 of 797 steps (4%) done
Select jobs to execute...

[Tue Aug  1 14:20:25 2023]
Job 177: Subsampling reads for 293flpin_Xrn2_MT_R4 xrn2-r2 tss

Submitted DRMAA job 177 with external jobid 155784.

[Tue Aug  1 14:20:25 2023]
Job 3: Subsampling reads for 293flpin_Xrn2_WT_R2 xrn2-r2 tss

Submitted DRMAA job 3 with external jobid 155785.

[Tue Aug  1 14:20:25 2023]
Job 69: Subsampling reads for 293flpin_Xrn2_MT_R2 xrn2-r2 tss

Submitted DRMAA job 69 with external jobid 155786.

[Tue Aug  1 14:20:25 2023]
Job 150: Subsampling reads for 293flpin_Xrn2_WT_R4 xrn2-r2 tss

Submitted DRMAA job 150 with external jobid 155787.

[Tue Aug  1 14:20:25 2023]
Job 96: Subsampling reads for 293flpin_Xrn2_WT_R3 xrn2-r2 tss

Submitted DRMAA job 96 with external jobid 155788.

[Tue Aug  1 14:20:25 2023]
Job 123: Subsampling reads for 293flpin_Xrn2_MT_R3 xrn2-r2 tss

Submitted DRMAA job 123 with external jobid 155789.
[Tue Aug  1 14:20:25 2023]
Finished job 41.
29 of 797 steps (4%) done
[Tue Aug  1 14:20:25 2023]
Finished job 84.
30 of 797 steps (4%) done
[Tue Aug  1 14:20:26 2023]
Finished job 111.
31 of 797 steps (4%) done
Select jobs to execute...

[Tue Aug  1 14:20:26 2023]
Job 110: Subsampling reads for 293flpin_Xrn2_WT_R3 xrn2-r3 gene

Submitted DRMAA job 110 with external jobid 155790.

[Tue Aug  1 14:20:26 2023]
Job 40: Subsampling reads for 293flpin_Xrn2_WT_R2 xrn2-r3 gene

Submitted DRMAA job 40 with external jobid 155791.

[Tue Aug  1 14:20:26 2023]
Job 83: Subsampling reads for 293flpin_Xrn2_MT_R2 xrn2-r3 gene

Submitted DRMAA job 83 with external jobid 155792.
[Tue Aug  1 14:20:26 2023]
Finished job 138.
32 of 797 steps (4%) done
Select jobs to execute...

[Tue Aug  1 14:20:26 2023]
Job 137: Subsampling reads for 293flpin_Xrn2_MT_R3 xrn2-r3 gene

Submitted DRMAA job 137 with external jobid 155793.
[Tue Aug  1 14:20:26 2023]
Finished job 192.
33 of 797 steps (4%) done
Removing temporary output file Xrn2/stats/xrn2-r3_gene_summary.tsv.
[Tue Aug  1 14:20:26 2023]
Finished job 165.
34 of 797 steps (4%) done
Select jobs to execute...

[Tue Aug  1 14:20:26 2023]
Job 191: Subsampling reads for 293flpin_Xrn2_MT_R4 xrn2-r3 gene

Submitted DRMAA job 191 with external jobid 155794.

[Tue Aug  1 14:20:26 2023]
Job 164: Subsampling reads for 293flpin_Xrn2_WT_R4 xrn2-r3 gene

Submitted DRMAA job 164 with external jobid 155795.
[Tue Aug  1 14:20:36 2023]
Error in rule gene_subsample_3:
    jobid: 110
    output: Xrn2/beds/293flpin_Xrn2_WT_R3_xrn2-r3_gene_tmp.bed
    log: Xrn2/logs/293flpin_Xrn2_WT_R3_xrn2-r3_gene_3.out, Xrn2/logs/293flpin_Xrn2_WT_R3_xrn2-r3_gene_3.err (check log file(s) for error message)

Error executing rule gene_subsample_3 on cluster (jobid: 110, external: 155790, jobscript: /beevol/home/erickson/Ben_pipelines/snakemake_pipelines/NETseq_UMI_findPauses/.snakemake/tmp.4fa7ote3/snakejob.gene_subsample_3.110.sh). For error details see the cluster log and the log files of the involved rule(s).
[Tue Aug  1 14:20:36 2023]
Error in rule gene_subsample_3:
    jobid: 40
    output: Xrn2/beds/293flpin_Xrn2_WT_R2_xrn2-r3_gene_tmp.bed
    log: Xrn2/logs/293flpin_Xrn2_WT_R2_xrn2-r3_gene_3.out, Xrn2/logs/293flpin_Xrn2_WT_R2_xrn2-r3_gene_3.err (check log file(s) for error message)

Error executing rule gene_subsample_3 on cluster (jobid: 40, external: 155791, jobscript: /beevol/home/erickson/Ben_pipelines/snakemake_pipelines/NETseq_UMI_findPauses/.snakemake/tmp.4fa7ote3/snakejob.gene_subsample_3.40.sh). For error details see the cluster log and the log files of the involved rule(s).
[Tue Aug  1 14:20:36 2023]
Error in rule gene_subsample_3:
    jobid: 83
    output: Xrn2/beds/293flpin_Xrn2_MT_R2_xrn2-r3_gene_tmp.bed
    log: Xrn2/logs/293flpin_Xrn2_MT_R2_xrn2-r3_gene_3.out, Xrn2/logs/293flpin_Xrn2_MT_R2_xrn2-r3_gene_3.err (check log file(s) for error message)

Error executing rule gene_subsample_3 on cluster (jobid: 83, external: 155792, jobscript: /beevol/home/erickson/Ben_pipelines/snakemake_pipelines/NETseq_UMI_findPauses/.snakemake/tmp.4fa7ote3/snakejob.gene_subsample_3.83.sh). For error details see the cluster log and the log files of the involved rule(s).
[Tue Aug  1 14:20:38 2023]
Finished job 105.
35 of 797 steps (4%) done
[Tue Aug  1 14:20:38 2023]
Finished job 132.
36 of 797 steps (5%) done
[Tue Aug  1 14:20:39 2023]
Finished job 25.
37 of 797 steps (5%) done
[Tue Aug  1 14:20:40 2023]
Finished job 117.
38 of 797 steps (5%) done
[Tue Aug  1 14:20:41 2023]
Error in rule gene_subsample_3:
    jobid: 164
    output: Xrn2/beds/293flpin_Xrn2_WT_R4_xrn2-r3_gene_tmp.bed
    log: Xrn2/logs/293flpin_Xrn2_WT_R4_xrn2-r3_gene_3.out, Xrn2/logs/293flpin_Xrn2_WT_R4_xrn2-r3_gene_3.err (check log file(s) for error message)

Error executing rule gene_subsample_3 on cluster (jobid: 164, external: 155795, jobscript: /beevol/home/erickson/Ben_pipelines/snakemake_pipelines/NETseq_UMI_findPauses/.snakemake/tmp.4fa7ote3/snakejob.gene_subsample_3.164.sh). For error details see the cluster log and the log files of the involved rule(s).
[Tue Aug  1 14:20:51 2023]
Error in rule gene_subsample_3:
    jobid: 137
    output: Xrn2/beds/293flpin_Xrn2_MT_R3_xrn2-r3_gene_tmp.bed
    log: Xrn2/logs/293flpin_Xrn2_MT_R3_xrn2-r3_gene_3.out, Xrn2/logs/293flpin_Xrn2_MT_R3_xrn2-r3_gene_3.err (check log file(s) for error message)

Error executing rule gene_subsample_3 on cluster (jobid: 137, external: 155793, jobscript: /beevol/home/erickson/Ben_pipelines/snakemake_pipelines/NETseq_UMI_findPauses/.snakemake/tmp.4fa7ote3/snakejob.gene_subsample_3.137.sh). For error details see the cluster log and the log files of the involved rule(s).
[Tue Aug  1 14:20:53 2023]
Finished job 159.
39 of 797 steps (5%) done
[Tue Aug  1 14:20:53 2023]
Finished job 186.
40 of 797 steps (5%) done
Removing temporary output file Xrn2/stats/xrn2-r3_tss_summary.tsv.
[Tue Aug  1 14:20:53 2023]
Finished job 78.
41 of 797 steps (5%) done
[Tue Aug  1 14:20:54 2023]
Finished job 198.
42 of 797 steps (5%) done
[Tue Aug  1 14:20:54 2023]
Finished job 171.
43 of 797 steps (5%) done
[Tue Aug  1 14:20:54 2023]
Finished job 90.
44 of 797 steps (6%) done
[Tue Aug  1 14:20:54 2023]
Finished job 144.
45 of 797 steps (6%) done
Removing temporary output file Xrn2/stats/xrn2-r4_body_summary.tsv.
[Tue Aug  1 14:20:54 2023]
Finished job 57.
46 of 797 steps (6%) done
[Tue Aug  1 14:20:55 2023]
Finished job 168.
47 of 797 steps (6%) done
[Tue Aug  1 14:20:55 2023]
Finished job 47.
48 of 797 steps (6%) done
[Tue Aug  1 14:20:55 2023]
Finished job 141.
49 of 797 steps (6%) done
[Tue Aug  1 14:20:55 2023]
Finished job 114.
50 of 797 steps (6%) done
[Tue Aug  1 14:20:55 2023]
Error in rule gene_subsample_3:
    jobid: 191
    output: Xrn2/beds/293flpin_Xrn2_MT_R4_xrn2-r3_gene_tmp.bed
    log: Xrn2/logs/293flpin_Xrn2_MT_R4_xrn2-r3_gene_3.out, Xrn2/logs/293flpin_Xrn2_MT_R4_xrn2-r3_gene_3.err (check log file(s) for error message)

Error executing rule gene_subsample_3 on cluster (jobid: 191, external: 155794, jobscript: /beevol/home/erickson/Ben_pipelines/snakemake_pipelines/NETseq_UMI_findPauses/.snakemake/tmp.4fa7ote3/snakejob.gene_subsample_3.191.sh). For error details see the cluster log and the log files of the involved rule(s).
[Tue Aug  1 14:21:09 2023]
Finished job 195.
51 of 797 steps (6%) done
Removing temporary output file Xrn2/stats/xrn2-r4_tss_summary.tsv.
[Tue Aug  1 14:21:09 2023]
Finished job 87.
52 of 797 steps (7%) done
[Tue Aug  1 14:21:20 2023]
Finished job 63.
53 of 797 steps (7%) done
[Tue Aug  1 14:21:21 2023]
Finished job 147.
54 of 797 steps (7%) done
[Tue Aug  1 14:21:21 2023]
Finished job 99.
55 of 797 steps (7%) done
[Tue Aug  1 14:21:21 2023]
Finished job 13.
56 of 797 steps (7%) done
[Tue Aug  1 14:21:21 2023]
Finished job 153.
57 of 797 steps (7%) done
[Tue Aug  1 14:21:21 2023]
Finished job 126.
58 of 797 steps (7%) done
Removing temporary output file Xrn2/beds/293flpin_Xrn2_WT_R2_hg38_220215_220218_tss_S.bed.gz.
[Tue Aug  1 14:21:32 2023]
Finished job 3.
59 of 797 steps (7%) done
Removing temporary output file Xrn2/beds/293flpin_Xrn2_WT_R4_hg38_220215_220218_tss_S.bed.gz.
[Tue Aug  1 14:21:32 2023]
Finished job 150.
60 of 797 steps (8%) done
Removing temporary output file Xrn2/beds/293flpin_Xrn2_WT_R3_hg38_220215_220218_tss_S.bed.gz.
[Tue Aug  1 14:21:32 2023]
Finished job 96.
61 of 797 steps (8%) done
Removing temporary output file Xrn2/beds/293flpin_Xrn2_MT_R3_hg38_220215_220218_gene_S.bed.gz.
[Tue Aug  1 14:21:32 2023]
Finished job 129.
62 of 797 steps (8%) done
[Tue Aug  1 14:21:32 2023]
Finished job 102.
63 of 797 steps (8%) done
Removing temporary output file Xrn2/beds/293flpin_Xrn2_WT_R3_hg38_220215_220218_gene_S.bed.gz.
[Tue Aug  1 14:21:33 2023]
Finished job 120.
64 of 797 steps (8%) done
[Tue Aug  1 14:21:34 2023]
Finished job 180.
65 of 797 steps (8%) done
Removing temporary output file Xrn2/stats/xrn2-r2_body_summary.tsv.
[Tue Aug  1 14:21:34 2023]
Finished job 72.
66 of 797 steps (8%) done
Removing temporary output file Xrn2/beds/293flpin_Xrn2_MT_R4_hg38_220215_220218_tss_S.bed.gz.
[Tue Aug  1 14:21:44 2023]
Finished job 177.
67 of 797 steps (8%) done
Removing temporary output file Xrn2/beds/293flpin_Xrn2_MT_R2_hg38_220215_220218_tss_S.bed.gz.
[Tue Aug  1 14:21:44 2023]
Finished job 69.
68 of 797 steps (9%) done
Removing temporary output file Xrn2/beds/293flpin_Xrn2_MT_R3_hg38_220215_220218_tss_S.bed.gz.
Removing temporary output file Xrn2/stats/xrn2-r2_tss_summary.tsv.
[Tue Aug  1 14:21:44 2023]
Finished job 123.
69 of 797 steps (9%) done
[Tue Aug  1 14:21:44 2023]
Finished job 183.
70 of 797 steps (9%) done
[Tue Aug  1 14:21:44 2023]
Finished job 75.
71 of 797 steps (9%) done
[Tue Aug  1 14:21:44 2023]
Finished job 156.
72 of 797 steps (9%) done
Removing temporary output file Xrn2/beds/293flpin_Xrn2_WT_R2_hg38_220215_220218_gene_S.bed.gz.
Removing temporary output file Xrn2/stats/xrn2-r2_gene_summary.tsv.
[Tue Aug  1 14:21:44 2023]
Finished job 19.
73 of 797 steps (9%) done
Removing temporary output file Xrn2/beds/293flpin_Xrn2_WT_R4_hg38_220215_220218_gene_S.bed.gz.
[Tue Aug  1 14:21:45 2023]
Finished job 174.
74 of 797 steps (9%) done
Removing temporary output file Xrn2/beds/293flpin_Xrn2_MT_R2_hg38_220215_220218_gene_S.bed.gz.
[Tue Aug  1 14:21:45 2023]
Finished job 93.
75 of 797 steps (9%) done
Removing temporary output file Xrn2/beds/293flpin_Xrn2_WT_R4_hg38_220215_220218.3bed.gz.
Removing temporary output file Xrn2/beds/293flpin_Xrn2_WT_R4_hg38_220215_220218_body_S.bed.gz.
[Tue Aug  1 14:21:55 2023]
Finished job 162.
76 of 797 steps (10%) done
Removing temporary output file Xrn2/beds/293flpin_Xrn2_WT_R3_hg38_220215_220218.3bed.gz.
Removing temporary output file Xrn2/beds/293flpin_Xrn2_WT_R3_hg38_220215_220218_body_S.bed.gz.
[Tue Aug  1 14:21:55 2023]
Finished job 108.
77 of 797 steps (10%) done
Removing temporary output file Xrn2/beds/293flpin_Xrn2_MT_R3_hg38_220215_220218.3bed.gz.
Removing temporary output file Xrn2/beds/293flpin_Xrn2_MT_R3_hg38_220215_220218_body_S.bed.gz.
[Tue Aug  1 14:21:55 2023]
Finished job 135.
78 of 797 steps (10%) done
Removing temporary output file Xrn2/beds/293flpin_Xrn2_WT_R2_hg38_220215_220218.3bed.gz.
Removing temporary output file Xrn2/beds/293flpin_Xrn2_WT_R2_hg38_220215_220218_body_S.bed.gz.
[Tue Aug  1 14:21:55 2023]
Finished job 35.
79 of 797 steps (10%) done
Removing temporary output file Xrn2/beds/293flpin_Xrn2_MT_R4_hg38_220215_220218_gene_S.bed.gz.
Removing temporary output file Xrn2/stats/xrn2-r4_gene_summary.tsv.
[Tue Aug  1 14:21:55 2023]
Finished job 201.
80 of 797 steps (10%) done
Removing temporary output file Xrn2/beds/293flpin_Xrn2_MT_R4_hg38_220215_220218.3bed.gz.
Removing temporary output file Xrn2/beds/293flpin_Xrn2_MT_R4_hg38_220215_220218_body_S.bed.gz.
[Tue Aug  1 14:22:05 2023]
Finished job 189.
81 of 797 steps (10%) done
Removing temporary output file Xrn2/beds/293flpin_Xrn2_MT_R2_hg38_220215_220218.3bed.gz.
Removing temporary output file Xrn2/beds/293flpin_Xrn2_MT_R2_hg38_220215_220218_body_S.bed.gz.
Removing temporary output file Xrn2/stats/xrn2-r3_body_summary.tsv.
[Tue Aug  1 14:22:15 2023]
Finished job 81.
82 of 797 steps (10%) done
Shutting down, this might take some time.
Exiting because a job execution failed. Look above for error message
Complete log: /beevol/home/erickson/Ben_pipelines/snakemake_pipelines/NETseq_UMI_findPauses/.snakemake/log/2023-08-01T132723.713354.snakemake.log
