Building DAG of jobs...
Using shell: /usr/bin/bash
Provided cluster nodes: 100
Job stats:
job                        count    min threads    max threads
-----------------------  -------  -------------  -------------
all                            1              1              1
create_bedgraphs              18              6              6
create_beds                    6             12             12
create_plots                   1              1              1
filt_summary                   1              1              1
find_pauses                   18              4              4
gene_subsample_1               9              1              1
gene_subsample_2              54              6              6
gene_subsample_3              54              6              6
gene_subsample_4              54              6              6
gene_subsample_test            9              1              1
pause_density                468              6              6
pause_metaplots               36              6              6
pause_reads                   36              6              6
pausing_summary                2              1              1
strong_pauses                 18              1              1
subsample_gene                 6             16             16
subsample_metaplot_beds       18              6              6
total                        809              1             16

Select jobs to execute...

[Tue Aug  1 13:11:49 2023]
Job 51: Subsampling reads for 293flpin_Xrn2_WT_R4 INDEX_SAMPLE 

Submitted DRMAA job 51 with external jobid 155667.

[Tue Aug  1 13:11:49 2023]
Job 54: Subsampling reads for 293flpin_Xrn2_MT_R4 INDEX_SAMPLE 

Submitted DRMAA job 54 with external jobid 155668.

[Tue Aug  1 13:11:49 2023]
Job 32: Subsampling reads for 293flpin_Xrn2_MT_R3 INDEX_SAMPLE 

Submitted DRMAA job 32 with external jobid 155669.

[Tue Aug  1 13:11:49 2023]
Job 29: Subsampling reads for 293flpin_Xrn2_WT_R3 INDEX_SAMPLE 

Submitted DRMAA job 29 with external jobid 155670.

[Tue Aug  1 13:11:49 2023]
Job 5: Subsampling reads for 293flpin_Xrn2_WT_R2 INDEX_SAMPLE 

Submitted DRMAA job 5 with external jobid 155671.

[Tue Aug  1 13:11:49 2023]
Job 10: Subsampling reads for 293flpin_Xrn2_MT_R2 INDEX_SAMPLE 

Submitted DRMAA job 10 with external jobid 155672.
Removing temporary output file Xrn2/bams/293flpin_Xrn2_WT_R4_hg38_220215_220218_dedup_filtered_temp.bam.
Removing temporary output file Xrn2/bams/293flpin_Xrn2_WT_R4_hg38_220215_220218_dedup_filtered_temp2.bam.
Removing temporary output file Xrn2/bams/293flpin_Xrn2_WT_R4_hg38_220215_220218_dedup_filtered_gene.bam.bai.
[Tue Aug  1 13:14:20 2023]
Finished job 51.
1 of 809 steps (0.1%) done
Select jobs to execute...

[Tue Aug  1 13:14:20 2023]
Job 50: Creating bed files for 293flpin_Xrn2_WT_R4

Submitted DRMAA job 50 with external jobid 155675.
Removing temporary output file Xrn2/bams/293flpin_Xrn2_MT_R3_hg38_220215_220218_dedup_filtered_temp.bam.
Removing temporary output file Xrn2/bams/293flpin_Xrn2_MT_R3_hg38_220215_220218_dedup_filtered_temp2.bam.
Removing temporary output file Xrn2/bams/293flpin_Xrn2_MT_R3_hg38_220215_220218_dedup_filtered_gene.bam.bai.
[Tue Aug  1 13:14:20 2023]
Finished job 32.
2 of 809 steps (0.2%) done
Removing temporary output file Xrn2/bams/293flpin_Xrn2_WT_R3_hg38_220215_220218_dedup_filtered_temp.bam.
Removing temporary output file Xrn2/bams/293flpin_Xrn2_WT_R3_hg38_220215_220218_dedup_filtered_temp2.bam.
Removing temporary output file Xrn2/bams/293flpin_Xrn2_WT_R3_hg38_220215_220218_dedup_filtered_gene.bam.bai.
[Tue Aug  1 13:14:20 2023]
Finished job 29.
3 of 809 steps (0.4%) done
Select jobs to execute...

[Tue Aug  1 13:14:20 2023]
Job 31: Creating bed files for 293flpin_Xrn2_MT_R3

Submitted DRMAA job 31 with external jobid 155676.

[Tue Aug  1 13:14:20 2023]
Job 28: Creating bed files for 293flpin_Xrn2_WT_R3

Submitted DRMAA job 28 with external jobid 155677.
Removing temporary output file Xrn2/bams/293flpin_Xrn2_WT_R2_hg38_220215_220218_dedup_filtered_temp.bam.
Removing temporary output file Xrn2/bams/293flpin_Xrn2_WT_R2_hg38_220215_220218_dedup_filtered_temp2.bam.
Removing temporary output file Xrn2/bams/293flpin_Xrn2_WT_R2_hg38_220215_220218_dedup_filtered_gene.bam.bai.
[Tue Aug  1 13:14:30 2023]
Finished job 5.
4 of 809 steps (0.5%) done
Select jobs to execute...

[Tue Aug  1 13:14:30 2023]
Job 4: Creating bed files for 293flpin_Xrn2_WT_R2

Submitted DRMAA job 4 with external jobid 155678.
Removing temporary output file Xrn2/bams/293flpin_Xrn2_MT_R4_hg38_220215_220218_dedup_filtered_temp.bam.
Removing temporary output file Xrn2/bams/293flpin_Xrn2_MT_R4_hg38_220215_220218_dedup_filtered_temp2.bam.
Removing temporary output file Xrn2/bams/293flpin_Xrn2_MT_R4_hg38_220215_220218_dedup_filtered_gene.bam.bai.
[Tue Aug  1 13:14:40 2023]
Finished job 54.
5 of 809 steps (1%) done
Select jobs to execute...

[Tue Aug  1 13:14:40 2023]
Job 53: Creating bed files for 293flpin_Xrn2_MT_R4

Submitted DRMAA job 53 with external jobid 155679.
Removing temporary output file Xrn2/bams/293flpin_Xrn2_MT_R2_hg38_220215_220218_dedup_filtered_temp.bam.
Removing temporary output file Xrn2/bams/293flpin_Xrn2_MT_R2_hg38_220215_220218_dedup_filtered_temp2.bam.
Removing temporary output file Xrn2/bams/293flpin_Xrn2_MT_R2_hg38_220215_220218_dedup_filtered_gene.bam.bai.
[Tue Aug  1 13:14:40 2023]
Finished job 10.
6 of 809 steps (1%) done
Select jobs to execute...

[Tue Aug  1 13:14:40 2023]
Job 9: Creating bed files for 293flpin_Xrn2_MT_R2

Submitted DRMAA job 9 with external jobid 155680.
Removing temporary output file Xrn2/bams/293flpin_Xrn2_WT_R4_hg38_220215_220218_dedup_filtered_gene.bam.
[Tue Aug  1 13:15:20 2023]
Finished job 50.
7 of 809 steps (1%) done
Select jobs to execute...

[Tue Aug  1 13:15:20 2023]
Job 49: Intersecting reads for 293flpin_Xrn2_WT_R4 tss

RuleException in line 125 of /beevol/home/erickson/Ben_pipelines/snakemake_pipelines/NETseq_UMI_findPauses/pipelines/rules/04_FP_dedup_subsample_gene.snake:
'OutputFiles' object has no attribute 'S'
