Building DAG of jobs...
Using shell: /usr/bin/bash
Provided cluster nodes: 100
Job stats:
job                 count    min threads    max threads
----------------  -------  -------------  -------------
all                     1              1              1
cutadapt                2              6              6
cutadapt_summary        1              1              1
extract_umi             2              1              1
total                   6              1              6

Select jobs to execute...

[Tue Jul 18 12:33:25 2023]
Job 3: Extracting UMIs for siControl_S1

Submitted DRMAA job 3 with external jobid 126299.

[Tue Jul 18 12:33:25 2023]
Job 5: Extracting UMIs for siPNUTS_1_S2

Submitted DRMAA job 5 with external jobid 126300.
[Tue Jul 18 16:02:17 2023]
Finished job 3.
1 of 6 steps (17%) done
Select jobs to execute...

[Tue Jul 18 16:02:17 2023]
Job 2: Running cutadapt on siControl_S1

Submitted DRMAA job 2 with external jobid 126826.
[Tue Jul 18 16:17:10 2023]
Finished job 5.
2 of 6 steps (33%) done
Select jobs to execute...

[Tue Jul 18 16:17:10 2023]
Job 4: Running cutadapt on siPNUTS_1_S2

Submitted DRMAA job 4 with external jobid 126829.
Removing temporary output file Nick/UMI/siControl_S1_R1_umi.fastq.gz.
Removing temporary output file Nick/UMI/siControl_S1_R2_umi.fastq.gz.
Removing temporary output file Nick/UMI/siControl_S1_R1_trim.fastq.gz.
Removing temporary output file Nick/UMI/siControl_S1_R2_trim.fastq.gz.
[Tue Jul 18 16:20:42 2023]
Finished job 2.
3 of 6 steps (50%) done
Removing temporary output file Nick/UMI/siPNUTS_1_S2_R1_umi.fastq.gz.
Removing temporary output file Nick/UMI/siPNUTS_1_S2_R2_umi.fastq.gz.
Removing temporary output file Nick/UMI/siPNUTS_1_S2_R1_trim.fastq.gz.
Removing temporary output file Nick/UMI/siPNUTS_1_S2_R2_trim.fastq.gz.
[Tue Jul 18 16:33:33 2023]
Finished job 4.
4 of 6 steps (67%) done
Select jobs to execute...

[Tue Jul 18 16:33:33 2023]
Job 1: Creating Nick cutadapt summary

Submitted DRMAA job 1 with external jobid 126839.
[Tue Jul 18 16:33:42 2023]
Finished job 1.
5 of 6 steps (83%) done
Select jobs to execute...

[Tue Jul 18 16:33:42 2023]
localrule all:
    input: Nick/stats/Nick_cutadapt.tsv
    jobid: 0
    resources: tmpdir=/tmp

[Tue Jul 18 16:33:42 2023]
Finished job 0.
6 of 6 steps (100%) done
Complete log: /beevol/home/erickson/Ben_pipelines/snakemake_pipelines/NETseq_UMI/.snakemake/log/2023-07-18T123323.847745.snakemake.log
