Building DAG of jobs...
The code used to generate one or several output files has changed:
    To inspect which output files have changes, run 'snakemake --list-code-changes'.
    To trigger a re-run, use 'snakemake -R $(snakemake --list-code-changes)'.
The input used to generate one or several output files has changed:
    To inspect which output files have changes, run 'snakemake --list-input-changes'.
    To trigger a re-run, use 'snakemake -R $(snakemake --list-input-changes)'.
The params used to generate one or several output files has changed:
    To inspect which output files have changes, run 'snakemake --list-params-changes'.
    To trigger a re-run, use 'snakemake -R $(snakemake --list-params-changes)'.
Using shell: /bin/bash
Provided cluster nodes: 100
Job stats:
job                          count    min threads    max threads
-------------------------  -------  -------------  -------------
all                              1              1              1
bamCoverage                      2             12             12
bamCoverage_spike                2             12             12
bamCoverage_spike_summary        1              1              1
bamCoverage_summary              1              1              1
gathering_results                1              1              1
subsample_summary                1              1              1
total                            9              1             12

Select jobs to execute...

[Thu Dec 21 15:40:36 2023]
Job 30: Creating Temp_NET subsample_whole summary

Submitted DRMAA job 30 with external jobid 588474.
Removing temporary output file Temp_NET/bams_sub/PP1H66KmDS2Ser53_hg38_subsample.txt.
Removing temporary output file Temp_NET/bams_sub/PP1H66KpDS2Ser53_hg38_subsample.txt.
Removing temporary output file Temp_NET/bams_sub/PP1H66KmDoxS2Ser5_hg38_subsample.txt.
Removing temporary output file Temp_NET/bams_sub/PP1H66KpDoxS2Ser5_hg38_subsample.txt.
[Thu Dec 21 15:40:43 2023]
Finished job 30.
1 of 9 steps (11%) done
Select jobs to execute...

[Thu Dec 21 15:40:43 2023]
Job 24: getting final results

Submitted DRMAA job 24 with external jobid 588475.
[Thu Dec 21 15:41:03 2023]
Error in rule gathering_results:
    jobid: 24
    output: Temp_NET/stats/Temp_NET_results.tsv
    log: Temp_NET/logs/results.out, Temp_NET/logs/results.err (check log file(s) for error message)

Error executing rule gathering_results on cluster (jobid: 24, external: 588475, jobscript: /beevol/home/erickson/Ben_pipelines/snakemake_pipelines/.snakemake/tmp.j_26ac2k/snakejob.gathering_results.24.sh). For error details see the cluster log and the log files of the involved rule(s).
Shutting down, this might take some time.
Exiting because a job execution failed. Look above for error message
The code used to generate one or several output files has changed:
    To inspect which output files have changes, run 'snakemake --list-code-changes'.
    To trigger a re-run, use 'snakemake -R $(snakemake --list-code-changes)'.
The input used to generate one or several output files has changed:
    To inspect which output files have changes, run 'snakemake --list-input-changes'.
    To trigger a re-run, use 'snakemake -R $(snakemake --list-input-changes)'.
The params used to generate one or several output files has changed:
    To inspect which output files have changes, run 'snakemake --list-params-changes'.
    To trigger a re-run, use 'snakemake -R $(snakemake --list-params-changes)'.
Complete log: /beevol/home/erickson/Ben_pipelines/snakemake_pipelines/.snakemake/log/2023-12-21T154032.490886.snakemake.log
