Building DAG of jobs...
Using shell: /bin/bash
Provided cluster nodes: 100
Job stats:
job                            count    min threads    max threads
---------------------------  -------  -------------  -------------
align_filter_sample                4             12             12
align_filter_sample_spikein        4             12             12
all                                1              1              1
bowtieR1                           4             12             12
bowtieR1_summmary                  1              1              1
bowtie_counts_spikein              4              1              1
cutadapt                           4              6              6
cutadapt_summary                   1              1              1
extract_umi                        4              1              1
fastqc                             8              6              6
fastqc_summary                     1              1              1
total                             36              1             12

Select jobs to execute...

[Mon Dec 18 15:20:50 2023]
Job 12: Extracting UMIs for PP1H66KmDS2Ser53

Submitted DRMAA job 12 with external jobid 580325.

[Mon Dec 18 15:20:51 2023]
Job 3: Running FastQC on PP1H66KmDS2Ser53_CKDL230028616-1A_HCLMNDSX7_L4_2

Submitted DRMAA job 3 with external jobid 580326.

[Mon Dec 18 15:20:51 2023]
Job 14: Extracting UMIs for PP1H66KpDS2Ser53

Submitted DRMAA job 14 with external jobid 580327.

[Mon Dec 18 15:20:51 2023]
Job 2: Running FastQC on PP1H66KmDS2Ser53_CKDL230028616-1A_HCLMNDSX7_L4_1

Submitted DRMAA job 2 with external jobid 580328.

[Mon Dec 18 15:20:51 2023]
Job 16: Extracting UMIs for PP1H66KmDoxS2Ser5

Submitted DRMAA job 16 with external jobid 580329.

[Mon Dec 18 15:20:51 2023]
Job 4: Running FastQC on PP1H66KpDS2Ser53_CKDL230028616-1A_HCLMNDSX7_L4_1

Submitted DRMAA job 4 with external jobid 580330.

[Mon Dec 18 15:20:51 2023]
Job 18: Extracting UMIs for PP1H66KpDoxS2Ser5

Submitted DRMAA job 18 with external jobid 580331.

[Mon Dec 18 15:20:51 2023]
Job 6: Running FastQC on PP1H66KmDoxS2Ser5_CKDL230028616-1A_HCLMNDSX7_L4_1

Submitted DRMAA job 6 with external jobid 580332.

[Mon Dec 18 15:20:51 2023]
Job 8: Running FastQC on PP1H66KpDoxS2Ser5_CKDL230028616-1A_HCLMNDSX7_L4_1

Submitted DRMAA job 8 with external jobid 580333.

[Mon Dec 18 15:20:51 2023]
Job 5: Running FastQC on PP1H66KpDS2Ser53_CKDL230028616-1A_HCLMNDSX7_L4_2

Submitted DRMAA job 5 with external jobid 580334.

[Mon Dec 18 15:20:51 2023]
Job 7: Running FastQC on PP1H66KmDoxS2Ser5_CKDL230028616-1A_HCLMNDSX7_L4_2

Submitted DRMAA job 7 with external jobid 580335.

[Mon Dec 18 15:20:51 2023]
Job 9: Running FastQC on PP1H66KpDoxS2Ser5_CKDL230028616-1A_HCLMNDSX7_L4_2

Submitted DRMAA job 9 with external jobid 580336.
[Mon Dec 18 15:32:36 2023]
Finished job 6.
1 of 36 steps (3%) done
[Mon Dec 18 15:33:22 2023]
Finished job 9.
2 of 36 steps (6%) done
[Mon Dec 18 15:33:32 2023]
Finished job 8.
3 of 36 steps (8%) done
[Mon Dec 18 15:38:25 2023]
Finished job 4.
4 of 36 steps (11%) done
[Mon Dec 18 15:38:45 2023]
Finished job 5.
5 of 36 steps (14%) done
[Mon Dec 18 15:40:25 2023]
Finished job 2.
6 of 36 steps (17%) done
[Mon Dec 18 15:41:16 2023]
Finished job 3.
7 of 36 steps (19%) done
[Mon Dec 18 15:41:26 2023]
Finished job 16.
8 of 36 steps (22%) done
Select jobs to execute...

[Mon Dec 18 15:41:26 2023]
Job 15: Running cutadapt on PP1H66KmDoxS2Ser5

Submitted DRMAA job 15 with external jobid 580341.
[Mon Dec 18 15:41:56 2023]
Finished job 7.
9 of 36 steps (25%) done
Select jobs to execute...

[Mon Dec 18 15:41:56 2023]
Job 1: Creating Temp_NET FastQC summary

Submitted DRMAA job 1 with external jobid 580342.
[Mon Dec 18 15:42:06 2023]
Finished job 1.
10 of 36 steps (28%) done
[Mon Dec 18 15:42:56 2023]
Finished job 12.
11 of 36 steps (31%) done
Select jobs to execute...

[Mon Dec 18 15:42:56 2023]
Job 11: Running cutadapt on PP1H66KmDS2Ser53

Submitted DRMAA job 11 with external jobid 580343.
Removing temporary output file Temp_NET/PP1H66KmDoxS2Ser5_R1_umi.fastq.gz.
Removing temporary output file Temp_NET/PP1H66KmDoxS2Ser5_R2_umi.fastq.gz.
Removing temporary output file Temp_NET/PP1H66KmDoxS2Ser5_R2.fastq.gz.
[Mon Dec 18 15:42:56 2023]
Finished job 15.
12 of 36 steps (33%) done
Select jobs to execute...

[Mon Dec 18 15:42:56 2023]
Job 22: Aligning reads with Bowtie2 for PP1H66KmDoxS2Ser5

Submitted DRMAA job 22 with external jobid 580344.
[Mon Dec 18 15:43:06 2023]
Finished job 14.
13 of 36 steps (36%) done
Select jobs to execute...

[Mon Dec 18 15:43:06 2023]
Job 13: Running cutadapt on PP1H66KpDS2Ser53

Submitted DRMAA job 13 with external jobid 580345.
Removing temporary output file Temp_NET/PP1H66KmDS2Ser53_R1_umi.fastq.gz.
Removing temporary output file Temp_NET/PP1H66KmDS2Ser53_R2_umi.fastq.gz.
Removing temporary output file Temp_NET/PP1H66KmDS2Ser53_R2.fastq.gz.
[Mon Dec 18 15:44:27 2023]
Finished job 11.
14 of 36 steps (39%) done
Select jobs to execute...

[Mon Dec 18 15:44:27 2023]
Job 20: Aligning reads with Bowtie2 for PP1H66KmDS2Ser53

Submitted DRMAA job 20 with external jobid 580347.
Removing temporary output file Temp_NET/PP1H66KpDS2Ser53_R1_umi.fastq.gz.
Removing temporary output file Temp_NET/PP1H66KpDS2Ser53_R2_umi.fastq.gz.
Removing temporary output file Temp_NET/PP1H66KpDS2Ser53_R2.fastq.gz.
[Mon Dec 18 15:44:37 2023]
Finished job 13.
15 of 36 steps (42%) done
Select jobs to execute...

[Mon Dec 18 15:44:37 2023]
Job 21: Aligning reads with Bowtie2 for PP1H66KpDS2Ser53

Submitted DRMAA job 21 with external jobid 580348.
Removing temporary output file Temp_NET/PP1H66KmDoxS2Ser5_R1.fastq.gz.
[Mon Dec 18 15:46:47 2023]
Finished job 22.
16 of 36 steps (44%) done
Select jobs to execute...

[Mon Dec 18 15:46:47 2023]
Job 31: filtering reads PP1H66KmDoxS2Ser5

Submitted DRMAA job 31 with external jobid 580349.

[Mon Dec 18 15:46:47 2023]
Job 32: filtering spike in reads PP1H66KmDoxS2Ser5

Submitted DRMAA job 32 with external jobid 580350.
[Mon Dec 18 15:47:07 2023]
Finished job 32.
17 of 36 steps (47%) done
Removing temporary output file Temp_NET/PP1H66KmDoxS2Ser5_hg38_mm10.bam.bai.
Removing temporary output file Temp_NET/PP1H66KmDoxS2Ser5_hg38_mm10.bam.
Removing temporary output file Temp_NET/bams/PP1H66KmDoxS2Ser5_temp.bam.
Removing temporary output file Temp_NET/bams/PP1H66KmDoxS2Ser5_temp2.bam.
[Mon Dec 18 15:47:37 2023]
Finished job 31.
18 of 36 steps (50%) done
Select jobs to execute...

[Mon Dec 18 15:47:37 2023]
Job 30: Bowtie2 counts_spikin for PP1H66KmDoxS2Ser5

Submitted DRMAA job 30 with external jobid 580351.
[Mon Dec 18 15:47:57 2023]
Finished job 18.
19 of 36 steps (53%) done
Select jobs to execute...

[Mon Dec 18 15:47:57 2023]
Job 17: Running cutadapt on PP1H66KpDoxS2Ser5

Submitted DRMAA job 17 with external jobid 580352.
[Mon Dec 18 15:47:57 2023]
Finished job 30.
20 of 36 steps (56%) done
Removing temporary output file Temp_NET/PP1H66KmDS2Ser53_R1.fastq.gz.
[Mon Dec 18 15:48:48 2023]
Finished job 20.
21 of 36 steps (58%) done
Select jobs to execute...

[Mon Dec 18 15:48:48 2023]
Job 25: filtering reads PP1H66KmDS2Ser53

Submitted DRMAA job 25 with external jobid 580353.

[Mon Dec 18 15:48:48 2023]
Job 26: filtering spike in reads PP1H66KmDS2Ser53

Submitted DRMAA job 26 with external jobid 580354.
Removing temporary output file Temp_NET/PP1H66KpDS2Ser53_R1.fastq.gz.
[Mon Dec 18 15:49:08 2023]
Finished job 21.
22 of 36 steps (61%) done
Select jobs to execute...

[Mon Dec 18 15:49:08 2023]
Job 28: filtering reads PP1H66KpDS2Ser53

Submitted DRMAA job 28 with external jobid 580355.

[Mon Dec 18 15:49:08 2023]
Job 29: filtering spike in reads PP1H66KpDS2Ser53

Submitted DRMAA job 29 with external jobid 580356.
[Mon Dec 18 15:49:08 2023]
Finished job 26.
23 of 36 steps (64%) done
[Mon Dec 18 15:49:28 2023]
Finished job 29.
24 of 36 steps (67%) done
Removing temporary output file Temp_NET/PP1H66KpDoxS2Ser5_R1_umi.fastq.gz.
Removing temporary output file Temp_NET/PP1H66KpDoxS2Ser5_R2_umi.fastq.gz.
Removing temporary output file Temp_NET/PP1H66KpDoxS2Ser5_R2.fastq.gz.
[Mon Dec 18 15:49:38 2023]
Finished job 17.
25 of 36 steps (69%) done
Select jobs to execute...

[Mon Dec 18 15:49:38 2023]
Job 23: Aligning reads with Bowtie2 for PP1H66KpDoxS2Ser5

Submitted DRMAA job 23 with external jobid 580357.

[Mon Dec 18 15:49:38 2023]
Job 10: Creating Temp_NET cutadapt summary

Submitted DRMAA job 10 with external jobid 580358.
[Mon Dec 18 15:49:48 2023]
Finished job 10.
26 of 36 steps (72%) done
Removing temporary output file Temp_NET/PP1H66KmDS2Ser53_hg38_mm10.bam.
Removing temporary output file Temp_NET/PP1H66KmDS2Ser53_hg38_mm10.bam.bai.
Removing temporary output file Temp_NET/bams/PP1H66KmDS2Ser53_temp.bam.
Removing temporary output file Temp_NET/bams/PP1H66KmDS2Ser53_temp2.bam.
[Mon Dec 18 15:49:58 2023]
Finished job 25.
27 of 36 steps (75%) done
Select jobs to execute...

[Mon Dec 18 15:49:58 2023]
Job 24: Bowtie2 counts_spikin for PP1H66KmDS2Ser53

Submitted DRMAA job 24 with external jobid 580359.
Removing temporary output file Temp_NET/PP1H66KpDS2Ser53_hg38_mm10.bam.bai.
Removing temporary output file Temp_NET/PP1H66KpDS2Ser53_hg38_mm10.bam.
Removing temporary output file Temp_NET/bams/PP1H66KpDS2Ser53_temp.bam.
Removing temporary output file Temp_NET/bams/PP1H66KpDS2Ser53_temp2.bam.
[Mon Dec 18 15:50:08 2023]
Finished job 28.
28 of 36 steps (78%) done
Select jobs to execute...

[Mon Dec 18 15:50:08 2023]
Job 27: Bowtie2 counts_spikin for PP1H66KpDS2Ser53

Submitted DRMAA job 27 with external jobid 580360.
[Mon Dec 18 15:50:18 2023]
Finished job 24.
29 of 36 steps (81%) done
[Mon Dec 18 15:50:28 2023]
Finished job 27.
30 of 36 steps (83%) done
Removing temporary output file Temp_NET/PP1H66KpDoxS2Ser5_R1.fastq.gz.
[Mon Dec 18 15:53:49 2023]
Finished job 23.
31 of 36 steps (86%) done
Select jobs to execute...

[Mon Dec 18 15:53:49 2023]
Job 19:  R1 summmary Bowtie2 

Submitted DRMAA job 19 with external jobid 580361.

[Mon Dec 18 15:53:49 2023]
Job 34: filtering reads PP1H66KpDoxS2Ser5

Submitted DRMAA job 34 with external jobid 580362.

[Mon Dec 18 15:53:49 2023]
Job 35: filtering spike in reads PP1H66KpDoxS2Ser5

Submitted DRMAA job 35 with external jobid 580363.
[Mon Dec 18 15:53:59 2023]
Finished job 19.
32 of 36 steps (89%) done
[Mon Dec 18 15:54:09 2023]
Finished job 35.
33 of 36 steps (92%) done
Removing temporary output file Temp_NET/PP1H66KpDoxS2Ser5_hg38_mm10.bam.
Removing temporary output file Temp_NET/PP1H66KpDoxS2Ser5_hg38_mm10.bam.bai.
Removing temporary output file Temp_NET/bams/PP1H66KpDoxS2Ser5_temp.bam.
Removing temporary output file Temp_NET/bams/PP1H66KpDoxS2Ser5_temp2.bam.
[Mon Dec 18 15:54:39 2023]
Finished job 34.
34 of 36 steps (94%) done
Select jobs to execute...

[Mon Dec 18 15:54:39 2023]
Job 33: Bowtie2 counts_spikin for PP1H66KpDoxS2Ser5

Submitted DRMAA job 33 with external jobid 580364.
[Mon Dec 18 15:54:59 2023]
Finished job 33.
35 of 36 steps (97%) done
Select jobs to execute...

[Mon Dec 18 15:54:59 2023]
localrule all:
    input: Temp_NET/stats/Temp_NET_fastqc.tsv, Temp_NET/stats/Temp_NET_cutadapt.tsv, Temp_NET/stats/Temp_NET_aligned.tsv, Temp_NET/counts/PP1H66KmDS2Ser53_spikin_count.txt, Temp_NET/counts/PP1H66KpDS2Ser53_spikin_count.txt, Temp_NET/counts/PP1H66KmDoxS2Ser5_spikin_count.txt, Temp_NET/counts/PP1H66KpDoxS2Ser5_spikin_count.txt
    jobid: 0
    resources: tmpdir=/tmp

[Mon Dec 18 15:54:59 2023]
Finished job 0.
36 of 36 steps (100%) done
Complete log: /beevol/home/erickson/Ben_pipelines/snakemake_pipelines/.snakemake/log/2023-12-18T152049.552167.snakemake.log
