Building DAG of jobs...
The params used to generate one or several output files has changed:
    To inspect which output files have changes, run 'snakemake --list-params-changes'.
    To trigger a re-run, use 'snakemake -R $(snakemake --list-params-changes)'.
Using shell: /bin/bash
Provided cluster nodes: 100
Job stats:
job                            count    min threads    max threads
---------------------------  -------  -------------  -------------
align_filter_sample                4             12             12
align_filter_sample_spikein        4             12             12
all                                1              1              1
bowtiePE                           4             12             12
bowtiePE_summmary                  1              1              1
bowtie_counts_spikein              4              1              1
total                             18              1             12

Select jobs to execute...

[Fri Nov 17 10:04:23 2023]
Job 21: Aligning reads with Bowtie2 for PP1H66KmDS2Ser53

Submitted DRMAA job 21 with external jobid 567820.

[Fri Nov 17 10:04:23 2023]
Job 23: Aligning reads with Bowtie2 for PP1H66KmDoxS2Ser5

Submitted DRMAA job 23 with external jobid 567821.

[Fri Nov 17 10:04:23 2023]
Job 22: Aligning reads with Bowtie2 for PP1H66KpDS2Ser53

Submitted DRMAA job 22 with external jobid 567822.

[Fri Nov 17 10:04:23 2023]
Job 24: Aligning reads with Bowtie2 for PP1H66KpDoxS2Ser5

Submitted DRMAA job 24 with external jobid 567823.
[Fri Nov 17 10:08:04 2023]
Error in rule bowtiePE:
    jobid: 24
    output: Temp/PP1H66KpDoxS2Ser5_hg38_mm10.bam, Temp/PP1H66KpDoxS2Ser5_hg38_mm10.bam.bai, Temp/bams/PP1H66KpDoxS2Ser5_hg38_mm10_bowtie_stats.txt
    log: Temp/logs/PP1H66KpDoxS2Ser5_bowtie.out, Temp/logs/PP1H66KpDoxS2Ser5_bowtie.err (check log file(s) for error message)
    shell:
        
        bowtie2             -p 12             -x /beevol/home/erickson/ref/hg38_mm10/hg38_mm10             -1 Temp/PP1H66KpDoxS2Ser5_R1.fastq.gz             -2 Temp/PP1H66KpDoxS2Ser5_R2.fastq.gz              --local --no-mixed --no-discordant              2> Temp/bams/PP1H66KpDoxS2Ser5_hg38_mm10_bowtie_stats.txt             | samtools view  -bF4q30  -             > Temp/PP1H66KpDoxS2Ser5_hg38_mm10.bam
        
        samtools index -@ 12 Temp/PP1H66KpDoxS2Ser5_hg38_mm10.bam
        
        
        (one of the commands exited with non-zero exit code; note that snakemake uses bash strict mode!)

Error executing rule bowtiePE on cluster (jobid: 24, external: 567823, jobscript: /beevol/home/erickson/Ben_pipelines/snakemake_pipelines/.snakemake/tmp.uf9b8u4h/snakejob.bowtiePE.24.sh). For error details see the cluster log and the log files of the involved rule(s).
[Fri Nov 17 10:08:34 2023]
Error in rule bowtiePE:
    jobid: 23
    output: Temp/PP1H66KmDoxS2Ser5_hg38_mm10.bam, Temp/PP1H66KmDoxS2Ser5_hg38_mm10.bam.bai, Temp/bams/PP1H66KmDoxS2Ser5_hg38_mm10_bowtie_stats.txt
    log: Temp/logs/PP1H66KmDoxS2Ser5_bowtie.out, Temp/logs/PP1H66KmDoxS2Ser5_bowtie.err (check log file(s) for error message)
    shell:
        
        bowtie2             -p 12             -x /beevol/home/erickson/ref/hg38_mm10/hg38_mm10             -1 Temp/PP1H66KmDoxS2Ser5_R1.fastq.gz             -2 Temp/PP1H66KmDoxS2Ser5_R2.fastq.gz              --local --no-mixed --no-discordant              2> Temp/bams/PP1H66KmDoxS2Ser5_hg38_mm10_bowtie_stats.txt             | samtools view  -bF4q30  -             > Temp/PP1H66KmDoxS2Ser5_hg38_mm10.bam
        
        samtools index -@ 12 Temp/PP1H66KmDoxS2Ser5_hg38_mm10.bam
        
        
        (one of the commands exited with non-zero exit code; note that snakemake uses bash strict mode!)

Error executing rule bowtiePE on cluster (jobid: 23, external: 567821, jobscript: /beevol/home/erickson/Ben_pipelines/snakemake_pipelines/.snakemake/tmp.uf9b8u4h/snakejob.bowtiePE.23.sh). For error details see the cluster log and the log files of the involved rule(s).
[Fri Nov 17 10:09:55 2023]
Error in rule bowtiePE:
    jobid: 22
    output: Temp/PP1H66KpDS2Ser53_hg38_mm10.bam, Temp/PP1H66KpDS2Ser53_hg38_mm10.bam.bai, Temp/bams/PP1H66KpDS2Ser53_hg38_mm10_bowtie_stats.txt
    log: Temp/logs/PP1H66KpDS2Ser53_bowtie.out, Temp/logs/PP1H66KpDS2Ser53_bowtie.err (check log file(s) for error message)
    shell:
        
        bowtie2             -p 12             -x /beevol/home/erickson/ref/hg38_mm10/hg38_mm10             -1 Temp/PP1H66KpDS2Ser53_R1.fastq.gz             -2 Temp/PP1H66KpDS2Ser53_R2.fastq.gz              --local --no-mixed --no-discordant              2> Temp/bams/PP1H66KpDS2Ser53_hg38_mm10_bowtie_stats.txt             | samtools view  -bF4q30  -             > Temp/PP1H66KpDS2Ser53_hg38_mm10.bam
        
        samtools index -@ 12 Temp/PP1H66KpDS2Ser53_hg38_mm10.bam
        
        
        (one of the commands exited with non-zero exit code; note that snakemake uses bash strict mode!)

Error executing rule bowtiePE on cluster (jobid: 22, external: 567822, jobscript: /beevol/home/erickson/Ben_pipelines/snakemake_pipelines/.snakemake/tmp.uf9b8u4h/snakejob.bowtiePE.22.sh). For error details see the cluster log and the log files of the involved rule(s).
[Fri Nov 17 10:10:35 2023]
Error in rule bowtiePE:
    jobid: 21
    output: Temp/PP1H66KmDS2Ser53_hg38_mm10.bam, Temp/PP1H66KmDS2Ser53_hg38_mm10.bam.bai, Temp/bams/PP1H66KmDS2Ser53_hg38_mm10_bowtie_stats.txt
    log: Temp/logs/PP1H66KmDS2Ser53_bowtie.out, Temp/logs/PP1H66KmDS2Ser53_bowtie.err (check log file(s) for error message)
    shell:
        
        bowtie2             -p 12             -x /beevol/home/erickson/ref/hg38_mm10/hg38_mm10             -1 Temp/PP1H66KmDS2Ser53_R1.fastq.gz             -2 Temp/PP1H66KmDS2Ser53_R2.fastq.gz              --local --no-mixed --no-discordant              2> Temp/bams/PP1H66KmDS2Ser53_hg38_mm10_bowtie_stats.txt             | samtools view  -bF4q30  -             > Temp/PP1H66KmDS2Ser53_hg38_mm10.bam
        
        samtools index -@ 12 Temp/PP1H66KmDS2Ser53_hg38_mm10.bam
        
        
        (one of the commands exited with non-zero exit code; note that snakemake uses bash strict mode!)

Error executing rule bowtiePE on cluster (jobid: 21, external: 567820, jobscript: /beevol/home/erickson/Ben_pipelines/snakemake_pipelines/.snakemake/tmp.uf9b8u4h/snakejob.bowtiePE.21.sh). For error details see the cluster log and the log files of the involved rule(s).
Shutting down, this might take some time.
Exiting because a job execution failed. Look above for error message
The params used to generate one or several output files has changed:
    To inspect which output files have changes, run 'snakemake --list-params-changes'.
    To trigger a re-run, use 'snakemake -R $(snakemake --list-params-changes)'.
Complete log: /beevol/home/erickson/Ben_pipelines/snakemake_pipelines/.snakemake/log/2023-11-17T100422.461470.snakemake.log
