Building DAG of jobs...
The params used to generate one or several output files has changed:
    To inspect which output files have changes, run 'snakemake --list-params-changes'.
    To trigger a re-run, use 'snakemake -R $(snakemake --list-params-changes)'.
Using shell: /bin/bash
Provided cluster nodes: 100
Job stats:
job                 count    min threads    max threads
----------------  -------  -------------  -------------
all                     1              1              1
fragment_results        1              1              1
total                   2              1              1

Select jobs to execute...

[Tue Dec 19 11:29:24 2023]
Job 41: getting final fragment_results

Submitted DRMAA job 41 with external jobid 580689.
[Tue Dec 19 11:29:41 2023]
Finished job 41.
1 of 2 steps (50%) done
Select jobs to execute...

[Tue Dec 19 11:29:41 2023]
localrule all:
    input: Temp/stats/Temp_fastqc.tsv, Temp/stats/Temp_clumpify.tsv, Temp/stats/Temp_bbduk.tsv, Temp/stats/Temp_aligned.tsv, Temp/stats/Temp_results.tsv, Temp/stats/Temp_fragment_results.tsv, Temp/URLS/Temp_hg38_norm_OR_enrich_bw_URL.txt, Temp/URLS/Temp_mm10_norm_OR_enrich_bw_URL.txt
    jobid: 0
    resources: tmpdir=/tmp

[Tue Dec 19 11:29:41 2023]
Finished job 0.
2 of 2 steps (100%) done
The params used to generate one or several output files has changed:
    To inspect which output files have changes, run 'snakemake --list-params-changes'.
    To trigger a re-run, use 'snakemake -R $(snakemake --list-params-changes)'.
Complete log: /beevol/home/erickson/Ben_pipelines/snakemake_pipelines/.snakemake/log/2023-12-19T112918.763719.snakemake.log
