Building DAG of jobs...
The code used to generate one or several output files has changed:
    To inspect which output files have changes, run 'snakemake --list-code-changes'.
    To trigger a re-run, use 'snakemake -R $(snakemake --list-code-changes)'.
The params used to generate one or several output files has changed:
    To inspect which output files have changes, run 'snakemake --list-params-changes'.
    To trigger a re-run, use 'snakemake -R $(snakemake --list-params-changes)'.
Using shell: /bin/bash
Provided cluster nodes: 100
Job stats:
job                          count    min threads    max threads
-------------------------  -------  -------------  -------------
all                              1              1              1
bamCoverage                      2             12             12
bamCoverage_spike                2             12             12
bamCoverage_spike_summary        1              1              1
bamCoverage_summary              1              1              1
total                            7              1             12

Select jobs to execute...

[Tue Dec 19 12:36:19 2023]
Job 47: Aligning reads with bamCoverage_spike for PP1H66KSer5-r2

Submitted DRMAA job 47 with external jobid 580789.

[Tue Dec 19 12:36:20 2023]
Job 48: Aligning reads with bamCoverage_spike for PP1H66KSer5-r3

Submitted DRMAA job 48 with external jobid 580790.

[Tue Dec 19 12:36:20 2023]
Job 44: Aligning reads with bamCoverage for PP1H66KSer5-r2

Submitted DRMAA job 44 with external jobid 580791.

[Tue Dec 19 12:36:20 2023]
Job 45: Aligning reads with bamCoverage for PP1H66KSer5-r3

Submitted DRMAA job 45 with external jobid 580792.
[Tue Dec 19 12:37:48 2023]
Finished job 47.
1 of 7 steps (14%) done
[Tue Dec 19 12:38:08 2023]
Finished job 48.
2 of 7 steps (29%) done
Select jobs to execute...

[Tue Dec 19 12:38:08 2023]
Job 46: Creating Temp bamCoverage_spike summary

Submitted DRMAA job 46 with external jobid 580795.
Removing temporary output file Temp/bw/PP1H66KSer5-r2_spike_bamCoverage_stats.txt.
Removing temporary output file Temp/bw/PP1H66KSer5-r3_spike_bamCoverage_stats.txt.
[Tue Dec 19 12:38:18 2023]
Finished job 46.
3 of 7 steps (43%) done
[Tue Dec 19 12:38:58 2023]
Finished job 45.
4 of 7 steps (57%) done
[Tue Dec 19 12:39:09 2023]
Finished job 44.
5 of 7 steps (71%) done
Select jobs to execute...

[Tue Dec 19 12:39:09 2023]
Job 43: Creating Temp bamCoverage summary

Submitted DRMAA job 43 with external jobid 580798.
Removing temporary output file Temp/bw/PP1H66KSer5-r2_bamCoverage_stats.txt.
Removing temporary output file Temp/bw/PP1H66KSer5-r3_bamCoverage_stats.txt.
[Tue Dec 19 12:39:19 2023]
Finished job 43.
6 of 7 steps (86%) done
Select jobs to execute...

[Tue Dec 19 12:39:19 2023]
localrule all:
    input: Temp/stats/Temp_fastqc.tsv, Temp/stats/Temp_clumpify.tsv, Temp/stats/Temp_bbduk.tsv, Temp/stats/Temp_aligned.tsv, Temp/stats/Temp_results.tsv, Temp/stats/Temp_fragment_results.tsv, Temp/URLS/Temp_hg38_norm_OR_enrich_bw_URL.txt, Temp/URLS/Temp_mm10_norm_OR_enrich_bw_URL.txt
    jobid: 0
    resources: tmpdir=/tmp

[Tue Dec 19 12:39:19 2023]
Finished job 0.
7 of 7 steps (100%) done
The code used to generate one or several output files has changed:
    To inspect which output files have changes, run 'snakemake --list-code-changes'.
    To trigger a re-run, use 'snakemake -R $(snakemake --list-code-changes)'.
The params used to generate one or several output files has changed:
    To inspect which output files have changes, run 'snakemake --list-params-changes'.
    To trigger a re-run, use 'snakemake -R $(snakemake --list-params-changes)'.
Complete log: /beevol/home/erickson/Ben_pipelines/snakemake_pipelines/.snakemake/log/2023-12-19T123617.023793.snakemake.log
