Building DAG of jobs...
Using shell: /bin/bash
Provided cluster nodes: 100
Job stats:
job                    count    min threads    max threads
-------------------  -------  -------------  -------------
align_filter_sample        4             12             12
all                        1              1              1
bamCoverage                2             12             12
bamCoverage_summary        1              1              1
bbduk_paired               4             12             12
bbduk_summary              1              1              1
bowtiePE                   4             12             12
bowtiePE_summmary          1              1              1
bowtie_counts              4              1              1
clumpify_summary           1              1              1
fastqc                     1              6              6
fastqc_summary             1              1              1
fragment_size              1             12             12
gathering_results          1              1              1
total                     27              1             12

Select jobs to execute...

[Fri Dec 15 09:22:47 2023]
Job 16: Removing duplicats for PP1H66KmDS2Ser53

Submitted DRMAA job 16 with external jobid 579316.

[Fri Dec 15 09:22:47 2023]
Job 18: Removing duplicats for PP1H66KmDoxS2Ser5

Submitted DRMAA job 18 with external jobid 579317.

[Fri Dec 15 09:22:47 2023]
Job 8: Running FastQC on PP1H66KpDoxS2Ser5_CKDL230028616-1A_HCLMNDSX7_L4_1

Submitted DRMAA job 8 with external jobid 579318.

[Fri Dec 15 09:22:47 2023]
Job 10: Creating Temp4 clumpify summary

Submitted DRMAA job 10 with external jobid 579319.

[Fri Dec 15 09:22:47 2023]
Job 17: Removing duplicats for PP1H66KpDS2Ser53

Submitted DRMAA job 17 with external jobid 579320.

[Fri Dec 15 09:22:47 2023]
Job 19: Removing duplicats for PP1H66KpDoxS2Ser5

Submitted DRMAA job 19 with external jobid 579321.
[Fri Dec 15 09:22:57 2023]
Finished job 10.
1 of 27 steps (4%) done
Removing temporary output file Temp4/PP1H66KpDoxS2Ser5_R1_clumpify.fastq.gz.
Removing temporary output file Temp4/PP1H66KpDoxS2Ser5_R2_clumpify.fastq.gz.
[Fri Dec 15 09:23:47 2023]
Finished job 19.
2 of 27 steps (7%) done
Select jobs to execute...

[Fri Dec 15 09:23:47 2023]
Job 24: Aligning reads with Bowtie2 for PP1H66KpDoxS2Ser5

Submitted DRMAA job 24 with external jobid 579322.
Terminating processes on user request, this might take some time.
