Building DAG of jobs...
The params used to generate one or several output files has changed:
    To inspect which output files have changes, run 'snakemake --list-params-changes'.
    To trigger a re-run, use 'snakemake -R $(snakemake --list-params-changes)'.
Using shell: /bin/bash
Provided cluster nodes: 100
Job stats:
job                    count    min threads    max threads
-------------------  -------  -------------  -------------
all                        1              1              1
bamCoverage                2             12             12
bamCoverage_summary        1              1              1
fragment_size              1             12             12
gathering_results          1              1              1
total                      6              1             12

Select jobs to execute...

[Fri Dec 15 13:29:56 2023]
Job 26: fragment size of mapped paired end reads

Submitted DRMAA job 26 with external jobid 579504.
[Sun Dec 17 18:31:52 2023]
Finished job 26.
1 of 6 steps (17%) done
Select jobs to execute...

[Sun Dec 17 18:31:52 2023]
Job 25: getting final results

Submitted DRMAA job 25 with external jobid 580014.
[Sun Dec 17 18:32:22 2023]
Finished job 25.
2 of 6 steps (33%) done
Select jobs to execute...

[Sun Dec 17 18:32:22 2023]
Job 36: stranded bigwigs with reads in R2-R1 orentation for PP1H66KSer5-r2

Submitted DRMAA job 36 with external jobid 580015.

[Sun Dec 17 18:32:22 2023]
Job 37: stranded bigwigs with reads in R2-R1 orentation for PP1H66KSer5-r3

Submitted DRMAA job 37 with external jobid 580016.
[Sun Dec 17 18:34:13 2023]
Finished job 36.
3 of 6 steps (50%) done
[Sun Dec 17 18:34:23 2023]
Finished job 37.
4 of 6 steps (67%) done
Select jobs to execute...

[Sun Dec 17 18:34:23 2023]
Job 35: Creating Temp_HS bamCoverage summary

Submitted DRMAA job 35 with external jobid 580017.
Removing temporary output file Temp_HS/bw/PP1H66KSer5-r2_bamCoverage_stats.txt.
Removing temporary output file Temp_HS/bw/PP1H66KSer5-r3_bamCoverage_stats.txt.
[Sun Dec 17 18:34:33 2023]
Finished job 35.
5 of 6 steps (83%) done
Select jobs to execute...

[Sun Dec 17 18:34:33 2023]
localrule all:
    input: Temp_HS/stats/Temp_HS_fastqc.tsv, Temp_HS/stats/Temp_HS_clumpify.tsv, Temp_HS/stats/Temp_HS_bbduk.tsv, Temp_HS/stats/Temp_HS_aligned.tsv, Temp_HS/stats/Temp_HS_results.tsv, Temp_HS/URLS/Temp_HS_hg38_norm_bw_URL.txt
    jobid: 0
    resources: tmpdir=/tmp

[Sun Dec 17 18:34:33 2023]
Finished job 0.
6 of 6 steps (100%) done
The params used to generate one or several output files has changed:
    To inspect which output files have changes, run 'snakemake --list-params-changes'.
    To trigger a re-run, use 'snakemake -R $(snakemake --list-params-changes)'.
Complete log: /beevol/home/erickson/Ben_pipelines/snakemake_pipelines/.snakemake/log/2023-12-15T132954.085012.snakemake.log
