Building DAG of jobs...
The params used to generate one or several output files has changed:
    To inspect which output files have changes, run 'snakemake --list-params-changes'.
    To trigger a re-run, use 'snakemake -R $(snakemake --list-params-changes)'.
Using shell: /bin/bash
Provided cluster nodes: 100
Job stats:
job                    count    min threads    max threads
-------------------  -------  -------------  -------------
align_filter_sample        4             12             12
all                        1              1              1
bamCoverage                2             12             12
bamCoverage_summary        1              1              1
bbduk_summary              1              1              1
fastqc_summary             1              1              1
fragment_results           1              1              1
fragment_size              1             12             12
gathering_results          1              1              1
star_2pass_summmary        1              4              4
star_counts                4              1              1
star_first_pass            4              4              4
star_second_pass           4              4              4
total                     26              1             12

Select jobs to execute...

[Wed Dec 20 16:11:32 2023]
Job 1: Creating Temp_star FastQC summary

Submitted DRMAA job 1 with external jobid 587864.

[Wed Dec 20 16:11:32 2023]
Job 23: running first pass star alignments 

Submitted DRMAA job 23 with external jobid 587865.

[Wed Dec 20 16:11:32 2023]
Job 24: running first pass star alignments 

Submitted DRMAA job 24 with external jobid 587866.

[Wed Dec 20 16:11:32 2023]
Job 15: Creating Temp_star bbduk summary

Submitted DRMAA job 15 with external jobid 587867.

[Wed Dec 20 16:11:33 2023]
Job 22: running first pass star alignments 

Submitted DRMAA job 22 with external jobid 587868.

[Wed Dec 20 16:11:33 2023]
Job 25: running first pass star alignments 

Submitted DRMAA job 25 with external jobid 587869.
[Wed Dec 20 16:11:49 2023]
Finished job 1.
1 of 26 steps (4%) done
[Wed Dec 20 16:11:49 2023]
Finished job 15.
2 of 26 steps (8%) done
[Wed Dec 20 16:22:43 2023]
Finished job 24.
3 of 26 steps (12%) done
[Wed Dec 20 16:23:44 2023]
Finished job 23.
4 of 26 steps (15%) done
[Wed Dec 20 16:24:14 2023]
Finished job 25.
5 of 26 steps (19%) done
[Wed Dec 20 16:24:54 2023]
Finished job 22.
6 of 26 steps (23%) done
Select jobs to execute...

[Wed Dec 20 16:24:54 2023]
Job 26: running second pass star alignments 

Submitted DRMAA job 26 with external jobid 587875.

[Wed Dec 20 16:24:54 2023]
Job 27: running second pass star alignments 

Submitted DRMAA job 27 with external jobid 587876.

[Wed Dec 20 16:24:54 2023]
Job 21: running second pass star alignments 

Submitted DRMAA job 21 with external jobid 587877.

[Wed Dec 20 16:24:54 2023]
Job 28: running second pass star alignments 

Submitted DRMAA job 28 with external jobid 587878.
Removing temporary output file Temp_star/PP1H66KmDoxS2Ser5_R2.fastq.gz.
Removing temporary output file Temp_star/PP1H66KmDoxS2Ser5_R1.fastq.gz.
Removing temporary output file Temp_star/bams/PP1H66KmDoxS2Ser5_Aligned.sortedByCoord.out.bam.
[Wed Dec 20 16:55:56 2023]
Finished job 27.
7 of 26 steps (27%) done
Select jobs to execute...

[Wed Dec 20 16:55:56 2023]
Job 35: filtering reads PP1H66KmDoxS2Ser5

Submitted DRMAA job 35 with external jobid 587879.
Removing temporary output file Temp_star/PP1H66KpDoxS2Ser5_R1.fastq.gz.
Removing temporary output file Temp_star/PP1H66KpDoxS2Ser5_R2.fastq.gz.
Removing temporary output file Temp_star/bams/PP1H66KpDoxS2Ser5_Aligned.sortedByCoord.out.bam.
[Wed Dec 20 16:56:16 2023]
Finished job 28.
8 of 26 steps (31%) done
Select jobs to execute...

[Wed Dec 20 16:56:16 2023]
Job 37: filtering reads PP1H66KpDoxS2Ser5

Submitted DRMAA job 37 with external jobid 587880.
Removing temporary output file Temp_star/PP1H66KmDS2Ser53_R2.fastq.gz.
Removing temporary output file Temp_star/PP1H66KmDS2Ser53_R1.fastq.gz.
Removing temporary output file Temp_star/bams/PP1H66KmDS2Ser53_Aligned.sortedByCoord.out.bam.
[Wed Dec 20 16:59:48 2023]
Finished job 21.
9 of 26 steps (35%) done
Select jobs to execute...

[Wed Dec 20 16:59:48 2023]
Job 31: filtering reads PP1H66KmDS2Ser53

Submitted DRMAA job 31 with external jobid 587881.
Removing temporary output file Temp_star/PP1H66KpDS2Ser53_R2.fastq.gz.
Removing temporary output file Temp_star/PP1H66KpDS2Ser53_R1.fastq.gz.
Removing temporary output file Temp_star/bams/PP1H66KpDS2Ser53_SJ.out.tab.
Removing temporary output file Temp_star/bams/PP1H66KpDS2Ser53_Aligned.sortedByCoord.out.bam.
Removing temporary output file Temp_star/bams/PP1H66KmDS2Ser53_SJ.out.tab.
Removing temporary output file Temp_star/bams/PP1H66KmDoxS2Ser5_SJ.out.tab.
Removing temporary output file Temp_star/bams/PP1H66KpDoxS2Ser5_SJ.out.tab.
[Wed Dec 20 17:02:20 2023]
Finished job 26.
10 of 26 steps (38%) done
Select jobs to execute...

[Wed Dec 20 17:02:20 2023]
Job 33: filtering reads PP1H66KpDS2Ser53

Submitted DRMAA job 33 with external jobid 587882.

[Wed Dec 20 17:02:21 2023]
Job 20: summmary star alignments 

Submitted DRMAA job 20 with external jobid 587883.
[Wed Dec 20 17:02:39 2023]
Finished job 20.
11 of 26 steps (42%) done
Removing temporary output file Temp_star/PP1H66KpDoxS2Ser5_hg38.bam.
Removing temporary output file Temp_star/PP1H66KpDoxS2Ser5_hg38.bam.bai.
Removing temporary output file Temp_star/bams/PP1H66KpDoxS2Ser5_temp.bam.
Removing temporary output file Temp_star/bams/PP1H66KpDoxS2Ser5_temp2.bam.
[Wed Dec 20 17:09:03 2023]
Finished job 37.
12 of 26 steps (46%) done
Select jobs to execute...

[Wed Dec 20 17:09:03 2023]
Job 36: star counts for PP1H66KpDoxS2Ser5

Submitted DRMAA job 36 with external jobid 587914.
[Wed Dec 20 17:09:21 2023]
Finished job 36.
13 of 26 steps (50%) done
Removing temporary output file Temp_star/PP1H66KmDoxS2Ser5_hg38.bam.
Removing temporary output file Temp_star/PP1H66KmDoxS2Ser5_hg38.bam.bai.
Removing temporary output file Temp_star/bams/PP1H66KmDoxS2Ser5_temp.bam.
Removing temporary output file Temp_star/bams/PP1H66KmDoxS2Ser5_temp2.bam.
[Wed Dec 20 17:10:02 2023]
Finished job 35.
14 of 26 steps (54%) done
Select jobs to execute...

[Wed Dec 20 17:10:02 2023]
Job 34: star counts for PP1H66KmDoxS2Ser5

Submitted DRMAA job 34 with external jobid 587915.
[Wed Dec 20 17:10:22 2023]
Finished job 34.
15 of 26 steps (58%) done
Removing temporary output file Temp_star/PP1H66KpDS2Ser53_hg38.bam.
Removing temporary output file Temp_star/PP1H66KpDS2Ser53_hg38.bam.bai.
Removing temporary output file Temp_star/bams/PP1H66KpDS2Ser53_temp.bam.
Removing temporary output file Temp_star/bams/PP1H66KpDS2Ser53_temp2.bam.
[Wed Dec 20 17:25:29 2023]
Finished job 33.
16 of 26 steps (62%) done
Select jobs to execute...

[Wed Dec 20 17:25:29 2023]
Job 32: star counts for PP1H66KpDS2Ser53

Submitted DRMAA job 32 with external jobid 587916.
[Wed Dec 20 17:25:38 2023]
Finished job 32.
17 of 26 steps (65%) done
Removing temporary output file Temp_star/PP1H66KmDS2Ser53_hg38.bam.
Removing temporary output file Temp_star/PP1H66KmDS2Ser53_hg38.bam.bai.
Removing temporary output file Temp_star/bams/PP1H66KmDS2Ser53_temp.bam.
Removing temporary output file Temp_star/bams/PP1H66KmDS2Ser53_temp2.bam.
[Wed Dec 20 17:34:01 2023]
Finished job 31.
18 of 26 steps (69%) done
Select jobs to execute...

[Wed Dec 20 17:34:01 2023]
Job 30: star counts for PP1H66KmDS2Ser53

Submitted DRMAA job 30 with external jobid 587917.

[Wed Dec 20 17:34:01 2023]
Job 39: fragment size of mapped paired end reads

Submitted DRMAA job 39 with external jobid 587918.
[Wed Dec 20 17:34:21 2023]
Finished job 30.
19 of 26 steps (73%) done
Select jobs to execute...

[Wed Dec 20 17:34:21 2023]
Job 29: getting final results

Submitted DRMAA job 29 with external jobid 587919.
[Wed Dec 20 17:34:41 2023]
Finished job 29.
20 of 26 steps (77%) done
Select jobs to execute...

[Wed Dec 20 17:34:41 2023]
Job 41: stranded bigwigs with reads in R2-R1 orentation for PP1H66KSer5-r2

Submitted DRMAA job 41 with external jobid 587920.

[Wed Dec 20 17:34:41 2023]
Job 42: stranded bigwigs with reads in R2-R1 orentation for PP1H66KSer5-r3

Submitted DRMAA job 42 with external jobid 587921.
[Wed Dec 20 17:36:43 2023]
Finished job 41.
21 of 26 steps (81%) done
[Wed Dec 20 17:36:52 2023]
Finished job 42.
22 of 26 steps (85%) done
Select jobs to execute...

[Wed Dec 20 17:36:52 2023]
Job 40: Creating Temp_star bamCoverage summary

Submitted DRMAA job 40 with external jobid 587922.
Removing temporary output file Temp_star/bw/PP1H66KSer5-r2_bamCoverage_stats.txt.
Removing temporary output file Temp_star/bw/PP1H66KSer5-r3_bamCoverage_stats.txt.
[Wed Dec 20 17:37:02 2023]
Finished job 40.
23 of 26 steps (88%) done
[Wed Dec 20 17:48:25 2023]
Finished job 39.
24 of 26 steps (92%) done
Select jobs to execute...

[Wed Dec 20 17:48:26 2023]
Job 38: getting final fragment_results

Submitted DRMAA job 38 with external jobid 587923.
[Wed Dec 20 17:48:45 2023]
Finished job 38.
25 of 26 steps (96%) done
Select jobs to execute...

[Wed Dec 20 17:48:45 2023]
localrule all:
    input: Temp_star/stats/Temp_star_fastqc.tsv, Temp_star/stats/Temp_star_clumpify.tsv, Temp_star/stats/Temp_star_bbduk.tsv, Temp_star/stats/Temp_star_aligned.tsv, Temp_star/stats/Temp_star_results.tsv, Temp_star/stats/Temp_star_fragment_results.tsv, Temp_star/URLS/Temp_star_hg38_norm_OR_enrich_bw_URL.txt
    jobid: 0
    resources: tmpdir=/tmp

[Wed Dec 20 17:48:45 2023]
Finished job 0.
26 of 26 steps (100%) done
The params used to generate one or several output files has changed:
    To inspect which output files have changes, run 'snakemake --list-params-changes'.
    To trigger a re-run, use 'snakemake -R $(snakemake --list-params-changes)'.
Complete log: /beevol/home/erickson/Ben_pipelines/snakemake_pipelines/.snakemake/log/2023-12-20T161126.602072.snakemake.log
