Building DAG of jobs...
The code used to generate one or several output files has changed:
    To inspect which output files have changes, run 'snakemake --list-code-changes'.
    To trigger a re-run, use 'snakemake -R $(snakemake --list-code-changes)'.
The input used to generate one or several output files has changed:
    To inspect which output files have changes, run 'snakemake --list-input-changes'.
    To trigger a re-run, use 'snakemake -R $(snakemake --list-input-changes)'.
The params used to generate one or several output files has changed:
    To inspect which output files have changes, run 'snakemake --list-params-changes'.
    To trigger a re-run, use 'snakemake -R $(snakemake --list-params-changes)'.
Using shell: /bin/bash
Provided cluster nodes: 100
Job stats:
job                          count    min threads    max threads
-------------------------  -------  -------------  -------------
all                              1              1              1
bamCoverage                      2             12             12
bamCoverage_spike                2             12             12
bamCoverage_spike_summary        1              1              1
bamCoverage_summary              1              1              1
gathering_results                1              1              1
total                            8              1             12

Select jobs to execute...

[Thu Dec 21 15:51:58 2023]
Job 24: getting final results

Submitted DRMAA job 24 with external jobid 588486.
[Thu Dec 21 15:52:17 2023]
Finished job 24.
1 of 8 steps (12%) done
Select jobs to execute...

[Thu Dec 21 15:52:17 2023]
Job 61: stranded bigwigs with reads in R2-R1 orentation for PP1H66KSer5-r3

Submitted DRMAA job 61 with external jobid 588487.

[Thu Dec 21 15:52:17 2023]
Job 63: stranded bigwigs with reads in R2-R1 orentation for PP1H66KSer5-r2

Submitted DRMAA job 63 with external jobid 588488.

[Thu Dec 21 15:52:17 2023]
Job 60: stranded bigwigs with reads in R2-R1 orentation for PP1H66KSer5-r2

Submitted DRMAA job 60 with external jobid 588489.

[Thu Dec 21 15:52:17 2023]
Job 64: stranded bigwigs with reads in R2-R1 orentation for PP1H66KSer5-r3

Submitted DRMAA job 64 with external jobid 588490.
[Thu Dec 21 16:06:19 2023]
Finished job 63.
2 of 8 steps (25%) done
[Thu Dec 21 16:06:29 2023]
Finished job 64.
3 of 8 steps (38%) done
Select jobs to execute...

[Thu Dec 21 16:06:29 2023]
Job 62: Creating Temp_NET bamCoverage_spike summary

Submitted DRMAA job 62 with external jobid 588552.
Removing temporary output file Temp_NET/bw/PP1H66KSer5-r2_spike_bamCoverage_stats.txt.
Removing temporary output file Temp_NET/bw/PP1H66KSer5-r3_spike_bamCoverage_stats.txt.
[Thu Dec 21 16:06:39 2023]
Finished job 62.
4 of 8 steps (50%) done
[Thu Dec 21 16:09:00 2023]
Finished job 60.
5 of 8 steps (62%) done
[Thu Dec 21 16:09:20 2023]
Finished job 61.
6 of 8 steps (75%) done
Select jobs to execute...

[Thu Dec 21 16:09:20 2023]
Job 59: Creating Temp_NET bamCoverage summary

Submitted DRMAA job 59 with external jobid 588569.
Removing temporary output file Temp_NET/bw/PP1H66KSer5-r2_bamCoverage_stats.txt.
Removing temporary output file Temp_NET/bw/PP1H66KSer5-r3_bamCoverage_stats.txt.
[Thu Dec 21 16:09:30 2023]
Finished job 59.
7 of 8 steps (88%) done
Select jobs to execute...

[Thu Dec 21 16:09:30 2023]
localrule all:
    input: Temp_NET/stats/Temp_NET_fastqc.tsv, Temp_NET/stats/Temp_NET_cutadapt.tsv, Temp_NET/stats/Temp_NET_aligned.tsv, Temp_NET/stats/Temp_NET_results.tsv, Temp_NET/URLS/Temp_NET_hg38_norm_3end_subsample_bw_URL.txt, Temp_NET/URLS/Temp_NET_mm10_norm_3end_subsample_bw_URL.txt
    jobid: 0
    resources: tmpdir=/tmp

[Thu Dec 21 16:09:30 2023]
Finished job 0.
8 of 8 steps (100%) done
The code used to generate one or several output files has changed:
    To inspect which output files have changes, run 'snakemake --list-code-changes'.
    To trigger a re-run, use 'snakemake -R $(snakemake --list-code-changes)'.
The input used to generate one or several output files has changed:
    To inspect which output files have changes, run 'snakemake --list-input-changes'.
    To trigger a re-run, use 'snakemake -R $(snakemake --list-input-changes)'.
The params used to generate one or several output files has changed:
    To inspect which output files have changes, run 'snakemake --list-params-changes'.
    To trigger a re-run, use 'snakemake -R $(snakemake --list-params-changes)'.
Complete log: /beevol/home/erickson/Ben_pipelines/snakemake_pipelines/.snakemake/log/2023-12-21T155156.461276.snakemake.log
