Building DAG of jobs...
Using shell: /bin/bash
Provided cluster nodes: 100
Job stats:
job                  count    min threads    max threads
-----------------  -------  -------------  -------------
all                      1              1              1
gathering_results        1              1              1
subsample_summary        1              1              1
subsample_whole          4             16             16
total                    7              1             16

Select jobs to execute...

[Tue Dec 19 15:21:22 2023]
Job 43: Subsampling reads for PP1H66KmDoxS2Ser5 INDEX_SAMPLE 

Submitted DRMAA job 43 with external jobid 581138.

[Tue Dec 19 15:21:23 2023]
Job 38: Subsampling reads for PP1H66KmDS2Ser53 INDEX_SAMPLE 

Submitted DRMAA job 38 with external jobid 581139.

[Tue Dec 19 15:21:23 2023]
Job 44: Subsampling reads for PP1H66KpDoxS2Ser5 INDEX_SAMPLE 

Submitted DRMAA job 44 with external jobid 581140.

[Tue Dec 19 15:21:23 2023]
Job 42: Subsampling reads for PP1H66KpDS2Ser53 INDEX_SAMPLE 

Submitted DRMAA job 42 with external jobid 581141.
[Tue Dec 19 15:21:41 2023]
Finished job 43.
1 of 7 steps (14%) done
[Tue Dec 19 15:21:51 2023]
Finished job 38.
2 of 7 steps (29%) done
[Tue Dec 19 15:21:51 2023]
Finished job 44.
3 of 7 steps (43%) done
[Tue Dec 19 15:21:51 2023]
Finished job 42.
4 of 7 steps (57%) done
Select jobs to execute...

[Tue Dec 19 15:21:51 2023]
Job 25: Creating Temp_NET subsample_whole summary

Submitted DRMAA job 25 with external jobid 581154.
Removing temporary output file Temp_NET/bams_sub/PP1H66KmDS2Ser53_hg38_subsample.txt.
Removing temporary output file Temp_NET/bams_sub/PP1H66KpDS2Ser53_hg38_subsample.txt.
Removing temporary output file Temp_NET/bams_sub/PP1H66KmDoxS2Ser5_hg38_subsample.txt.
Removing temporary output file Temp_NET/bams_sub/PP1H66KpDoxS2Ser5_hg38_subsample.txt.
[Tue Dec 19 15:22:01 2023]
Finished job 25.
5 of 7 steps (71%) done
Select jobs to execute...

[Tue Dec 19 15:22:01 2023]
Job 24: getting final results

Submitted DRMAA job 24 with external jobid 581156.
[Tue Dec 19 15:22:21 2023]
Error in rule gathering_results:
    jobid: 24
    output: Temp_NET/stats/Temp_NET_results.tsv
    log: Temp_NET/logs/results.out, Temp_NET/logs/results.err (check log file(s) for error message)

Error executing rule gathering_results on cluster (jobid: 24, external: 581156, jobscript: /beevol/home/erickson/Ben_pipelines/snakemake_pipelines/.snakemake/tmp.btcex_pm/snakejob.gathering_results.24.sh). For error details see the cluster log and the log files of the involved rule(s).
Shutting down, this might take some time.
Exiting because a job execution failed. Look above for error message
Complete log: /beevol/home/erickson/Ben_pipelines/snakemake_pipelines/.snakemake/log/2023-12-19T152119.937142.snakemake.log
