Building DAG of jobs...
Using shell: /bin/bash
Provided cluster nodes: 100
Job stats:
job         count    min threads    max threads
--------  -------  -------------  -------------
all             1              1              1
bowtiePE        4             12             12
bowtieSE        4             12             12
hisatPE         4             12             12
total          13              1             12

Select jobs to execute...

[Wed Nov 15 12:23:44 2023]
Job 15: Aligning reads with hisat2 for 293flpIN_PP1-PNUTS-H66K_mdox_DRB_ChIPseq_input

Submitted DRMAA job 15 with external jobid 566574.

[Wed Nov 15 12:23:44 2023]
Job 17: Aligning reads with hisat2 for 293flpIN_PP1-PNUTS-H66K_pdox_DRB_ChIPseq_input

Submitted DRMAA job 17 with external jobid 566575.

[Wed Nov 15 12:23:44 2023]
Job 7: Aligning reads with Bowtie2 for 293flpIN_PP1-PNUTS-H66K_mdox_DRB_ChIPseq_input

Submitted DRMAA job 7 with external jobid 566576.

[Wed Nov 15 12:23:44 2023]
Job 9: Aligning reads with Bowtie2 for 293flpIN_PP1-PNUTS-H66K_pdox_DRB_ChIPseq_input

Submitted DRMAA job 9 with external jobid 566577.

[Wed Nov 15 12:23:45 2023]
Job 12: Aligning reads with Bowtie2 for 293flpIN_PP1-PNUTS-H66K_pdox_DRB_ChIPseq_CTD

Submitted DRMAA job 12 with external jobid 566578.

[Wed Nov 15 12:23:45 2023]
Job 13: Aligning reads with Bowtie2 for 293flpIN_PP1-PNUTS-H66K_pdox_DRB_ChIPseq_input

Submitted DRMAA job 13 with external jobid 566579.

[Wed Nov 15 12:23:45 2023]
Job 16: Aligning reads with hisat2 for 293flpIN_PP1-PNUTS-H66K_pdox_DRB_ChIPseq_CTD

Submitted DRMAA job 16 with external jobid 566580.

[Wed Nov 15 12:23:45 2023]
Job 6: Aligning reads with Bowtie2 for 293flpIN_PP1-PNUTS-H66K_mdox_DRB_ChIPseq_CTD

Submitted DRMAA job 6 with external jobid 566581.

[Wed Nov 15 12:23:45 2023]
Job 8: Aligning reads with Bowtie2 for 293flpIN_PP1-PNUTS-H66K_pdox_DRB_ChIPseq_CTD

Submitted DRMAA job 8 with external jobid 566582.

[Wed Nov 15 12:23:45 2023]
Job 10: Aligning reads with Bowtie2 for 293flpIN_PP1-PNUTS-H66K_mdox_DRB_ChIPseq_CTD

Submitted DRMAA job 10 with external jobid 566583.

[Wed Nov 15 12:23:45 2023]
Job 11: Aligning reads with Bowtie2 for 293flpIN_PP1-PNUTS-H66K_mdox_DRB_ChIPseq_input

Submitted DRMAA job 11 with external jobid 566584.

[Wed Nov 15 12:23:45 2023]
Job 14: Aligning reads with hisat2 for 293flpIN_PP1-PNUTS-H66K_mdox_DRB_ChIPseq_CTD

Submitted DRMAA job 14 with external jobid 566585.
[Wed Nov 15 12:23:54 2023]
Error in rule hisatPE:
    jobid: 15
    output: Temp/293flpIN_PP1-PNUTS-H66K_mdox_DRB_ChIPseq_input_hg38.bam, Temp/bams/293flpIN_PP1-PNUTS-H66K_mdox_DRB_ChIPseq_input_hisat_stats.txt
    log: Temp/logs/293flpIN_PP1-PNUTS-H66K_mdox_DRB_ChIPseq_input_hisat.out, Temp/logs/293flpIN_PP1-PNUTS-H66K_mdox_DRB_ChIPseq_input_hisat.err (check log file(s) for error message)
    shell:
        
        hisat2             -p 12             -x /beevol/home/erickson/ref/hg38_mm10/hg38_mm10             -1 Temp/293flpIN_PP1-PNUTS-H66K_mdox_DRB_ChIPseq_input_R1.fastq.gz             -2 Temp/293flpIN_PP1-PNUTS-H66K_mdox_DRB_ChIPseq_input_R2.fastq.gz              --add-chrname --no-softclip              2> Temp/bams/293flpIN_PP1-PNUTS-H66K_mdox_DRB_ChIPseq_input_hisat_stats.txt             | samtools view  -bF4q30  -             > Temp/293flpIN_PP1-PNUTS-H66K_mdox_DRB_ChIPseq_input_hg38.bam
        
        
        (one of the commands exited with non-zero exit code; note that snakemake uses bash strict mode!)

Error executing rule hisatPE on cluster (jobid: 15, external: 566574, jobscript: /beevol/home/erickson/Ben_pipelines/snakemake_pipelines/.snakemake/tmp.v4i5k9vj/snakejob.hisatPE.15.sh). For error details see the cluster log and the log files of the involved rule(s).
[Wed Nov 15 12:23:54 2023]
Error in rule hisatPE:
    jobid: 17
    output: Temp/293flpIN_PP1-PNUTS-H66K_pdox_DRB_ChIPseq_input_hg38.bam, Temp/bams/293flpIN_PP1-PNUTS-H66K_pdox_DRB_ChIPseq_input_hisat_stats.txt
    log: Temp/logs/293flpIN_PP1-PNUTS-H66K_pdox_DRB_ChIPseq_input_hisat.out, Temp/logs/293flpIN_PP1-PNUTS-H66K_pdox_DRB_ChIPseq_input_hisat.err (check log file(s) for error message)
    shell:
        
        hisat2             -p 12             -x /beevol/home/erickson/ref/hg38_mm10/hg38_mm10             -1 Temp/293flpIN_PP1-PNUTS-H66K_pdox_DRB_ChIPseq_input_R1.fastq.gz             -2 Temp/293flpIN_PP1-PNUTS-H66K_pdox_DRB_ChIPseq_input_R2.fastq.gz              --add-chrname --no-softclip              2> Temp/bams/293flpIN_PP1-PNUTS-H66K_pdox_DRB_ChIPseq_input_hisat_stats.txt             | samtools view  -bF4q30  -             > Temp/293flpIN_PP1-PNUTS-H66K_pdox_DRB_ChIPseq_input_hg38.bam
        
        
        (one of the commands exited with non-zero exit code; note that snakemake uses bash strict mode!)

Removing output files of failed job hisatPE since they might be corrupted:
Temp/293flpIN_PP1-PNUTS-H66K_mdox_DRB_ChIPseq_input_hg38.bam
Error executing rule hisatPE on cluster (jobid: 17, external: 566575, jobscript: /beevol/home/erickson/Ben_pipelines/snakemake_pipelines/.snakemake/tmp.v4i5k9vj/snakejob.hisatPE.17.sh). For error details see the cluster log and the log files of the involved rule(s).
Removing output files of failed job hisatPE since they might be corrupted:
Temp/293flpIN_PP1-PNUTS-H66K_pdox_DRB_ChIPseq_input_hg38.bam
[Wed Nov 15 12:23:54 2023]
Error in rule hisatPE:
    jobid: 16
    output: Temp/293flpIN_PP1-PNUTS-H66K_pdox_DRB_ChIPseq_CTD_hg38.bam, Temp/bams/293flpIN_PP1-PNUTS-H66K_pdox_DRB_ChIPseq_CTD_hisat_stats.txt
    log: Temp/logs/293flpIN_PP1-PNUTS-H66K_pdox_DRB_ChIPseq_CTD_hisat.out, Temp/logs/293flpIN_PP1-PNUTS-H66K_pdox_DRB_ChIPseq_CTD_hisat.err (check log file(s) for error message)
    shell:
        
        hisat2             -p 12             -x /beevol/home/erickson/ref/hg38_mm10/hg38_mm10             -1 Temp/293flpIN_PP1-PNUTS-H66K_pdox_DRB_ChIPseq_CTD_R1.fastq.gz             -2 Temp/293flpIN_PP1-PNUTS-H66K_pdox_DRB_ChIPseq_CTD_R2.fastq.gz              --add-chrname --no-softclip              2> Temp/bams/293flpIN_PP1-PNUTS-H66K_pdox_DRB_ChIPseq_CTD_hisat_stats.txt             | samtools view  -bF4q30  -             > Temp/293flpIN_PP1-PNUTS-H66K_pdox_DRB_ChIPseq_CTD_hg38.bam
        
        
        (one of the commands exited with non-zero exit code; note that snakemake uses bash strict mode!)

Error executing rule hisatPE on cluster (jobid: 16, external: 566580, jobscript: /beevol/home/erickson/Ben_pipelines/snakemake_pipelines/.snakemake/tmp.v4i5k9vj/snakejob.hisatPE.16.sh). For error details see the cluster log and the log files of the involved rule(s).
[Wed Nov 15 12:24:05 2023]
Error in rule hisatPE:
    jobid: 14
    output: Temp/293flpIN_PP1-PNUTS-H66K_mdox_DRB_ChIPseq_CTD_hg38.bam, Temp/bams/293flpIN_PP1-PNUTS-H66K_mdox_DRB_ChIPseq_CTD_hisat_stats.txt
    log: Temp/logs/293flpIN_PP1-PNUTS-H66K_mdox_DRB_ChIPseq_CTD_hisat.out, Temp/logs/293flpIN_PP1-PNUTS-H66K_mdox_DRB_ChIPseq_CTD_hisat.err (check log file(s) for error message)
    shell:
        
        hisat2             -p 12             -x /beevol/home/erickson/ref/hg38_mm10/hg38_mm10             -1 Temp/293flpIN_PP1-PNUTS-H66K_mdox_DRB_ChIPseq_CTD_R1.fastq.gz             -2 Temp/293flpIN_PP1-PNUTS-H66K_mdox_DRB_ChIPseq_CTD_R2.fastq.gz              --add-chrname --no-softclip              2> Temp/bams/293flpIN_PP1-PNUTS-H66K_mdox_DRB_ChIPseq_CTD_hisat_stats.txt             | samtools view  -bF4q30  -             > Temp/293flpIN_PP1-PNUTS-H66K_mdox_DRB_ChIPseq_CTD_hg38.bam
        
        
        (one of the commands exited with non-zero exit code; note that snakemake uses bash strict mode!)

Error executing rule hisatPE on cluster (jobid: 14, external: 566585, jobscript: /beevol/home/erickson/Ben_pipelines/snakemake_pipelines/.snakemake/tmp.v4i5k9vj/snakejob.hisatPE.14.sh). For error details see the cluster log and the log files of the involved rule(s).
[Wed Nov 15 12:24:25 2023]
Error in rule bowtieSE:
    jobid: 11
    output: Temp/293flpIN_PP1-PNUTS-H66K_mdox_DRB_ChIPseq_input_hg38.bam, Temp/bams/293flpIN_PP1-PNUTS-H66K_mdox_DRB_ChIPseq_input_bowtie_SE_stats.txt
    log: Temp/logs/293flpIN_PP1-PNUTS-H66K_mdox_DRB_ChIPseq_input_bowtie_SE.out, Temp/logs/293flpIN_PP1-PNUTS-H66K_mdox_DRB_ChIPseq_input_bowtie_SE.err (check log file(s) for error message)
    shell:
        
        bowtie2             -p 12             -x /beevol/home/erickson/ref/hg38_mm10/hg38_mm10             -U Temp/293flpIN_PP1-PNUTS-H66K_mdox_DRB_ChIPseq_input_R1.fastq.gz 
             --local --no-mixed --no-discordant              2> Temp/bams/293flpIN_PP1-PNUTS-H66K_mdox_DRB_ChIPseq_input_bowtie_SE_stats.txt             | samtools view  -bF4q30  -             > Temp/293flpIN_PP1-PNUTS-H66K_mdox_DRB_ChIPseq_input_hg38.bam
        
        
        (one of the commands exited with non-zero exit code; note that snakemake uses bash strict mode!)

Error executing rule bowtieSE on cluster (jobid: 11, external: 566584, jobscript: /beevol/home/erickson/Ben_pipelines/snakemake_pipelines/.snakemake/tmp.v4i5k9vj/snakejob.bowtieSE.11.sh). For error details see the cluster log and the log files of the involved rule(s).
[Wed Nov 15 12:24:45 2023]
Error in rule bowtiePE:
    jobid: 7
    output: Temp/293flpIN_PP1-PNUTS-H66K_mdox_DRB_ChIPseq_input_hg38.bam, Temp/bams/293flpIN_PP1-PNUTS-H66K_mdox_DRB_ChIPseq_input_bowtie_stats.txt
    log: Temp/logs/293flpIN_PP1-PNUTS-H66K_mdox_DRB_ChIPseq_input_bowtie.out, Temp/logs/293flpIN_PP1-PNUTS-H66K_mdox_DRB_ChIPseq_input_bowtie.err (check log file(s) for error message)
    shell:
        
        bowtie2             -p 12             -x /beevol/home/erickson/ref/hg38_mm10/hg38_mm10             -1 Temp/293flpIN_PP1-PNUTS-H66K_mdox_DRB_ChIPseq_input_R1.fastq.gz             -2 Temp/293flpIN_PP1-PNUTS-H66K_mdox_DRB_ChIPseq_input_R2.fastq.gz              --local --no-mixed --no-discordant              2> Temp/bams/293flpIN_PP1-PNUTS-H66K_mdox_DRB_ChIPseq_input_bowtie_stats.txt             | samtools view  -bF4q30  -             > Temp/293flpIN_PP1-PNUTS-H66K_mdox_DRB_ChIPseq_input_hg38.bam
        
        
        (one of the commands exited with non-zero exit code; note that snakemake uses bash strict mode!)

Error executing rule bowtiePE on cluster (jobid: 7, external: 566576, jobscript: /beevol/home/erickson/Ben_pipelines/snakemake_pipelines/.snakemake/tmp.v4i5k9vj/snakejob.bowtiePE.7.sh). For error details see the cluster log and the log files of the involved rule(s).
[Wed Nov 15 12:33:41 2023]
Error in rule bowtieSE:
    jobid: 13
    output: Temp/293flpIN_PP1-PNUTS-H66K_pdox_DRB_ChIPseq_input_hg38.bam, Temp/bams/293flpIN_PP1-PNUTS-H66K_pdox_DRB_ChIPseq_input_bowtie_SE_stats.txt
    log: Temp/logs/293flpIN_PP1-PNUTS-H66K_pdox_DRB_ChIPseq_input_bowtie_SE.out, Temp/logs/293flpIN_PP1-PNUTS-H66K_pdox_DRB_ChIPseq_input_bowtie_SE.err (check log file(s) for error message)
    shell:
        
        bowtie2             -p 12             -x /beevol/home/erickson/ref/hg38_mm10/hg38_mm10             -U Temp/293flpIN_PP1-PNUTS-H66K_pdox_DRB_ChIPseq_input_R1.fastq.gz 
             --local --no-mixed --no-discordant              2> Temp/bams/293flpIN_PP1-PNUTS-H66K_pdox_DRB_ChIPseq_input_bowtie_SE_stats.txt             | samtools view  -bF4q30  -             > Temp/293flpIN_PP1-PNUTS-H66K_pdox_DRB_ChIPseq_input_hg38.bam
        
        
        (one of the commands exited with non-zero exit code; note that snakemake uses bash strict mode!)

Error executing rule bowtieSE on cluster (jobid: 13, external: 566579, jobscript: /beevol/home/erickson/Ben_pipelines/snakemake_pipelines/.snakemake/tmp.v4i5k9vj/snakejob.bowtieSE.13.sh). For error details see the cluster log and the log files of the involved rule(s).
[Wed Nov 15 12:37:02 2023]
Error in rule bowtiePE:
    jobid: 9
    output: Temp/293flpIN_PP1-PNUTS-H66K_pdox_DRB_ChIPseq_input_hg38.bam, Temp/bams/293flpIN_PP1-PNUTS-H66K_pdox_DRB_ChIPseq_input_bowtie_stats.txt
    log: Temp/logs/293flpIN_PP1-PNUTS-H66K_pdox_DRB_ChIPseq_input_bowtie.out, Temp/logs/293flpIN_PP1-PNUTS-H66K_pdox_DRB_ChIPseq_input_bowtie.err (check log file(s) for error message)
    shell:
        
        bowtie2             -p 12             -x /beevol/home/erickson/ref/hg38_mm10/hg38_mm10             -1 Temp/293flpIN_PP1-PNUTS-H66K_pdox_DRB_ChIPseq_input_R1.fastq.gz             -2 Temp/293flpIN_PP1-PNUTS-H66K_pdox_DRB_ChIPseq_input_R2.fastq.gz              --local --no-mixed --no-discordant              2> Temp/bams/293flpIN_PP1-PNUTS-H66K_pdox_DRB_ChIPseq_input_bowtie_stats.txt             | samtools view  -bF4q30  -             > Temp/293flpIN_PP1-PNUTS-H66K_pdox_DRB_ChIPseq_input_hg38.bam
        
        
        (one of the commands exited with non-zero exit code; note that snakemake uses bash strict mode!)

Error executing rule bowtiePE on cluster (jobid: 9, external: 566577, jobscript: /beevol/home/erickson/Ben_pipelines/snakemake_pipelines/.snakemake/tmp.v4i5k9vj/snakejob.bowtiePE.9.sh). For error details see the cluster log and the log files of the involved rule(s).
[Wed Nov 15 13:10:39 2023]
Error in rule bowtieSE:
    jobid: 12
    output: Temp/293flpIN_PP1-PNUTS-H66K_pdox_DRB_ChIPseq_CTD_hg38.bam, Temp/bams/293flpIN_PP1-PNUTS-H66K_pdox_DRB_ChIPseq_CTD_bowtie_SE_stats.txt
    log: Temp/logs/293flpIN_PP1-PNUTS-H66K_pdox_DRB_ChIPseq_CTD_bowtie_SE.out, Temp/logs/293flpIN_PP1-PNUTS-H66K_pdox_DRB_ChIPseq_CTD_bowtie_SE.err (check log file(s) for error message)
    shell:
        
        bowtie2             -p 12             -x /beevol/home/erickson/ref/hg38_mm10/hg38_mm10             -U Temp/293flpIN_PP1-PNUTS-H66K_pdox_DRB_ChIPseq_CTD_R1.fastq.gz 
             --local --no-mixed --no-discordant              2> Temp/bams/293flpIN_PP1-PNUTS-H66K_pdox_DRB_ChIPseq_CTD_bowtie_SE_stats.txt             | samtools view  -bF4q30  -             > Temp/293flpIN_PP1-PNUTS-H66K_pdox_DRB_ChIPseq_CTD_hg38.bam
        
        
        (one of the commands exited with non-zero exit code; note that snakemake uses bash strict mode!)

Error executing rule bowtieSE on cluster (jobid: 12, external: 566578, jobscript: /beevol/home/erickson/Ben_pipelines/snakemake_pipelines/.snakemake/tmp.v4i5k9vj/snakejob.bowtieSE.12.sh). For error details see the cluster log and the log files of the involved rule(s).
[Wed Nov 15 13:21:13 2023]
Error in rule bowtieSE:
    jobid: 10
    output: Temp/293flpIN_PP1-PNUTS-H66K_mdox_DRB_ChIPseq_CTD_hg38.bam, Temp/bams/293flpIN_PP1-PNUTS-H66K_mdox_DRB_ChIPseq_CTD_bowtie_SE_stats.txt
    log: Temp/logs/293flpIN_PP1-PNUTS-H66K_mdox_DRB_ChIPseq_CTD_bowtie_SE.out, Temp/logs/293flpIN_PP1-PNUTS-H66K_mdox_DRB_ChIPseq_CTD_bowtie_SE.err (check log file(s) for error message)
    shell:
        
        bowtie2             -p 12             -x /beevol/home/erickson/ref/hg38_mm10/hg38_mm10             -U Temp/293flpIN_PP1-PNUTS-H66K_mdox_DRB_ChIPseq_CTD_R1.fastq.gz 
             --local --no-mixed --no-discordant              2> Temp/bams/293flpIN_PP1-PNUTS-H66K_mdox_DRB_ChIPseq_CTD_bowtie_SE_stats.txt             | samtools view  -bF4q30  -             > Temp/293flpIN_PP1-PNUTS-H66K_mdox_DRB_ChIPseq_CTD_hg38.bam
        
        
        (one of the commands exited with non-zero exit code; note that snakemake uses bash strict mode!)

Error executing rule bowtieSE on cluster (jobid: 10, external: 566583, jobscript: /beevol/home/erickson/Ben_pipelines/snakemake_pipelines/.snakemake/tmp.v4i5k9vj/snakejob.bowtieSE.10.sh). For error details see the cluster log and the log files of the involved rule(s).
[Wed Nov 15 13:53:36 2023]
Error in rule bowtiePE:
    jobid: 8
    output: Temp/293flpIN_PP1-PNUTS-H66K_pdox_DRB_ChIPseq_CTD_hg38.bam, Temp/bams/293flpIN_PP1-PNUTS-H66K_pdox_DRB_ChIPseq_CTD_bowtie_stats.txt
    log: Temp/logs/293flpIN_PP1-PNUTS-H66K_pdox_DRB_ChIPseq_CTD_bowtie.out, Temp/logs/293flpIN_PP1-PNUTS-H66K_pdox_DRB_ChIPseq_CTD_bowtie.err (check log file(s) for error message)
    shell:
        
        bowtie2             -p 12             -x /beevol/home/erickson/ref/hg38_mm10/hg38_mm10             -1 Temp/293flpIN_PP1-PNUTS-H66K_pdox_DRB_ChIPseq_CTD_R1.fastq.gz             -2 Temp/293flpIN_PP1-PNUTS-H66K_pdox_DRB_ChIPseq_CTD_R2.fastq.gz              --local --no-mixed --no-discordant              2> Temp/bams/293flpIN_PP1-PNUTS-H66K_pdox_DRB_ChIPseq_CTD_bowtie_stats.txt             | samtools view  -bF4q30  -             > Temp/293flpIN_PP1-PNUTS-H66K_pdox_DRB_ChIPseq_CTD_hg38.bam
        
        
        (one of the commands exited with non-zero exit code; note that snakemake uses bash strict mode!)

Error executing rule bowtiePE on cluster (jobid: 8, external: 566582, jobscript: /beevol/home/erickson/Ben_pipelines/snakemake_pipelines/.snakemake/tmp.v4i5k9vj/snakejob.bowtiePE.8.sh). For error details see the cluster log and the log files of the involved rule(s).
[Wed Nov 15 14:07:20 2023]
Error in rule bowtiePE:
    jobid: 6
    output: Temp/293flpIN_PP1-PNUTS-H66K_mdox_DRB_ChIPseq_CTD_hg38.bam, Temp/bams/293flpIN_PP1-PNUTS-H66K_mdox_DRB_ChIPseq_CTD_bowtie_stats.txt
    log: Temp/logs/293flpIN_PP1-PNUTS-H66K_mdox_DRB_ChIPseq_CTD_bowtie.out, Temp/logs/293flpIN_PP1-PNUTS-H66K_mdox_DRB_ChIPseq_CTD_bowtie.err (check log file(s) for error message)
    shell:
        
        bowtie2             -p 12             -x /beevol/home/erickson/ref/hg38_mm10/hg38_mm10             -1 Temp/293flpIN_PP1-PNUTS-H66K_mdox_DRB_ChIPseq_CTD_R1.fastq.gz             -2 Temp/293flpIN_PP1-PNUTS-H66K_mdox_DRB_ChIPseq_CTD_R2.fastq.gz              --local --no-mixed --no-discordant              2> Temp/bams/293flpIN_PP1-PNUTS-H66K_mdox_DRB_ChIPseq_CTD_bowtie_stats.txt             | samtools view  -bF4q30  -             > Temp/293flpIN_PP1-PNUTS-H66K_mdox_DRB_ChIPseq_CTD_hg38.bam
        
        
        (one of the commands exited with non-zero exit code; note that snakemake uses bash strict mode!)

Error executing rule bowtiePE on cluster (jobid: 6, external: 566581, jobscript: /beevol/home/erickson/Ben_pipelines/snakemake_pipelines/.snakemake/tmp.v4i5k9vj/snakejob.bowtiePE.6.sh). For error details see the cluster log and the log files of the involved rule(s).
Shutting down, this might take some time.
Exiting because a job execution failed. Look above for error message
Complete log: /beevol/home/erickson/Ben_pipelines/snakemake_pipelines/.snakemake/log/2023-11-15T122342.731079.snakemake.log
