Building DAG of jobs...
The params used to generate one or several output files has changed:
    To inspect which output files have changes, run 'snakemake --list-params-changes'.
    To trigger a re-run, use 'snakemake -R $(snakemake --list-params-changes)'.
Using shell: /bin/bash
Provided cluster nodes: 100
Job stats:
job                            count    min threads    max threads
---------------------------  -------  -------------  -------------
align_filter_sample                1             12             12
align_filter_sample_spikein        1             12             12
all                                1              1              1
bamCoverage                        2             12             12
bamCoverage_spike                  2             12             12
bamCoverage_spike_summary          1              1              1
bamCoverage_summary                1              1              1
bowtiePE_summmary                  1              1              1
bowtie_counts_spikein              2              1              1
calculating_OR                     2              1              1
fragment_size_samp                 1             12             12
gathering_OR_results               1              1              1
gathering_results                  1              1              1
total                             17              1             12

Select jobs to execute...

[Fri Dec 15 10:21:01 2023]
Job 26: filtering reads PP1H66KmDS2Ser53

Submitted DRMAA job 26 with external jobid 579361.

[Fri Dec 15 10:21:02 2023]
Job 39: getting OR norm for PP1H66KSer5-r2

Submitted DRMAA job 39 with external jobid 579362.

[Fri Dec 15 10:21:02 2023]
Job 20: summmary Bowtie2 for

Submitted DRMAA job 20 with external jobid 579363.

[Fri Dec 15 10:21:02 2023]
Job 30: filtering spike in reads PP1H66KmDS2Ser53

Submitted DRMAA job 30 with external jobid 579364.

[Fri Dec 15 10:21:02 2023]
Job 38: Bowtie2 counts_spikin for PP1H66KpDS2Ser53

Submitted DRMAA job 38 with external jobid 579365.
Removing temporary output file Temp2/bams/PP1H66KmDS2Ser53_hg38_mm10_bowtie_stats.txt.
Removing temporary output file Temp2/bams/PP1H66KpDS2Ser53_hg38_mm10_bowtie_stats.txt.
Removing temporary output file Temp2/bams/PP1H66KmDoxS2Ser5_hg38_mm10_bowtie_stats.txt.
Removing temporary output file Temp2/bams/PP1H66KpDoxS2Ser5_hg38_mm10_bowtie_stats.txt.
[Fri Dec 15 10:21:10 2023]
Finished job 20.
1 of 17 steps (6%) done
[Fri Dec 15 10:21:21 2023]
Finished job 39.
2 of 17 steps (12%) done
[Fri Dec 15 10:21:21 2023]
Finished job 30.
3 of 17 steps (18%) done
[Fri Dec 15 10:21:21 2023]
Finished job 38.
4 of 17 steps (24%) done
Removing temporary output file Temp2/PP1H66KmDS2Ser53_hg38_mm10.bam.bai.
Removing temporary output file Temp2/PP1H66KmDS2Ser53_hg38_mm10.bam.
[Fri Dec 15 10:22:41 2023]
Finished job 26.
5 of 17 steps (29%) done
Select jobs to execute...

[Fri Dec 15 10:22:41 2023]
Job 25: fragment size of mapped paired end reads for sample

Submitted DRMAA job 25 with external jobid 579366.

[Fri Dec 15 10:22:41 2023]
Job 37: Bowtie2 counts_spikin for PP1H66KmDS2Ser53

Submitted DRMAA job 37 with external jobid 579367.
[Fri Dec 15 10:23:01 2023]
Finished job 37.
6 of 17 steps (35%) done
Select jobs to execute...

[Fri Dec 15 10:23:01 2023]
Job 36: getting OR norm for PP1H66KSer5-r3

Submitted DRMAA job 36 with external jobid 579368.
[Fri Dec 15 10:23:11 2023]
Finished job 36.
7 of 17 steps (41%) done
Select jobs to execute...

[Fri Dec 15 10:23:11 2023]
Job 35: getting final results

Submitted DRMAA job 35 with external jobid 579369.
Removing temporary output file Temp2/counts/PP1H66KSer5-r3_OR_count.txt.
Removing temporary output file Temp2/counts/PP1H66KSer5-r2_OR_count.txt.
[Fri Dec 15 10:23:21 2023]
Finished job 35.
8 of 17 steps (47%) done
Select jobs to execute...

[Fri Dec 15 10:23:21 2023]
Job 34: getting final results

Submitted DRMAA job 34 with external jobid 579370.
[Fri Dec 15 10:23:31 2023]
Finished job 34.
9 of 17 steps (53%) done
Select jobs to execute...

[Fri Dec 15 10:23:31 2023]
Job 46: Aligning reads with bamCoverage_spike for PP1H66KSer5-r2

Submitted DRMAA job 46 with external jobid 579371.

[Fri Dec 15 10:23:31 2023]
Job 47: Aligning reads with bamCoverage_spike for PP1H66KSer5-r3

Submitted DRMAA job 47 with external jobid 579372.

[Fri Dec 15 10:23:32 2023]
Job 43: Aligning reads with bamCoverage for PP1H66KSer5-r2

Submitted DRMAA job 43 with external jobid 579373.

[Fri Dec 15 10:23:32 2023]
Job 44: Aligning reads with bamCoverage for PP1H66KSer5-r3

Submitted DRMAA job 44 with external jobid 579374.
[Fri Dec 15 10:24:42 2023]
Finished job 46.
10 of 17 steps (59%) done
[Fri Dec 15 10:24:42 2023]
Finished job 47.
11 of 17 steps (65%) done
Select jobs to execute...

[Fri Dec 15 10:24:42 2023]
Job 45: Creating Temp2 bamCoverage_spike summary

Submitted DRMAA job 45 with external jobid 579375.
Removing temporary output file Temp2/bw/PP1H66KSer5-r2_spike_bamCoverage_stats.txt.
Removing temporary output file Temp2/bw/PP1H66KSer5-r3_spike_bamCoverage_stats.txt.
[Fri Dec 15 10:24:52 2023]
Finished job 45.
12 of 17 steps (71%) done
[Fri Dec 15 10:25:02 2023]
Finished job 43.
13 of 17 steps (76%) done
[Fri Dec 15 10:25:12 2023]
Finished job 44.
14 of 17 steps (82%) done
Select jobs to execute...

[Fri Dec 15 10:25:12 2023]
Job 42: Creating Temp2 bamCoverage summary

Submitted DRMAA job 42 with external jobid 579376.
Removing temporary output file Temp2/bw/PP1H66KSer5-r2_bamCoverage_stats.txt.
Removing temporary output file Temp2/bw/PP1H66KSer5-r3_bamCoverage_stats.txt.
[Fri Dec 15 10:25:22 2023]
Finished job 42.
15 of 17 steps (88%) done
Terminating processes on user request, this might take some time.
The params used to generate one or several output files has changed:
    To inspect which output files have changes, run 'snakemake --list-params-changes'.
    To trigger a re-run, use 'snakemake -R $(snakemake --list-params-changes)'.
Complete log: /beevol/home/erickson/Ben_pipelines/snakemake_pipelines/.snakemake/log/2023-12-15T102100.297690.snakemake.log
