Building DAG of jobs...
The code used to generate one or several output files has changed:
    To inspect which output files have changes, run 'snakemake --list-code-changes'.
    To trigger a re-run, use 'snakemake -R $(snakemake --list-code-changes)'.
The params used to generate one or several output files has changed:
    To inspect which output files have changes, run 'snakemake --list-params-changes'.
    To trigger a re-run, use 'snakemake -R $(snakemake --list-params-changes)'.
Using shell: /bin/bash
Provided cluster nodes: 100
Job stats:
job                    count    min threads    max threads
-------------------  -------  -------------  -------------
all                        1              1              1
bamCoverage                2             12             12
bamCoverage_summary        1              1              1
fragment_results           1              1              1
fragment_size              1             12             12
total                      6              1             12

Select jobs to execute...

[Tue Dec 19 11:33:23 2023]
Job 35: fragment size of mapped paired end reads

Submitted DRMAA job 35 with external jobid 580693.

[Tue Dec 19 11:33:23 2023]
Job 37: stranded bigwigs with reads in R2-R1 orentation for PP1H66KSer5-r2

Submitted DRMAA job 37 with external jobid 580694.

[Tue Dec 19 11:33:23 2023]
Job 38: stranded bigwigs with reads in R2-R1 orentation for PP1H66KSer5-r3

Submitted DRMAA job 38 with external jobid 580695.
[Tue Dec 19 11:36:12 2023]
Finished job 37.
1 of 6 steps (17%) done
[Tue Dec 19 11:36:33 2023]
Finished job 38.
2 of 6 steps (33%) done
Select jobs to execute...

[Tue Dec 19 11:36:33 2023]
Job 36: Creating Temp_HS bamCoverage summary

Submitted DRMAA job 36 with external jobid 580698.
Removing temporary output file Temp_HS/bw/PP1H66KSer5-r2_bamCoverage_stats.txt.
Removing temporary output file Temp_HS/bw/PP1H66KSer5-r3_bamCoverage_stats.txt.
[Tue Dec 19 11:36:43 2023]
Finished job 36.
3 of 6 steps (50%) done
Terminating processes on user request, this might take some time.
The code used to generate one or several output files has changed:
    To inspect which output files have changes, run 'snakemake --list-code-changes'.
    To trigger a re-run, use 'snakemake -R $(snakemake --list-code-changes)'.
The params used to generate one or several output files has changed:
    To inspect which output files have changes, run 'snakemake --list-params-changes'.
    To trigger a re-run, use 'snakemake -R $(snakemake --list-params-changes)'.
Complete log: /beevol/home/erickson/Ben_pipelines/snakemake_pipelines/.snakemake/log/2023-12-19T113320.942688.snakemake.log
