Building DAG of jobs...
Using shell: /bin/bash
Provided cluster nodes: 100
Job stats:
job                            count    min threads    max threads
---------------------------  -------  -------------  -------------
align_filter_sample                4             12             12
align_filter_sample_spikein        4             12             12
all                                1              1              1
bbduk_paired                       4             12             12
bbduk_summary                      1              1              1
bowtiePE                           4             12             12
bowtiePE_summmary                  1              1              1
bowtie_counts_spikein              4              1              1
clumpify_paired                    4              1              1
clumpify_summary                   1              1              1
total                             28              1             12

Select jobs to execute...

[Fri Nov 17 10:27:50 2023]
Job 12: Removing duplicats for PP1H66KpDS2Ser53

Submitted DRMAA job 12 with external jobid 567844.

[Fri Nov 17 10:27:51 2023]
Job 14: Removing duplicats for PP1H66KpDoxS2Ser5

Submitted DRMAA job 14 with external jobid 567845.

[Fri Nov 17 10:27:51 2023]
Job 11: Removing duplicats for PP1H66KmDS2Ser53

Submitted DRMAA job 11 with external jobid 567846.

[Fri Nov 17 10:27:51 2023]
Job 13: Removing duplicats for PP1H66KmDoxS2Ser5

Submitted DRMAA job 13 with external jobid 567847.
[Fri Nov 17 10:29:21 2023]
Finished job 12.
1 of 28 steps (4%) done
Select jobs to execute...

[Fri Nov 17 10:29:21 2023]
Job 17: Removing duplicats for PP1H66KpDS2Ser53

Submitted DRMAA job 17 with external jobid 567849.
[Fri Nov 17 10:30:21 2023]
Finished job 13.
2 of 28 steps (7%) done
Select jobs to execute...

[Fri Nov 17 10:30:21 2023]
Job 18: Removing duplicats for PP1H66KmDoxS2Ser5

Submitted DRMAA job 18 with external jobid 567850.
[Fri Nov 17 10:30:32 2023]
Finished job 14.
3 of 28 steps (11%) done
Select jobs to execute...

[Fri Nov 17 10:30:32 2023]
Job 19: Removing duplicats for PP1H66KpDoxS2Ser5

Submitted DRMAA job 19 with external jobid 567851.
[Fri Nov 17 10:30:42 2023]
Finished job 11.
4 of 28 steps (14%) done
Select jobs to execute...

[Fri Nov 17 10:30:42 2023]
Job 16: Removing duplicats for PP1H66KmDS2Ser53

Submitted DRMAA job 16 with external jobid 567852.

[Fri Nov 17 10:30:42 2023]
Job 10: Creating Temp clumpify summary

Submitted DRMAA job 10 with external jobid 567853.
Removing temporary output file Temp/PP1H66KpDS2Ser53_R2_clumpify.fastq.gz.
Removing temporary output file Temp/PP1H66KpDS2Ser53_R1_clumpify.fastq.gz.
[Fri Nov 17 10:30:52 2023]
Finished job 17.
5 of 28 steps (18%) done
Select jobs to execute...

[Fri Nov 17 10:30:52 2023]
Job 22: Aligning reads with Bowtie2 for PP1H66KpDS2Ser53

Submitted DRMAA job 22 with external jobid 567854.
[Fri Nov 17 10:30:52 2023]
Finished job 10.
6 of 28 steps (21%) done
Removing temporary output file Temp/PP1H66KmDoxS2Ser5_R1_clumpify.fastq.gz.
Removing temporary output file Temp/PP1H66KmDoxS2Ser5_R2_clumpify.fastq.gz.
[Fri Nov 17 10:31:42 2023]
Finished job 18.
7 of 28 steps (25%) done
Select jobs to execute...

[Fri Nov 17 10:31:43 2023]
Job 23: Aligning reads with Bowtie2 for PP1H66KmDoxS2Ser5

Submitted DRMAA job 23 with external jobid 567855.
Removing temporary output file Temp/PP1H66KpDoxS2Ser5_R1_clumpify.fastq.gz.
Removing temporary output file Temp/PP1H66KpDoxS2Ser5_R2_clumpify.fastq.gz.
[Fri Nov 17 10:31:43 2023]
Finished job 19.
8 of 28 steps (29%) done
Select jobs to execute...

[Fri Nov 17 10:31:43 2023]
Job 24: Aligning reads with Bowtie2 for PP1H66KpDoxS2Ser5

Submitted DRMAA job 24 with external jobid 567856.
Removing temporary output file Temp/PP1H66KmDS2Ser53_R1_clumpify.fastq.gz.
Removing temporary output file Temp/PP1H66KmDS2Ser53_R2_clumpify.fastq.gz.
[Fri Nov 17 10:32:23 2023]
Finished job 16.
9 of 28 steps (32%) done
Select jobs to execute...

[Fri Nov 17 10:32:23 2023]
Job 21: Aligning reads with Bowtie2 for PP1H66KmDS2Ser53

Submitted DRMAA job 21 with external jobid 567857.

[Fri Nov 17 10:32:23 2023]
Job 15: Creating Temp bbduk summary

Submitted DRMAA job 15 with external jobid 567858.
[Fri Nov 17 10:32:34 2023]
Finished job 15.
10 of 28 steps (36%) done
Removing temporary output file Temp/PP1H66KpDoxS2Ser5_R2.fastq.gz.
Removing temporary output file Temp/PP1H66KpDoxS2Ser5_R1.fastq.gz.
[Fri Nov 17 10:36:16 2023]
Finished job 24.
11 of 28 steps (39%) done
Select jobs to execute...

[Fri Nov 17 10:36:16 2023]
Job 35: filtering reads PP1H66KpDoxS2Ser5

Submitted DRMAA job 35 with external jobid 567863.

[Fri Nov 17 10:36:16 2023]
Job 36: filtering spike in reads PP1H66KpDoxS2Ser5

Submitted DRMAA job 36 with external jobid 567864.
[Fri Nov 17 10:36:35 2023]
Finished job 36.
12 of 28 steps (43%) done
Removing temporary output file Temp/PP1H66KmDoxS2Ser5_R2.fastq.gz.
Removing temporary output file Temp/PP1H66KmDoxS2Ser5_R1.fastq.gz.
[Fri Nov 17 10:37:06 2023]
Finished job 23.
13 of 28 steps (46%) done
Select jobs to execute...

[Fri Nov 17 10:37:06 2023]
Job 32: filtering reads PP1H66KmDoxS2Ser5

Submitted DRMAA job 32 with external jobid 567865.

[Fri Nov 17 10:37:06 2023]
Job 33: filtering spike in reads PP1H66KmDoxS2Ser5

Submitted DRMAA job 33 with external jobid 567866.
Removing temporary output file Temp/PP1H66KpDoxS2Ser5_hg38_mm10.bam.bai.
Removing temporary output file Temp/PP1H66KpDoxS2Ser5_hg38_mm10.bam.
[Fri Nov 17 10:37:06 2023]
Finished job 35.
14 of 28 steps (50%) done
Select jobs to execute...

[Fri Nov 17 10:37:06 2023]
Job 34: Bowtie2 counts_spikin for PP1H66KpDoxS2Ser5

Submitted DRMAA job 34 with external jobid 567867.
[Fri Nov 17 10:37:26 2023]
Finished job 33.
15 of 28 steps (54%) done
[Fri Nov 17 10:37:26 2023]
Finished job 34.
16 of 28 steps (57%) done
Removing temporary output file Temp/PP1H66KpDS2Ser53_R2.fastq.gz.
Removing temporary output file Temp/PP1H66KpDS2Ser53_R1.fastq.gz.
[Fri Nov 17 10:38:18 2023]
Finished job 22.
17 of 28 steps (61%) done
Select jobs to execute...

[Fri Nov 17 10:38:18 2023]
Job 29: filtering reads PP1H66KpDS2Ser53

Submitted DRMAA job 29 with external jobid 567868.

[Fri Nov 17 10:38:18 2023]
Job 30: filtering spike in reads PP1H66KpDS2Ser53

Submitted DRMAA job 30 with external jobid 567869.
Removing temporary output file Temp/PP1H66KmDoxS2Ser5_hg38_mm10.bam.
Removing temporary output file Temp/PP1H66KmDoxS2Ser5_hg38_mm10.bam.bai.
[Fri Nov 17 10:38:18 2023]
Finished job 32.
18 of 28 steps (64%) done
Select jobs to execute...

[Fri Nov 17 10:38:18 2023]
Job 31: Bowtie2 counts_spikin for PP1H66KmDoxS2Ser5

Submitted DRMAA job 31 with external jobid 567870.
[Fri Nov 17 10:38:38 2023]
Finished job 30.
19 of 28 steps (68%) done
[Fri Nov 17 10:38:38 2023]
Finished job 31.
20 of 28 steps (71%) done
Removing temporary output file Temp/PP1H66KpDS2Ser53_hg38_mm10.bam.
Removing temporary output file Temp/PP1H66KpDS2Ser53_hg38_mm10.bam.bai.
[Fri Nov 17 10:39:58 2023]
Finished job 29.
21 of 28 steps (75%) done
Select jobs to execute...

[Fri Nov 17 10:39:58 2023]
Job 28: Bowtie2 counts_spikin for PP1H66KpDS2Ser53

Submitted DRMAA job 28 with external jobid 567871.
Removing temporary output file Temp/PP1H66KmDS2Ser53_R2.fastq.gz.
Removing temporary output file Temp/PP1H66KmDS2Ser53_R1.fastq.gz.
[Fri Nov 17 10:40:18 2023]
Finished job 21.
22 of 28 steps (79%) done
Select jobs to execute...
RuleException in line 48 of /beevol/home/erickson/Ben_pipelines/snakemake_pipelines/pipelines/rules/02a_align_bowtie.snake:
'Wildcards' object has no attribute 'sample'
