Building DAG of jobs...
Using shell: /bin/bash
Provided cluster nodes: 100
Job stats:
job                    count    min threads    max threads
-------------------  -------  -------------  -------------
align_filter_sample        4             12             12
all                        1              1              1
bowtieR1                   4             12             12
bowtieR1_summmary          1              1              1
bowtie_counts              4              1              1
cutadapt                   4              6              6
cutadapt_summary           1              1              1
extract_umi                4              1              1
fastqc                     8              6              6
fastqc_summary             1              1              1
gathering_results          1              1              1
total                     33              1             12

Select jobs to execute...

[Fri Nov 17 15:51:20 2023]
Job 12: Extracting UMIs for PP1H66KmDS2Ser53

Submitted DRMAA job 12 with external jobid 568039.

[Fri Nov 17 15:51:21 2023]
Job 3: Running FastQC on PP1H66KmDS2Ser53_CKDL230028616-1A_HCLMNDSX7_L4_2

Submitted DRMAA job 3 with external jobid 568040.

[Fri Nov 17 15:51:21 2023]
Job 14: Extracting UMIs for PP1H66KpDS2Ser53

Submitted DRMAA job 14 with external jobid 568041.

[Fri Nov 17 15:51:21 2023]
Job 2: Running FastQC on PP1H66KmDS2Ser53_CKDL230028616-1A_HCLMNDSX7_L4_1

Submitted DRMAA job 2 with external jobid 568042.

[Fri Nov 17 15:51:21 2023]
Job 16: Extracting UMIs for PP1H66KmDoxS2Ser5

Submitted DRMAA job 16 with external jobid 568043.

[Fri Nov 17 15:51:21 2023]
Job 4: Running FastQC on PP1H66KpDS2Ser53_CKDL230028616-1A_HCLMNDSX7_L4_1

Submitted DRMAA job 4 with external jobid 568044.

[Fri Nov 17 15:51:21 2023]
Job 18: Extracting UMIs for PP1H66KpDoxS2Ser5

Submitted DRMAA job 18 with external jobid 568045.

[Fri Nov 17 15:51:21 2023]
Job 6: Running FastQC on PP1H66KmDoxS2Ser5_CKDL230028616-1A_HCLMNDSX7_L4_1

Submitted DRMAA job 6 with external jobid 568046.

[Fri Nov 17 15:51:21 2023]
Job 8: Running FastQC on PP1H66KpDoxS2Ser5_CKDL230028616-1A_HCLMNDSX7_L4_1

Submitted DRMAA job 8 with external jobid 568047.

[Fri Nov 17 15:51:21 2023]
Job 5: Running FastQC on PP1H66KpDS2Ser53_CKDL230028616-1A_HCLMNDSX7_L4_2

Submitted DRMAA job 5 with external jobid 568048.

[Fri Nov 17 15:51:21 2023]
Job 7: Running FastQC on PP1H66KmDoxS2Ser5_CKDL230028616-1A_HCLMNDSX7_L4_2

Submitted DRMAA job 7 with external jobid 568049.

[Fri Nov 17 15:51:21 2023]
Job 9: Running FastQC on PP1H66KpDoxS2Ser5_CKDL230028616-1A_HCLMNDSX7_L4_2

Submitted DRMAA job 9 with external jobid 568050.
[Fri Nov 17 15:55:56 2023]
Finished job 3.
1 of 33 steps (3%) done
[Fri Nov 17 15:56:08 2023]
Finished job 2.
2 of 33 steps (6%) done
[Fri Nov 17 15:56:08 2023]
Finished job 4.
3 of 33 steps (9%) done
[Fri Nov 17 15:56:19 2023]
Finished job 7.
4 of 33 steps (12%) done
[Fri Nov 17 15:56:59 2023]
Finished job 5.
5 of 33 steps (15%) done
[Fri Nov 17 15:57:09 2023]
Finished job 8.
6 of 33 steps (18%) done
[Fri Nov 17 15:57:29 2023]
Finished job 6.
7 of 33 steps (21%) done
[Fri Nov 17 16:01:32 2023]
Finished job 9.
8 of 33 steps (24%) done
Select jobs to execute...

[Fri Nov 17 16:01:32 2023]
Job 1: Creating Temp_UMI FastQC summary

Submitted DRMAA job 1 with external jobid 568051.
[Fri Nov 17 16:01:42 2023]
Finished job 1.
9 of 33 steps (27%) done
[Fri Nov 17 16:10:16 2023]
Finished job 16.
10 of 33 steps (30%) done
Select jobs to execute...

[Fri Nov 17 16:10:16 2023]
Job 15: Running cutadapt on PP1H66KmDoxS2Ser5

Submitted DRMAA job 15 with external jobid 568052.
[Fri Nov 17 16:11:27 2023]
Finished job 14.
11 of 33 steps (33%) done
Select jobs to execute...

[Fri Nov 17 16:11:27 2023]
Job 13: Running cutadapt on PP1H66KpDS2Ser53

Submitted DRMAA job 13 with external jobid 568066.
[Fri Nov 17 16:11:37 2023]
Finished job 12.
12 of 33 steps (36%) done
Select jobs to execute...

[Fri Nov 17 16:11:37 2023]
Job 11: Running cutadapt on PP1H66KmDS2Ser53

Submitted DRMAA job 11 with external jobid 568067.
Removing temporary output file Temp_UMI/PP1H66KmDoxS2Ser5_R2_umi.fastq.gz.
Removing temporary output file Temp_UMI/PP1H66KmDoxS2Ser5_R1_umi.fastq.gz.
Removing temporary output file Temp_UMI/PP1H66KmDoxS2Ser5_R2.fastq.gz.
[Fri Nov 17 16:11:47 2023]
Finished job 15.
13 of 33 steps (39%) done
Select jobs to execute...

[Fri Nov 17 16:11:47 2023]
Job 22: Aligning reads with Bowtie2 for PP1H66KmDoxS2Ser5

Submitted DRMAA job 22 with external jobid 568068.
Removing temporary output file Temp_UMI/PP1H66KpDS2Ser53_R2_umi.fastq.gz.
Removing temporary output file Temp_UMI/PP1H66KpDS2Ser53_R1_umi.fastq.gz.
Removing temporary output file Temp_UMI/PP1H66KpDS2Ser53_R2.fastq.gz.
[Fri Nov 17 16:13:17 2023]
Finished job 13.
14 of 33 steps (42%) done
Select jobs to execute...

[Fri Nov 17 16:13:17 2023]
Job 21: Aligning reads with Bowtie2 for PP1H66KpDS2Ser53

Submitted DRMAA job 21 with external jobid 568071.
Removing temporary output file Temp_UMI/PP1H66KmDS2Ser53_R1_umi.fastq.gz.
Removing temporary output file Temp_UMI/PP1H66KmDS2Ser53_R2_umi.fastq.gz.
Removing temporary output file Temp_UMI/PP1H66KmDS2Ser53_R2.fastq.gz.
[Fri Nov 17 16:13:28 2023]
Finished job 11.
15 of 33 steps (45%) done
Select jobs to execute...

[Fri Nov 17 16:13:28 2023]
Job 20: Aligning reads with Bowtie2 for PP1H66KmDS2Ser53

Submitted DRMAA job 20 with external jobid 568074.
Removing temporary output file Temp_UMI/PP1H66KmDoxS2Ser5_R1.fastq.gz.
[Fri Nov 17 16:13:48 2023]
Finished job 22.
16 of 33 steps (48%) done
Select jobs to execute...

[Fri Nov 17 16:13:48 2023]
Job 30: filtering reads PP1H66KmDoxS2Ser5

Submitted DRMAA job 30 with external jobid 568075.
Removing temporary output file Temp_UMI/PP1H66KmDoxS2Ser5_hg38_mm10.bam.
Removing temporary output file Temp_UMI/PP1H66KmDoxS2Ser5_hg38_mm10.bam.bai.
Removing temporary output file Temp_UMI/bams/PP1H66KmDoxS2Ser5_temp.bam.
Removing temporary output file Temp_UMI/bams/PP1H66KmDoxS2Ser5_temp2.bam.
[Fri Nov 17 16:14:28 2023]
Finished job 30.
17 of 33 steps (52%) done
Select jobs to execute...

[Fri Nov 17 16:14:28 2023]
Job 29: Bowtie2 counts for PP1H66KmDoxS2Ser5

Submitted DRMAA job 29 with external jobid 568076.
[Fri Nov 17 16:14:48 2023]
Finished job 29.
18 of 33 steps (55%) done
Removing temporary output file Temp_UMI/PP1H66KpDS2Ser53_R1.fastq.gz.
[Fri Nov 17 16:15:18 2023]
Finished job 21.
19 of 33 steps (58%) done
Select jobs to execute...

[Fri Nov 17 16:15:18 2023]
Job 28: filtering reads PP1H66KpDS2Ser53

Submitted DRMAA job 28 with external jobid 568077.
Removing temporary output file Temp_UMI/PP1H66KmDS2Ser53_R1.fastq.gz.
[Fri Nov 17 16:15:48 2023]
Finished job 20.
20 of 33 steps (61%) done
Select jobs to execute...

[Fri Nov 17 16:15:48 2023]
Job 26: filtering reads PP1H66KmDS2Ser53

Submitted DRMAA job 26 with external jobid 568078.
Removing temporary output file Temp_UMI/PP1H66KpDS2Ser53_hg38_mm10.bam.
Removing temporary output file Temp_UMI/PP1H66KpDS2Ser53_hg38_mm10.bam.bai.
Removing temporary output file Temp_UMI/bams/PP1H66KpDS2Ser53_temp.bam.
Removing temporary output file Temp_UMI/bams/PP1H66KpDS2Ser53_temp2.bam.
[Fri Nov 17 16:15:59 2023]
Finished job 28.
21 of 33 steps (64%) done
Select jobs to execute...

[Fri Nov 17 16:15:59 2023]
Job 27: Bowtie2 counts for PP1H66KpDS2Ser53

Submitted DRMAA job 27 with external jobid 568079.
[Fri Nov 17 16:16:09 2023]
Finished job 27.
22 of 33 steps (67%) done
Removing temporary output file Temp_UMI/PP1H66KmDS2Ser53_hg38_mm10.bam.
Removing temporary output file Temp_UMI/PP1H66KmDS2Ser53_hg38_mm10.bam.bai.
Removing temporary output file Temp_UMI/bams/PP1H66KmDS2Ser53_temp.bam.
Removing temporary output file Temp_UMI/bams/PP1H66KmDS2Ser53_temp2.bam.
[Fri Nov 17 16:16:49 2023]
Finished job 26.
23 of 33 steps (70%) done
Select jobs to execute...

[Fri Nov 17 16:16:49 2023]
Job 25: Bowtie2 counts for PP1H66KmDS2Ser53

Submitted DRMAA job 25 with external jobid 568080.
[Fri Nov 17 16:16:59 2023]
Finished job 25.
24 of 33 steps (73%) done
[Fri Nov 17 16:17:19 2023]
Finished job 18.
25 of 33 steps (76%) done
Select jobs to execute...

[Fri Nov 17 16:17:19 2023]
Job 17: Running cutadapt on PP1H66KpDoxS2Ser5

Submitted DRMAA job 17 with external jobid 568081.
Removing temporary output file Temp_UMI/PP1H66KpDoxS2Ser5_R1_umi.fastq.gz.
Removing temporary output file Temp_UMI/PP1H66KpDoxS2Ser5_R2_umi.fastq.gz.
Removing temporary output file Temp_UMI/PP1H66KpDoxS2Ser5_R2.fastq.gz.
[Fri Nov 17 16:18:49 2023]
Finished job 17.
26 of 33 steps (79%) done
Select jobs to execute...

[Fri Nov 17 16:18:50 2023]
Job 23: Aligning reads with Bowtie2 for PP1H66KpDoxS2Ser5

Submitted DRMAA job 23 with external jobid 568082.

[Fri Nov 17 16:18:50 2023]
Job 10: Creating Temp_UMI cutadapt summary

Submitted DRMAA job 10 with external jobid 568083.
[Fri Nov 17 16:18:59 2023]
Finished job 10.
27 of 33 steps (82%) done
Removing temporary output file Temp_UMI/PP1H66KpDoxS2Ser5_R1.fastq.gz.
[Fri Nov 17 16:20:20 2023]
Finished job 23.
28 of 33 steps (85%) done
Select jobs to execute...

[Fri Nov 17 16:20:20 2023]
Job 32: filtering reads PP1H66KpDoxS2Ser5

Submitted DRMAA job 32 with external jobid 568084.

[Fri Nov 17 16:20:20 2023]
Job 19:  R1 summmary Bowtie2 

Submitted DRMAA job 19 with external jobid 568085.
Removing temporary output file Temp_UMI/bams/PP1H66KmDS2Ser53_hg38_mm10_bowtie_R1_stats.txt.
Removing temporary output file Temp_UMI/bams/PP1H66KpDS2Ser53_hg38_mm10_bowtie_R1_stats.txt.
Removing temporary output file Temp_UMI/bams/PP1H66KmDoxS2Ser5_hg38_mm10_bowtie_R1_stats.txt.
Removing temporary output file Temp_UMI/bams/PP1H66KpDoxS2Ser5_hg38_mm10_bowtie_R1_stats.txt.
[Fri Nov 17 16:20:30 2023]
Finished job 19.
29 of 33 steps (88%) done
Removing temporary output file Temp_UMI/PP1H66KpDoxS2Ser5_hg38_mm10.bam.
Removing temporary output file Temp_UMI/PP1H66KpDoxS2Ser5_hg38_mm10.bam.bai.
Removing temporary output file Temp_UMI/bams/PP1H66KpDoxS2Ser5_temp.bam.
Removing temporary output file Temp_UMI/bams/PP1H66KpDoxS2Ser5_temp2.bam.
[Fri Nov 17 16:21:00 2023]
Finished job 32.
30 of 33 steps (91%) done
Select jobs to execute...

[Fri Nov 17 16:21:00 2023]
Job 31: Bowtie2 counts for PP1H66KpDoxS2Ser5

Submitted DRMAA job 31 with external jobid 568086.
[Fri Nov 17 16:21:10 2023]
Finished job 31.
31 of 33 steps (94%) done
Select jobs to execute...

[Fri Nov 17 16:21:10 2023]
Job 24: getting final results

Submitted DRMAA job 24 with external jobid 568087.
[Fri Nov 17 16:21:30 2023]
Finished job 24.
32 of 33 steps (97%) done
Select jobs to execute...

[Fri Nov 17 16:21:30 2023]
localrule all:
    input: Temp_UMI/stats/Temp_UMI_fastqc.tsv, Temp_UMI/stats/Temp_UMI_cutadapt.tsv, Temp_UMI/stats/Temp_UMI_aligned.tsv, Temp_UMI/stats/Temp_UMI_results.tsv
    jobid: 0
    resources: tmpdir=/tmp

[Fri Nov 17 16:21:30 2023]
Finished job 0.
33 of 33 steps (100%) done
Complete log: /beevol/home/erickson/Ben_pipelines/snakemake_pipelines/.snakemake/log/2023-11-17T155120.039343.snakemake.log
