Building DAG of jobs...
The params used to generate one or several output files has changed:
    To inspect which output files have changes, run 'snakemake --list-params-changes'.
    To trigger a re-run, use 'snakemake -R $(snakemake --list-params-changes)'.
Using shell: /bin/bash
Provided cluster nodes: 100
Job stats:
job                          count    min threads    max threads
-------------------------  -------  -------------  -------------
all                              1              1              1
bamCoverage                      2             12             12
bamCoverage_spike                2             12             12
bamCoverage_spike_summary        1              1              1
bamCoverage_summary              1              1              1
bowtie_counts                    4              1              1
calculating_OR                   2              1              1
gathering_OR_results             1              1              1
gathering_results                1              1              1
total                           15              1             12

Select jobs to execute...

[Thu Dec  7 13:34:00 2023]
Job 44: Bowtie2 counts for PP1H66KpDS2Ser53

Submitted DRMAA job 44 with external jobid 574259.

[Thu Dec  7 13:34:00 2023]
Job 34: getting final results

Submitted DRMAA job 34 with external jobid 574260.

[Thu Dec  7 13:34:00 2023]
Job 47: Bowtie2 counts for PP1H66KpDoxS2Ser5

Submitted DRMAA job 47 with external jobid 574261.

[Thu Dec  7 13:34:00 2023]
Job 43: Bowtie2 counts for PP1H66KmDS2Ser53

Submitted DRMAA job 43 with external jobid 574262.

[Thu Dec  7 13:34:00 2023]
Job 46: Bowtie2 counts for PP1H66KmDoxS2Ser5

Submitted DRMAA job 46 with external jobid 574263.
[Thu Dec  7 13:34:18 2023]
Finished job 44.
1 of 15 steps (7%) done
[Thu Dec  7 13:34:18 2023]
Finished job 34.
2 of 15 steps (13%) done
[Thu Dec  7 13:34:18 2023]
Finished job 47.
3 of 15 steps (20%) done
[Thu Dec  7 13:34:18 2023]
Finished job 43.
4 of 15 steps (27%) done
Select jobs to execute...

[Thu Dec  7 13:34:18 2023]
Job 42: getting OR norm for PP1H66KSer5-r3

Submitted DRMAA job 42 with external jobid 574264.
[Thu Dec  7 13:34:18 2023]
Finished job 46.
5 of 15 steps (33%) done
Select jobs to execute...

[Thu Dec  7 13:34:18 2023]
Job 45: getting OR norm for PP1H66KSer5-r2

Submitted DRMAA job 45 with external jobid 574265.
[Thu Dec  7 13:34:38 2023]
Finished job 42.
6 of 15 steps (40%) done
[Thu Dec  7 13:34:38 2023]
Finished job 45.
7 of 15 steps (47%) done
Select jobs to execute...

[Thu Dec  7 13:34:38 2023]
Job 41: getting final results

Submitted DRMAA job 41 with external jobid 574266.
Removing temporary output file Temp/counts/PP1H66KSer5-r3_OR_count.txt.
Removing temporary output file Temp/counts/PP1H66KSer5-r2_OR_count.txt.
[Thu Dec  7 13:34:48 2023]
Finished job 41.
8 of 15 steps (53%) done
Select jobs to execute...

[Thu Dec  7 13:34:48 2023]
Job 50: Aligning reads with bamCoverage_spike for PP1H66KSer5-r2

Submitted DRMAA job 50 with external jobid 574267.

[Thu Dec  7 13:34:48 2023]
Job 40: Aligning reads with bamCoverage for PP1H66KSer5-r2

Submitted DRMAA job 40 with external jobid 574268.

[Thu Dec  7 13:34:48 2023]
Job 51: Aligning reads with bamCoverage_spike for PP1H66KSer5-r3

Submitted DRMAA job 51 with external jobid 574269.

[Thu Dec  7 13:34:49 2023]
Job 48: Aligning reads with bamCoverage for PP1H66KSer5-r3

Submitted DRMAA job 48 with external jobid 574270.
[Thu Dec  7 13:35:59 2023]
Finished job 50.
9 of 15 steps (60%) done
[Thu Dec  7 13:35:59 2023]
Finished job 51.
10 of 15 steps (67%) done
Select jobs to execute...

[Thu Dec  7 13:35:59 2023]
Job 49: Creating Temp bamCoverage_spike summary

Submitted DRMAA job 49 with external jobid 574271.
Removing temporary output file Temp/bw/PP1H66KSer5-r2_spike_bamCoverage_stats.txt.
Removing temporary output file Temp/bw/PP1H66KSer5-r3_spike_bamCoverage_stats.txt.
[Thu Dec  7 13:36:09 2023]
Finished job 49.
11 of 15 steps (73%) done
[Thu Dec  7 13:36:19 2023]
Finished job 40.
12 of 15 steps (80%) done
[Thu Dec  7 13:36:39 2023]
Finished job 48.
13 of 15 steps (87%) done
Select jobs to execute...

[Thu Dec  7 13:36:39 2023]
Job 39: Creating Temp bamCoverage summary

Submitted DRMAA job 39 with external jobid 574272.
Removing temporary output file Temp/bw/PP1H66KSer5-r2_bamCoverage_stats.txt.
Removing temporary output file Temp/bw/PP1H66KSer5-r3_bamCoverage_stats.txt.
[Thu Dec  7 13:36:49 2023]
Finished job 39.
14 of 15 steps (93%) done
Select jobs to execute...

[Thu Dec  7 13:36:49 2023]
localrule all:
    input: Temp/stats/Temp_fastqc.tsv, Temp/stats/Temp_clumpify.tsv, Temp/stats/Temp_bbduk.tsv, Temp/stats/Temp_aligned.tsv, Temp/stats/Temp_hg38_fragmentSize.png, Temp/stats/Temp_mm10_fragmentSize.png, Temp/stats/Temp_results.tsv, Temp/URLS/Temp_hg38_norm_OR_enrich_bw_URL.txt, Temp/URLS/Temp_mm10_norm_OR_enrich_bw_URL.txt
    jobid: 0
    resources: tmpdir=/tmp

[Thu Dec  7 13:36:49 2023]
Finished job 0.
15 of 15 steps (100%) done
The params used to generate one or several output files has changed:
    To inspect which output files have changes, run 'snakemake --list-params-changes'.
    To trigger a re-run, use 'snakemake -R $(snakemake --list-params-changes)'.
Complete log: /beevol/home/erickson/Ben_pipelines/snakemake_pipelines/.snakemake/log/2023-12-07T133357.233841.snakemake.log
