Building DAG of jobs...
The params used to generate one or several output files has changed:
    To inspect which output files have changes, run 'snakemake --list-params-changes'.
    To trigger a re-run, use 'snakemake -R $(snakemake --list-params-changes)'.
Using shell: /bin/bash
Provided cluster nodes: 100
Job stats:
job                      count    min threads    max threads
---------------------  -------  -------------  -------------
all                          1              1              1
bowtie_counts_spikein        4              1              1
gathering_results            1              1              1
total                        6              1              1

Select jobs to execute...

[Sat Dec  9 12:56:20 2023]
Job 38: Bowtie2 counts_spikin for PP1H66KpDoxS2Ser5

Submitted DRMAA job 38 with external jobid 576932.

[Sat Dec  9 12:56:20 2023]
Job 37: Bowtie2 counts_spikin for PP1H66KmDoxS2Ser5

Submitted DRMAA job 37 with external jobid 576933.

[Sat Dec  9 12:56:20 2023]
Job 36: Bowtie2 counts_spikin for PP1H66KpDS2Ser53

Submitted DRMAA job 36 with external jobid 576934.

[Sat Dec  9 12:56:20 2023]
Job 35: Bowtie2 counts_spikin for PP1H66KmDS2Ser53

Submitted DRMAA job 35 with external jobid 576935.
[Sat Dec  9 12:56:38 2023]
Finished job 38.
1 of 6 steps (17%) done
[Sat Dec  9 12:56:38 2023]
Finished job 37.
2 of 6 steps (33%) done
[Sat Dec  9 12:56:38 2023]
Finished job 36.
3 of 6 steps (50%) done
[Sat Dec  9 12:56:48 2023]
Finished job 35.
4 of 6 steps (67%) done
Select jobs to execute...

[Sat Dec  9 12:56:48 2023]
Job 34: getting final results

Submitted DRMAA job 34 with external jobid 576936.
[Sat Dec  9 12:57:08 2023]
Finished job 34.
5 of 6 steps (83%) done
Select jobs to execute...

[Sat Dec  9 12:57:08 2023]
localrule all:
    input: Temp/stats/Temp_fastqc.tsv, Temp/stats/Temp_clumpify.tsv, Temp/stats/Temp_bbduk.tsv, Temp/stats/Temp_aligned.tsv, Temp/stats/Temp_hg38_fragmentSize.png, Temp/stats/Temp_mm10_fragmentSize.png, Temp/stats/Temp_results.tsv
    jobid: 0
    resources: tmpdir=/tmp

[Sat Dec  9 12:57:08 2023]
Finished job 0.
6 of 6 steps (100%) done
The params used to generate one or several output files has changed:
    To inspect which output files have changes, run 'snakemake --list-params-changes'.
    To trigger a re-run, use 'snakemake -R $(snakemake --list-params-changes)'.
Complete log: /beevol/home/erickson/Ben_pipelines/snakemake_pipelines/.snakemake/log/2023-12-09T125617.363660.snakemake.log
