Building DAG of jobs...
The params used to generate one or several output files has changed:
    To inspect which output files have changes, run 'snakemake --list-params-changes'.
    To trigger a re-run, use 'snakemake -R $(snakemake --list-params-changes)'.
Using shell: /bin/bash
Provided cluster nodes: 100
Job stats:
job                          count    min threads    max threads
-------------------------  -------  -------------  -------------
all                              1              1              1
bamCoverage                      2             12             12
bamCoverage_spike                2             12             12
bamCoverage_spike_summary        1              1              1
bamCoverage_summary              1              1              1
gathering_results                1              1              1
total                            8              1             12

Select jobs to execute...

[Thu Dec 14 14:01:37 2023]
Job 34: getting final results

Submitted DRMAA job 34 with external jobid 578961.
[Thu Dec 14 14:01:56 2023]
Finished job 34.
1 of 8 steps (12%) done
Select jobs to execute...
InputFunctionException in line 125 of /beevol/home/erickson/Ben_pipelines/snakemake_pipelines/pipelines/rules/04_bamCoverage.snake:
Error:
  TypeError: expected str, bytes or os.PathLike object, not list
Wildcards:
  group=PP1H66KSer5-r3
Traceback:
  File "/beevol/home/erickson/Ben_pipelines/snakemake_pipelines/pipelines/rules/04_bamCoverage.snake", line 112, in _get_norm2
