Building DAG of jobs...
The params used to generate one or several output files has changed:
    To inspect which output files have changes, run 'snakemake --list-params-changes'.
    To trigger a re-run, use 'snakemake -R $(snakemake --list-params-changes)'.
Using shell: /bin/bash
Provided cluster nodes: 100
Job stats:
job                            count    min threads    max threads
---------------------------  -------  -------------  -------------
align_filter_sample                4             12             12
align_filter_sample_spikein        4             12             12
all                                1              1              1
bowtiePE                           4             12             12
bowtiePE_summmary                  1              1              1
bowtie_counts_spikein              4              1              1
total                             18              1             12

Select jobs to execute...

[Fri Nov 17 10:13:53 2023]
Job 21: Aligning reads with Bowtie2 for PP1H66KmDS2Ser53

Submitted DRMAA job 21 with external jobid 567825.

[Fri Nov 17 10:13:53 2023]
Job 23: Aligning reads with Bowtie2 for PP1H66KmDoxS2Ser5

Submitted DRMAA job 23 with external jobid 567826.

[Fri Nov 17 10:13:53 2023]
Job 22: Aligning reads with Bowtie2 for PP1H66KpDS2Ser53

Submitted DRMAA job 22 with external jobid 567827.

[Fri Nov 17 10:13:53 2023]
Job 24: Aligning reads with Bowtie2 for PP1H66KpDoxS2Ser5

Submitted DRMAA job 24 with external jobid 567828.
Removing temporary output file Temp/PP1H66KpDoxS2Ser5_R1.fastq.gz.
Removing temporary output file Temp/PP1H66KpDoxS2Ser5_R2.fastq.gz.
Removing temporary output file Temp/PP1H66KpDoxS2Ser5_hg38_mm10.bam.bai.
[Fri Nov 17 10:17:34 2023]
Finished job 24.
1 of 18 steps (6%) done
Select jobs to execute...

[Fri Nov 17 10:17:34 2023]
Job 35: filtering reads PP1H66KpDoxS2Ser5

Submitted DRMAA job 35 with external jobid 567831.

[Fri Nov 17 10:17:34 2023]
Job 36: filtering spike in reads PP1H66KpDoxS2Ser5

Submitted DRMAA job 36 with external jobid 567832.
[Fri Nov 17 10:17:44 2023]
Error in rule align_filter_sample:
    jobid: 35
    output: Temp/bams/PP1H66KpDoxS2Ser5_hg38_230426.bam, Temp/bams/PP1H66KpDoxS2Ser5_hg38_230426.bam.bai
    log: Temp/logs/PP1H66KpDoxS2Ser5_align_filter.out, Temp/logs/PP1H66KpDoxS2Ser5_align_filter.err (check log file(s) for error message)
    shell:
        
        # filter
        samtools view Temp/PP1H66KpDoxS2Ser5_hg38_mm10.bam $(head -n1 /beevol/home/erickson/ref/hg38_mm10/hg38.txt)         | samtools view -bT /beevol/home/erickson/ref/hg38/Homo_sapiens.GRCh38.dna.primary_assembly.UCSC.fa -         | samtools sort - -T PP1H66KpDoxS2Ser5.temp -@ 12 -O bam         > Temp/bams/PP1H66KpDoxS2Ser5_hg38_230426.bam
        
        samtools index -@ 12 Temp/bams/PP1H66KpDoxS2Ser5_hg38_230426.bam
        
        
        (one of the commands exited with non-zero exit code; note that snakemake uses bash strict mode!)

Error executing rule align_filter_sample on cluster (jobid: 35, external: 567831, jobscript: /beevol/home/erickson/Ben_pipelines/snakemake_pipelines/.snakemake/tmp.y7g_nml0/snakejob.align_filter_sample.35.sh). For error details see the cluster log and the log files of the involved rule(s).
[Fri Nov 17 10:17:44 2023]
Error in rule align_filter_sample_spikein:
    jobid: 36
    output: Temp/bams/PP1H66KpDoxS2Ser5_mm10_230426.bam, Temp/bams/PP1H66KpDoxS2Ser5_mm10_230426.bam.bai
    log: Temp/logs/PP1H66KpDoxS2Ser5_align_filter_spikein.out, Temp/logs/PP1H66KpDoxS2Ser5_align_filter_spikein.err (check log file(s) for error message)
    shell:
        
        # filter
        samtools view Temp/PP1H66KpDoxS2Ser5_hg38_mm10.bam $(head -n1 /beevol/home/erickson/ref/hg38_mm10/mm10.txt)         | sed 's/spike_*//g' | samtools view -bT /beevol/home/erickson/ref/mm10/mm10.fa -         | samtools sort - -T PP1H66KpDoxS2Ser5_spikein.temp -@ 12 -O bam         > Temp/bams/PP1H66KpDoxS2Ser5_mm10_230426.bam
        
        samtools index -@ 12 Temp/bams/PP1H66KpDoxS2Ser5_mm10_230426.bam
        
        
        (one of the commands exited with non-zero exit code; note that snakemake uses bash strict mode!)

Error executing rule align_filter_sample_spikein on cluster (jobid: 36, external: 567832, jobscript: /beevol/home/erickson/Ben_pipelines/snakemake_pipelines/.snakemake/tmp.y7g_nml0/snakejob.align_filter_sample_spikein.36.sh). For error details see the cluster log and the log files of the involved rule(s).
Removing temporary output file Temp/PP1H66KmDoxS2Ser5_R1.fastq.gz.
Removing temporary output file Temp/PP1H66KmDoxS2Ser5_R2.fastq.gz.
Removing temporary output file Temp/PP1H66KmDoxS2Ser5_hg38_mm10.bam.bai.
[Fri Nov 17 10:18:15 2023]
Finished job 23.
2 of 18 steps (11%) done
Removing temporary output file Temp/PP1H66KpDS2Ser53_R1.fastq.gz.
Removing temporary output file Temp/PP1H66KpDS2Ser53_R2.fastq.gz.
Removing temporary output file Temp/PP1H66KpDS2Ser53_hg38_mm10.bam.bai.
[Fri Nov 17 10:19:55 2023]
Finished job 22.
3 of 18 steps (17%) done
Removing temporary output file Temp/PP1H66KmDS2Ser53_R2.fastq.gz.
Removing temporary output file Temp/PP1H66KmDS2Ser53_R1.fastq.gz.
Removing temporary output file Temp/PP1H66KmDS2Ser53_hg38_mm10.bam.bai.
[Fri Nov 17 10:20:46 2023]
Finished job 21.
4 of 18 steps (22%) done
Shutting down, this might take some time.
Exiting because a job execution failed. Look above for error message
The params used to generate one or several output files has changed:
    To inspect which output files have changes, run 'snakemake --list-params-changes'.
    To trigger a re-run, use 'snakemake -R $(snakemake --list-params-changes)'.
Complete log: /beevol/home/erickson/Ben_pipelines/snakemake_pipelines/.snakemake/log/2023-11-17T101352.213096.snakemake.log
