Building DAG of jobs...
The code used to generate one or several output files has changed:
    To inspect which output files have changes, run 'snakemake --list-code-changes'.
    To trigger a re-run, use 'snakemake -R $(snakemake --list-code-changes)'.
The input used to generate one or several output files has changed:
    To inspect which output files have changes, run 'snakemake --list-input-changes'.
    To trigger a re-run, use 'snakemake -R $(snakemake --list-input-changes)'.
The params used to generate one or several output files has changed:
    To inspect which output files have changes, run 'snakemake --list-params-changes'.
    To trigger a re-run, use 'snakemake -R $(snakemake --list-params-changes)'.
Using shell: /bin/bash
Provided cluster nodes: 100
Job stats:
job                              count    min threads    max threads
-----------------------------  -------  -------------  -------------
align_filter_subsample_sample        1             12             12
all                                  1              1              1
bamCoverage                          2             12             12
bamCoverage_spike                    2             12             12
bamCoverage_spike_summary            1              1              1
bamCoverage_summary                  1              1              1
total                                8              1             12

Select jobs to execute...

[Thu Dec 21 13:26:20 2023]
Job 59: stranded bigwigs with reads in R2-R1 orentation for PP1H66KSer5-r3

Submitted DRMAA job 59 with external jobid 588349.

[Thu Dec 21 13:26:20 2023]
Job 51: filtering subsample reads PP1H66KmDS2Ser53

Submitted DRMAA job 51 with external jobid 588350.

[Thu Dec 21 13:26:20 2023]
Job 56: stranded bigwigs with reads in R2-R1 orentation for PP1H66KSer5-r2

Submitted DRMAA job 56 with external jobid 588351.

[Thu Dec 21 13:26:20 2023]
Job 42: stranded bigwigs with reads in R2-R1 orentation for PP1H66KSer5-r2

Submitted DRMAA job 42 with external jobid 588352.
Removing temporary output file Temp_NET/bams/PP1H66KmDS2Ser53_hg38_mm10_230426_subsample.bam.bai.
Removing temporary output file Temp_NET/bams/PP1H66KmDS2Ser53_hg38_mm10_230426_subsample.bam.
Removing temporary output file Temp_NET/bams_sub/PP1H66KmDS2Ser53_hg38_subsample.txt.
Removing temporary output file Temp_NET/bams/PP1H66KmDS2Ser53_temp.bam.
Removing temporary output file Temp_NET/bams/PP1H66KmDS2Ser53_temp2.bam.
[Thu Dec 21 13:27:08 2023]
Finished job 51.
1 of 8 steps (12%) done
Select jobs to execute...

[Thu Dec 21 13:27:08 2023]
Job 50: stranded bigwigs with reads in R2-R1 orentation for PP1H66KSer5-r3

Submitted DRMAA job 50 with external jobid 588353.
[Thu Dec 21 13:40:51 2023]
Finished job 59.
2 of 8 steps (25%) done
[Thu Dec 21 13:41:11 2023]
Finished job 56.
3 of 8 steps (38%) done
Select jobs to execute...

[Thu Dec 21 13:41:11 2023]
Job 55: Creating Temp_NET bamCoverage_spike summary

Submitted DRMAA job 55 with external jobid 588370.
Removing temporary output file Temp_NET/bw/PP1H66KSer5-r2_spike_bamCoverage_stats.txt.
Removing temporary output file Temp_NET/bw/PP1H66KSer5-r3_spike_bamCoverage_stats.txt.
[Thu Dec 21 13:41:21 2023]
Finished job 55.
4 of 8 steps (50%) done
[Thu Dec 21 13:42:51 2023]
Finished job 42.
5 of 8 steps (62%) done
[Thu Dec 21 13:45:41 2023]
Finished job 50.
6 of 8 steps (75%) done
Select jobs to execute...

[Thu Dec 21 13:45:41 2023]
Job 41: Creating Temp_NET bamCoverage summary

Submitted DRMAA job 41 with external jobid 588373.
Removing temporary output file Temp_NET/bw/PP1H66KSer5-r2_bamCoverage_stats.txt.
Removing temporary output file Temp_NET/bw/PP1H66KSer5-r3_bamCoverage_stats.txt.
[Thu Dec 21 13:45:51 2023]
Finished job 41.
7 of 8 steps (88%) done
Select jobs to execute...

[Thu Dec 21 13:45:51 2023]
localrule all:
    input: Temp_NET/stats/Temp_NET_fastqc.tsv, Temp_NET/stats/Temp_NET_cutadapt.tsv, Temp_NET/stats/Temp_NET_aligned.tsv, Temp_NET/stats/Temp_NET_results.tsv, Temp_NET/URLS/Temp_NET_hg38_norm_3end_subsample_bw_URL.txt, Temp_NET/URLS/Temp_NET_mm10_norm_3end_subsample_bw_URL.txt
    jobid: 0
    resources: tmpdir=/tmp

[Thu Dec 21 13:45:51 2023]
Finished job 0.
8 of 8 steps (100%) done
The code used to generate one or several output files has changed:
    To inspect which output files have changes, run 'snakemake --list-code-changes'.
    To trigger a re-run, use 'snakemake -R $(snakemake --list-code-changes)'.
The input used to generate one or several output files has changed:
    To inspect which output files have changes, run 'snakemake --list-input-changes'.
    To trigger a re-run, use 'snakemake -R $(snakemake --list-input-changes)'.
The params used to generate one or several output files has changed:
    To inspect which output files have changes, run 'snakemake --list-params-changes'.
    To trigger a re-run, use 'snakemake -R $(snakemake --list-params-changes)'.
Complete log: /beevol/home/erickson/Ben_pipelines/snakemake_pipelines/.snakemake/log/2023-12-21T132617.108362.snakemake.log
