Building DAG of jobs...
Using shell: /bin/bash
Provided cluster nodes: 100
Job stats:
job                    count    min threads    max threads
-------------------  -------  -------------  -------------
align_filter_sample        4             12             12
all                        1              1              1
bamCoverage                2             12             12
bamCoverage_summary        1              1              1
bbduk_paired               4             12             12
bbduk_summary              1              1              1
bowtieR1                   4             12             12
bowtieR1_summmary          1              1              1
bowtie_counts              4              1              1
clumpify_paired            4              1              1
clumpify_summary           1              1              1
fastqc                     8              6              6
fastqc_summary             1              1              1
fragment_size              1             12             12
gathering_results          1              1              1
total                     38              1             12

Select jobs to execute...

[Fri Dec 15 11:19:38 2023]
Job 14: Removing duplicats for PP1H66KpDoxS2Ser5

Submitted DRMAA job 14 with external jobid 579422.

[Fri Dec 15 11:19:38 2023]
Job 2: Running FastQC on PP1H66KmDS2Ser53_CKDL230028616-1A_HCLMNDSX7_L4_1

Submitted DRMAA job 2 with external jobid 579423.

[Fri Dec 15 11:19:38 2023]
Job 3: Running FastQC on PP1H66KmDS2Ser53_CKDL230028616-1A_HCLMNDSX7_L4_2

Submitted DRMAA job 3 with external jobid 579424.

[Fri Dec 15 11:19:38 2023]
Job 5: Running FastQC on PP1H66KpDS2Ser53_CKDL230028616-1A_HCLMNDSX7_L4_2

Submitted DRMAA job 5 with external jobid 579425.

[Fri Dec 15 11:19:38 2023]
Job 7: Running FastQC on PP1H66KmDoxS2Ser5_CKDL230028616-1A_HCLMNDSX7_L4_2

Submitted DRMAA job 7 with external jobid 579426.

[Fri Dec 15 11:19:38 2023]
Job 9: Running FastQC on PP1H66KpDoxS2Ser5_CKDL230028616-1A_HCLMNDSX7_L4_2

Submitted DRMAA job 9 with external jobid 579427.

[Fri Dec 15 11:19:38 2023]
Job 11: Removing duplicats for PP1H66KmDS2Ser53

Submitted DRMAA job 11 with external jobid 579428.

[Fri Dec 15 11:19:38 2023]
Job 13: Removing duplicats for PP1H66KmDoxS2Ser5

Submitted DRMAA job 13 with external jobid 579429.

[Fri Dec 15 11:19:38 2023]
Job 4: Running FastQC on PP1H66KpDS2Ser53_CKDL230028616-1A_HCLMNDSX7_L4_1

Submitted DRMAA job 4 with external jobid 579430.

[Fri Dec 15 11:19:38 2023]
Job 6: Running FastQC on PP1H66KmDoxS2Ser5_CKDL230028616-1A_HCLMNDSX7_L4_1

Submitted DRMAA job 6 with external jobid 579431.

[Fri Dec 15 11:19:38 2023]
Job 8: Running FastQC on PP1H66KpDoxS2Ser5_CKDL230028616-1A_HCLMNDSX7_L4_1

Submitted DRMAA job 8 with external jobid 579432.

[Fri Dec 15 11:19:38 2023]
Job 12: Removing duplicats for PP1H66KpDS2Ser53

Submitted DRMAA job 12 with external jobid 579433.
[Fri Dec 15 11:20:55 2023]
Finished job 12.
1 of 38 steps (3%) done
Select jobs to execute...

[Fri Dec 15 11:20:55 2023]
Job 17: Removing duplicats for PP1H66KpDS2Ser53

Submitted DRMAA job 17 with external jobid 579435.
Removing temporary output file Temp4s/PP1H66KpDS2Ser53_R1_clumpify.fastq.gz.
[Fri Dec 15 11:21:17 2023]
Finished job 17.
2 of 38 steps (5%) done
Select jobs to execute...

[Fri Dec 15 11:21:17 2023]
Job 22: Aligning reads with Bowtie2 for PP1H66KpDS2Ser53

Submitted DRMAA job 22 with external jobid 579436.
[Fri Dec 15 11:21:27 2023]
Finished job 14.
3 of 38 steps (8%) done
Select jobs to execute...

[Fri Dec 15 11:21:27 2023]
Job 19: Removing duplicats for PP1H66KpDoxS2Ser5

Submitted DRMAA job 19 with external jobid 579437.
[Fri Dec 15 11:21:38 2023]
Finished job 13.
4 of 38 steps (11%) done
Select jobs to execute...

[Fri Dec 15 11:21:38 2023]
Job 18: Removing duplicats for PP1H66KmDoxS2Ser5

Submitted DRMAA job 18 with external jobid 579438.
Removing temporary output file Temp4s/PP1H66KpDoxS2Ser5_R1_clumpify.fastq.gz.
[Fri Dec 15 11:21:50 2023]
Finished job 19.
5 of 38 steps (13%) done
Select jobs to execute...

[Fri Dec 15 11:21:50 2023]
Job 24: Aligning reads with Bowtie2 for PP1H66KpDoxS2Ser5

Submitted DRMAA job 24 with external jobid 579439.
Removing temporary output file Temp4s/PP1H66KmDoxS2Ser5_R1_clumpify.fastq.gz.
[Fri Dec 15 11:22:01 2023]
Finished job 18.
6 of 38 steps (16%) done
Select jobs to execute...

[Fri Dec 15 11:22:01 2023]
Job 23: Aligning reads with Bowtie2 for PP1H66KmDoxS2Ser5

Submitted DRMAA job 23 with external jobid 579440.
[Fri Dec 15 11:22:23 2023]
Finished job 11.
7 of 38 steps (18%) done
Select jobs to execute...

[Fri Dec 15 11:22:23 2023]
Job 16: Removing duplicats for PP1H66KmDS2Ser53

Submitted DRMAA job 16 with external jobid 579441.

[Fri Dec 15 11:22:23 2023]
Job 10: Creating Temp4s clumpify summary

Submitted DRMAA job 10 with external jobid 579442.
[Fri Dec 15 11:22:34 2023]
Finished job 10.
8 of 38 steps (21%) done
Removing temporary output file Temp4s/PP1H66KmDS2Ser53_R1_clumpify.fastq.gz.
[Fri Dec 15 11:22:45 2023]
Finished job 16.
9 of 38 steps (24%) done
Select jobs to execute...

[Fri Dec 15 11:22:45 2023]
Job 21: Aligning reads with Bowtie2 for PP1H66KmDS2Ser53

Submitted DRMAA job 21 with external jobid 579443.

[Fri Dec 15 11:22:45 2023]
Job 15: Creating Temp4s bbduk summary

Submitted DRMAA job 15 with external jobid 579444.
[Fri Dec 15 11:22:56 2023]
Finished job 15.
10 of 38 steps (26%) done
[Fri Dec 15 11:24:24 2023]
Finished job 5.
11 of 38 steps (29%) done
[Fri Dec 15 11:24:36 2023]
Finished job 7.
12 of 38 steps (32%) done
[Fri Dec 15 11:24:58 2023]
Finished job 2.
13 of 38 steps (34%) done
[Fri Dec 15 11:24:58 2023]
Finished job 3.
14 of 38 steps (37%) done
[Fri Dec 15 11:25:19 2023]
Finished job 9.
15 of 38 steps (39%) done
[Fri Dec 15 11:25:19 2023]
Finished job 6.
16 of 38 steps (42%) done
[Fri Dec 15 11:25:29 2023]
Finished job 8.
17 of 38 steps (45%) done
Removing temporary output file Temp4s/PP1H66KpDoxS2Ser5_R1.fastq.gz.
[Fri Dec 15 11:26:09 2023]
Finished job 24.
18 of 38 steps (47%) done
Select jobs to execute...

[Fri Dec 15 11:26:09 2023]
Job 30: filtering reads PP1H66KpDoxS2Ser5

Submitted DRMAA job 30 with external jobid 579445.
[Fri Dec 15 11:26:19 2023]
Finished job 4.
19 of 38 steps (50%) done
Select jobs to execute...

[Fri Dec 15 11:26:19 2023]
Job 1: Creating Temp4s FastQC summary

Submitted DRMAA job 1 with external jobid 579446.
[Fri Dec 15 11:26:29 2023]
Finished job 1.
20 of 38 steps (53%) done
Removing temporary output file Temp4s/PP1H66KmDoxS2Ser5_R1.fastq.gz.
[Fri Dec 15 11:26:49 2023]
Finished job 23.
21 of 38 steps (55%) done
Select jobs to execute...

[Fri Dec 15 11:26:49 2023]
Job 29: filtering reads PP1H66KmDoxS2Ser5

Submitted DRMAA job 29 with external jobid 579447.
Removing temporary output file Temp4s/PP1H66KpDS2Ser53_R1.fastq.gz.
[Fri Dec 15 11:27:30 2023]
Finished job 22.
22 of 38 steps (58%) done
Select jobs to execute...

[Fri Dec 15 11:27:30 2023]
Job 28: filtering reads PP1H66KpDS2Ser53

Submitted DRMAA job 28 with external jobid 579448.
Removing temporary output file Temp4s/PP1H66KpDoxS2Ser5_hg38.bam.bai.
Removing temporary output file Temp4s/PP1H66KpDoxS2Ser5_hg38.bam.
[Fri Dec 15 11:27:30 2023]
Finished job 30.
23 of 38 steps (61%) done
Select jobs to execute...

[Fri Dec 15 11:27:30 2023]
Job 34: Bowtie2 counts for PP1H66KpDoxS2Ser5

Submitted DRMAA job 34 with external jobid 579449.
[Fri Dec 15 11:27:50 2023]
Finished job 34.
24 of 38 steps (63%) done
Removing temporary output file Temp4s/PP1H66KmDoxS2Ser5_hg38.bam.bai.
Removing temporary output file Temp4s/PP1H66KmDoxS2Ser5_hg38.bam.
[Fri Dec 15 11:28:20 2023]
Finished job 29.
25 of 38 steps (66%) done
Select jobs to execute...

[Fri Dec 15 11:28:20 2023]
Job 33: Bowtie2 counts for PP1H66KmDoxS2Ser5

Submitted DRMAA job 33 with external jobid 579450.
[Fri Dec 15 11:28:40 2023]
Finished job 33.
26 of 38 steps (68%) done
Removing temporary output file Temp4s/PP1H66KmDS2Ser53_R1.fastq.gz.
[Fri Dec 15 11:28:50 2023]
Finished job 21.
27 of 38 steps (71%) done
Select jobs to execute...

[Fri Dec 15 11:28:50 2023]
Job 27: filtering reads PP1H66KmDS2Ser53

Submitted DRMAA job 27 with external jobid 579451.

[Fri Dec 15 11:28:50 2023]
Job 20:  R1 summmary Bowtie2 

Submitted DRMAA job 20 with external jobid 579452.
Removing temporary output file Temp4s/bams/PP1H66KmDS2Ser53_hg38_bowtie_R1_stats.txt.
Removing temporary output file Temp4s/bams/PP1H66KpDS2Ser53_hg38_bowtie_R1_stats.txt.
Removing temporary output file Temp4s/bams/PP1H66KmDoxS2Ser5_hg38_bowtie_R1_stats.txt.
Removing temporary output file Temp4s/bams/PP1H66KpDoxS2Ser5_hg38_bowtie_R1_stats.txt.
[Fri Dec 15 11:29:00 2023]
Finished job 20.
28 of 38 steps (74%) done
Removing temporary output file Temp4s/PP1H66KpDS2Ser53_hg38.bam.bai.
Removing temporary output file Temp4s/PP1H66KpDS2Ser53_hg38.bam.
[Fri Dec 15 11:29:20 2023]
Finished job 28.
29 of 38 steps (76%) done
Select jobs to execute...

[Fri Dec 15 11:29:20 2023]
Job 32: Bowtie2 counts for PP1H66KpDS2Ser53

Submitted DRMAA job 32 with external jobid 579453.
[Fri Dec 15 11:29:41 2023]
Finished job 32.
30 of 38 steps (79%) done
Removing temporary output file Temp4s/PP1H66KmDS2Ser53_hg38.bam.bai.
Removing temporary output file Temp4s/PP1H66KmDS2Ser53_hg38.bam.
[Fri Dec 15 11:30:51 2023]
Finished job 27.
31 of 38 steps (82%) done
Select jobs to execute...

[Fri Dec 15 11:30:51 2023]
Job 31: Bowtie2 counts for PP1H66KmDS2Ser53

Submitted DRMAA job 31 with external jobid 579454.

[Fri Dec 15 11:30:51 2023]
Job 26: fragment size of mapped paired end reads

Submitted DRMAA job 26 with external jobid 579455.
[Fri Dec 15 11:31:11 2023]
Finished job 31.
32 of 38 steps (84%) done
[Fri Dec 15 11:33:52 2023]
Finished job 26.
33 of 38 steps (87%) done
Select jobs to execute...

[Fri Dec 15 11:33:52 2023]
Job 25: getting final results

Submitted DRMAA job 25 with external jobid 579456.
[Fri Dec 15 11:34:12 2023]
Finished job 25.
34 of 38 steps (89%) done
Select jobs to execute...

[Fri Dec 15 11:34:12 2023]
Job 36: Aligning reads with bamCoverage for PP1H66KSer5-r2

Submitted DRMAA job 36 with external jobid 579457.

[Fri Dec 15 11:34:12 2023]
Job 37: Aligning reads with bamCoverage for PP1H66KSer5-r3

Submitted DRMAA job 37 with external jobid 579458.
[Fri Dec 15 11:35:42 2023]
Finished job 36.
35 of 38 steps (92%) done
[Fri Dec 15 11:35:53 2023]
Finished job 37.
36 of 38 steps (95%) done
Select jobs to execute...

[Fri Dec 15 11:35:53 2023]
Job 35: Creating Temp4s bamCoverage summary

Submitted DRMAA job 35 with external jobid 579459.
Removing temporary output file Temp4s/bw/PP1H66KSer5-r2_bamCoverage_stats.txt.
Removing temporary output file Temp4s/bw/PP1H66KSer5-r3_bamCoverage_stats.txt.
[Fri Dec 15 11:36:03 2023]
Finished job 35.
37 of 38 steps (97%) done
Select jobs to execute...

[Fri Dec 15 11:36:03 2023]
localrule all:
    input: Temp4s/stats/Temp4s_fastqc.tsv, Temp4s/stats/Temp4s_clumpify.tsv, Temp4s/stats/Temp4s_bbduk.tsv, Temp4s/stats/Temp4s_aligned.tsv, Temp4s/stats/Temp4s_results.tsv, Temp4s/URLS/Temp4s_hg38_norm_CPM_bw_URL.txt
    jobid: 0
    resources: tmpdir=/tmp

[Fri Dec 15 11:36:03 2023]
Finished job 0.
38 of 38 steps (100%) done
Complete log: /beevol/home/erickson/Ben_pipelines/snakemake_pipelines/.snakemake/log/2023-12-15T111937.326276.snakemake.log
