Building DAG of jobs...
Using shell: /bin/bash
Provided cluster nodes: 100
Job stats:
job                            count    min threads    max threads
---------------------------  -------  -------------  -------------
align_filter_sample                4             12             12
align_filter_sample_spikein        4             12             12
all                                1              1              1
bamCoverage                        2             12             12
bamCoverage_spike                  2             12             12
bamCoverage_spike_summary          1              1              1
bamCoverage_summary                1              1              1
bbduk_paired                       4             12             12
bbduk_summary                      1              1              1
bowtiePE                           4             12             12
bowtiePE_summmary                  1              1              1
bowtie_counts_spikein              4              1              1
calculating_OR                     2              1              1
clumpify_paired                    4              1              1
clumpify_summary                   1              1              1
fastqc                             8              6              6
fastqc_summary                     1              1              1
fragment_size_samp                 1             12             12
gathering_OR_results               1              1              1
gathering_results                  1              1              1
total                             48              1             12

Select jobs to execute...

[Fri Dec 15 09:55:58 2023]
Job 12: Removing duplicats for PP1H66KpDS2Ser53

Submitted DRMAA job 12 with external jobid 579326.

[Fri Dec 15 09:55:58 2023]
Job 2: Running FastQC on PP1H66KmDS2Ser53_CKDL230028616-1A_HCLMNDSX7_L4_1

Submitted DRMAA job 2 with external jobid 579327.

[Fri Dec 15 09:55:59 2023]
Job 13: Removing duplicats for PP1H66KmDoxS2Ser5

Submitted DRMAA job 13 with external jobid 579328.

[Fri Dec 15 09:55:59 2023]
Job 3: Running FastQC on PP1H66KmDS2Ser53_CKDL230028616-1A_HCLMNDSX7_L4_2

Submitted DRMAA job 3 with external jobid 579329.

[Fri Dec 15 09:55:59 2023]
Job 5: Running FastQC on PP1H66KpDS2Ser53_CKDL230028616-1A_HCLMNDSX7_L4_2

Submitted DRMAA job 5 with external jobid 579330.

[Fri Dec 15 09:55:59 2023]
Job 7: Running FastQC on PP1H66KmDoxS2Ser5_CKDL230028616-1A_HCLMNDSX7_L4_2

Submitted DRMAA job 7 with external jobid 579331.

[Fri Dec 15 09:55:59 2023]
Job 9: Running FastQC on PP1H66KpDoxS2Ser5_CKDL230028616-1A_HCLMNDSX7_L4_2

Submitted DRMAA job 9 with external jobid 579332.

[Fri Dec 15 09:55:59 2023]
Job 11: Removing duplicats for PP1H66KmDS2Ser53

Submitted DRMAA job 11 with external jobid 579333.

[Fri Dec 15 09:55:59 2023]
Job 14: Removing duplicats for PP1H66KpDoxS2Ser5

Submitted DRMAA job 14 with external jobid 579334.

[Fri Dec 15 09:55:59 2023]
Job 4: Running FastQC on PP1H66KpDS2Ser53_CKDL230028616-1A_HCLMNDSX7_L4_1

Submitted DRMAA job 4 with external jobid 579335.

[Fri Dec 15 09:55:59 2023]
Job 6: Running FastQC on PP1H66KmDoxS2Ser5_CKDL230028616-1A_HCLMNDSX7_L4_1

Submitted DRMAA job 6 with external jobid 579336.

[Fri Dec 15 09:55:59 2023]
Job 8: Running FastQC on PP1H66KpDoxS2Ser5_CKDL230028616-1A_HCLMNDSX7_L4_1

Submitted DRMAA job 8 with external jobid 579337.
[Fri Dec 15 09:57:26 2023]
Finished job 12.
1 of 48 steps (2%) done
Select jobs to execute...

[Fri Dec 15 09:57:26 2023]
Job 17: Removing duplicats for PP1H66KpDS2Ser53

Submitted DRMAA job 17 with external jobid 579339.
[Fri Dec 15 09:58:10 2023]
Finished job 13.
2 of 48 steps (4%) done
Select jobs to execute...

[Fri Dec 15 09:58:10 2023]
Job 18: Removing duplicats for PP1H66KmDoxS2Ser5

Submitted DRMAA job 18 with external jobid 579340.
Removing temporary output file Temp2/PP1H66KpDS2Ser53_R1_clumpify.fastq.gz.
Removing temporary output file Temp2/PP1H66KpDS2Ser53_R2_clumpify.fastq.gz.
[Fri Dec 15 09:58:43 2023]
Finished job 17.
3 of 48 steps (6%) done
Select jobs to execute...

[Fri Dec 15 09:58:43 2023]
Job 22: Aligning reads with Bowtie2 for PP1H66KpDS2Ser53

Submitted DRMAA job 22 with external jobid 579341.
[Fri Dec 15 09:58:54 2023]
Finished job 11.
4 of 48 steps (8%) done
Select jobs to execute...

[Fri Dec 15 09:58:54 2023]
Job 16: Removing duplicats for PP1H66KmDS2Ser53

Submitted DRMAA job 16 with external jobid 579342.
[Fri Dec 15 09:59:05 2023]
Finished job 14.
5 of 48 steps (10%) done
Select jobs to execute...

[Fri Dec 15 09:59:05 2023]
Job 19: Removing duplicats for PP1H66KpDoxS2Ser5

Submitted DRMAA job 19 with external jobid 579343.

[Fri Dec 15 09:59:05 2023]
Job 10: Creating Temp2 clumpify summary

Submitted DRMAA job 10 with external jobid 579344.
[Fri Dec 15 09:59:16 2023]
Finished job 10.
6 of 48 steps (12%) done
Removing temporary output file Temp2/PP1H66KmDoxS2Ser5_R2_clumpify.fastq.gz.
Removing temporary output file Temp2/PP1H66KmDoxS2Ser5_R1_clumpify.fastq.gz.
[Fri Dec 15 09:59:17 2023]
Finished job 18.
7 of 48 steps (15%) done
Select jobs to execute...

[Fri Dec 15 09:59:17 2023]
Job 23: Aligning reads with Bowtie2 for PP1H66KmDoxS2Ser5

Submitted DRMAA job 23 with external jobid 579345.
Removing temporary output file Temp2/PP1H66KpDoxS2Ser5_R2_clumpify.fastq.gz.
Removing temporary output file Temp2/PP1H66KpDoxS2Ser5_R1_clumpify.fastq.gz.
[Fri Dec 15 10:00:12 2023]
Finished job 19.
8 of 48 steps (17%) done
Select jobs to execute...

[Fri Dec 15 10:00:12 2023]
Job 24: Aligning reads with Bowtie2 for PP1H66KpDoxS2Ser5

Submitted DRMAA job 24 with external jobid 579346.
Removing temporary output file Temp2/PP1H66KmDS2Ser53_R1_clumpify.fastq.gz.
Removing temporary output file Temp2/PP1H66KmDS2Ser53_R2_clumpify.fastq.gz.
[Fri Dec 15 10:00:12 2023]
Finished job 16.
9 of 48 steps (19%) done
Select jobs to execute...

[Fri Dec 15 10:00:12 2023]
Job 21: Aligning reads with Bowtie2 for PP1H66KmDS2Ser53

Submitted DRMAA job 21 with external jobid 579347.

[Fri Dec 15 10:00:12 2023]
Job 15: Creating Temp2 bbduk summary

Submitted DRMAA job 15 with external jobid 579348.
[Fri Dec 15 10:00:23 2023]
Finished job 15.
10 of 48 steps (21%) done
[Fri Dec 15 10:01:18 2023]
Finished job 5.
11 of 48 steps (23%) done
[Fri Dec 15 10:01:29 2023]
Finished job 3.
12 of 48 steps (25%) done
[Fri Dec 15 10:01:40 2023]
Finished job 7.
13 of 48 steps (27%) done
[Fri Dec 15 10:01:40 2023]
Finished job 6.
14 of 48 steps (29%) done
[Fri Dec 15 10:01:52 2023]
Finished job 2.
15 of 48 steps (31%) done
[Fri Dec 15 10:01:52 2023]
Finished job 9.
16 of 48 steps (33%) done
[Fri Dec 15 10:01:52 2023]
Finished job 8.
17 of 48 steps (35%) done
[Fri Dec 15 10:02:32 2023]
Finished job 4.
18 of 48 steps (38%) done
Select jobs to execute...

[Fri Dec 15 10:02:32 2023]
Job 1: Creating Temp2 FastQC summary

Submitted DRMAA job 1 with external jobid 579349.
[Fri Dec 15 10:02:42 2023]
Finished job 1.
19 of 48 steps (40%) done
Removing temporary output file Temp2/PP1H66KmDoxS2Ser5_R2.fastq.gz.
Removing temporary output file Temp2/PP1H66KmDoxS2Ser5_R1.fastq.gz.
[Fri Dec 15 10:03:32 2023]
Finished job 23.
20 of 48 steps (42%) done
Select jobs to execute...

[Fri Dec 15 10:03:32 2023]
Job 32: filtering spike in reads PP1H66KmDoxS2Ser5

Submitted DRMAA job 32 with external jobid 579350.

[Fri Dec 15 10:03:32 2023]
Job 28: filtering reads PP1H66KmDoxS2Ser5

Submitted DRMAA job 28 with external jobid 579351.
[Fri Dec 15 10:03:42 2023]
Finished job 32.
21 of 48 steps (44%) done
Removing temporary output file Temp2/PP1H66KpDoxS2Ser5_R1.fastq.gz.
Removing temporary output file Temp2/PP1H66KpDoxS2Ser5_R2.fastq.gz.
[Fri Dec 15 10:04:12 2023]
Finished job 24.
22 of 48 steps (46%) done
Select jobs to execute...

[Fri Dec 15 10:04:12 2023]
Job 33: filtering spike in reads PP1H66KpDoxS2Ser5

Submitted DRMAA job 33 with external jobid 579352.

[Fri Dec 15 10:04:12 2023]
Job 29: filtering reads PP1H66KpDoxS2Ser5

Submitted DRMAA job 29 with external jobid 579353.
Removing temporary output file Temp2/PP1H66KmDoxS2Ser5_hg38_mm10.bam.
Removing temporary output file Temp2/PP1H66KmDoxS2Ser5_hg38_mm10.bam.bai.
[Fri Dec 15 10:04:22 2023]
Finished job 28.
23 of 48 steps (48%) done
Select jobs to execute...

[Fri Dec 15 10:04:22 2023]
Job 40: Bowtie2 counts_spikin for PP1H66KmDoxS2Ser5

Submitted DRMAA job 40 with external jobid 579355.
[Fri Dec 15 10:04:22 2023]
Finished job 33.
24 of 48 steps (50%) done
Removing temporary output file Temp2/PP1H66KpDS2Ser53_R2.fastq.gz.
Removing temporary output file Temp2/PP1H66KpDS2Ser53_R1.fastq.gz.
[Fri Dec 15 10:04:43 2023]
Finished job 22.
25 of 48 steps (52%) done
Select jobs to execute...

[Fri Dec 15 10:04:43 2023]
Job 31: filtering spike in reads PP1H66KpDS2Ser53

Submitted DRMAA job 31 with external jobid 579356.

[Fri Dec 15 10:04:43 2023]
Job 27: filtering reads PP1H66KpDS2Ser53

Submitted DRMAA job 27 with external jobid 579357.
[Fri Dec 15 10:04:43 2023]
Finished job 40.
26 of 48 steps (54%) done
[Fri Dec 15 10:04:53 2023]
Finished job 31.
27 of 48 steps (56%) done
Removing temporary output file Temp2/PP1H66KpDoxS2Ser5_hg38_mm10.bam.bai.
Removing temporary output file Temp2/PP1H66KpDoxS2Ser5_hg38_mm10.bam.
[Fri Dec 15 10:05:03 2023]
Finished job 29.
28 of 48 steps (58%) done
Select jobs to execute...

[Fri Dec 15 10:05:03 2023]
Job 41: Bowtie2 counts_spikin for PP1H66KpDoxS2Ser5

Submitted DRMAA job 41 with external jobid 579358.
[Fri Dec 15 10:05:23 2023]
Finished job 41.
29 of 48 steps (60%) done
Select jobs to execute...

[Fri Dec 15 10:05:23 2023]
Job 39: getting OR norm for PP1H66KSer5-r2

Submitted DRMAA job 39 with external jobid 579359.
[Fri Dec 15 10:05:43 2023]
Error in rule calculating_OR:
    jobid: 39
    output: Temp2/counts/PP1H66KSer5-r2_OR_count.txt
    log: Temp2/logs/PP1H66KSer5-r2_OR.out, Temp2/logs/PP1H66KSer5-r2_OR.err (check log file(s) for error message)

Error executing rule calculating_OR on cluster (jobid: 39, external: 579359, jobscript: /beevol/home/erickson/Ben_pipelines/snakemake_pipelines/.snakemake/tmp.fr6qmmfw/snakejob.calculating_OR.39.sh). For error details see the cluster log and the log files of the involved rule(s).
Removing temporary output file Temp2/PP1H66KpDS2Ser53_hg38_mm10.bam.
Removing temporary output file Temp2/PP1H66KpDS2Ser53_hg38_mm10.bam.bai.
[Fri Dec 15 10:05:53 2023]
Finished job 27.
30 of 48 steps (62%) done
Removing temporary output file Temp2/PP1H66KmDS2Ser53_R1.fastq.gz.
Removing temporary output file Temp2/PP1H66KmDS2Ser53_R2.fastq.gz.
[Fri Dec 15 10:06:53 2023]
Finished job 21.
31 of 48 steps (65%) done
Shutting down, this might take some time.
Exiting because a job execution failed. Look above for error message
Complete log: /beevol/home/erickson/Ben_pipelines/snakemake_pipelines/.snakemake/log/2023-12-15T095557.874938.snakemake.log
