Building DAG of jobs...
The params used to generate one or several output files has changed:
    To inspect which output files have changes, run 'snakemake --list-params-changes'.
    To trigger a re-run, use 'snakemake -R $(snakemake --list-params-changes)'.
Using shell: /bin/bash
Provided cluster nodes: 100
Job stats:
job                            count    min threads    max threads
---------------------------  -------  -------------  -------------
align_filter_sample                1             12             12
align_filter_sample_spikein        1             12             12
all                                1              1              1
bowtiePE_summmary                  1              1              1
bowtie_counts_spikein              1              1              1
total                              5              1             12

Select jobs to execute...

[Fri Nov 17 10:54:38 2023]
Job 20: summmary Bowtie2 for

Submitted DRMAA job 20 with external jobid 567875.

[Fri Nov 17 10:54:38 2023]
Job 26: filtering reads PP1H66KmDS2Ser53

Submitted DRMAA job 26 with external jobid 567876.

[Fri Nov 17 10:54:39 2023]
Job 27: filtering spike in reads PP1H66KmDS2Ser53

Submitted DRMAA job 27 with external jobid 567877.
Removing temporary output file Temp/bams/PP1H66KmDS2Ser53_hg38_mm10_bowtie_stats.txt.
Removing temporary output file Temp/bams/PP1H66KpDS2Ser53_hg38_mm10_bowtie_stats.txt.
Removing temporary output file Temp/bams/PP1H66KmDoxS2Ser5_hg38_mm10_bowtie_stats.txt.
Removing temporary output file Temp/bams/PP1H66KpDoxS2Ser5_hg38_mm10_bowtie_stats.txt.
[Fri Nov 17 10:54:57 2023]
Finished job 20.
1 of 5 steps (20%) done
[Fri Nov 17 10:54:57 2023]
Finished job 27.
2 of 5 steps (40%) done
Removing temporary output file Temp/PP1H66KmDS2Ser53_hg38_mm10.bam.bai.
Removing temporary output file Temp/PP1H66KmDS2Ser53_hg38_mm10.bam.
[Fri Nov 17 10:56:47 2023]
Finished job 26.
3 of 5 steps (60%) done
Select jobs to execute...

[Fri Nov 17 10:56:47 2023]
Job 25: Bowtie2 counts_spikin for PP1H66KmDS2Ser53

Submitted DRMAA job 25 with external jobid 567878.
[Fri Nov 17 10:57:09 2023]
Finished job 25.
4 of 5 steps (80%) done
Select jobs to execute...

[Fri Nov 17 10:57:09 2023]
localrule all:
    input: Temp/stats/Temp_fastqc.tsv, Temp/stats/Temp_clumpify.tsv, Temp/stats/Temp_bbduk.tsv, Temp/stats/Temp_aligned.tsv, Temp/stats/PP1H66KmDS2Ser53_spikin_count.txt, Temp/stats/PP1H66KpDS2Ser53_spikin_count.txt, Temp/stats/PP1H66KmDoxS2Ser5_spikin_count.txt, Temp/stats/PP1H66KpDoxS2Ser5_spikin_count.txt
    jobid: 0
    resources: tmpdir=/tmp

[Fri Nov 17 10:57:09 2023]
Finished job 0.
5 of 5 steps (100%) done
The params used to generate one or several output files has changed:
    To inspect which output files have changes, run 'snakemake --list-params-changes'.
    To trigger a re-run, use 'snakemake -R $(snakemake --list-params-changes)'.
Complete log: /beevol/home/erickson/Ben_pipelines/snakemake_pipelines/.snakemake/log/2023-11-17T105435.929323.snakemake.log
