Building DAG of jobs...
The params used to generate one or several output files has changed:
    To inspect which output files have changes, run 'snakemake --list-params-changes'.
    To trigger a re-run, use 'snakemake -R $(snakemake --list-params-changes)'.
Using shell: /bin/bash
Provided cluster nodes: 100
Job stats:
job                   count    min threads    max threads
------------------  -------  -------------  -------------
all                       1              1              1
fragment_size_samp        1             12             12
gathering_results         1              1              1
total                     3              1             12

Select jobs to execute...

[Fri Nov 17 11:37:30 2023]
Job 38: fragment size of mapped paired end reads for sample

Submitted DRMAA job 38 with external jobid 567898.
[Fri Nov 17 12:52:11 2023]
Finished job 38.
1 of 3 steps (33%) done
Select jobs to execute...

[Fri Nov 17 12:52:11 2023]
Job 37: getting final results

Submitted DRMAA job 37 with external jobid 567930.
[Fri Nov 17 12:52:41 2023]
Finished job 37.
2 of 3 steps (67%) done
Select jobs to execute...

[Fri Nov 17 12:52:41 2023]
localrule all:
    input: Temp/stats/Temp_fastqc.tsv, Temp/stats/Temp_clumpify.tsv, Temp/stats/Temp_bbduk.tsv, Temp/stats/Temp_aligned.tsv, Temp/stats/PP1H66KmDS2Ser53_spikin_count.txt, Temp/stats/PP1H66KpDS2Ser53_spikin_count.txt, Temp/stats/PP1H66KmDoxS2Ser5_spikin_count.txt, Temp/stats/PP1H66KpDoxS2Ser5_spikin_count.txt, Temp/stats/Temp_results.tsv
    jobid: 0
    resources: tmpdir=/tmp

[Fri Nov 17 12:52:41 2023]
Finished job 0.
3 of 3 steps (100%) done
The params used to generate one or several output files has changed:
    To inspect which output files have changes, run 'snakemake --list-params-changes'.
    To trigger a re-run, use 'snakemake -R $(snakemake --list-params-changes)'.
Complete log: /beevol/home/erickson/Ben_pipelines/snakemake_pipelines/.snakemake/log/2023-11-17T113725.135612.snakemake.log
