Building DAG of jobs...
The params used to generate one or several output files has changed:
    To inspect which output files have changes, run 'snakemake --list-params-changes'.
    To trigger a re-run, use 'snakemake -R $(snakemake --list-params-changes)'.
Using shell: /bin/bash
Provided cluster nodes: 100
Job stats:
job                    count    min threads    max threads
-------------------  -------  -------------  -------------
align_filter_sample        4             12             12
all                        1              1              1
bowtie_counts              4              1              1
fragment_size              1             12             12
gathering_results          1              1              1
star_2pass_summmary        1              4              4
star_second_pass           4              4              4
total                     16              1             12

Select jobs to execute...

[Sun Nov 19 09:43:28 2023]
Job 27: running second pass star alignments 

Submitted DRMAA job 27 with external jobid 568138.

[Sun Nov 19 09:43:28 2023]
Job 28: running second pass star alignments 

Submitted DRMAA job 28 with external jobid 568139.

[Sun Nov 19 09:43:29 2023]
Job 21: running second pass star alignments 

Submitted DRMAA job 21 with external jobid 568140.

[Sun Nov 19 09:43:29 2023]
Job 26: running second pass star alignments 

Submitted DRMAA job 26 with external jobid 568141.
[Sun Nov 19 10:08:49 2023]
Error in rule star_second_pass:
    jobid: 28
    output: Temp_star/PP1H66KpDoxS2Ser5_hg38.bam, Temp_star/PP1H66KpDoxS2Ser5_hg38.bam.bai, Temp_star/bams/PP1H66KpDoxS2Ser5_hg38_2pass_Log.final.out
    log: Temp_star/logs/PP1H66KpDoxS2Ser5_2_star.out, Temp_star/logs/PP1H66KpDoxS2Ser5_2_star.err (check log file(s) for error message)
    shell:
        
        module load STAR/2.7.10a
        
        STAR        --genomeDir /beevol/home/erickson/ref/star_idx_hg38mask14add        --runThreadN 4        --readFilesIn Temp_star/PP1H66KpDoxS2Ser5_R1.fastq.gz Temp_star/PP1H66KpDoxS2Ser5_R2.fastq.gz        --outSAMtype BAM SortedByCoordinate        --readFilesCommand gunzip -c        --outFileNamePrefix Temp_star/bams/PP1H66KpDoxS2Ser5_2pass_        --limitBAMsortRAM 500000000000        --sjdbFileChrStartEnd Temp_star/bams/PP1H66KmDS2Ser53_SJ.out.tab Temp_star/bams/PP1H66KpDS2Ser53_SJ.out.tab Temp_star/bams/PP1H66KmDoxS2Ser5_SJ.out.tab Temp_star/bams/PP1H66KpDoxS2Ser5_SJ.out.tab         --limitSjdbInsertNsj 2000000 --outSAMattributes NH HI AS nM MD --alignSJoverhangMin 10 

       mv Temp_star/bams/PP1H66KpDoxS2Ser5_2pass_Aligned.sortedByCoord.out.bam Temp_star/PP1H66KpDoxS2Ser5_hg38.bam
       
       samtools index -@ 4 Temp_star/PP1H66KpDoxS2Ser5_hg38.bam
       
        
        (one of the commands exited with non-zero exit code; note that snakemake uses bash strict mode!)

Error executing rule star_second_pass on cluster (jobid: 28, external: 568139, jobscript: /beevol/home/erickson/Ben_pipelines/snakemake_pipelines/.snakemake/tmp.34i2qit2/snakejob.star_second_pass.28.sh). For error details see the cluster log and the log files of the involved rule(s).
[Sun Nov 19 10:14:12 2023]
Error in rule star_second_pass:
    jobid: 27
    output: Temp_star/PP1H66KmDoxS2Ser5_hg38.bam, Temp_star/PP1H66KmDoxS2Ser5_hg38.bam.bai, Temp_star/bams/PP1H66KmDoxS2Ser5_hg38_2pass_Log.final.out
    log: Temp_star/logs/PP1H66KmDoxS2Ser5_2_star.out, Temp_star/logs/PP1H66KmDoxS2Ser5_2_star.err (check log file(s) for error message)
    shell:
        
        module load STAR/2.7.10a
        
        STAR        --genomeDir /beevol/home/erickson/ref/star_idx_hg38mask14add        --runThreadN 4        --readFilesIn Temp_star/PP1H66KmDoxS2Ser5_R1.fastq.gz Temp_star/PP1H66KmDoxS2Ser5_R2.fastq.gz        --outSAMtype BAM SortedByCoordinate        --readFilesCommand gunzip -c        --outFileNamePrefix Temp_star/bams/PP1H66KmDoxS2Ser5_2pass_        --limitBAMsortRAM 500000000000        --sjdbFileChrStartEnd Temp_star/bams/PP1H66KmDS2Ser53_SJ.out.tab Temp_star/bams/PP1H66KpDS2Ser53_SJ.out.tab Temp_star/bams/PP1H66KmDoxS2Ser5_SJ.out.tab Temp_star/bams/PP1H66KpDoxS2Ser5_SJ.out.tab         --limitSjdbInsertNsj 2000000 --outSAMattributes NH HI AS nM MD --alignSJoverhangMin 10 

       mv Temp_star/bams/PP1H66KmDoxS2Ser5_2pass_Aligned.sortedByCoord.out.bam Temp_star/PP1H66KmDoxS2Ser5_hg38.bam
       
       samtools index -@ 4 Temp_star/PP1H66KmDoxS2Ser5_hg38.bam
       
        
        (one of the commands exited with non-zero exit code; note that snakemake uses bash strict mode!)

Error executing rule star_second_pass on cluster (jobid: 27, external: 568138, jobscript: /beevol/home/erickson/Ben_pipelines/snakemake_pipelines/.snakemake/tmp.34i2qit2/snakejob.star_second_pass.27.sh). For error details see the cluster log and the log files of the involved rule(s).
[Sun Nov 19 10:17:23 2023]
Error in rule star_second_pass:
    jobid: 21
    output: Temp_star/PP1H66KmDS2Ser53_hg38.bam, Temp_star/PP1H66KmDS2Ser53_hg38.bam.bai, Temp_star/bams/PP1H66KmDS2Ser53_hg38_2pass_Log.final.out
    log: Temp_star/logs/PP1H66KmDS2Ser53_2_star.out, Temp_star/logs/PP1H66KmDS2Ser53_2_star.err (check log file(s) for error message)
    shell:
        
        module load STAR/2.7.10a
        
        STAR        --genomeDir /beevol/home/erickson/ref/star_idx_hg38mask14add        --runThreadN 4        --readFilesIn Temp_star/PP1H66KmDS2Ser53_R1.fastq.gz Temp_star/PP1H66KmDS2Ser53_R2.fastq.gz        --outSAMtype BAM SortedByCoordinate        --readFilesCommand gunzip -c        --outFileNamePrefix Temp_star/bams/PP1H66KmDS2Ser53_2pass_        --limitBAMsortRAM 500000000000        --sjdbFileChrStartEnd Temp_star/bams/PP1H66KmDS2Ser53_SJ.out.tab Temp_star/bams/PP1H66KpDS2Ser53_SJ.out.tab Temp_star/bams/PP1H66KmDoxS2Ser5_SJ.out.tab Temp_star/bams/PP1H66KpDoxS2Ser5_SJ.out.tab         --limitSjdbInsertNsj 2000000 --outSAMattributes NH HI AS nM MD --alignSJoverhangMin 10 

       mv Temp_star/bams/PP1H66KmDS2Ser53_2pass_Aligned.sortedByCoord.out.bam Temp_star/PP1H66KmDS2Ser53_hg38.bam
       
       samtools index -@ 4 Temp_star/PP1H66KmDS2Ser53_hg38.bam
       
        
        (one of the commands exited with non-zero exit code; note that snakemake uses bash strict mode!)

Error executing rule star_second_pass on cluster (jobid: 21, external: 568140, jobscript: /beevol/home/erickson/Ben_pipelines/snakemake_pipelines/.snakemake/tmp.34i2qit2/snakejob.star_second_pass.21.sh). For error details see the cluster log and the log files of the involved rule(s).
[Sun Nov 19 10:21:05 2023]
Error in rule star_second_pass:
    jobid: 26
    output: Temp_star/PP1H66KpDS2Ser53_hg38.bam, Temp_star/PP1H66KpDS2Ser53_hg38.bam.bai, Temp_star/bams/PP1H66KpDS2Ser53_hg38_2pass_Log.final.out
    log: Temp_star/logs/PP1H66KpDS2Ser53_2_star.out, Temp_star/logs/PP1H66KpDS2Ser53_2_star.err (check log file(s) for error message)
    shell:
        
        module load STAR/2.7.10a
        
        STAR        --genomeDir /beevol/home/erickson/ref/star_idx_hg38mask14add        --runThreadN 4        --readFilesIn Temp_star/PP1H66KpDS2Ser53_R1.fastq.gz Temp_star/PP1H66KpDS2Ser53_R2.fastq.gz        --outSAMtype BAM SortedByCoordinate        --readFilesCommand gunzip -c        --outFileNamePrefix Temp_star/bams/PP1H66KpDS2Ser53_2pass_        --limitBAMsortRAM 500000000000        --sjdbFileChrStartEnd Temp_star/bams/PP1H66KmDS2Ser53_SJ.out.tab Temp_star/bams/PP1H66KpDS2Ser53_SJ.out.tab Temp_star/bams/PP1H66KmDoxS2Ser5_SJ.out.tab Temp_star/bams/PP1H66KpDoxS2Ser5_SJ.out.tab         --limitSjdbInsertNsj 2000000 --outSAMattributes NH HI AS nM MD --alignSJoverhangMin 10 

       mv Temp_star/bams/PP1H66KpDS2Ser53_2pass_Aligned.sortedByCoord.out.bam Temp_star/PP1H66KpDS2Ser53_hg38.bam
       
       samtools index -@ 4 Temp_star/PP1H66KpDS2Ser53_hg38.bam
       
        
        (one of the commands exited with non-zero exit code; note that snakemake uses bash strict mode!)

Error executing rule star_second_pass on cluster (jobid: 26, external: 568141, jobscript: /beevol/home/erickson/Ben_pipelines/snakemake_pipelines/.snakemake/tmp.34i2qit2/snakejob.star_second_pass.26.sh). For error details see the cluster log and the log files of the involved rule(s).
Shutting down, this might take some time.
Exiting because a job execution failed. Look above for error message
The params used to generate one or several output files has changed:
    To inspect which output files have changes, run 'snakemake --list-params-changes'.
    To trigger a re-run, use 'snakemake -R $(snakemake --list-params-changes)'.
Complete log: /beevol/home/erickson/Ben_pipelines/snakemake_pipelines/.snakemake/log/2023-11-19T094323.718677.snakemake.log
