Building DAG of jobs...
Using shell: /bin/bash
Provided cluster nodes: 100
Job stats:
job                            count    min threads    max threads
---------------------------  -------  -------------  -------------
align_filter_sample                4             12             12
align_filter_sample_spikein        4             12             12
all                                1              1              1
bbduk_paired                       4             12             12
bbduk_summary                      1              1              1
bowtiePE                           4             12             12
bowtiePE_summmary                  1              1              1
bowtie_counts_spikein              4              1              1
clumpify_paired                    4              1              1
clumpify_summary                   1              1              1
fastqc_summary                     1              1              1
total                             29              1             12

Select jobs to execute...

[Fri Nov 17 09:35:23 2023]
Job 14: Removing duplicats for PP1H66KpDoxS2Ser5

Submitted DRMAA job 14 with external jobid 567789.

[Fri Nov 17 09:35:23 2023]
Job 11: Removing duplicats for PP1H66KmDS2Ser53

Submitted DRMAA job 11 with external jobid 567790.

[Fri Nov 17 09:35:23 2023]
Job 1: Creating Temp FastQC summary

Submitted DRMAA job 1 with external jobid 567791.

[Fri Nov 17 09:35:23 2023]
Job 12: Removing duplicats for PP1H66KpDS2Ser53

Submitted DRMAA job 12 with external jobid 567792.

[Fri Nov 17 09:35:23 2023]
Job 13: Removing duplicats for PP1H66KmDoxS2Ser5

Submitted DRMAA job 13 with external jobid 567793.
[Fri Nov 17 09:35:33 2023]
Finished job 1.
1 of 29 steps (3%) done
[Fri Nov 17 09:36:43 2023]
Finished job 12.
2 of 29 steps (7%) done
Select jobs to execute...

[Fri Nov 17 09:36:43 2023]
Job 17: Removing duplicats for PP1H66KpDS2Ser53

Submitted DRMAA job 17 with external jobid 567794.
[Fri Nov 17 09:37:44 2023]
Finished job 14.
3 of 29 steps (10%) done
Select jobs to execute...

[Fri Nov 17 09:37:44 2023]
Job 19: Removing duplicats for PP1H66KpDoxS2Ser5

Submitted DRMAA job 19 with external jobid 567795.
[Fri Nov 17 09:37:44 2023]
Finished job 13.
4 of 29 steps (14%) done
Select jobs to execute...

[Fri Nov 17 09:37:44 2023]
Job 18: Removing duplicats for PP1H66KmDoxS2Ser5

Submitted DRMAA job 18 with external jobid 567796.
Removing temporary output file Temp/PP1H66KpDS2Ser53_R2_clumpify.fastq.gz.
Removing temporary output file Temp/PP1H66KpDS2Ser53_R1_clumpify.fastq.gz.
[Fri Nov 17 09:37:54 2023]
Finished job 17.
5 of 29 steps (17%) done
Select jobs to execute...

[Fri Nov 17 09:37:54 2023]
Job 22: Aligning reads with Bowtie2 for PP1H66KpDS2Ser53

Submitted DRMAA job 22 with external jobid 567797.
[Fri Nov 17 09:38:14 2023]
Finished job 11.
6 of 29 steps (21%) done
Select jobs to execute...

[Fri Nov 17 09:38:14 2023]
Job 16: Removing duplicats for PP1H66KmDS2Ser53

Submitted DRMAA job 16 with external jobid 567798.

[Fri Nov 17 09:38:14 2023]
Job 10: Creating Temp clumpify summary

Submitted DRMAA job 10 with external jobid 567799.
[Fri Nov 17 09:38:24 2023]
Finished job 10.
7 of 29 steps (24%) done
Removing temporary output file Temp/PP1H66KpDoxS2Ser5_R2_clumpify.fastq.gz.
Removing temporary output file Temp/PP1H66KpDoxS2Ser5_R1_clumpify.fastq.gz.
[Fri Nov 17 09:38:44 2023]
Finished job 19.
8 of 29 steps (28%) done
Select jobs to execute...

[Fri Nov 17 09:38:44 2023]
Job 24: Aligning reads with Bowtie2 for PP1H66KpDoxS2Ser5

Submitted DRMAA job 24 with external jobid 567800.
Removing temporary output file Temp/PP1H66KmDoxS2Ser5_R1_clumpify.fastq.gz.
Removing temporary output file Temp/PP1H66KmDoxS2Ser5_R2_clumpify.fastq.gz.
[Fri Nov 17 09:38:44 2023]
Finished job 18.
9 of 29 steps (31%) done
Select jobs to execute...

[Fri Nov 17 09:38:44 2023]
Job 23: Aligning reads with Bowtie2 for PP1H66KmDoxS2Ser5

Submitted DRMAA job 23 with external jobid 567801.
Removing temporary output file Temp/PP1H66KmDS2Ser53_R1_clumpify.fastq.gz.
Removing temporary output file Temp/PP1H66KmDS2Ser53_R2_clumpify.fastq.gz.
[Fri Nov 17 09:39:24 2023]
Finished job 16.
10 of 29 steps (34%) done
Select jobs to execute...

[Fri Nov 17 09:39:24 2023]
Job 21: Aligning reads with Bowtie2 for PP1H66KmDS2Ser53

Submitted DRMAA job 21 with external jobid 567802.

[Fri Nov 17 09:39:24 2023]
Job 15: Creating Temp bbduk summary

Submitted DRMAA job 15 with external jobid 567803.
[Fri Nov 17 09:39:34 2023]
Finished job 15.
11 of 29 steps (38%) done
[Fri Nov 17 09:42:06 2023]
Error in rule bowtiePE:
    jobid: 24
    output: Temp/PP1H66KpDoxS2Ser5_hg38.bam, Temp/PP1H66KpDoxS2Ser5_hg38.bam.bai, Temp/bams/PP1H66KpDoxS2Ser5_hg38_mm10_bowtie_stats.txt
    log: Temp/logs/PP1H66KpDoxS2Ser5_bowtie.out, Temp/logs/PP1H66KpDoxS2Ser5_bowtie.err (check log file(s) for error message)
    shell:
        
        bowtie2             -p 12             -x /beevol/home/erickson/ref/hg38_mm10/hg38_mm10             -1 Temp/PP1H66KpDoxS2Ser5_R1.fastq.gz             -2 Temp/PP1H66KpDoxS2Ser5_R2.fastq.gz              --local --no-mixed --no-discordant              2> Temp/bams/PP1H66KpDoxS2Ser5_hg38_mm10_bowtie_stats.txt             | samtools view  -bF4q30  -             > Temp/PP1H66KpDoxS2Ser5_hg38.bam
        
        samtools index -@ 12 Temp/PP1H66KpDoxS2Ser5_hg38.bam
        
        
        (one of the commands exited with non-zero exit code; note that snakemake uses bash strict mode!)

Error executing rule bowtiePE on cluster (jobid: 24, external: 567800, jobscript: /beevol/home/erickson/Ben_pipelines/snakemake_pipelines/.snakemake/tmp.lou447ab/snakejob.bowtiePE.24.sh). For error details see the cluster log and the log files of the involved rule(s).
[Fri Nov 17 09:42:36 2023]
Error in rule bowtiePE:
    jobid: 23
    output: Temp/PP1H66KmDoxS2Ser5_hg38.bam, Temp/PP1H66KmDoxS2Ser5_hg38.bam.bai, Temp/bams/PP1H66KmDoxS2Ser5_hg38_mm10_bowtie_stats.txt
    log: Temp/logs/PP1H66KmDoxS2Ser5_bowtie.out, Temp/logs/PP1H66KmDoxS2Ser5_bowtie.err (check log file(s) for error message)
    shell:
        
        bowtie2             -p 12             -x /beevol/home/erickson/ref/hg38_mm10/hg38_mm10             -1 Temp/PP1H66KmDoxS2Ser5_R1.fastq.gz             -2 Temp/PP1H66KmDoxS2Ser5_R2.fastq.gz              --local --no-mixed --no-discordant              2> Temp/bams/PP1H66KmDoxS2Ser5_hg38_mm10_bowtie_stats.txt             | samtools view  -bF4q30  -             > Temp/PP1H66KmDoxS2Ser5_hg38.bam
        
        samtools index -@ 12 Temp/PP1H66KmDoxS2Ser5_hg38.bam
        
        
        (one of the commands exited with non-zero exit code; note that snakemake uses bash strict mode!)

Error executing rule bowtiePE on cluster (jobid: 23, external: 567801, jobscript: /beevol/home/erickson/Ben_pipelines/snakemake_pipelines/.snakemake/tmp.lou447ab/snakejob.bowtiePE.23.sh). For error details see the cluster log and the log files of the involved rule(s).
[Fri Nov 17 09:43:16 2023]
Error in rule bowtiePE:
    jobid: 22
    output: Temp/PP1H66KpDS2Ser53_hg38.bam, Temp/PP1H66KpDS2Ser53_hg38.bam.bai, Temp/bams/PP1H66KpDS2Ser53_hg38_mm10_bowtie_stats.txt
    log: Temp/logs/PP1H66KpDS2Ser53_bowtie.out, Temp/logs/PP1H66KpDS2Ser53_bowtie.err (check log file(s) for error message)
    shell:
        
        bowtie2             -p 12             -x /beevol/home/erickson/ref/hg38_mm10/hg38_mm10             -1 Temp/PP1H66KpDS2Ser53_R1.fastq.gz             -2 Temp/PP1H66KpDS2Ser53_R2.fastq.gz              --local --no-mixed --no-discordant              2> Temp/bams/PP1H66KpDS2Ser53_hg38_mm10_bowtie_stats.txt             | samtools view  -bF4q30  -             > Temp/PP1H66KpDS2Ser53_hg38.bam
        
        samtools index -@ 12 Temp/PP1H66KpDS2Ser53_hg38.bam
        
        
        (one of the commands exited with non-zero exit code; note that snakemake uses bash strict mode!)

Error executing rule bowtiePE on cluster (jobid: 22, external: 567797, jobscript: /beevol/home/erickson/Ben_pipelines/snakemake_pipelines/.snakemake/tmp.lou447ab/snakejob.bowtiePE.22.sh). For error details see the cluster log and the log files of the involved rule(s).
[Fri Nov 17 09:45:27 2023]
Error in rule bowtiePE:
    jobid: 21
    output: Temp/PP1H66KmDS2Ser53_hg38.bam, Temp/PP1H66KmDS2Ser53_hg38.bam.bai, Temp/bams/PP1H66KmDS2Ser53_hg38_mm10_bowtie_stats.txt
    log: Temp/logs/PP1H66KmDS2Ser53_bowtie.out, Temp/logs/PP1H66KmDS2Ser53_bowtie.err (check log file(s) for error message)
    shell:
        
        bowtie2             -p 12             -x /beevol/home/erickson/ref/hg38_mm10/hg38_mm10             -1 Temp/PP1H66KmDS2Ser53_R1.fastq.gz             -2 Temp/PP1H66KmDS2Ser53_R2.fastq.gz              --local --no-mixed --no-discordant              2> Temp/bams/PP1H66KmDS2Ser53_hg38_mm10_bowtie_stats.txt             | samtools view  -bF4q30  -             > Temp/PP1H66KmDS2Ser53_hg38.bam
        
        samtools index -@ 12 Temp/PP1H66KmDS2Ser53_hg38.bam
        
        
        (one of the commands exited with non-zero exit code; note that snakemake uses bash strict mode!)

Error executing rule bowtiePE on cluster (jobid: 21, external: 567802, jobscript: /beevol/home/erickson/Ben_pipelines/snakemake_pipelines/.snakemake/tmp.lou447ab/snakejob.bowtiePE.21.sh). For error details see the cluster log and the log files of the involved rule(s).
Shutting down, this might take some time.
Exiting because a job execution failed. Look above for error message
Complete log: /beevol/home/erickson/Ben_pipelines/snakemake_pipelines/.snakemake/log/2023-11-17T093521.734100.snakemake.log
