Building DAG of jobs...
The params used to generate one or several output files has changed:
    To inspect which output files have changes, run 'snakemake --list-params-changes'.
    To trigger a re-run, use 'snakemake -R $(snakemake --list-params-changes)'.
Using shell: /bin/bash
Provided cluster nodes: 100
Job stats:
job                    count    min threads    max threads
-------------------  -------  -------------  -------------
align_filter_sample        4             12             12
all                        1              1              1
fragment_size              1             12             12
gathering_results          1              1              1
star_2pass_summmary        1              4              4
star_counts                4              1              1
star_second_pass           4              4              4
total                     16              1             12

Select jobs to execute...

[Sun Nov 19 10:47:12 2023]
Job 27: running second pass star alignments 

Submitted DRMAA job 27 with external jobid 568146.

[Sun Nov 19 10:47:12 2023]
Job 28: running second pass star alignments 

Submitted DRMAA job 28 with external jobid 568147.

[Sun Nov 19 10:47:13 2023]
Job 21: running second pass star alignments 

Submitted DRMAA job 21 with external jobid 568148.

[Sun Nov 19 10:47:13 2023]
Job 26: running second pass star alignments 

Submitted DRMAA job 26 with external jobid 568149.
Removing temporary output file Temp_star/PP1H66KpDoxS2Ser5_R2.fastq.gz.
Removing temporary output file Temp_star/PP1H66KpDoxS2Ser5_R1.fastq.gz.
Removing temporary output file Temp_star/bams/PP1H66KpDoxS2Ser5_Aligned.sortedByCoord.out.bam.
[Sun Nov 19 11:12:33 2023]
Finished job 28.
1 of 16 steps (6%) done
Select jobs to execute...

[Sun Nov 19 11:12:33 2023]
Job 34: filtering reads PP1H66KpDoxS2Ser5

Submitted DRMAA job 34 with external jobid 568150.
Removing temporary output file Temp_star/PP1H66KmDoxS2Ser5_R1.fastq.gz.
Removing temporary output file Temp_star/PP1H66KmDoxS2Ser5_R2.fastq.gz.
Removing temporary output file Temp_star/bams/PP1H66KmDoxS2Ser5_Aligned.sortedByCoord.out.bam.
[Sun Nov 19 11:17:46 2023]
Finished job 27.
2 of 16 steps (12%) done
Select jobs to execute...

[Sun Nov 19 11:17:46 2023]
Job 33: filtering reads PP1H66KmDoxS2Ser5

Submitted DRMAA job 33 with external jobid 568151.
Removing temporary output file Temp_star/PP1H66KmDS2Ser53_R2.fastq.gz.
Removing temporary output file Temp_star/PP1H66KmDS2Ser53_R1.fastq.gz.
Removing temporary output file Temp_star/bams/PP1H66KmDS2Ser53_Aligned.sortedByCoord.out.bam.
[Sun Nov 19 11:20:57 2023]
Finished job 21.
3 of 16 steps (19%) done
Select jobs to execute...

[Sun Nov 19 11:20:57 2023]
Job 31: filtering reads PP1H66KmDS2Ser53

Submitted DRMAA job 31 with external jobid 568152.
Removing temporary output file Temp_star/PP1H66KpDoxS2Ser5_hg38.bam.
Removing temporary output file Temp_star/PP1H66KpDoxS2Ser5_hg38.bam.bai.
Removing temporary output file Temp_star/bams/PP1H66KpDoxS2Ser5_temp.bam.
Removing temporary output file Temp_star/bams/PP1H66KpDoxS2Ser5_temp2.bam.
[Sun Nov 19 11:23:38 2023]
Finished job 34.
4 of 16 steps (25%) done
Select jobs to execute...

[Sun Nov 19 11:23:38 2023]
Job 38: star counts for PP1H66KpDoxS2Ser5

Submitted DRMAA job 38 with external jobid 568153.
[Sun Nov 19 11:23:48 2023]
Finished job 38.
5 of 16 steps (31%) done
Removing temporary output file Temp_star/PP1H66KpDS2Ser53_R1.fastq.gz.
Removing temporary output file Temp_star/PP1H66KpDS2Ser53_R2.fastq.gz.
Removing temporary output file Temp_star/bams/PP1H66KpDS2Ser53_SJ.out.tab.
Removing temporary output file Temp_star/bams/PP1H66KpDS2Ser53_Aligned.sortedByCoord.out.bam.
Removing temporary output file Temp_star/bams/PP1H66KmDS2Ser53_SJ.out.tab.
Removing temporary output file Temp_star/bams/PP1H66KmDoxS2Ser5_SJ.out.tab.
Removing temporary output file Temp_star/bams/PP1H66KpDoxS2Ser5_SJ.out.tab.
[Sun Nov 19 11:24:49 2023]
Finished job 26.
6 of 16 steps (38%) done
Select jobs to execute...

[Sun Nov 19 11:24:49 2023]
Job 20: summmary star alignments 

Submitted DRMAA job 20 with external jobid 568154.

[Sun Nov 19 11:24:49 2023]
Job 32: filtering reads PP1H66KpDS2Ser53

Submitted DRMAA job 32 with external jobid 568155.
Removing temporary output file Temp_star/bams/PP1H66KmDS2Ser53_2pass_Log.final.out.
Removing temporary output file Temp_star/bams/PP1H66KpDS2Ser53_2pass_Log.final.out.
Removing temporary output file Temp_star/bams/PP1H66KmDoxS2Ser5_2pass_Log.final.out.
Removing temporary output file Temp_star/bams/PP1H66KpDoxS2Ser5_2pass_Log.final.out.
[Sun Nov 19 11:24:58 2023]
Finished job 20.
7 of 16 steps (44%) done
Removing temporary output file Temp_star/PP1H66KmDoxS2Ser5_hg38.bam.
Removing temporary output file Temp_star/PP1H66KmDoxS2Ser5_hg38.bam.bai.
Removing temporary output file Temp_star/bams/PP1H66KmDoxS2Ser5_temp.bam.
Removing temporary output file Temp_star/bams/PP1H66KmDoxS2Ser5_temp2.bam.
[Sun Nov 19 11:28:50 2023]
Finished job 33.
8 of 16 steps (50%) done
Select jobs to execute...

[Sun Nov 19 11:28:50 2023]
Job 37: star counts for PP1H66KmDoxS2Ser5

Submitted DRMAA job 37 with external jobid 568156.
[Sun Nov 19 11:29:00 2023]
Finished job 37.
9 of 16 steps (56%) done
Removing temporary output file Temp_star/PP1H66KpDS2Ser53_hg38.bam.bai.
Removing temporary output file Temp_star/PP1H66KpDS2Ser53_hg38.bam.
Removing temporary output file Temp_star/bams/PP1H66KpDS2Ser53_temp.bam.
Removing temporary output file Temp_star/bams/PP1H66KpDS2Ser53_temp2.bam.
[Sun Nov 19 11:46:17 2023]
Finished job 32.
10 of 16 steps (62%) done
Select jobs to execute...

[Sun Nov 19 11:46:17 2023]
Job 36: star counts for PP1H66KpDS2Ser53

Submitted DRMAA job 36 with external jobid 568157.
[Sun Nov 19 11:46:27 2023]
Finished job 36.
11 of 16 steps (69%) done
Removing temporary output file Temp_star/PP1H66KmDS2Ser53_hg38.bam.
Removing temporary output file Temp_star/PP1H66KmDS2Ser53_hg38.bam.bai.
Removing temporary output file Temp_star/bams/PP1H66KmDS2Ser53_temp.bam.
Removing temporary output file Temp_star/bams/PP1H66KmDS2Ser53_temp2.bam.
[Sun Nov 19 11:53:08 2023]
Finished job 31.
12 of 16 steps (75%) done
Select jobs to execute...

[Sun Nov 19 11:53:08 2023]
Job 35: star counts for PP1H66KmDS2Ser53

Submitted DRMAA job 35 with external jobid 568158.

[Sun Nov 19 11:53:09 2023]
Job 30: fragment size of mapped paired end reads

Submitted DRMAA job 30 with external jobid 568159.
[Sun Nov 19 11:53:18 2023]
Finished job 35.
13 of 16 steps (81%) done
[Sun Nov 19 12:03:12 2023]
Finished job 30.
14 of 16 steps (88%) done
Select jobs to execute...

[Sun Nov 19 12:03:12 2023]
Job 29: getting final results

Submitted DRMAA job 29 with external jobid 568160.
[Sun Nov 19 12:03:42 2023]
Finished job 29.
15 of 16 steps (94%) done
Select jobs to execute...

[Sun Nov 19 12:03:42 2023]
localrule all:
    input: Temp_star/stats/Temp_star_fastqc.tsv, Temp_star/stats/Temp_star_clumpify.tsv, Temp_star/stats/Temp_star_bbduk.tsv, Temp_star/stats/Temp_star_aligned.tsv, Temp_star/stats/Temp_star_results.tsv
    jobid: 0
    resources: tmpdir=/tmp

[Sun Nov 19 12:03:42 2023]
Finished job 0.
16 of 16 steps (100%) done
The params used to generate one or several output files has changed:
    To inspect which output files have changes, run 'snakemake --list-params-changes'.
    To trigger a re-run, use 'snakemake -R $(snakemake --list-params-changes)'.
Complete log: /beevol/home/erickson/Ben_pipelines/snakemake_pipelines/.snakemake/log/2023-11-19T104709.260827.snakemake.log
