Building DAG of jobs...
Using shell: /bin/bash
Provided cluster nodes: 100
Job stats:
job                            count    min threads    max threads
---------------------------  -------  -------------  -------------
align_filter_sample                4             12             12
align_filter_sample_spikein        4             12             12
all                                1              1              1
bamCoverage                        2             12             12
bamCoverage_spike                  2             12             12
bamCoverage_spike_summary          1              1              1
bamCoverage_summary                1              1              1
bbduk_paired                       4             12             12
bbduk_summary                      1              1              1
bowtiePE                           4             12             12
bowtiePE_summmary                  1              1              1
bowtie_counts_spikein              4              1              1
calculating_OR                     2              1              1
clumpify_paired                    4              1              1
clumpify_summary                   1              1              1
fastqc                             8              6              6
fastqc_summary                     1              1              1
fragment_results                   1              1              1
fragment_size_samp                 1             12             12
gathering_OR_results               1              1              1
gathering_results                  1              1              1
total                             49              1             12

Select jobs to execute...

[Tue Dec 19 14:09:04 2023]
Job 12: Removing duplicats for PP1H66KpDS2Ser53

Submitted DRMAA job 12 with external jobid 580952.

[Tue Dec 19 14:09:04 2023]
Job 2: Running FastQC on PP1H66KmDS2Ser53_CKDL230028616-1A_HCLMNDSX7_L4_1

Submitted DRMAA job 2 with external jobid 580953.

[Tue Dec 19 14:09:04 2023]
Job 13: Removing duplicats for PP1H66KmDoxS2Ser5

Submitted DRMAA job 13 with external jobid 580954.

[Tue Dec 19 14:09:04 2023]
Job 3: Running FastQC on PP1H66KmDS2Ser53_CKDL230028616-1A_HCLMNDSX7_L4_2

Submitted DRMAA job 3 with external jobid 580955.

[Tue Dec 19 14:09:04 2023]
Job 5: Running FastQC on PP1H66KpDS2Ser53_CKDL230028616-1A_HCLMNDSX7_L4_2

Submitted DRMAA job 5 with external jobid 580956.

[Tue Dec 19 14:09:04 2023]
Job 7: Running FastQC on PP1H66KmDoxS2Ser5_CKDL230028616-1A_HCLMNDSX7_L4_2

Submitted DRMAA job 7 with external jobid 580957.

[Tue Dec 19 14:09:04 2023]
Job 9: Running FastQC on PP1H66KpDoxS2Ser5_CKDL230028616-1A_HCLMNDSX7_L4_2

Submitted DRMAA job 9 with external jobid 580958.

[Tue Dec 19 14:09:04 2023]
Job 11: Removing duplicats for PP1H66KmDS2Ser53

Submitted DRMAA job 11 with external jobid 580959.

[Tue Dec 19 14:09:04 2023]
Job 14: Removing duplicats for PP1H66KpDoxS2Ser5

Submitted DRMAA job 14 with external jobid 580960.

[Tue Dec 19 14:09:04 2023]
Job 4: Running FastQC on PP1H66KpDS2Ser53_CKDL230028616-1A_HCLMNDSX7_L4_1

Submitted DRMAA job 4 with external jobid 580961.

[Tue Dec 19 14:09:04 2023]
Job 6: Running FastQC on PP1H66KmDoxS2Ser5_CKDL230028616-1A_HCLMNDSX7_L4_1

Submitted DRMAA job 6 with external jobid 580962.

[Tue Dec 19 14:09:04 2023]
Job 8: Running FastQC on PP1H66KpDoxS2Ser5_CKDL230028616-1A_HCLMNDSX7_L4_1

Submitted DRMAA job 8 with external jobid 580963.
[Tue Dec 19 14:10:31 2023]
Finished job 12.
1 of 49 steps (2%) done
Select jobs to execute...

[Tue Dec 19 14:10:31 2023]
Job 17: Removing duplicats for PP1H66KpDS2Ser53

Submitted DRMAA job 17 with external jobid 580967.
Removing temporary output file Temp/PP1H66KpDS2Ser53_R1_clumpify.fastq.gz.
Removing temporary output file Temp/PP1H66KpDS2Ser53_R2_clumpify.fastq.gz.
[Tue Dec 19 14:11:49 2023]
Finished job 17.
2 of 49 steps (4%) done
Select jobs to execute...

[Tue Dec 19 14:11:49 2023]
Job 22: Aligning reads with Bowtie2 for PP1H66KpDS2Ser53

Submitted DRMAA job 22 with external jobid 580970.
[Tue Dec 19 14:11:49 2023]
Finished job 14.
3 of 49 steps (6%) done
Select jobs to execute...

[Tue Dec 19 14:11:49 2023]
Job 19: Removing duplicats for PP1H66KpDoxS2Ser5

Submitted DRMAA job 19 with external jobid 580971.
[Tue Dec 19 14:12:11 2023]
Finished job 11.
4 of 49 steps (8%) done
Select jobs to execute...

[Tue Dec 19 14:12:11 2023]
Job 16: Removing duplicats for PP1H66KmDS2Ser53

Submitted DRMAA job 16 with external jobid 580972.
[Tue Dec 19 14:12:22 2023]
Finished job 13.
5 of 49 steps (10%) done
Select jobs to execute...

[Tue Dec 19 14:12:22 2023]
Job 18: Removing duplicats for PP1H66KmDoxS2Ser5

Submitted DRMAA job 18 with external jobid 580974.

[Tue Dec 19 14:12:22 2023]
Job 10: Creating Temp clumpify summary

Submitted DRMAA job 10 with external jobid 580975.
[Tue Dec 19 14:12:33 2023]
Finished job 10.
6 of 49 steps (12%) done
Removing temporary output file Temp/PP1H66KpDoxS2Ser5_R1_clumpify.fastq.gz.
Removing temporary output file Temp/PP1H66KpDoxS2Ser5_R2_clumpify.fastq.gz.
[Tue Dec 19 14:12:55 2023]
Finished job 19.
7 of 49 steps (14%) done
Select jobs to execute...

[Tue Dec 19 14:12:55 2023]
Job 24: Aligning reads with Bowtie2 for PP1H66KpDoxS2Ser5

Submitted DRMAA job 24 with external jobid 580976.
Removing temporary output file Temp/PP1H66KmDoxS2Ser5_R1_clumpify.fastq.gz.
Removing temporary output file Temp/PP1H66KmDoxS2Ser5_R2_clumpify.fastq.gz.
[Tue Dec 19 14:13:28 2023]
Finished job 18.
8 of 49 steps (16%) done
Select jobs to execute...

[Tue Dec 19 14:13:28 2023]
Job 23: Aligning reads with Bowtie2 for PP1H66KmDoxS2Ser5

Submitted DRMAA job 23 with external jobid 580979.
Removing temporary output file Temp/PP1H66KmDS2Ser53_R2_clumpify.fastq.gz.
Removing temporary output file Temp/PP1H66KmDS2Ser53_R1_clumpify.fastq.gz.
[Tue Dec 19 14:13:28 2023]
Finished job 16.
9 of 49 steps (18%) done
Select jobs to execute...

[Tue Dec 19 14:13:28 2023]
Job 21: Aligning reads with Bowtie2 for PP1H66KmDS2Ser53

Submitted DRMAA job 21 with external jobid 580980.

[Tue Dec 19 14:13:29 2023]
Job 15: Creating Temp bbduk summary

Submitted DRMAA job 15 with external jobid 580981.
[Tue Dec 19 14:13:39 2023]
Finished job 15.
10 of 49 steps (20%) done
[Tue Dec 19 14:14:03 2023]
Finished job 6.
11 of 49 steps (22%) done
[Tue Dec 19 14:14:24 2023]
Finished job 2.
12 of 49 steps (24%) done
[Tue Dec 19 14:14:35 2023]
Finished job 8.
13 of 49 steps (27%) done
[Tue Dec 19 14:14:46 2023]
Finished job 9.
14 of 49 steps (29%) done
[Tue Dec 19 14:16:17 2023]
Finished job 5.
15 of 49 steps (31%) done
[Tue Dec 19 14:16:17 2023]
Finished job 7.
16 of 49 steps (33%) done
[Tue Dec 19 14:16:37 2023]
Finished job 3.
17 of 49 steps (35%) done
Removing temporary output file Temp/PP1H66KpDoxS2Ser5_R2.fastq.gz.
Removing temporary output file Temp/PP1H66KpDoxS2Ser5_R1.fastq.gz.
[Tue Dec 19 14:16:57 2023]
Finished job 24.
18 of 49 steps (37%) done
Select jobs to execute...

[Tue Dec 19 14:16:57 2023]
Job 40: filtering spike in reads PP1H66KpDoxS2Ser5

Submitted DRMAA job 40 with external jobid 580987.

[Tue Dec 19 14:16:57 2023]
Job 39: filtering reads PP1H66KpDoxS2Ser5

Submitted DRMAA job 39 with external jobid 580988.
[Tue Dec 19 14:17:07 2023]
Finished job 40.
19 of 49 steps (39%) done
[Tue Dec 19 14:17:37 2023]
Finished job 4.
20 of 49 steps (41%) done
Select jobs to execute...

[Tue Dec 19 14:17:37 2023]
Job 1: Creating Temp FastQC summary

Submitted DRMAA job 1 with external jobid 580992.
Removing temporary output file Temp/PP1H66KpDoxS2Ser5_hg38_mm10.bam.bai.
Removing temporary output file Temp/PP1H66KpDoxS2Ser5_hg38_mm10.bam.
[Tue Dec 19 14:17:48 2023]
Finished job 39.
21 of 49 steps (43%) done
Select jobs to execute...

[Tue Dec 19 14:17:48 2023]
Job 38: Bowtie2 counts_spikin for PP1H66KpDoxS2Ser5

Submitted DRMAA job 38 with external jobid 580994.
[Tue Dec 19 14:17:48 2023]
Finished job 1.
22 of 49 steps (45%) done
Removing temporary output file Temp/PP1H66KmDoxS2Ser5_R1.fastq.gz.
Removing temporary output file Temp/PP1H66KmDoxS2Ser5_R2.fastq.gz.
[Tue Dec 19 14:17:58 2023]
Finished job 23.
23 of 49 steps (47%) done
Select jobs to execute...

[Tue Dec 19 14:17:58 2023]
Job 37: filtering spike in reads PP1H66KmDoxS2Ser5

Submitted DRMAA job 37 with external jobid 580996.

[Tue Dec 19 14:17:58 2023]
Job 36: filtering reads PP1H66KmDoxS2Ser5

Submitted DRMAA job 36 with external jobid 580997.
[Tue Dec 19 14:18:08 2023]
Finished job 38.
24 of 49 steps (49%) done
[Tue Dec 19 14:18:08 2023]
Finished job 37.
25 of 49 steps (51%) done
Removing temporary output file Temp/PP1H66KpDS2Ser53_R2.fastq.gz.
Removing temporary output file Temp/PP1H66KpDS2Ser53_R1.fastq.gz.
[Tue Dec 19 14:18:28 2023]
Finished job 22.
26 of 49 steps (53%) done
Select jobs to execute...

[Tue Dec 19 14:18:28 2023]
Job 32: filtering reads PP1H66KpDS2Ser53

Submitted DRMAA job 32 with external jobid 580999.

[Tue Dec 19 14:18:28 2023]
Job 33: filtering spike in reads PP1H66KpDS2Ser53

Submitted DRMAA job 33 with external jobid 581000.
[Tue Dec 19 14:18:48 2023]
Finished job 33.
27 of 49 steps (55%) done
Removing temporary output file Temp/PP1H66KmDoxS2Ser5_hg38_mm10.bam.bai.
Removing temporary output file Temp/PP1H66KmDoxS2Ser5_hg38_mm10.bam.
[Tue Dec 19 14:19:08 2023]
Finished job 36.
28 of 49 steps (57%) done
Select jobs to execute...

[Tue Dec 19 14:19:08 2023]
Job 35: Bowtie2 counts_spikin for PP1H66KmDoxS2Ser5

Submitted DRMAA job 35 with external jobid 581003.
[Tue Dec 19 14:19:28 2023]
Finished job 35.
29 of 49 steps (59%) done
Select jobs to execute...

[Tue Dec 19 14:19:28 2023]
Job 34: getting OR norm for PP1H66KSer5-r2

Submitted DRMAA job 34 with external jobid 581004.
Removing temporary output file Temp/PP1H66KpDS2Ser53_hg38_mm10.bam.bai.
Removing temporary output file Temp/PP1H66KpDS2Ser53_hg38_mm10.bam.
[Tue Dec 19 14:19:38 2023]
Finished job 32.
30 of 49 steps (61%) done
Select jobs to execute...

[Tue Dec 19 14:19:38 2023]
Job 31: Bowtie2 counts_spikin for PP1H66KpDS2Ser53

Submitted DRMAA job 31 with external jobid 581005.
[Tue Dec 19 14:19:48 2023]
Finished job 34.
31 of 49 steps (63%) done
[Tue Dec 19 14:19:58 2023]
Finished job 31.
32 of 49 steps (65%) done
Removing temporary output file Temp/PP1H66KmDS2Ser53_R1.fastq.gz.
Removing temporary output file Temp/PP1H66KmDS2Ser53_R2.fastq.gz.
[Tue Dec 19 14:20:39 2023]
Finished job 21.
33 of 49 steps (67%) done
Select jobs to execute...

[Tue Dec 19 14:20:39 2023]
Job 29: filtering reads PP1H66KmDS2Ser53

Submitted DRMAA job 29 with external jobid 581009.

[Tue Dec 19 14:20:39 2023]
Job 30: filtering spike in reads PP1H66KmDS2Ser53

Submitted DRMAA job 30 with external jobid 581010.

[Tue Dec 19 14:20:39 2023]
Job 20: summmary Bowtie2 for

Submitted DRMAA job 20 with external jobid 581011.
[Tue Dec 19 14:20:49 2023]
Finished job 20.
34 of 49 steps (69%) done
[Tue Dec 19 14:20:59 2023]
Finished job 30.
35 of 49 steps (71%) done
Removing temporary output file Temp/PP1H66KmDS2Ser53_hg38_mm10.bam.bai.
Removing temporary output file Temp/PP1H66KmDS2Ser53_hg38_mm10.bam.
[Tue Dec 19 14:22:09 2023]
Finished job 29.
36 of 49 steps (73%) done
Select jobs to execute...

[Tue Dec 19 14:22:09 2023]
Job 28: Bowtie2 counts_spikin for PP1H66KmDS2Ser53

Submitted DRMAA job 28 with external jobid 581014.

[Tue Dec 19 14:22:09 2023]
Job 42: fragment size of mapped paired end reads for sample

Submitted DRMAA job 42 with external jobid 581015.
[Tue Dec 19 14:22:29 2023]
Finished job 28.
37 of 49 steps (76%) done
Select jobs to execute...

[Tue Dec 19 14:22:29 2023]
Job 27: getting OR norm for PP1H66KSer5-r3

Submitted DRMAA job 27 with external jobid 581016.
[Tue Dec 19 14:22:39 2023]
Finished job 27.
38 of 49 steps (78%) done
Select jobs to execute...

[Tue Dec 19 14:22:39 2023]
Job 26: getting final results

Submitted DRMAA job 26 with external jobid 581017.
Removing temporary output file Temp/counts/PP1H66KSer5-r3_OR_count.txt.
Removing temporary output file Temp/counts/PP1H66KSer5-r2_OR_count.txt.
[Tue Dec 19 14:22:49 2023]
Finished job 26.
39 of 49 steps (80%) done
Select jobs to execute...

[Tue Dec 19 14:22:49 2023]
Job 25: getting final results

Submitted DRMAA job 25 with external jobid 581018.
[Tue Dec 19 14:22:59 2023]
Finished job 25.
40 of 49 steps (82%) done
Select jobs to execute...

[Tue Dec 19 14:22:59 2023]
Job 44: Aligning reads with bamCoverage for PP1H66KSer5-r2

Submitted DRMAA job 44 with external jobid 581020.

[Tue Dec 19 14:22:59 2023]
Job 47: Aligning reads with bamCoverage_spike for PP1H66KSer5-r2

Submitted DRMAA job 47 with external jobid 581021.

[Tue Dec 19 14:22:59 2023]
Job 48: Aligning reads with bamCoverage_spike for PP1H66KSer5-r3

Submitted DRMAA job 48 with external jobid 581022.

[Tue Dec 19 14:22:59 2023]
Job 45: Aligning reads with bamCoverage for PP1H66KSer5-r3

Submitted DRMAA job 45 with external jobid 581023.
[Tue Dec 19 14:24:20 2023]
Finished job 47.
41 of 49 steps (84%) done
[Tue Dec 19 14:24:20 2023]
Finished job 48.
42 of 49 steps (86%) done
Select jobs to execute...

[Tue Dec 19 14:24:20 2023]
Job 46: Creating Temp bamCoverage_spike summary

Submitted DRMAA job 46 with external jobid 581024.
[Tue Dec 19 14:24:30 2023]
Finished job 44.
43 of 49 steps (88%) done
Removing temporary output file Temp/bw/PP1H66KSer5-r2_spike_bamCoverage_stats.txt.
Removing temporary output file Temp/bw/PP1H66KSer5-r3_spike_bamCoverage_stats.txt.
[Tue Dec 19 14:24:30 2023]
Finished job 46.
44 of 49 steps (90%) done
[Tue Dec 19 14:26:20 2023]
Finished job 45.
45 of 49 steps (92%) done
Select jobs to execute...

[Tue Dec 19 14:26:21 2023]
Job 43: Creating Temp bamCoverage summary

Submitted DRMAA job 43 with external jobid 581026.
Removing temporary output file Temp/bw/PP1H66KSer5-r2_bamCoverage_stats.txt.
Removing temporary output file Temp/bw/PP1H66KSer5-r3_bamCoverage_stats.txt.
[Tue Dec 19 14:26:31 2023]
Finished job 43.
46 of 49 steps (94%) done
[Tue Dec 19 15:53:07 2023]
Finished job 42.
47 of 49 steps (96%) done
Select jobs to execute...

[Tue Dec 19 15:53:07 2023]
Job 41: getting final fragment_results

Submitted DRMAA job 41 with external jobid 581314.
[Tue Dec 19 15:53:27 2023]
Finished job 41.
48 of 49 steps (98%) done
Select jobs to execute...

[Tue Dec 19 15:53:27 2023]
localrule all:
    input: Temp/stats/Temp_fastqc.tsv, Temp/stats/Temp_clumpify.tsv, Temp/stats/Temp_bbduk.tsv, Temp/stats/Temp_aligned.tsv, Temp/stats/Temp_results.tsv, Temp/stats/Temp_fragment_results.tsv, Temp/URLS/Temp_hg38_norm_OR_enrich_bw_URL.txt, Temp/URLS/Temp_mm10_norm_OR_enrich_bw_URL.txt
    jobid: 0
    resources: tmpdir=/tmp

[Tue Dec 19 15:53:27 2023]
Finished job 0.
49 of 49 steps (100%) done
Complete log: /beevol/home/erickson/Ben_pipelines/snakemake_pipelines/.snakemake/log/2023-12-19T140902.762546.snakemake.log
