Building DAG of jobs...
Using shell: /bin/bash
Provided cluster nodes: 100
Job stats:
job                                     count    min threads    max threads
------------------------------------  -------  -------------  -------------
all                                         1              1              1
bamCoverage                                 2             12             12
bamCoverage_spike                           2             12             12
bamCoverage_spike_summary                   1              1              1
bamCoverage_summary                         1              1              1
calculating_subsample                       2              1              1
calculating_subsample_spikin_spikein        2              1              1
subsample_summary_frac                      1              1              1
subsample_summary_frac_spikein              1              1              1
subsample_whole                             4             16             16
subsample_whole_spikein                     4             16             16
total                                      21              1             16

Select jobs to execute...

[Wed Dec 20 16:09:01 2023]
Job 51: getting subsample norm for PP1H66KSer5-r2

Submitted DRMAA job 51 with external jobid 587857.

[Wed Dec 20 16:09:02 2023]
Job 52: getting subsample norm for PP1H66KSer5-r3

Submitted DRMAA job 52 with external jobid 587858.

[Wed Dec 20 16:09:02 2023]
Job 42: getting subsample norm for PP1H66KSer5-r3

Submitted DRMAA job 42 with external jobid 587859.

[Wed Dec 20 16:09:02 2023]
Job 41: getting subsample norm for PP1H66KSer5-r2

Submitted DRMAA job 41 with external jobid 587860.
[Wed Dec 20 16:09:15 2023]
Error in rule calculating_subsample_spikin_spikein:
    jobid: 51
    output: Temp_NET/bams_sub/PP1H66KSer5-r2_mm10_subsample_spikein_frac.txt
    log: Temp_NET/logs/PP1H66KSer5-r2_subsample_spikein.out, Temp_NET/logs/PP1H66KSer5-r2_subsample_spikein.err (check log file(s) for error message)

Error executing rule calculating_subsample_spikin_spikein on cluster (jobid: 51, external: 587857, jobscript: /beevol/home/erickson/Ben_pipelines/snakemake_pipelines/.snakemake/tmp.bjxryzrh/snakejob.calculating_subsample_spikin_spikein.51.sh). For error details see the cluster log and the log files of the involved rule(s).
[Wed Dec 20 16:09:15 2023]
Error in rule calculating_subsample_spikin_spikein:
    jobid: 52
    output: Temp_NET/bams_sub/PP1H66KSer5-r3_mm10_subsample_spikein_frac.txt
    log: Temp_NET/logs/PP1H66KSer5-r3_subsample_spikein.out, Temp_NET/logs/PP1H66KSer5-r3_subsample_spikein.err (check log file(s) for error message)

Error executing rule calculating_subsample_spikin_spikein on cluster (jobid: 52, external: 587858, jobscript: /beevol/home/erickson/Ben_pipelines/snakemake_pipelines/.snakemake/tmp.bjxryzrh/snakejob.calculating_subsample_spikin_spikein.52.sh). For error details see the cluster log and the log files of the involved rule(s).
[Wed Dec 20 16:09:15 2023]
Error in rule calculating_subsample:
    jobid: 42
    output: Temp_NET/bams_sub/PP1H66KSer5-r3_hg38_subsample_frac.txt
    log: Temp_NET/logs/PP1H66KSer5-r3_subsample.out, Temp_NET/logs/PP1H66KSer5-r3_subsample.err (check log file(s) for error message)

Error executing rule calculating_subsample on cluster (jobid: 42, external: 587859, jobscript: /beevol/home/erickson/Ben_pipelines/snakemake_pipelines/.snakemake/tmp.bjxryzrh/snakejob.calculating_subsample.42.sh). For error details see the cluster log and the log files of the involved rule(s).
[Wed Dec 20 16:09:15 2023]
Error in rule calculating_subsample:
    jobid: 41
    output: Temp_NET/bams_sub/PP1H66KSer5-r2_hg38_subsample_frac.txt
    log: Temp_NET/logs/PP1H66KSer5-r2_subsample.out, Temp_NET/logs/PP1H66KSer5-r2_subsample.err (check log file(s) for error message)

Error executing rule calculating_subsample on cluster (jobid: 41, external: 587860, jobscript: /beevol/home/erickson/Ben_pipelines/snakemake_pipelines/.snakemake/tmp.bjxryzrh/snakejob.calculating_subsample.41.sh). For error details see the cluster log and the log files of the involved rule(s).
Shutting down, this might take some time.
Exiting because a job execution failed. Look above for error message
Complete log: /beevol/home/erickson/Ben_pipelines/snakemake_pipelines/.snakemake/log/2023-12-20T160851.756324.snakemake.log
