Building DAG of jobs...
The params used to generate one or several output files has changed:
    To inspect which output files have changes, run 'snakemake --list-params-changes'.
    To trigger a re-run, use 'snakemake -R $(snakemake --list-params-changes)'.
Using shell: /bin/bash
Provided cluster nodes: 100
Job stats:
job                    count    min threads    max threads
-------------------  -------  -------------  -------------
align_filter_sample        4             12             12
all                        1              1              1
bbduk_paired               1             12             12
bbduk_summary              1              1              1
bowtie_counts              4              1              1
clumpify_summary           1              1              1
fastqc_summary             1              1              1
fragment_size              1             12             12
gathering_results          1              1              1
star_2pass_summmary        1              4              4
star_first_pass            4              4              4
star_second_pass           4              4              4
total                     24              1             12

Select jobs to execute...

[Fri Nov 17 16:30:04 2023]
Job 24: running first pass star alignments 

Submitted DRMAA job 24 with external jobid 568089.

[Fri Nov 17 16:30:04 2023]
Job 25: running first pass star alignments 

Submitted DRMAA job 25 with external jobid 568090.

[Fri Nov 17 16:30:04 2023]
Job 1: Creating Temp_star FastQC summary

Submitted DRMAA job 1 with external jobid 568091.

[Fri Nov 17 16:30:05 2023]
Job 16: Removing duplicats for PP1H66KmDS2Ser53

Submitted DRMAA job 16 with external jobid 568092.

[Fri Nov 17 16:30:05 2023]
Job 23: running first pass star alignments 

Submitted DRMAA job 23 with external jobid 568093.

[Fri Nov 17 16:30:05 2023]
Job 10: Creating Temp_star clumpify summary

Submitted DRMAA job 10 with external jobid 568094.
[Fri Nov 17 16:30:14 2023]
Finished job 1.
1 of 24 steps (4%) done
[Fri Nov 17 16:30:14 2023]
Finished job 10.
2 of 24 steps (8%) done
Removing temporary output file Temp_star/PP1H66KmDS2Ser53_R2_clumpify.fastq.gz.
Removing temporary output file Temp_star/PP1H66KmDS2Ser53_R1_clumpify.fastq.gz.
[Fri Nov 17 16:31:14 2023]
Finished job 16.
3 of 24 steps (12%) done
Select jobs to execute...

[Fri Nov 17 16:31:14 2023]
Job 22: running first pass star alignments 

Submitted DRMAA job 22 with external jobid 568095.

[Fri Nov 17 16:31:14 2023]
Job 15: Creating Temp_star bbduk summary

Submitted DRMAA job 15 with external jobid 568096.
[Fri Nov 17 16:31:24 2023]
Finished job 15.
4 of 24 steps (17%) done
[Fri Nov 17 16:39:18 2023]
Finished job 25.
5 of 24 steps (21%) done
[Fri Nov 17 16:40:49 2023]
Finished job 22.
6 of 24 steps (25%) done
[Fri Nov 17 16:41:09 2023]
Finished job 24.
7 of 24 steps (29%) done
[Fri Nov 17 16:42:10 2023]
Finished job 23.
8 of 24 steps (33%) done
Select jobs to execute...

[Fri Nov 17 16:42:10 2023]
Job 27: running second pass star alignments 

Submitted DRMAA job 27 with external jobid 568098.

[Fri Nov 17 16:42:10 2023]
Job 28: running second pass star alignments 

Submitted DRMAA job 28 with external jobid 568099.

[Fri Nov 17 16:42:10 2023]
Job 21: running second pass star alignments 

Submitted DRMAA job 21 with external jobid 568100.

[Fri Nov 17 16:42:10 2023]
Job 26: running second pass star alignments 

Submitted DRMAA job 26 with external jobid 568101.
[Fri Nov 17 17:07:43 2023]
Error in rule star_second_pass:
    jobid: 28
    output: Temp_star/PP1H66KpDoxS2Ser5_hg38.bam, Temp_star/PP1H66KpDoxS2Ser5_hg38.bam.bai, Temp_star/bams/PP1H66KpDoxS2Ser5_hg38_2pass_Log.final.out
    log: Temp_star/logs/PP1H66KpDoxS2Ser5_2_star.out, Temp_star/logs/PP1H66KpDoxS2Ser5_2_star.err (check log file(s) for error message)
    shell:
        
        module load STAR/2.7.10a
        
        STAR        --genomeDir /beevol/home/erickson/ref/star_idx_hg38mask14add        --runThreadN 4        --readFilesIn Temp_star/PP1H66KpDoxS2Ser5_R1.fastq.gz Temp_star/PP1H66KpDoxS2Ser5_R2.fastq.gz        --outSAMtype BAM SortedByCoordinate        --readFilesCommand gunzip -c        --outFileNamePrefix Temp_star/bams/PP1H66KpDoxS2Ser5_2pass_        --limitBAMsortRAM 500000000000        --sjdbFileChrStartEnd Temp_star/bams/PP1H66KmDS2Ser53_SJ.out.tab Temp_star/bams/PP1H66KpDS2Ser53_SJ.out.tab Temp_star/bams/PP1H66KmDoxS2Ser5_SJ.out.tab Temp_star/bams/PP1H66KpDoxS2Ser5_SJ.out.tab         --limitSjdbInsertNsj 2000000 --outSAMattributes NH HI AS nM MD --alignSJoverhangMin 10 

       mv Temp_star/bams/PP1H66KpDoxS2Ser5_2pass_Aligned.sortedByCoord.out.bam Temp_star/PP1H66KpDoxS2Ser5_hg38.bam
       
       samtools index -@ 4 Temp_star/PP1H66KpDoxS2Ser5_hg38.bam
       
        
        (one of the commands exited with non-zero exit code; note that snakemake uses bash strict mode!)

Error executing rule star_second_pass on cluster (jobid: 28, external: 568099, jobscript: /beevol/home/erickson/Ben_pipelines/snakemake_pipelines/.snakemake/tmp.mapa3kza/snakejob.star_second_pass.28.sh). For error details see the cluster log and the log files of the involved rule(s).
[Fri Nov 17 17:12:46 2023]
Error in rule star_second_pass:
    jobid: 27
    output: Temp_star/PP1H66KmDoxS2Ser5_hg38.bam, Temp_star/PP1H66KmDoxS2Ser5_hg38.bam.bai, Temp_star/bams/PP1H66KmDoxS2Ser5_hg38_2pass_Log.final.out
    log: Temp_star/logs/PP1H66KmDoxS2Ser5_2_star.out, Temp_star/logs/PP1H66KmDoxS2Ser5_2_star.err (check log file(s) for error message)
    shell:
        
        module load STAR/2.7.10a
        
        STAR        --genomeDir /beevol/home/erickson/ref/star_idx_hg38mask14add        --runThreadN 4        --readFilesIn Temp_star/PP1H66KmDoxS2Ser5_R1.fastq.gz Temp_star/PP1H66KmDoxS2Ser5_R2.fastq.gz        --outSAMtype BAM SortedByCoordinate        --readFilesCommand gunzip -c        --outFileNamePrefix Temp_star/bams/PP1H66KmDoxS2Ser5_2pass_        --limitBAMsortRAM 500000000000        --sjdbFileChrStartEnd Temp_star/bams/PP1H66KmDS2Ser53_SJ.out.tab Temp_star/bams/PP1H66KpDS2Ser53_SJ.out.tab Temp_star/bams/PP1H66KmDoxS2Ser5_SJ.out.tab Temp_star/bams/PP1H66KpDoxS2Ser5_SJ.out.tab         --limitSjdbInsertNsj 2000000 --outSAMattributes NH HI AS nM MD --alignSJoverhangMin 10 

       mv Temp_star/bams/PP1H66KmDoxS2Ser5_2pass_Aligned.sortedByCoord.out.bam Temp_star/PP1H66KmDoxS2Ser5_hg38.bam
       
       samtools index -@ 4 Temp_star/PP1H66KmDoxS2Ser5_hg38.bam
       
        
        (one of the commands exited with non-zero exit code; note that snakemake uses bash strict mode!)

Error executing rule star_second_pass on cluster (jobid: 27, external: 568098, jobscript: /beevol/home/erickson/Ben_pipelines/snakemake_pipelines/.snakemake/tmp.mapa3kza/snakejob.star_second_pass.27.sh). For error details see the cluster log and the log files of the involved rule(s).
[Fri Nov 17 17:15:47 2023]
Error in rule star_second_pass:
    jobid: 21
    output: Temp_star/PP1H66KmDS2Ser53_hg38.bam, Temp_star/PP1H66KmDS2Ser53_hg38.bam.bai, Temp_star/bams/PP1H66KmDS2Ser53_hg38_2pass_Log.final.out
    log: Temp_star/logs/PP1H66KmDS2Ser53_2_star.out, Temp_star/logs/PP1H66KmDS2Ser53_2_star.err (check log file(s) for error message)
    shell:
        
        module load STAR/2.7.10a
        
        STAR        --genomeDir /beevol/home/erickson/ref/star_idx_hg38mask14add        --runThreadN 4        --readFilesIn Temp_star/PP1H66KmDS2Ser53_R1.fastq.gz Temp_star/PP1H66KmDS2Ser53_R2.fastq.gz        --outSAMtype BAM SortedByCoordinate        --readFilesCommand gunzip -c        --outFileNamePrefix Temp_star/bams/PP1H66KmDS2Ser53_2pass_        --limitBAMsortRAM 500000000000        --sjdbFileChrStartEnd Temp_star/bams/PP1H66KmDS2Ser53_SJ.out.tab Temp_star/bams/PP1H66KpDS2Ser53_SJ.out.tab Temp_star/bams/PP1H66KmDoxS2Ser5_SJ.out.tab Temp_star/bams/PP1H66KpDoxS2Ser5_SJ.out.tab         --limitSjdbInsertNsj 2000000 --outSAMattributes NH HI AS nM MD --alignSJoverhangMin 10 

       mv Temp_star/bams/PP1H66KmDS2Ser53_2pass_Aligned.sortedByCoord.out.bam Temp_star/PP1H66KmDS2Ser53_hg38.bam
       
       samtools index -@ 4 Temp_star/PP1H66KmDS2Ser53_hg38.bam
       
        
        (one of the commands exited with non-zero exit code; note that snakemake uses bash strict mode!)

Error executing rule star_second_pass on cluster (jobid: 21, external: 568100, jobscript: /beevol/home/erickson/Ben_pipelines/snakemake_pipelines/.snakemake/tmp.mapa3kza/snakejob.star_second_pass.21.sh). For error details see the cluster log and the log files of the involved rule(s).
[Fri Nov 17 17:20:09 2023]
Error in rule star_second_pass:
    jobid: 26
    output: Temp_star/PP1H66KpDS2Ser53_hg38.bam, Temp_star/PP1H66KpDS2Ser53_hg38.bam.bai, Temp_star/bams/PP1H66KpDS2Ser53_hg38_2pass_Log.final.out
    log: Temp_star/logs/PP1H66KpDS2Ser53_2_star.out, Temp_star/logs/PP1H66KpDS2Ser53_2_star.err (check log file(s) for error message)
    shell:
        
        module load STAR/2.7.10a
        
        STAR        --genomeDir /beevol/home/erickson/ref/star_idx_hg38mask14add        --runThreadN 4        --readFilesIn Temp_star/PP1H66KpDS2Ser53_R1.fastq.gz Temp_star/PP1H66KpDS2Ser53_R2.fastq.gz        --outSAMtype BAM SortedByCoordinate        --readFilesCommand gunzip -c        --outFileNamePrefix Temp_star/bams/PP1H66KpDS2Ser53_2pass_        --limitBAMsortRAM 500000000000        --sjdbFileChrStartEnd Temp_star/bams/PP1H66KmDS2Ser53_SJ.out.tab Temp_star/bams/PP1H66KpDS2Ser53_SJ.out.tab Temp_star/bams/PP1H66KmDoxS2Ser5_SJ.out.tab Temp_star/bams/PP1H66KpDoxS2Ser5_SJ.out.tab         --limitSjdbInsertNsj 2000000 --outSAMattributes NH HI AS nM MD --alignSJoverhangMin 10 

       mv Temp_star/bams/PP1H66KpDS2Ser53_2pass_Aligned.sortedByCoord.out.bam Temp_star/PP1H66KpDS2Ser53_hg38.bam
       
       samtools index -@ 4 Temp_star/PP1H66KpDS2Ser53_hg38.bam
       
        
        (one of the commands exited with non-zero exit code; note that snakemake uses bash strict mode!)

Error executing rule star_second_pass on cluster (jobid: 26, external: 568101, jobscript: /beevol/home/erickson/Ben_pipelines/snakemake_pipelines/.snakemake/tmp.mapa3kza/snakejob.star_second_pass.26.sh). For error details see the cluster log and the log files of the involved rule(s).
Shutting down, this might take some time.
Exiting because a job execution failed. Look above for error message
The params used to generate one or several output files has changed:
    To inspect which output files have changes, run 'snakemake --list-params-changes'.
    To trigger a re-run, use 'snakemake -R $(snakemake --list-params-changes)'.
Complete log: /beevol/home/erickson/Ben_pipelines/snakemake_pipelines/.snakemake/log/2023-11-17T163002.629683.snakemake.log
