Building DAG of jobs...
Using shell: /bin/bash
Provided cluster nodes: 100
Job stats:
job                                     count    min threads    max threads
------------------------------------  -------  -------------  -------------
all                                         1              1              1
bamCoverage                                 2             12             12
bamCoverage_spike                           2             12             12
bamCoverage_spike_summary                   1              1              1
bamCoverage_summary                         1              1              1
calculating_subsample                       2              1              1
calculating_subsample_spikin_spikein        2              1              1
subsample_summary_frac                      1              1              1
subsample_summary_frac_spikein              1              1              1
subsample_whole                             4             16             16
subsample_whole_spikein                     4             16             16
total                                      21              1             16

Select jobs to execute...

[Thu Dec 21 08:46:59 2023]
Job 51: getting subsample norm for PP1H66KSer5-r2

Submitted DRMAA job 51 with external jobid 588236.

[Thu Dec 21 08:46:59 2023]
Job 52: getting subsample norm for PP1H66KSer5-r3

Submitted DRMAA job 52 with external jobid 588237.

[Thu Dec 21 08:46:59 2023]
Job 42: getting subsample norm for PP1H66KSer5-r3

Submitted DRMAA job 42 with external jobid 588238.

[Thu Dec 21 08:47:00 2023]
Job 41: getting subsample norm for PP1H66KSer5-r2

Submitted DRMAA job 41 with external jobid 588239.
[Thu Dec 21 08:47:17 2023]
Finished job 51.
1 of 21 steps (5%) done
[Thu Dec 21 08:47:18 2023]
Finished job 52.
2 of 21 steps (10%) done
Select jobs to execute...

[Thu Dec 21 08:47:18 2023]
Job 50: Creating Temp_NET subsample summary

Submitted DRMAA job 50 with external jobid 588240.
[Thu Dec 21 08:47:18 2023]
Finished job 42.
3 of 21 steps (14%) done
[Thu Dec 21 08:47:18 2023]
Finished job 41.
4 of 21 steps (19%) done
Select jobs to execute...

[Thu Dec 21 08:47:18 2023]
Job 40: Creating Temp_NET subsample summary

Submitted DRMAA job 40 with external jobid 588241.
Removing temporary output file Temp_NET/bams_sub/PP1H66KSer5-r2_mm10_subsample_spikein_frac.txt.
Removing temporary output file Temp_NET/bams_sub/PP1H66KSer5-r3_mm10_subsample_spikein_frac.txt.
[Thu Dec 21 08:47:28 2023]
Finished job 50.
5 of 21 steps (24%) done
Select jobs to execute...
FileNotFoundError in line 184 of /beevol/home/erickson/Ben_pipelines/snakemake_pipelines/pipelines/rules/02d_align_sub.snake:
[Errno 2] No such file or directory: 'Temp_NET/counts/Temp_NET_mm10_subsample_frac.tsv'
  File "/beevol/home/erickson/Ben_pipelines/snakemake_pipelines/pipelines/rules/02d_align_sub.snake", line 184, in _get_norm_spikein
