Building DAG of jobs...
Using shell: /bin/bash
Provided cluster nodes: 100
Job stats:
job                 count    min threads    max threads
----------------  -------  -------------  -------------
all                     1              1              1
bbduk_paired            4             12             12
bbduk_summary           1              1              1
bowtiePE                4             12             12
clumpify_paired         4              1              1
clumpify_summary        1              1              1
fastqc                  8              6              6
fastqc_summary          1              1              1
total                  24              1             12

Select jobs to execute...

[Tue Nov 14 14:57:26 2023]
Job 2: Running FastQC on 293flpIN_PP1-PNUTS-H66K_mdox_DRB_ChIPseq_CTD_S41_L002_R1_001

Submitted DRMAA job 2 with external jobid 566504.

[Tue Nov 14 14:57:26 2023]
Job 4: Running FastQC on 293flpIN_PP1-PNUTS-H66K_mdox_DRB_ChIPseq_input_S39_L002_R1_001

Submitted DRMAA job 4 with external jobid 566505.

[Tue Nov 14 14:57:27 2023]
Job 6: Running FastQC on 293flpIN_PP1-PNUTS-H66K_pdox_DRB_ChIPseq_CTD_S42_L002_R1_001

Submitted DRMAA job 6 with external jobid 566506.

[Tue Nov 14 14:57:27 2023]
Job 8: Running FastQC on 293flpIN_PP1-PNUTS-H66K_pdox_DRB_ChIPseq_input_S40_L002_R1_001

Submitted DRMAA job 8 with external jobid 566507.

[Tue Nov 14 14:57:27 2023]
Job 13: Removing duplicats for 293flpIN_PP1-PNUTS-H66K_pdox_DRB_ChIPseq_CTD

Submitted DRMAA job 13 with external jobid 566508.

[Tue Nov 14 14:57:27 2023]
Job 14: Removing duplicats for 293flpIN_PP1-PNUTS-H66K_pdox_DRB_ChIPseq_input

Submitted DRMAA job 14 with external jobid 566509.

[Tue Nov 14 14:57:27 2023]
Job 3: Running FastQC on 293flpIN_PP1-PNUTS-H66K_mdox_DRB_ChIPseq_CTD_S41_L002_R2_001

Submitted DRMAA job 3 with external jobid 566510.

[Tue Nov 14 14:57:27 2023]
Job 5: Running FastQC on 293flpIN_PP1-PNUTS-H66K_mdox_DRB_ChIPseq_input_S39_L002_R2_001

Submitted DRMAA job 5 with external jobid 566511.

[Tue Nov 14 14:57:27 2023]
Job 7: Running FastQC on 293flpIN_PP1-PNUTS-H66K_pdox_DRB_ChIPseq_CTD_S42_L002_R2_001

Submitted DRMAA job 7 with external jobid 566512.

[Tue Nov 14 14:57:27 2023]
Job 9: Running FastQC on 293flpIN_PP1-PNUTS-H66K_pdox_DRB_ChIPseq_input_S40_L002_R2_001

Submitted DRMAA job 9 with external jobid 566513.

[Tue Nov 14 14:57:27 2023]
Job 11: Removing duplicats for 293flpIN_PP1-PNUTS-H66K_mdox_DRB_ChIPseq_CTD

Submitted DRMAA job 11 with external jobid 566514.

[Tue Nov 14 14:57:27 2023]
Job 12: Removing duplicats for 293flpIN_PP1-PNUTS-H66K_mdox_DRB_ChIPseq_input

Submitted DRMAA job 12 with external jobid 566515.
[Tue Nov 14 14:57:37 2023]
Finished job 12.
1 of 24 steps (4%) done
Select jobs to execute...

[Tue Nov 14 14:57:37 2023]
Job 17: Removing duplicats for 293flpIN_PP1-PNUTS-H66K_mdox_DRB_ChIPseq_input

Submitted DRMAA job 17 with external jobid 566516.
[Tue Nov 14 14:57:47 2023]
Finished job 4.
2 of 24 steps (8%) done
[Tue Nov 14 14:57:48 2023]
Finished job 5.
3 of 24 steps (12%) done
Removing temporary output file Temp/293flpIN_PP1-PNUTS-H66K_mdox_DRB_ChIPseq_input_R2_clumpify.fastq.gz.
Removing temporary output file Temp/293flpIN_PP1-PNUTS-H66K_mdox_DRB_ChIPseq_input_R1_clumpify.fastq.gz.
[Tue Nov 14 14:57:49 2023]
Finished job 17.
4 of 24 steps (17%) done
Select jobs to execute...

[Tue Nov 14 14:57:49 2023]
Job 21: Aligning reads with Bowtie2 for 293flpIN_PP1-PNUTS-H66K_mdox_DRB_ChIPseq_input

Submitted DRMAA job 21 with external jobid 566517.
[Tue Nov 14 14:57:59 2023]
Finished job 14.
5 of 24 steps (21%) done
Select jobs to execute...
[Tue Nov 14 14:57:59 2023]

Error in rule bowtiePE:
    jobid: 21
    output: Temp/293flpIN_PP1-PNUTS-H66K_mdox_DRB_ChIPseq_input_hg38.bam, Temp/bams/293flpIN_PP1-PNUTS-H66K_mdox_DRB_ChIPseq_input_bowtie_stats.txt
    log: Temp/logs/293flpIN_PP1-PNUTS-H66K_mdox_DRB_ChIPseq_input_bowtie.out, Temp/logs/293flpIN_PP1-PNUTS-H66K_mdox_DRB_ChIPseq_input_bowtie.err (check log file(s) for error message)
    shell:
        
        bowtie2             -p 12             -x /beevol/home/erickson/ref/hg38_mm10/hg38             -1 Temp/293flpIN_PP1-PNUTS-H66K_mdox_DRB_ChIPseq_input_R1.fastq.gz             -2 Temp/293flpIN_PP1-PNUTS-H66K_mdox_DRB_ChIPseq_input_R2.fastq.gz              --local --no-mixed --no-discordant              2> Temp/bams/293flpIN_PP1-PNUTS-H66K_mdox_DRB_ChIPseq_input_bowtie_stats.txt             | samtools view  -bF4q30  -             > Temp/293flpIN_PP1-PNUTS-H66K_mdox_DRB_ChIPseq_input_hg38.bam
        
        
        (one of the commands exited with non-zero exit code; note that snakemake uses bash strict mode!)

[Tue Nov 14 14:57:59 2023]
Error executing rule bowtiePE on cluster (jobid: 21, external: 566517, jobscript: /beevol/home/erickson/Ben_pipelines/snakemake_pipelines/.snakemake/tmp.70l29061/snakejob.bowtiePE.21.sh). For error details see the cluster log and the log files of the involved rule(s).
Job 19: Removing duplicats for 293flpIN_PP1-PNUTS-H66K_pdox_DRB_ChIPseq_input

Submitted DRMAA job 19 with external jobid 566518.
Removing temporary output file Temp/293flpIN_PP1-PNUTS-H66K_pdox_DRB_ChIPseq_input_R1_clumpify.fastq.gz.
Removing temporary output file Temp/293flpIN_PP1-PNUTS-H66K_pdox_DRB_ChIPseq_input_R2_clumpify.fastq.gz.
[Tue Nov 14 14:58:40 2023]
Finished job 19.
6 of 24 steps (25%) done
[Tue Nov 14 14:59:20 2023]
Finished job 8.
7 of 24 steps (29%) done
[Tue Nov 14 14:59:30 2023]
Finished job 9.
8 of 24 steps (33%) done
[Tue Nov 14 15:00:31 2023]
Finished job 13.
9 of 24 steps (38%) done
[Tue Nov 14 15:00:41 2023]
Finished job 11.
10 of 24 steps (42%) done
[Tue Nov 14 15:08:15 2023]
Finished job 6.
11 of 24 steps (46%) done
[Tue Nov 14 15:09:51 2023]
Finished job 7.
12 of 24 steps (50%) done
[Tue Nov 14 15:10:51 2023]
Finished job 2.
13 of 24 steps (54%) done
[Tue Nov 14 15:12:52 2023]
Finished job 3.
14 of 24 steps (58%) done
Shutting down, this might take some time.
Exiting because a job execution failed. Look above for error message
Complete log: /beevol/home/erickson/Ben_pipelines/snakemake_pipelines/.snakemake/log/2023-11-14T145725.774952.snakemake.log
