Building DAG of jobs...
The params used to generate one or several output files has changed:
    To inspect which output files have changes, run 'snakemake --list-params-changes'.
    To trigger a re-run, use 'snakemake -R $(snakemake --list-params-changes)'.
Using shell: /bin/bash
Provided cluster nodes: 100
Job stats:
job                    count    min threads    max threads
-------------------  -------  -------------  -------------
align_filter_sample        4             12             12
all                        1              1              1
bowtieR1                   4             12             12
bowtieR1_summmary          1              1              1
bowtie_counts              4              1              1
gathering_results          1              1              1
total                     15              1             12

Select jobs to execute...

[Fri Nov 17 13:41:45 2023]
Job 21: Aligning reads with Bowtie2 for PP1H66KmDS2Ser53

Submitted DRMAA job 21 with external jobid 567943.

[Fri Nov 17 13:41:45 2023]
Job 23: Aligning reads with Bowtie2 for PP1H66KmDoxS2Ser5

Submitted DRMAA job 23 with external jobid 567944.

[Fri Nov 17 13:41:46 2023]
Job 22: Aligning reads with Bowtie2 for PP1H66KpDS2Ser53

Submitted DRMAA job 22 with external jobid 567945.

[Fri Nov 17 13:41:46 2023]
Job 24: Aligning reads with Bowtie2 for PP1H66KpDoxS2Ser5

Submitted DRMAA job 24 with external jobid 567946.
Removing temporary output file Temp_2/PP1H66KpDoxS2Ser5_R1.fastq.gz.
[Fri Nov 17 13:47:06 2023]
Finished job 24.
1 of 15 steps (7%) done
Select jobs to execute...

[Fri Nov 17 13:47:06 2023]
Job 33: filtering reads PP1H66KpDoxS2Ser5

Submitted DRMAA job 33 with external jobid 567948.
Removing temporary output file Temp_2/PP1H66KmDoxS2Ser5_R1.fastq.gz.
[Fri Nov 17 13:47:27 2023]
Finished job 23.
2 of 15 steps (13%) done
Select jobs to execute...

[Fri Nov 17 13:47:27 2023]
Job 31: filtering reads PP1H66KmDoxS2Ser5

Submitted DRMAA job 31 with external jobid 567949.
Removing temporary output file Temp_2/PP1H66KpDoxS2Ser5_hg38_mm10.bam.bai.
Removing temporary output file Temp_2/PP1H66KpDoxS2Ser5_hg38_mm10.bam.
[Fri Nov 17 13:48:17 2023]
Finished job 33.
3 of 15 steps (20%) done
Select jobs to execute...

[Fri Nov 17 13:48:17 2023]
Job 32: Bowtie2 counts for PP1H66KpDoxS2Ser5

Submitted DRMAA job 32 with external jobid 567950.
Removing temporary output file Temp_2/PP1H66KmDoxS2Ser5_hg38_mm10.bam.bai.
Removing temporary output file Temp_2/PP1H66KmDoxS2Ser5_hg38_mm10.bam.
[Fri Nov 17 13:48:37 2023]
Finished job 31.
4 of 15 steps (27%) done
Select jobs to execute...

[Fri Nov 17 13:48:37 2023]
Job 30: Bowtie2 counts for PP1H66KmDoxS2Ser5

Submitted DRMAA job 30 with external jobid 567951.
[Fri Nov 17 13:48:37 2023]
Finished job 32.
5 of 15 steps (33%) done
[Fri Nov 17 13:48:57 2023]
Finished job 30.
6 of 15 steps (40%) done
Removing temporary output file Temp_2/PP1H66KmDS2Ser53_R1.fastq.gz.
[Fri Nov 17 13:49:07 2023]
Finished job 21.
7 of 15 steps (47%) done
Select jobs to execute...

[Fri Nov 17 13:49:07 2023]
Job 27: filtering reads PP1H66KmDS2Ser53

Submitted DRMAA job 27 with external jobid 567952.
Removing temporary output file Temp_2/PP1H66KpDS2Ser53_R1.fastq.gz.
[Fri Nov 17 13:49:18 2023]
Finished job 22.
8 of 15 steps (53%) done
Select jobs to execute...

[Fri Nov 17 13:49:18 2023]
Job 20:  R1 summmary Bowtie2 

Submitted DRMAA job 20 with external jobid 567953.

[Fri Nov 17 13:49:18 2023]
Job 29: filtering reads PP1H66KpDS2Ser53

Submitted DRMAA job 29 with external jobid 567954.
Removing temporary output file Temp_2/bams/PP1H66KmDS2Ser53_hg38_mm10_bowtie_R1_stats.txt.
Removing temporary output file Temp_2/bams/PP1H66KpDS2Ser53_hg38_mm10_bowtie_R1_stats.txt.
Removing temporary output file Temp_2/bams/PP1H66KmDoxS2Ser5_hg38_mm10_bowtie_R1_stats.txt.
Removing temporary output file Temp_2/bams/PP1H66KpDoxS2Ser5_hg38_mm10_bowtie_R1_stats.txt.
[Fri Nov 17 13:49:28 2023]
Finished job 20.
9 of 15 steps (60%) done
Removing temporary output file Temp_2/PP1H66KmDS2Ser53_hg38_mm10.bam.bai.
Removing temporary output file Temp_2/PP1H66KmDS2Ser53_hg38_mm10.bam.
[Fri Nov 17 13:50:38 2023]
Finished job 27.
10 of 15 steps (67%) done
Select jobs to execute...

[Fri Nov 17 13:50:38 2023]
Job 26: Bowtie2 counts for PP1H66KmDS2Ser53

Submitted DRMAA job 26 with external jobid 567956.
Removing temporary output file Temp_2/PP1H66KpDS2Ser53_hg38_mm10.bam.bai.
Removing temporary output file Temp_2/PP1H66KpDS2Ser53_hg38_mm10.bam.
[Fri Nov 17 13:50:48 2023]
Finished job 29.
11 of 15 steps (73%) done
Select jobs to execute...

[Fri Nov 17 13:50:48 2023]
Job 28: Bowtie2 counts for PP1H66KpDS2Ser53

Submitted DRMAA job 28 with external jobid 567957.
[Fri Nov 17 13:50:58 2023]
Finished job 26.
12 of 15 steps (80%) done
[Fri Nov 17 13:51:08 2023]
Finished job 28.
13 of 15 steps (87%) done
Select jobs to execute...

[Fri Nov 17 13:51:08 2023]
Job 25: getting final results

Submitted DRMAA job 25 with external jobid 567958.
[Fri Nov 17 13:51:28 2023]
Finished job 25.
14 of 15 steps (93%) done
Select jobs to execute...

[Fri Nov 17 13:51:28 2023]
localrule all:
    input: Temp_2/stats/Temp_2_fastqc.tsv, Temp_2/stats/Temp_2_clumpify.tsv, Temp_2/stats/Temp_2_bbduk.tsv, Temp_2/stats/Temp_2_aligned.tsv, Temp_2/stats/Temp_2_results.tsv
    jobid: 0
    resources: tmpdir=/tmp

[Fri Nov 17 13:51:28 2023]
Finished job 0.
15 of 15 steps (100%) done
The params used to generate one or several output files has changed:
    To inspect which output files have changes, run 'snakemake --list-params-changes'.
    To trigger a re-run, use 'snakemake -R $(snakemake --list-params-changes)'.
Complete log: /beevol/home/erickson/Ben_pipelines/snakemake_pipelines/.snakemake/log/2023-11-17T134143.058184.snakemake.log
