Building DAG of jobs...
Using shell: /bin/bash
Provided cluster nodes: 100
Job stats:
job                                     count    min threads    max threads
------------------------------------  -------  -------------  -------------
all                                         1              1              1
bamCoverage                                 2             12             12
bamCoverage_spike                           2             12             12
bamCoverage_spike_summary                   1              1              1
bamCoverage_summary                         1              1              1
calculating_subsample_spikin_spikein        2              1              1
subsample_summary_frac_spikein              1              1              1
subsample_whole_spikein                     4             16             16
total                                      14              1             16

Select jobs to execute...

[Tue Dec 19 16:04:15 2023]
Job 50: stranded bigwigs with reads in R2-R1 orentation for PP1H66KSer5-r3

Submitted DRMAA job 50 with external jobid 581325.

[Tue Dec 19 16:04:15 2023]
Job 55: getting subsample norm for PP1H66KSer5-r2

Submitted DRMAA job 55 with external jobid 581326.

[Tue Dec 19 16:04:16 2023]
Job 56: getting subsample norm for PP1H66KSer5-r3

Submitted DRMAA job 56 with external jobid 581327.

[Tue Dec 19 16:04:16 2023]
Job 49: stranded bigwigs with reads in R2-R1 orentation for PP1H66KSer5-r2

Submitted DRMAA job 49 with external jobid 581328.
[Tue Dec 19 16:04:34 2023]
Finished job 55.
1 of 14 steps (7%) done
[Tue Dec 19 16:04:34 2023]
Finished job 56.
2 of 14 steps (14%) done
Select jobs to execute...

[Tue Dec 19 16:04:34 2023]
Job 54: Creating Temp_NET subsample summary

Submitted DRMAA job 54 with external jobid 581329.
Removing temporary output file Temp_NET/bams_sub/PP1H66KSer5-r2_mm10_subsample_spikein_frac.txt.
Removing temporary output file Temp_NET/bams_sub/PP1H66KSer5-r3_mm10_subsample_spikein_frac.txt.
[Tue Dec 19 16:04:44 2023]
Finished job 54.
3 of 14 steps (21%) done
Select jobs to execute...
FileNotFoundError in line 189 of /beevol/home/erickson/Ben_pipelines/snakemake_pipelines/pipelines/rules/02d_align_sub_spikeIN.snake:
[Errno 2] No such file or directory: 'Temp_NET/counts/Temp_NET_mm10_subsample_frac.tsv'
  File "/beevol/home/erickson/Ben_pipelines/snakemake_pipelines/pipelines/rules/02d_align_sub_spikeIN.snake", line 189, in _get_norm_spikein
