Building DAG of jobs...
Using shell: /bin/bash
Provided cluster nodes: 100
Job stats:
job                            count    min threads    max threads
---------------------------  -------  -------------  -------------
align_filter_sample                4             12             12
align_filter_sample_spikein        4             12             12
all                                1              1              1
bbduk_paired                       4             12             12
bbduk_summary                      1              1              1
bowtiePE                           4             12             12
bowtiePE_summmary                  1              1              1
bowtie_counts_spikein              4              1              1
clumpify_paired                    4              1              1
clumpify_summary                   1              1              1
fastqc                             8              6              6
fastqc_summary                     1              1              1
total                             37              1             12

Select jobs to execute...

[Fri Nov 17 08:57:08 2023]
Job 14: Removing duplicats for PP1H66KpDoxS2Ser5

Submitted DRMAA job 14 with external jobid 567758.

[Fri Nov 17 08:57:08 2023]
Job 2: Running FastQC on PP1H66KmDS2Ser53_CKDL230028616-1A_HCLMNDSX7_L4_1

Submitted DRMAA job 2 with external jobid 567759.

[Fri Nov 17 08:57:09 2023]
Job 5: Running FastQC on PP1H66KpDS2Ser53_CKDL230028616-1A_HCLMNDSX7_L4_2

Submitted DRMAA job 5 with external jobid 567760.

[Fri Nov 17 08:57:09 2023]
Job 7: Running FastQC on PP1H66KmDoxS2Ser5_CKDL230028616-1A_HCLMNDSX7_L4_2

Submitted DRMAA job 7 with external jobid 567761.

[Fri Nov 17 08:57:09 2023]
Job 9: Running FastQC on PP1H66KpDoxS2Ser5_CKDL230028616-1A_HCLMNDSX7_L4_2

Submitted DRMAA job 9 with external jobid 567762.

[Fri Nov 17 08:57:09 2023]
Job 11: Removing duplicats for PP1H66KmDS2Ser53

Submitted DRMAA job 11 with external jobid 567763.

[Fri Nov 17 08:57:09 2023]
Job 12: Removing duplicats for PP1H66KpDS2Ser53

Submitted DRMAA job 12 with external jobid 567764.

[Fri Nov 17 08:57:09 2023]
Job 3: Running FastQC on PP1H66KmDS2Ser53_CKDL230028616-1A_HCLMNDSX7_L4_2

Submitted DRMAA job 3 with external jobid 567765.

[Fri Nov 17 08:57:09 2023]
Job 4: Running FastQC on PP1H66KpDS2Ser53_CKDL230028616-1A_HCLMNDSX7_L4_1

Submitted DRMAA job 4 with external jobid 567766.

[Fri Nov 17 08:57:09 2023]
Job 6: Running FastQC on PP1H66KmDoxS2Ser5_CKDL230028616-1A_HCLMNDSX7_L4_1

Submitted DRMAA job 6 with external jobid 567767.

[Fri Nov 17 08:57:09 2023]
Job 8: Running FastQC on PP1H66KpDoxS2Ser5_CKDL230028616-1A_HCLMNDSX7_L4_1

Submitted DRMAA job 8 with external jobid 567768.

[Fri Nov 17 08:57:10 2023]
Job 13: Removing duplicats for PP1H66KmDoxS2Ser5

Submitted DRMAA job 13 with external jobid 567769.
[Fri Nov 17 08:58:47 2023]
Finished job 12.
1 of 37 steps (3%) done
Select jobs to execute...

[Fri Nov 17 08:58:47 2023]
Job 17: Removing duplicats for PP1H66KpDS2Ser53

Submitted DRMAA job 17 with external jobid 567770.
[Fri Nov 17 08:59:53 2023]
Finished job 14.
2 of 37 steps (5%) done
Select jobs to execute...

[Fri Nov 17 08:59:53 2023]
Job 19: Removing duplicats for PP1H66KpDoxS2Ser5

Submitted DRMAA job 19 with external jobid 567771.
Removing temporary output file Temp/PP1H66KpDS2Ser53_R2_clumpify.fastq.gz.
Removing temporary output file Temp/PP1H66KpDS2Ser53_R1_clumpify.fastq.gz.
[Fri Nov 17 09:00:16 2023]
Finished job 17.
3 of 37 steps (8%) done
Select jobs to execute...

[Fri Nov 17 09:00:16 2023]
Job 22: Aligning reads with Bowtie2 for PP1H66KpDS2Ser53

Submitted DRMAA job 22 with external jobid 567772.
[Fri Nov 17 09:00:16 2023]
Finished job 11.
4 of 37 steps (11%) done
Select jobs to execute...

[Fri Nov 17 09:00:16 2023]
Job 16: Removing duplicats for PP1H66KmDS2Ser53

Submitted DRMAA job 16 with external jobid 567773.
[Fri Nov 17 09:00:17 2023]
Finished job 13.
5 of 37 steps (14%) done
Select jobs to execute...

[Fri Nov 17 09:00:17 2023]
Job 10: Creating Temp clumpify summary

Submitted DRMAA job 10 with external jobid 567774.

[Fri Nov 17 09:00:17 2023]
Job 18: Removing duplicats for PP1H66KmDoxS2Ser5

Submitted DRMAA job 18 with external jobid 567775.
[Fri Nov 17 09:00:28 2023]
Finished job 10.
6 of 37 steps (16%) done
Removing temporary output file Temp/PP1H66KpDoxS2Ser5_R2_clumpify.fastq.gz.
Removing temporary output file Temp/PP1H66KpDoxS2Ser5_R1_clumpify.fastq.gz.
[Fri Nov 17 09:01:22 2023]
Finished job 19.
7 of 37 steps (19%) done
Select jobs to execute...

[Fri Nov 17 09:01:22 2023]
Job 24: Aligning reads with Bowtie2 for PP1H66KpDoxS2Ser5

Submitted DRMAA job 24 with external jobid 567776.
Removing temporary output file Temp/PP1H66KmDoxS2Ser5_R2_clumpify.fastq.gz.
Removing temporary output file Temp/PP1H66KmDoxS2Ser5_R1_clumpify.fastq.gz.
[Fri Nov 17 09:01:45 2023]
Finished job 18.
8 of 37 steps (22%) done
Select jobs to execute...

[Fri Nov 17 09:01:45 2023]
Job 23: Aligning reads with Bowtie2 for PP1H66KmDoxS2Ser5

Submitted DRMAA job 23 with external jobid 567777.
Removing temporary output file Temp/PP1H66KmDS2Ser53_R1_clumpify.fastq.gz.
Removing temporary output file Temp/PP1H66KmDS2Ser53_R2_clumpify.fastq.gz.
[Fri Nov 17 09:01:55 2023]
Finished job 16.
9 of 37 steps (24%) done
Select jobs to execute...

[Fri Nov 17 09:01:55 2023]
Job 21: Aligning reads with Bowtie2 for PP1H66KmDS2Ser53

Submitted DRMAA job 21 with external jobid 567778.

[Fri Nov 17 09:01:55 2023]
Job 15: Creating Temp bbduk summary

Submitted DRMAA job 15 with external jobid 567779.
[Fri Nov 17 09:01:56 2023]
Finished job 5.
10 of 37 steps (27%) done
[Fri Nov 17 09:01:56 2023]
Finished job 7.
11 of 37 steps (30%) done
[Fri Nov 17 09:02:06 2023]
Finished job 15.
12 of 37 steps (32%) done
[Fri Nov 17 09:02:17 2023]
Finished job 9.
13 of 37 steps (35%) done
[Fri Nov 17 09:02:39 2023]
Finished job 2.
14 of 37 steps (38%) done
[Fri Nov 17 09:03:09 2023]
Finished job 4.
15 of 37 steps (41%) done
[Fri Nov 17 09:03:19 2023]
Finished job 3.
16 of 37 steps (43%) done
[Fri Nov 17 09:03:19 2023]
Finished job 8.
17 of 37 steps (46%) done
[Fri Nov 17 09:03:49 2023]
Finished job 6.
18 of 37 steps (49%) done
Select jobs to execute...

[Fri Nov 17 09:03:49 2023]
Job 1: Creating Temp FastQC summary

Submitted DRMAA job 1 with external jobid 567780.
[Fri Nov 17 09:04:00 2023]
Finished job 1.
19 of 37 steps (51%) done
Removing temporary output file Temp/PP1H66KpDoxS2Ser5_R1.fastq.gz.
Removing temporary output file Temp/PP1H66KpDoxS2Ser5_R2.fastq.gz.
[Fri Nov 17 09:06:01 2023]
Finished job 24.
20 of 37 steps (54%) done
Select jobs to execute...

[Fri Nov 17 09:06:01 2023]
Job 35: filtering reads PP1H66KpDoxS2Ser5

Submitted DRMAA job 35 with external jobid 567781.

[Fri Nov 17 09:06:02 2023]
Job 36: filtering spike in reads PP1H66KpDoxS2Ser5

Submitted DRMAA job 36 with external jobid 567782.
[Fri Nov 17 09:06:11 2023]
Error in rule align_filter_sample:
    jobid: 35
    output: Temp/bams/PP1H66KpDoxS2Ser5_hg38_230426.bam, Temp/bams/PP1H66KpDoxS2Ser5_hg38_230426.bam.bai
    log: Temp/logs/PP1H66KpDoxS2Ser5_align_filter.out, Temp/logs/PP1H66KpDoxS2Ser5_align_filter.err (check log file(s) for error message)
    shell:
        
        # filter
        samtools view Temp/PP1H66KpDoxS2Ser5_hg38.bam $(head -n1 /beevol/home/erickson/ref/hg38_mm10/hg38.txt)         | samtools view -bT /beevol/home/erickson/ref/hg38/Homo_sapiens.GRCh38.dna.primary_assembly.UCSC.fa -         | samtools sort - -T PP1H66KpDoxS2Ser5.temp -@ 12 -O bam         > Temp/bams/PP1H66KpDoxS2Ser5_hg38_230426.bam
        
        samtools index -@ 12 Temp/bams/PP1H66KpDoxS2Ser5_hg38_230426.bam
        
        
        (one of the commands exited with non-zero exit code; note that snakemake uses bash strict mode!)

Error executing rule align_filter_sample on cluster (jobid: 35, external: 567781, jobscript: /beevol/home/erickson/Ben_pipelines/snakemake_pipelines/.snakemake/tmp.rkh7usv8/snakejob.align_filter_sample.35.sh). For error details see the cluster log and the log files of the involved rule(s).
[Fri Nov 17 09:06:11 2023]
Error in rule align_filter_sample_spikein:
    jobid: 36
    output: Temp/bams/PP1H66KpDoxS2Ser5_mm10_230426.bam, Temp/bams/PP1H66KpDoxS2Ser5_mm10_230426.bam.bai
    log: Temp/logs/PP1H66KpDoxS2Ser5_align_filter_spikein.out, Temp/logs/PP1H66KpDoxS2Ser5_align_filter_spikein.err (check log file(s) for error message)
    shell:
        
        # filter
        samtools view Temp/PP1H66KpDoxS2Ser5_hg38.bam $(head -n1 /beevol/home/erickson/ref/hg38_mm10/mm10.txt)         | sed 's/spike_*//g' | samtools view -bT /beevol/home/erickson/ref/mm10/mm10.fa -         | samtools sort - -T PP1H66KpDoxS2Ser5_spikein.temp -@ 12 -O bam         > Temp/bams/PP1H66KpDoxS2Ser5_mm10_230426.bam
        
        samtools index -@ 12 Temp/bams/PP1H66KpDoxS2Ser5_mm10_230426.bam
        
        
        (one of the commands exited with non-zero exit code; note that snakemake uses bash strict mode!)

Error executing rule align_filter_sample_spikein on cluster (jobid: 36, external: 567782, jobscript: /beevol/home/erickson/Ben_pipelines/snakemake_pipelines/.snakemake/tmp.rkh7usv8/snakejob.align_filter_sample_spikein.36.sh). For error details see the cluster log and the log files of the involved rule(s).
Removing temporary output file Temp/PP1H66KmDoxS2Ser5_R1.fastq.gz.
Removing temporary output file Temp/PP1H66KmDoxS2Ser5_R2.fastq.gz.
[Fri Nov 17 09:06:31 2023]
Finished job 23.
21 of 37 steps (57%) done
Removing temporary output file Temp/PP1H66KpDS2Ser53_R2.fastq.gz.
Removing temporary output file Temp/PP1H66KpDS2Ser53_R1.fastq.gz.
[Fri Nov 17 09:06:41 2023]
Finished job 22.
22 of 37 steps (59%) done
Removing temporary output file Temp/PP1H66KmDS2Ser53_R1.fastq.gz.
Removing temporary output file Temp/PP1H66KmDS2Ser53_R2.fastq.gz.
[Fri Nov 17 09:09:12 2023]
Finished job 21.
23 of 37 steps (62%) done
Shutting down, this might take some time.
Exiting because a job execution failed. Look above for error message
Complete log: /beevol/home/erickson/Ben_pipelines/snakemake_pipelines/.snakemake/log/2023-11-17T085704.714059.snakemake.log
