Building DAG of jobs...
Using shell: /bin/bash
Provided cluster nodes: 100
Job stats:
job                    count    min threads    max threads
-------------------  -------  -------------  -------------
align_filter_sample        4             12             12
all                        1              1              1
bamCoverage                2             12             12
bamCoverage_summary        1              1              1
bbduk_paired               4             12             12
bbduk_summary              1              1              1
bowtieR1                   4             12             12
bowtieR1_summmary          1              1              1
bowtie_counts              4              1              1
clumpify_paired            4              1              1
clumpify_summary           1              1              1
fastqc                     8              6              6
fastqc_summary             1              1              1
gathering_results          1              1              1
total                     37              1             12

Select jobs to execute...

[Fri Dec 15 09:05:07 2023]
Job 14: Removing duplicats for PP1H66KpDoxS2Ser5

Submitted DRMAA job 14 with external jobid 579219.

[Fri Dec 15 09:05:07 2023]
Job 2: Running FastQC on PP1H66KmDS2Ser53_CKDL230028616-1A_HCLMNDSX7_L4_1

Submitted DRMAA job 2 with external jobid 579220.

[Fri Dec 15 09:05:07 2023]
Job 3: Running FastQC on PP1H66KmDS2Ser53_CKDL230028616-1A_HCLMNDSX7_L4_2

Submitted DRMAA job 3 with external jobid 579221.

[Fri Dec 15 09:05:08 2023]
Job 5: Running FastQC on PP1H66KpDS2Ser53_CKDL230028616-1A_HCLMNDSX7_L4_2

Submitted DRMAA job 5 with external jobid 579222.

[Fri Dec 15 09:05:08 2023]
Job 7: Running FastQC on PP1H66KmDoxS2Ser5_CKDL230028616-1A_HCLMNDSX7_L4_2

Submitted DRMAA job 7 with external jobid 579223.

[Fri Dec 15 09:05:08 2023]
Job 9: Running FastQC on PP1H66KpDoxS2Ser5_CKDL230028616-1A_HCLMNDSX7_L4_2

Submitted DRMAA job 9 with external jobid 579224.

[Fri Dec 15 09:05:08 2023]
Job 11: Removing duplicats for PP1H66KmDS2Ser53

Submitted DRMAA job 11 with external jobid 579225.

[Fri Dec 15 09:05:08 2023]
Job 13: Removing duplicats for PP1H66KmDoxS2Ser5

Submitted DRMAA job 13 with external jobid 579226.

[Fri Dec 15 09:05:08 2023]
Job 4: Running FastQC on PP1H66KpDS2Ser53_CKDL230028616-1A_HCLMNDSX7_L4_1

Submitted DRMAA job 4 with external jobid 579227.

[Fri Dec 15 09:05:08 2023]
Job 6: Running FastQC on PP1H66KmDoxS2Ser5_CKDL230028616-1A_HCLMNDSX7_L4_1

Submitted DRMAA job 6 with external jobid 579228.

[Fri Dec 15 09:05:08 2023]
Job 8: Running FastQC on PP1H66KpDoxS2Ser5_CKDL230028616-1A_HCLMNDSX7_L4_1

Submitted DRMAA job 8 with external jobid 579229.

[Fri Dec 15 09:05:08 2023]
Job 12: Removing duplicats for PP1H66KpDS2Ser53

Submitted DRMAA job 12 with external jobid 579230.
[Fri Dec 15 09:06:25 2023]
Finished job 12.
1 of 37 steps (3%) done
Select jobs to execute...

[Fri Dec 15 09:06:25 2023]
Job 17: Removing duplicats for PP1H66KpDS2Ser53

Submitted DRMAA job 17 with external jobid 579241.
Removing temporary output file Temp44/PP1H66KpDS2Ser53_R1_clumpify.fastq.gz.
[Fri Dec 15 09:06:47 2023]
Finished job 17.
2 of 37 steps (5%) done
Select jobs to execute...

[Fri Dec 15 09:06:47 2023]
Job 22: Aligning reads with Bowtie2 for PP1H66KpDS2Ser53

Submitted DRMAA job 22 with external jobid 579242.
[Fri Dec 15 09:07:08 2023]
Finished job 14.
3 of 37 steps (8%) done
Select jobs to execute...

[Fri Dec 15 09:07:08 2023]
Job 19: Removing duplicats for PP1H66KpDoxS2Ser5

Submitted DRMAA job 19 with external jobid 579247.
[Fri Dec 15 09:07:08 2023]
Finished job 13.
4 of 37 steps (11%) done
Select jobs to execute...

[Fri Dec 15 09:07:08 2023]
Job 18: Removing duplicats for PP1H66KmDoxS2Ser5

Submitted DRMAA job 18 with external jobid 579248.
Removing temporary output file Temp44/PP1H66KpDoxS2Ser5_R1_clumpify.fastq.gz.
[Fri Dec 15 09:07:41 2023]
Finished job 19.
5 of 37 steps (14%) done
Select jobs to execute...

[Fri Dec 15 09:07:41 2023]
Job 24: Aligning reads with Bowtie2 for PP1H66KpDoxS2Ser5

Submitted DRMAA job 24 with external jobid 579253.
Removing temporary output file Temp44/PP1H66KmDoxS2Ser5_R1_clumpify.fastq.gz.
[Fri Dec 15 09:07:41 2023]
Finished job 18.
6 of 37 steps (16%) done
[Fri Dec 15 09:07:41 2023]
Finished job 11.
7 of 37 steps (19%) done
Select jobs to execute...

[Fri Dec 15 09:07:42 2023]
Job 23: Aligning reads with Bowtie2 for PP1H66KmDoxS2Ser5

Submitted DRMAA job 23 with external jobid 579254.

[Fri Dec 15 09:07:42 2023]
Job 16: Removing duplicats for PP1H66KmDS2Ser53

Submitted DRMAA job 16 with external jobid 579255.

[Fri Dec 15 09:07:42 2023]
Job 10: Creating Temp44 clumpify summary

Submitted DRMAA job 10 with external jobid 579256.
[Fri Dec 15 09:07:52 2023]
Finished job 10.
8 of 37 steps (22%) done
Removing temporary output file Temp44/PP1H66KmDS2Ser53_R1_clumpify.fastq.gz.
[Fri Dec 15 09:08:14 2023]
Finished job 16.
9 of 37 steps (24%) done
Select jobs to execute...

[Fri Dec 15 09:08:14 2023]
Job 21: Aligning reads with Bowtie2 for PP1H66KmDS2Ser53

Submitted DRMAA job 21 with external jobid 579257.

[Fri Dec 15 09:08:14 2023]
Job 15: Creating Temp44 bbduk summary

Submitted DRMAA job 15 with external jobid 579258.
[Fri Dec 15 09:08:25 2023]
Finished job 15.
10 of 37 steps (27%) done
[Fri Dec 15 09:10:27 2023]
Finished job 6.
11 of 37 steps (30%) done
[Fri Dec 15 09:11:45 2023]
Finished job 4.
12 of 37 steps (32%) done
Removing temporary output file Temp44/PP1H66KpDoxS2Ser5_R1.fastq.gz.
[Fri Dec 15 09:12:07 2023]
Finished job 24.
13 of 37 steps (35%) done
Select jobs to execute...

[Fri Dec 15 09:12:07 2023]
Job 33: filtering reads PP1H66KpDoxS2Ser5

Submitted DRMAA job 33 with external jobid 579265.
[Fri Dec 15 09:12:07 2023]
Finished job 7.
14 of 37 steps (38%) done
[Fri Dec 15 09:12:07 2023]
Finished job 9.
15 of 37 steps (41%) done
Removing temporary output file Temp44/PP1H66KmDoxS2Ser5_R1.fastq.gz.
[Fri Dec 15 09:12:58 2023]
Finished job 23.
16 of 37 steps (43%) done
Select jobs to execute...

[Fri Dec 15 09:12:58 2023]
Job 31: filtering reads PP1H66KmDoxS2Ser5

Submitted DRMAA job 31 with external jobid 579276.
[Fri Dec 15 09:12:58 2023]
Finished job 2.
17 of 37 steps (46%) done
Removing temporary output file Temp44/PP1H66KpDS2Ser53_R1.fastq.gz.
[Fri Dec 15 09:13:18 2023]
Finished job 22.
18 of 37 steps (49%) done
Select jobs to execute...

[Fri Dec 15 09:13:18 2023]
Job 29: filtering reads PP1H66KpDS2Ser53

Submitted DRMAA job 29 with external jobid 579277.
Removing temporary output file Temp44/PP1H66KpDoxS2Ser5_hg38.bam.bai.
Removing temporary output file Temp44/PP1H66KpDoxS2Ser5_hg38.bam.
[Fri Dec 15 09:13:28 2023]
Finished job 33.
19 of 37 steps (51%) done
Select jobs to execute...

[Fri Dec 15 09:13:28 2023]
Job 32: Bowtie2 counts for PP1H66KpDoxS2Ser5

Submitted DRMAA job 32 with external jobid 579279.
[Fri Dec 15 09:13:38 2023]
Finished job 8.
20 of 37 steps (54%) done
[Fri Dec 15 09:13:48 2023]
Finished job 32.
21 of 37 steps (57%) done
Removing temporary output file Temp44/PP1H66KmDS2Ser53_R1.fastq.gz.
[Fri Dec 15 09:14:19 2023]
Finished job 21.
22 of 37 steps (59%) done
Select jobs to execute...

[Fri Dec 15 09:14:19 2023]
Job 20:  R1 summmary Bowtie2 

Submitted DRMAA job 20 with external jobid 579282.

[Fri Dec 15 09:14:19 2023]
Job 27: filtering reads PP1H66KmDS2Ser53

Submitted DRMAA job 27 with external jobid 579283.
Removing temporary output file Temp44/PP1H66KmDoxS2Ser5_hg38.bam.bai.
Removing temporary output file Temp44/PP1H66KmDoxS2Ser5_hg38.bam.
[Fri Dec 15 09:14:19 2023]
Finished job 31.
23 of 37 steps (62%) done
Select jobs to execute...

[Fri Dec 15 09:14:19 2023]
Job 30: Bowtie2 counts for PP1H66KmDoxS2Ser5

Submitted DRMAA job 30 with external jobid 579284.
Removing temporary output file Temp44/bams/PP1H66KmDS2Ser53_hg38_bowtie_R1_stats.txt.
Removing temporary output file Temp44/bams/PP1H66KpDS2Ser53_hg38_bowtie_R1_stats.txt.
Removing temporary output file Temp44/bams/PP1H66KmDoxS2Ser5_hg38_bowtie_R1_stats.txt.
Removing temporary output file Temp44/bams/PP1H66KpDoxS2Ser5_hg38_bowtie_R1_stats.txt.
[Fri Dec 15 09:14:29 2023]
Finished job 20.
24 of 37 steps (65%) done
[Fri Dec 15 09:14:39 2023]
Finished job 30.
25 of 37 steps (68%) done
[Fri Dec 15 09:15:19 2023]
Finished job 5.
26 of 37 steps (70%) done
Removing temporary output file Temp44/PP1H66KpDS2Ser53_hg38.bam.bai.
Removing temporary output file Temp44/PP1H66KpDS2Ser53_hg38.bam.
[Fri Dec 15 09:15:19 2023]
Finished job 29.
27 of 37 steps (73%) done
Select jobs to execute...

[Fri Dec 15 09:15:19 2023]
Job 28: Bowtie2 counts for PP1H66KpDS2Ser53

Submitted DRMAA job 28 with external jobid 579289.
[Fri Dec 15 09:15:39 2023]
Finished job 28.
28 of 37 steps (76%) done
Removing temporary output file Temp44/PP1H66KmDS2Ser53_hg38.bam.bai.
Removing temporary output file Temp44/PP1H66KmDS2Ser53_hg38.bam.
[Fri Dec 15 09:15:59 2023]
Finished job 27.
29 of 37 steps (78%) done
Select jobs to execute...

[Fri Dec 15 09:15:59 2023]
Job 26: Bowtie2 counts for PP1H66KmDS2Ser53

Submitted DRMAA job 26 with external jobid 579290.
[Fri Dec 15 09:16:09 2023]
Finished job 3.
30 of 37 steps (81%) done
Select jobs to execute...

[Fri Dec 15 09:16:09 2023]
Job 1: Creating Temp44 FastQC summary

Submitted DRMAA job 1 with external jobid 579291.
[Fri Dec 15 09:16:19 2023]
Finished job 26.
31 of 37 steps (84%) done
Select jobs to execute...

[Fri Dec 15 09:16:19 2023]
Job 25: getting final results

Submitted DRMAA job 25 with external jobid 579294.
[Fri Dec 15 09:16:19 2023]
Finished job 1.
32 of 37 steps (86%) done
[Fri Dec 15 09:16:29 2023]
Finished job 25.
33 of 37 steps (89%) done
Select jobs to execute...

[Fri Dec 15 09:16:29 2023]
Job 35: Aligning reads with bamCoverage for PP1H66KSer5-r2

Submitted DRMAA job 35 with external jobid 579295.

[Fri Dec 15 09:16:29 2023]
Job 36: Aligning reads with bamCoverage for PP1H66KSer5-r3

Submitted DRMAA job 36 with external jobid 579296.
[Fri Dec 15 09:18:00 2023]
Finished job 35.
34 of 37 steps (92%) done
[Fri Dec 15 09:18:30 2023]
Finished job 36.
35 of 37 steps (95%) done
Select jobs to execute...

[Fri Dec 15 09:18:30 2023]
Job 34: Creating Temp44 bamCoverage summary

Submitted DRMAA job 34 with external jobid 579305.
Removing temporary output file Temp44/bw/PP1H66KSer5-r2_bamCoverage_stats.txt.
Removing temporary output file Temp44/bw/PP1H66KSer5-r3_bamCoverage_stats.txt.
[Fri Dec 15 09:18:40 2023]
Finished job 34.
36 of 37 steps (97%) done
Select jobs to execute...

[Fri Dec 15 09:18:40 2023]
localrule all:
    input: Temp44/stats/Temp44_fastqc.tsv, Temp44/stats/Temp44_clumpify.tsv, Temp44/stats/Temp44_bbduk.tsv, Temp44/stats/Temp44_aligned.tsv, Temp44/stats/Temp44_results.tsv, Temp44/URLS/Temp44_hg38_norm_CPM_bw_URL.txt
    jobid: 0
    resources: tmpdir=/tmp

[Fri Dec 15 09:18:40 2023]
Finished job 0.
37 of 37 steps (100%) done
Complete log: /beevol/home/erickson/Ben_pipelines/snakemake_pipelines/.snakemake/log/2023-12-15T090506.825667.snakemake.log
