Building DAG of jobs...
The params used to generate one or several output files has changed:
    To inspect which output files have changes, run 'snakemake --list-params-changes'.
    To trigger a re-run, use 'snakemake -R $(snakemake --list-params-changes)'.
Using shell: /bin/bash
Provided cluster nodes: 100
Job stats:
job                    count    min threads    max threads
-------------------  -------  -------------  -------------
align_filter_sample        4             12             12
all                        1              1              1
bowtie_counts              4              1              1
gathering_results          1              1              1
total                     10              1             12

Select jobs to execute...

[Fri Nov 17 15:08:09 2023]
Job 33: filtering reads PP1H66KpDoxS2Ser5

Submitted DRMAA job 33 with external jobid 568024.

[Fri Nov 17 15:08:09 2023]
Job 27: filtering reads PP1H66KmDS2Ser53

Submitted DRMAA job 27 with external jobid 568025.

[Fri Nov 17 15:08:10 2023]
Job 29: filtering reads PP1H66KpDS2Ser53

Submitted DRMAA job 29 with external jobid 568026.

[Fri Nov 17 15:08:10 2023]
Job 31: filtering reads PP1H66KmDoxS2Ser5

Submitted DRMAA job 31 with external jobid 568027.
Removing temporary output file Temp_HS/PP1H66KpDoxS2Ser5_hg38.bam.bai.
Removing temporary output file Temp_HS/PP1H66KpDoxS2Ser5_hg38.bam.
Removing temporary output file Temp_HS/bams/PP1H66KpDoxS2Ser5_temp.bam.
Removing temporary output file Temp_HS/bams/PP1H66KpDoxS2Ser5_temp2.bam.
[Fri Nov 17 15:08:19 2023]
Finished job 33.
1 of 10 steps (10%) done
Select jobs to execute...

[Fri Nov 17 15:08:19 2023]
Job 32: Bowtie2 counts for PP1H66KpDoxS2Ser5

Submitted DRMAA job 32 with external jobid 568028.
Removing temporary output file Temp_HS/PP1H66KmDS2Ser53_hg38.bam.
Removing temporary output file Temp_HS/PP1H66KmDS2Ser53_hg38.bam.bai.
Removing temporary output file Temp_HS/bams/PP1H66KmDS2Ser53_temp.bam.
Removing temporary output file Temp_HS/bams/PP1H66KmDS2Ser53_temp2.bam.
[Fri Nov 17 15:08:19 2023]
Finished job 27.
2 of 10 steps (20%) done
Removing temporary output file Temp_HS/PP1H66KpDS2Ser53_hg38.bam.
Removing temporary output file Temp_HS/PP1H66KpDS2Ser53_hg38.bam.bai.
Removing temporary output file Temp_HS/bams/PP1H66KpDS2Ser53_temp.bam.
Removing temporary output file Temp_HS/bams/PP1H66KpDS2Ser53_temp2.bam.
[Fri Nov 17 15:08:19 2023]
Finished job 29.
3 of 10 steps (30%) done
Removing temporary output file Temp_HS/PP1H66KmDoxS2Ser5_hg38.bam.
Removing temporary output file Temp_HS/PP1H66KmDoxS2Ser5_hg38.bam.bai.
Removing temporary output file Temp_HS/bams/PP1H66KmDoxS2Ser5_temp.bam.
Removing temporary output file Temp_HS/bams/PP1H66KmDoxS2Ser5_temp2.bam.
[Fri Nov 17 15:08:19 2023]
Finished job 31.
4 of 10 steps (40%) done
Select jobs to execute...

[Fri Nov 17 15:08:19 2023]
Job 28: Bowtie2 counts for PP1H66KpDS2Ser53

Submitted DRMAA job 28 with external jobid 568029.

[Fri Nov 17 15:08:20 2023]
Job 30: Bowtie2 counts for PP1H66KmDoxS2Ser5

Submitted DRMAA job 30 with external jobid 568030.

[Fri Nov 17 15:08:20 2023]
Job 26: Bowtie2 counts for PP1H66KmDS2Ser53

Submitted DRMAA job 26 with external jobid 568031.
[Fri Nov 17 15:08:29 2023]
Finished job 32.
5 of 10 steps (50%) done
[Fri Nov 17 15:08:29 2023]
Finished job 28.
6 of 10 steps (60%) done
[Fri Nov 17 15:08:29 2023]
Finished job 30.
7 of 10 steps (70%) done
[Fri Nov 17 15:08:29 2023]
Finished job 26.
8 of 10 steps (80%) done
Select jobs to execute...

[Fri Nov 17 15:08:29 2023]
Job 25: getting final results

Submitted DRMAA job 25 with external jobid 568032.
[Fri Nov 17 15:08:49 2023]
Finished job 25.
9 of 10 steps (90%) done
Select jobs to execute...

[Fri Nov 17 15:08:49 2023]
localrule all:
    input: Temp_HS/stats/Temp_HS_fastqc.tsv, Temp_HS/stats/Temp_HS_clumpify.tsv, Temp_HS/stats/Temp_HS_bbduk.tsv, Temp_HS/stats/Temp_HS_aligned.tsv, Temp_HS/stats/Temp_HS_results.tsv
    jobid: 0
    resources: tmpdir=/tmp

[Fri Nov 17 15:08:49 2023]
Finished job 0.
10 of 10 steps (100%) done
The params used to generate one or several output files has changed:
    To inspect which output files have changes, run 'snakemake --list-params-changes'.
    To trigger a re-run, use 'snakemake -R $(snakemake --list-params-changes)'.
Complete log: /beevol/home/erickson/Ben_pipelines/snakemake_pipelines/.snakemake/log/2023-11-17T150809.020404.snakemake.log
