Building DAG of jobs...
Using shell: /bin/bash
Provided cluster nodes: 100
Job stats:
job                    count    min threads    max threads
-------------------  -------  -------------  -------------
align_filter_sample        4             12             12
all                        1              1              1
bbduk_paired               4             12             12
bbduk_summary              1              1              1
bowtieR1                   4             12             12
bowtieR1_summmary          1              1              1
bowtie_counts              4              1              1
clumpify_paired            4              1              1
clumpify_summary           1              1              1
fastqc                     8              6              6
fastqc_summary             1              1              1
gathering_results          1              1              1
total                     34              1             12

Select jobs to execute...

[Fri Nov 17 12:29:20 2023]
Job 3: Running FastQC on PP1H66KmDS2Ser53_CKDL230028616-1A_HCLMNDSX7_L4_2

Submitted DRMAA job 3 with external jobid 567905.

[Fri Nov 17 12:29:20 2023]
Job 4: Running FastQC on PP1H66KpDS2Ser53_CKDL230028616-1A_HCLMNDSX7_L4_1

Submitted DRMAA job 4 with external jobid 567906.

[Fri Nov 17 12:29:20 2023]
Job 6: Running FastQC on PP1H66KmDoxS2Ser5_CKDL230028616-1A_HCLMNDSX7_L4_1

Submitted DRMAA job 6 with external jobid 567907.

[Fri Nov 17 12:29:20 2023]
Job 8: Running FastQC on PP1H66KpDoxS2Ser5_CKDL230028616-1A_HCLMNDSX7_L4_1

Submitted DRMAA job 8 with external jobid 567908.

[Fri Nov 17 12:29:20 2023]
Job 12: Removing duplicats for PP1H66KpDS2Ser53

Submitted DRMAA job 12 with external jobid 567909.

[Fri Nov 17 12:29:20 2023]
Job 14: Removing duplicats for PP1H66KpDoxS2Ser5

Submitted DRMAA job 14 with external jobid 567910.

[Fri Nov 17 12:29:20 2023]
Job 5: Running FastQC on PP1H66KpDS2Ser53_CKDL230028616-1A_HCLMNDSX7_L4_2

Submitted DRMAA job 5 with external jobid 567911.

[Fri Nov 17 12:29:21 2023]
Job 7: Running FastQC on PP1H66KmDoxS2Ser5_CKDL230028616-1A_HCLMNDSX7_L4_2

Submitted DRMAA job 7 with external jobid 567912.

[Fri Nov 17 12:29:21 2023]
Job 9: Running FastQC on PP1H66KpDoxS2Ser5_CKDL230028616-1A_HCLMNDSX7_L4_2

Submitted DRMAA job 9 with external jobid 567913.

[Fri Nov 17 12:29:21 2023]
Job 2: Running FastQC on PP1H66KmDS2Ser53_CKDL230028616-1A_HCLMNDSX7_L4_1

Submitted DRMAA job 2 with external jobid 567914.

[Fri Nov 17 12:29:21 2023]
Job 11: Removing duplicats for PP1H66KmDS2Ser53

Submitted DRMAA job 11 with external jobid 567915.

[Fri Nov 17 12:29:21 2023]
Job 13: Removing duplicats for PP1H66KmDoxS2Ser5

Submitted DRMAA job 13 with external jobid 567916.
[Fri Nov 17 12:31:10 2023]
Finished job 12.
1 of 34 steps (3%) done
Select jobs to execute...

[Fri Nov 17 12:31:10 2023]
Job 17: Removing duplicats for PP1H66KpDS2Ser53

Submitted DRMAA job 17 with external jobid 567918.
[Fri Nov 17 12:31:43 2023]
Finished job 14.
2 of 34 steps (6%) done
Select jobs to execute...

[Fri Nov 17 12:31:43 2023]
Job 19: Removing duplicats for PP1H66KpDoxS2Ser5

Submitted DRMAA job 19 with external jobid 567919.
[Fri Nov 17 12:31:55 2023]
Finished job 13.
3 of 34 steps (9%) done
Select jobs to execute...

[Fri Nov 17 12:31:55 2023]
Job 18: Removing duplicats for PP1H66KmDoxS2Ser5

Submitted DRMAA job 18 with external jobid 567920.
Removing temporary output file Temp_2/PP1H66KpDS2Ser53_R1_clumpify.fastq.gz.
[Fri Nov 17 12:32:05 2023]
Finished job 17.
4 of 34 steps (12%) done
Select jobs to execute...

[Fri Nov 17 12:32:05 2023]
Job 22: Aligning reads with Bowtie2 for PP1H66KpDS2Ser53

Submitted DRMAA job 22 with external jobid 567921.
Removing temporary output file Temp_2/PP1H66KpDoxS2Ser5_R1_clumpify.fastq.gz.
[Fri Nov 17 12:32:16 2023]
Finished job 19.
5 of 34 steps (15%) done
Select jobs to execute...

[Fri Nov 17 12:32:16 2023]
Job 24: Aligning reads with Bowtie2 for PP1H66KpDoxS2Ser5

Submitted DRMAA job 24 with external jobid 567922.
[Fri Nov 17 12:32:17 2023]
Finished job 11.
6 of 34 steps (18%) done
Select jobs to execute...

[Fri Nov 17 12:32:17 2023]
Job 10: Creating Temp_2 clumpify summary

Submitted DRMAA job 10 with external jobid 567923.

[Fri Nov 17 12:32:17 2023]
Job 16: Removing duplicats for PP1H66KmDS2Ser53

Submitted DRMAA job 16 with external jobid 567924.
Removing temporary output file Temp_2/PP1H66KmDoxS2Ser5_R1_clumpify.fastq.gz.
[Fri Nov 17 12:32:28 2023]
Finished job 18.
7 of 34 steps (21%) done
Select jobs to execute...

[Fri Nov 17 12:32:28 2023]
Job 23: Aligning reads with Bowtie2 for PP1H66KmDoxS2Ser5

Submitted DRMAA job 23 with external jobid 567925.
[Fri Nov 17 12:32:28 2023]
Finished job 10.
8 of 34 steps (24%) done
Removing temporary output file Temp_2/PP1H66KmDS2Ser53_R1_clumpify.fastq.gz.
[Fri Nov 17 12:32:50 2023]
Finished job 16.
9 of 34 steps (26%) done
Select jobs to execute...

[Fri Nov 17 12:32:50 2023]
Job 21: Aligning reads with Bowtie2 for PP1H66KmDS2Ser53

Submitted DRMAA job 21 with external jobid 567926.

[Fri Nov 17 12:32:50 2023]
Job 15: Creating Temp_2 bbduk summary

Submitted DRMAA job 15 with external jobid 567927.
[Fri Nov 17 12:33:01 2023]
Finished job 15.
10 of 34 steps (29%) done
[Fri Nov 17 12:35:02 2023]
Finished job 4.
11 of 34 steps (32%) done
[Fri Nov 17 12:35:13 2023]
Finished job 5.
12 of 34 steps (35%) done
[Fri Nov 17 12:35:24 2023]
Finished job 6.
13 of 34 steps (38%) done
[Fri Nov 17 12:35:35 2023]
Finished job 3.
14 of 34 steps (41%) done
[Fri Nov 17 12:35:35 2023]
Finished job 7.
15 of 34 steps (44%) done
[Fri Nov 17 12:35:35 2023]
Finished job 2.
16 of 34 steps (47%) done
[Fri Nov 17 12:35:56 2023]
Finished job 8.
17 of 34 steps (50%) done
[Fri Nov 17 12:35:56 2023]
Finished job 9.
18 of 34 steps (53%) done
Select jobs to execute...

[Fri Nov 17 12:35:56 2023]
Job 1: Creating Temp_2 FastQC summary

Submitted DRMAA job 1 with external jobid 567928.
[Fri Nov 17 12:36:06 2023]
Finished job 1.
19 of 34 steps (56%) done
[Fri Nov 17 12:45:20 2023]
Error in rule bowtieR1:
    jobid: 24
    output: Temp_2/PP1H66KpDoxS2Ser5_hg38_mm10.bam, Temp_2/PP1H66KpDoxS2Ser5_hg38_mm10.bam.bai, Temp_2/bams/PP1H66KpDoxS2Ser5_hg38_mm10_bowtie_R1_stats.txt
    log: Temp_2/logs/PP1H66KpDoxS2Ser5_bowtie_R1.out, Temp_2/logs/PP1H66KpDoxS2Ser5_bowtie_R1.err (check log file(s) for error message)
    shell:
        
        bowtie2             -p 12             -x /beevol/home/erickson/ref/hg38_mm10/hg38_mm10             -U Temp_2/PP1H66KpDoxS2Ser5_R1.fastq.gz 
             --local --no-mixed --no-discordant              2> Temp_2/bams/PP1H66KpDoxS2Ser5_hg38_mm10_bowtie_R1_stats.txt             | samtools view  -bF4q30  -             | samtools sort - -T PP1H66KpDoxS2Ser5.temp -@ 12 -O bam             > Temp_2/PP1H66KpDoxS2Ser5_hg38_mm10.bam
        
        samtools index -@ 12 Temp_2/PP1H66KpDoxS2Ser5_hg38_mm10.bam
        
        (one of the commands exited with non-zero exit code; note that snakemake uses bash strict mode!)

Error executing rule bowtieR1 on cluster (jobid: 24, external: 567922, jobscript: /beevol/home/erickson/Ben_pipelines/snakemake_pipelines/.snakemake/tmp._nw4m2a6/snakejob.bowtieR1.24.sh). For error details see the cluster log and the log files of the involved rule(s).
[Fri Nov 17 12:47:11 2023]
Error in rule bowtieR1:
    jobid: 23
    output: Temp_2/PP1H66KmDoxS2Ser5_hg38_mm10.bam, Temp_2/PP1H66KmDoxS2Ser5_hg38_mm10.bam.bai, Temp_2/bams/PP1H66KmDoxS2Ser5_hg38_mm10_bowtie_R1_stats.txt
    log: Temp_2/logs/PP1H66KmDoxS2Ser5_bowtie_R1.out, Temp_2/logs/PP1H66KmDoxS2Ser5_bowtie_R1.err (check log file(s) for error message)
    shell:
        
        bowtie2             -p 12             -x /beevol/home/erickson/ref/hg38_mm10/hg38_mm10             -U Temp_2/PP1H66KmDoxS2Ser5_R1.fastq.gz 
             --local --no-mixed --no-discordant              2> Temp_2/bams/PP1H66KmDoxS2Ser5_hg38_mm10_bowtie_R1_stats.txt             | samtools view  -bF4q30  -             | samtools sort - -T PP1H66KmDoxS2Ser5.temp -@ 12 -O bam             > Temp_2/PP1H66KmDoxS2Ser5_hg38_mm10.bam
        
        samtools index -@ 12 Temp_2/PP1H66KmDoxS2Ser5_hg38_mm10.bam
        
        (one of the commands exited with non-zero exit code; note that snakemake uses bash strict mode!)

Error executing rule bowtieR1 on cluster (jobid: 23, external: 567925, jobscript: /beevol/home/erickson/Ben_pipelines/snakemake_pipelines/.snakemake/tmp._nw4m2a6/snakejob.bowtieR1.23.sh). For error details see the cluster log and the log files of the involved rule(s).
[Fri Nov 17 12:49:12 2023]
Error in rule bowtieR1:
    jobid: 21
    output: Temp_2/PP1H66KmDS2Ser53_hg38_mm10.bam, Temp_2/PP1H66KmDS2Ser53_hg38_mm10.bam.bai, Temp_2/bams/PP1H66KmDS2Ser53_hg38_mm10_bowtie_R1_stats.txt
    log: Temp_2/logs/PP1H66KmDS2Ser53_bowtie_R1.out, Temp_2/logs/PP1H66KmDS2Ser53_bowtie_R1.err (check log file(s) for error message)
    shell:
        
        bowtie2             -p 12             -x /beevol/home/erickson/ref/hg38_mm10/hg38_mm10             -U Temp_2/PP1H66KmDS2Ser53_R1.fastq.gz 
             --local --no-mixed --no-discordant              2> Temp_2/bams/PP1H66KmDS2Ser53_hg38_mm10_bowtie_R1_stats.txt             | samtools view  -bF4q30  -             | samtools sort - -T PP1H66KmDS2Ser53.temp -@ 12 -O bam             > Temp_2/PP1H66KmDS2Ser53_hg38_mm10.bam
        
        samtools index -@ 12 Temp_2/PP1H66KmDS2Ser53_hg38_mm10.bam
        
        (one of the commands exited with non-zero exit code; note that snakemake uses bash strict mode!)

Error executing rule bowtieR1 on cluster (jobid: 21, external: 567926, jobscript: /beevol/home/erickson/Ben_pipelines/snakemake_pipelines/.snakemake/tmp._nw4m2a6/snakejob.bowtieR1.21.sh). For error details see the cluster log and the log files of the involved rule(s).
[Fri Nov 17 12:50:32 2023]
Error in rule bowtieR1:
    jobid: 22
    output: Temp_2/PP1H66KpDS2Ser53_hg38_mm10.bam, Temp_2/PP1H66KpDS2Ser53_hg38_mm10.bam.bai, Temp_2/bams/PP1H66KpDS2Ser53_hg38_mm10_bowtie_R1_stats.txt
    log: Temp_2/logs/PP1H66KpDS2Ser53_bowtie_R1.out, Temp_2/logs/PP1H66KpDS2Ser53_bowtie_R1.err (check log file(s) for error message)
    shell:
        
        bowtie2             -p 12             -x /beevol/home/erickson/ref/hg38_mm10/hg38_mm10             -U Temp_2/PP1H66KpDS2Ser53_R1.fastq.gz 
             --local --no-mixed --no-discordant              2> Temp_2/bams/PP1H66KpDS2Ser53_hg38_mm10_bowtie_R1_stats.txt             | samtools view  -bF4q30  -             | samtools sort - -T PP1H66KpDS2Ser53.temp -@ 12 -O bam             > Temp_2/PP1H66KpDS2Ser53_hg38_mm10.bam
        
        samtools index -@ 12 Temp_2/PP1H66KpDS2Ser53_hg38_mm10.bam
        
        (one of the commands exited with non-zero exit code; note that snakemake uses bash strict mode!)

Error executing rule bowtieR1 on cluster (jobid: 22, external: 567921, jobscript: /beevol/home/erickson/Ben_pipelines/snakemake_pipelines/.snakemake/tmp._nw4m2a6/snakejob.bowtieR1.22.sh). For error details see the cluster log and the log files of the involved rule(s).
Shutting down, this might take some time.
Exiting because a job execution failed. Look above for error message
Complete log: /beevol/home/erickson/Ben_pipelines/snakemake_pipelines/.snakemake/log/2023-11-17T122917.817683.snakemake.log
