Building DAG of jobs...
Using shell: /bin/bash
Provided cluster nodes: 100
Job stats:
job                 count    min threads    max threads
----------------  -------  -------------  -------------
all                     1              1              1
bbduk_summary           1              1              1
bowtiePE                4             12             12
bowtieSE                4             12             12
hisatPE                 4             12             12
star_first_pass         4              4              4
star_second_pass        4              4              4
total                  22              1             12

Select jobs to execute...

[Wed Nov 15 12:13:33 2023]
Job 15: Aligning reads with hisat2 for 293flpIN_PP1-PNUTS-H66K_mdox_DRB_ChIPseq_input

Submitted DRMAA job 15 with external jobid 566556.

[Wed Nov 15 12:13:33 2023]
Job 17: Aligning reads with hisat2 for 293flpIN_PP1-PNUTS-H66K_pdox_DRB_ChIPseq_input

Submitted DRMAA job 17 with external jobid 566557.

[Wed Nov 15 12:13:33 2023]
Job 19: running first pass star alignments 

Submitted DRMAA job 19 with external jobid 566558.

[Wed Nov 15 12:13:33 2023]
Job 20: running first pass star alignments 

Submitted DRMAA job 20 with external jobid 566559.

[Wed Nov 15 12:13:33 2023]
Job 7: Aligning reads with Bowtie2 for 293flpIN_PP1-PNUTS-H66K_mdox_DRB_ChIPseq_input

Submitted DRMAA job 7 with external jobid 566560.

[Wed Nov 15 12:13:33 2023]
Job 21: running first pass star alignments 

Submitted DRMAA job 21 with external jobid 566561.

[Wed Nov 15 12:13:33 2023]
Job 9: Aligning reads with Bowtie2 for 293flpIN_PP1-PNUTS-H66K_pdox_DRB_ChIPseq_input

Submitted DRMAA job 9 with external jobid 566562.

[Wed Nov 15 12:13:34 2023]
Job 22: running first pass star alignments 

Submitted DRMAA job 22 with external jobid 566563.

[Wed Nov 15 12:13:34 2023]
Job 12: Aligning reads with Bowtie2 for 293flpIN_PP1-PNUTS-H66K_pdox_DRB_ChIPseq_CTD

Submitted DRMAA job 12 with external jobid 566564.

[Wed Nov 15 12:13:34 2023]
Job 13: Aligning reads with Bowtie2 for 293flpIN_PP1-PNUTS-H66K_pdox_DRB_ChIPseq_input

Submitted DRMAA job 13 with external jobid 566565.

[Wed Nov 15 12:13:34 2023]
Job 3: Creating Temp bbduk summary

Submitted DRMAA job 3 with external jobid 566566.

[Wed Nov 15 12:13:34 2023]
Job 16: Aligning reads with hisat2 for 293flpIN_PP1-PNUTS-H66K_pdox_DRB_ChIPseq_CTD

Submitted DRMAA job 16 with external jobid 566567.

[Wed Nov 15 12:13:34 2023]
Job 6: Aligning reads with Bowtie2 for 293flpIN_PP1-PNUTS-H66K_mdox_DRB_ChIPseq_CTD

Submitted DRMAA job 6 with external jobid 566568.

[Wed Nov 15 12:13:34 2023]
Job 8: Aligning reads with Bowtie2 for 293flpIN_PP1-PNUTS-H66K_pdox_DRB_ChIPseq_CTD

Submitted DRMAA job 8 with external jobid 566569.

[Wed Nov 15 12:13:34 2023]
Job 10: Aligning reads with Bowtie2 for 293flpIN_PP1-PNUTS-H66K_mdox_DRB_ChIPseq_CTD

Submitted DRMAA job 10 with external jobid 566570.

[Wed Nov 15 12:13:34 2023]
Job 11: Aligning reads with Bowtie2 for 293flpIN_PP1-PNUTS-H66K_mdox_DRB_ChIPseq_input

Submitted DRMAA job 11 with external jobid 566571.

[Wed Nov 15 12:13:34 2023]
Job 14: Aligning reads with hisat2 for 293flpIN_PP1-PNUTS-H66K_mdox_DRB_ChIPseq_CTD

Submitted DRMAA job 14 with external jobid 566572.
[Wed Nov 15 12:13:43 2023]
Error in rule hisatPE:
    jobid: 15
    output: Temp/293flpIN_PP1-PNUTS-H66K_mdox_DRB_ChIPseq_input_hg38.bam, Temp/bams/293flpIN_PP1-PNUTS-H66K_mdox_DRB_ChIPseq_input_hisat_stats.txt
    log: Temp/logs/293flpIN_PP1-PNUTS-H66K_mdox_DRB_ChIPseq_input_hisat.out, Temp/logs/293flpIN_PP1-PNUTS-H66K_mdox_DRB_ChIPseq_input_hisat.err (check log file(s) for error message)
    shell:
        
        hisat2             -p 12             -x /beevol/home/erickson/ref/hg38_mm10/hg38             -1 Temp/293flpIN_PP1-PNUTS-H66K_mdox_DRB_ChIPseq_input_R1.fastq.gz             -2 Temp/293flpIN_PP1-PNUTS-H66K_mdox_DRB_ChIPseq_input_R2.fastq.gz              --add-chrname --no-softclip              2> Temp/bams/293flpIN_PP1-PNUTS-H66K_mdox_DRB_ChIPseq_input_hisat_stats.txt             | samtools view  -bF4q30  -             > Temp/293flpIN_PP1-PNUTS-H66K_mdox_DRB_ChIPseq_input_hg38.bam
        
        
        (one of the commands exited with non-zero exit code; note that snakemake uses bash strict mode!)

Error executing rule hisatPE on cluster (jobid: 15, external: 566556, jobscript: /beevol/home/erickson/Ben_pipelines/snakemake_pipelines/.snakemake/tmp.a_vis65q/snakejob.hisatPE.15.sh). For error details see the cluster log and the log files of the involved rule(s).
[Wed Nov 15 12:13:43 2023]
Error in rule hisatPE:
    jobid: 17
    output: Temp/293flpIN_PP1-PNUTS-H66K_pdox_DRB_ChIPseq_input_hg38.bam, Temp/bams/293flpIN_PP1-PNUTS-H66K_pdox_DRB_ChIPseq_input_hisat_stats.txt
    log: Temp/logs/293flpIN_PP1-PNUTS-H66K_pdox_DRB_ChIPseq_input_hisat.out, Temp/logs/293flpIN_PP1-PNUTS-H66K_pdox_DRB_ChIPseq_input_hisat.err (check log file(s) for error message)
    shell:
        
        hisat2             -p 12             -x /beevol/home/erickson/ref/hg38_mm10/hg38             -1 Temp/293flpIN_PP1-PNUTS-H66K_pdox_DRB_ChIPseq_input_R1.fastq.gz             -2 Temp/293flpIN_PP1-PNUTS-H66K_pdox_DRB_ChIPseq_input_R2.fastq.gz              --add-chrname --no-softclip              2> Temp/bams/293flpIN_PP1-PNUTS-H66K_pdox_DRB_ChIPseq_input_hisat_stats.txt             | samtools view  -bF4q30  -             > Temp/293flpIN_PP1-PNUTS-H66K_pdox_DRB_ChIPseq_input_hg38.bam
        
        
        (one of the commands exited with non-zero exit code; note that snakemake uses bash strict mode!)

Error executing rule hisatPE on cluster (jobid: 17, external: 566557, jobscript: /beevol/home/erickson/Ben_pipelines/snakemake_pipelines/.snakemake/tmp.a_vis65q/snakejob.hisatPE.17.sh). For error details see the cluster log and the log files of the involved rule(s).
[Wed Nov 15 12:13:43 2023]
Error in rule star_first_pass:
    jobid: 19
    output: Temp/bams/293flpIN_PP1-PNUTS-H66K_mdox_DRB_ChIPseq_CTD_SJ.out.tab, Temp/bams/293flpIN_PP1-PNUTS-H66K_mdox_DRB_ChIPseq_CTD_Aligned.sortedByCoord.out.bam
    log: Temp/logs/293flpIN_PP1-PNUTS-H66K_mdox_DRB_ChIPseq_CTD_star.out, Temp/logs/293flpIN_PP1-PNUTS-H66K_mdox_DRB_ChIPseq_CTD_star.err (check log file(s) for error message)
    shell:
        
        module load STAR/2.7.10a
        
        STAR           --genomeDir /beevol/home/erickson/ref/hg38_mm10/            --runThreadN 4           --readFilesIn Temp/293flpIN_PP1-PNUTS-H66K_mdox_DRB_ChIPseq_CTD_R1.fastq.gz Temp/293flpIN_PP1-PNUTS-H66K_mdox_DRB_ChIPseq_CTD_R2.fastq.gz           --outSAMtype BAM SortedByCoordinate           --limitBAMsortRAM 500000000000           --readFilesCommand gunzip -c           --outFileNamePrefix Temp/bams/293flpIN_PP1-PNUTS-H66K_mdox_DRB_ChIPseq_CTD_

        
        (one of the commands exited with non-zero exit code; note that snakemake uses bash strict mode!)

Error executing rule star_first_pass on cluster (jobid: 19, external: 566558, jobscript: /beevol/home/erickson/Ben_pipelines/snakemake_pipelines/.snakemake/tmp.a_vis65q/snakejob.star_first_pass.19.sh). For error details see the cluster log and the log files of the involved rule(s).
[Wed Nov 15 12:13:43 2023]
Error in rule star_first_pass:
    jobid: 20
    output: Temp/bams/293flpIN_PP1-PNUTS-H66K_mdox_DRB_ChIPseq_input_SJ.out.tab, Temp/bams/293flpIN_PP1-PNUTS-H66K_mdox_DRB_ChIPseq_input_Aligned.sortedByCoord.out.bam
    log: Temp/logs/293flpIN_PP1-PNUTS-H66K_mdox_DRB_ChIPseq_input_star.out, Temp/logs/293flpIN_PP1-PNUTS-H66K_mdox_DRB_ChIPseq_input_star.err (check log file(s) for error message)
    shell:
        
        module load STAR/2.7.10a
        
        STAR           --genomeDir /beevol/home/erickson/ref/hg38_mm10/            --runThreadN 4           --readFilesIn Temp/293flpIN_PP1-PNUTS-H66K_mdox_DRB_ChIPseq_input_R1.fastq.gz Temp/293flpIN_PP1-PNUTS-H66K_mdox_DRB_ChIPseq_input_R2.fastq.gz           --outSAMtype BAM SortedByCoordinate           --limitBAMsortRAM 500000000000           --readFilesCommand gunzip -c           --outFileNamePrefix Temp/bams/293flpIN_PP1-PNUTS-H66K_mdox_DRB_ChIPseq_input_

        
        (one of the commands exited with non-zero exit code; note that snakemake uses bash strict mode!)

Error executing rule star_first_pass on cluster (jobid: 20, external: 566559, jobscript: /beevol/home/erickson/Ben_pipelines/snakemake_pipelines/.snakemake/tmp.a_vis65q/snakejob.star_first_pass.20.sh). For error details see the cluster log and the log files of the involved rule(s).
[Wed Nov 15 12:13:43 2023]
Error in rule bowtiePE:
    jobid: 7
    output: Temp/293flpIN_PP1-PNUTS-H66K_mdox_DRB_ChIPseq_input_hg38.bam, Temp/bams/293flpIN_PP1-PNUTS-H66K_mdox_DRB_ChIPseq_input_bowtie_stats.txt
    log: Temp/logs/293flpIN_PP1-PNUTS-H66K_mdox_DRB_ChIPseq_input_bowtie.out, Temp/logs/293flpIN_PP1-PNUTS-H66K_mdox_DRB_ChIPseq_input_bowtie.err (check log file(s) for error message)
    shell:
        
        bowtie2             -p 12             -x /beevol/home/erickson/ref/hg38_mm10/hg38             -1 Temp/293flpIN_PP1-PNUTS-H66K_mdox_DRB_ChIPseq_input_R1.fastq.gz             -2 Temp/293flpIN_PP1-PNUTS-H66K_mdox_DRB_ChIPseq_input_R2.fastq.gz              --local --no-mixed --no-discordant              2> Temp/bams/293flpIN_PP1-PNUTS-H66K_mdox_DRB_ChIPseq_input_bowtie_stats.txt             | samtools view  -bF4q30  -             > Temp/293flpIN_PP1-PNUTS-H66K_mdox_DRB_ChIPseq_input_hg38.bam
        
        
        (one of the commands exited with non-zero exit code; note that snakemake uses bash strict mode!)

Error executing rule bowtiePE on cluster (jobid: 7, external: 566560, jobscript: /beevol/home/erickson/Ben_pipelines/snakemake_pipelines/.snakemake/tmp.a_vis65q/snakejob.bowtiePE.7.sh). For error details see the cluster log and the log files of the involved rule(s).
[Wed Nov 15 12:13:43 2023]
Error in rule star_first_pass:
    jobid: 21
    output: Temp/bams/293flpIN_PP1-PNUTS-H66K_pdox_DRB_ChIPseq_CTD_SJ.out.tab, Temp/bams/293flpIN_PP1-PNUTS-H66K_pdox_DRB_ChIPseq_CTD_Aligned.sortedByCoord.out.bam
    log: Temp/logs/293flpIN_PP1-PNUTS-H66K_pdox_DRB_ChIPseq_CTD_star.out, Temp/logs/293flpIN_PP1-PNUTS-H66K_pdox_DRB_ChIPseq_CTD_star.err (check log file(s) for error message)
    shell:
        
        module load STAR/2.7.10a
        
        STAR           --genomeDir /beevol/home/erickson/ref/hg38_mm10/            --runThreadN 4           --readFilesIn Temp/293flpIN_PP1-PNUTS-H66K_pdox_DRB_ChIPseq_CTD_R1.fastq.gz Temp/293flpIN_PP1-PNUTS-H66K_pdox_DRB_ChIPseq_CTD_R2.fastq.gz           --outSAMtype BAM SortedByCoordinate           --limitBAMsortRAM 500000000000           --readFilesCommand gunzip -c           --outFileNamePrefix Temp/bams/293flpIN_PP1-PNUTS-H66K_pdox_DRB_ChIPseq_CTD_

        
        (one of the commands exited with non-zero exit code; note that snakemake uses bash strict mode!)

Error executing rule star_first_pass on cluster (jobid: 21, external: 566561, jobscript: /beevol/home/erickson/Ben_pipelines/snakemake_pipelines/.snakemake/tmp.a_vis65q/snakejob.star_first_pass.21.sh). For error details see the cluster log and the log files of the involved rule(s).
[Wed Nov 15 12:13:43 2023]
Error in rule bowtiePE:
    jobid: 9
    output: Temp/293flpIN_PP1-PNUTS-H66K_pdox_DRB_ChIPseq_input_hg38.bam, Temp/bams/293flpIN_PP1-PNUTS-H66K_pdox_DRB_ChIPseq_input_bowtie_stats.txt
    log: Temp/logs/293flpIN_PP1-PNUTS-H66K_pdox_DRB_ChIPseq_input_bowtie.out, Temp/logs/293flpIN_PP1-PNUTS-H66K_pdox_DRB_ChIPseq_input_bowtie.err (check log file(s) for error message)
    shell:
        
        bowtie2             -p 12             -x /beevol/home/erickson/ref/hg38_mm10/hg38             -1 Temp/293flpIN_PP1-PNUTS-H66K_pdox_DRB_ChIPseq_input_R1.fastq.gz             -2 Temp/293flpIN_PP1-PNUTS-H66K_pdox_DRB_ChIPseq_input_R2.fastq.gz              --local --no-mixed --no-discordant              2> Temp/bams/293flpIN_PP1-PNUTS-H66K_pdox_DRB_ChIPseq_input_bowtie_stats.txt             | samtools view  -bF4q30  -             > Temp/293flpIN_PP1-PNUTS-H66K_pdox_DRB_ChIPseq_input_hg38.bam
        
        
        (one of the commands exited with non-zero exit code; note that snakemake uses bash strict mode!)

Error executing rule bowtiePE on cluster (jobid: 9, external: 566562, jobscript: /beevol/home/erickson/Ben_pipelines/snakemake_pipelines/.snakemake/tmp.a_vis65q/snakejob.bowtiePE.9.sh). For error details see the cluster log and the log files of the involved rule(s).
[Wed Nov 15 12:13:43 2023]
Error in rule star_first_pass:
    jobid: 22
    output: Temp/bams/293flpIN_PP1-PNUTS-H66K_pdox_DRB_ChIPseq_input_SJ.out.tab, Temp/bams/293flpIN_PP1-PNUTS-H66K_pdox_DRB_ChIPseq_input_Aligned.sortedByCoord.out.bam
    log: Temp/logs/293flpIN_PP1-PNUTS-H66K_pdox_DRB_ChIPseq_input_star.out, Temp/logs/293flpIN_PP1-PNUTS-H66K_pdox_DRB_ChIPseq_input_star.err (check log file(s) for error message)
    shell:
        
        module load STAR/2.7.10a
        
        STAR           --genomeDir /beevol/home/erickson/ref/hg38_mm10/            --runThreadN 4           --readFilesIn Temp/293flpIN_PP1-PNUTS-H66K_pdox_DRB_ChIPseq_input_R1.fastq.gz Temp/293flpIN_PP1-PNUTS-H66K_pdox_DRB_ChIPseq_input_R2.fastq.gz           --outSAMtype BAM SortedByCoordinate           --limitBAMsortRAM 500000000000           --readFilesCommand gunzip -c           --outFileNamePrefix Temp/bams/293flpIN_PP1-PNUTS-H66K_pdox_DRB_ChIPseq_input_

        
        (one of the commands exited with non-zero exit code; note that snakemake uses bash strict mode!)

Error executing rule star_first_pass on cluster (jobid: 22, external: 566563, jobscript: /beevol/home/erickson/Ben_pipelines/snakemake_pipelines/.snakemake/tmp.a_vis65q/snakejob.star_first_pass.22.sh). For error details see the cluster log and the log files of the involved rule(s).
[Wed Nov 15 12:13:43 2023]
Error in rule bowtieSE:
    jobid: 12
    output: Temp/293flpIN_PP1-PNUTS-H66K_pdox_DRB_ChIPseq_CTD_hg38.bam, Temp/bams/293flpIN_PP1-PNUTS-H66K_pdox_DRB_ChIPseq_CTD_bowtie_SE_stats.txt
    log: Temp/logs/293flpIN_PP1-PNUTS-H66K_pdox_DRB_ChIPseq_CTD_bowtie_SE.out, Temp/logs/293flpIN_PP1-PNUTS-H66K_pdox_DRB_ChIPseq_CTD_bowtie_SE.err (check log file(s) for error message)
    shell:
        
        bowtie2             -p 12             -x /beevol/home/erickson/ref/hg38_mm10/hg38             -U Temp/293flpIN_PP1-PNUTS-H66K_pdox_DRB_ChIPseq_CTD_R1.fastq.gz 
             --local --no-mixed --no-discordant              2> Temp/bams/293flpIN_PP1-PNUTS-H66K_pdox_DRB_ChIPseq_CTD_bowtie_SE_stats.txt             | samtools view  -bF4q30  -             > Temp/293flpIN_PP1-PNUTS-H66K_pdox_DRB_ChIPseq_CTD_hg38.bam
        
        
        (one of the commands exited with non-zero exit code; note that snakemake uses bash strict mode!)

Error executing rule bowtieSE on cluster (jobid: 12, external: 566564, jobscript: /beevol/home/erickson/Ben_pipelines/snakemake_pipelines/.snakemake/tmp.a_vis65q/snakejob.bowtieSE.12.sh). For error details see the cluster log and the log files of the involved rule(s).
[Wed Nov 15 12:13:43 2023]
Error in rule bowtieSE:
    jobid: 13
    output: Temp/293flpIN_PP1-PNUTS-H66K_pdox_DRB_ChIPseq_input_hg38.bam, Temp/bams/293flpIN_PP1-PNUTS-H66K_pdox_DRB_ChIPseq_input_bowtie_SE_stats.txt
    log: Temp/logs/293flpIN_PP1-PNUTS-H66K_pdox_DRB_ChIPseq_input_bowtie_SE.out, Temp/logs/293flpIN_PP1-PNUTS-H66K_pdox_DRB_ChIPseq_input_bowtie_SE.err (check log file(s) for error message)
    shell:
        
        bowtie2             -p 12             -x /beevol/home/erickson/ref/hg38_mm10/hg38             -U Temp/293flpIN_PP1-PNUTS-H66K_pdox_DRB_ChIPseq_input_R1.fastq.gz 
             --local --no-mixed --no-discordant              2> Temp/bams/293flpIN_PP1-PNUTS-H66K_pdox_DRB_ChIPseq_input_bowtie_SE_stats.txt             | samtools view  -bF4q30  -             > Temp/293flpIN_PP1-PNUTS-H66K_pdox_DRB_ChIPseq_input_hg38.bam
        
        
        (one of the commands exited with non-zero exit code; note that snakemake uses bash strict mode!)

Error executing rule bowtieSE on cluster (jobid: 13, external: 566565, jobscript: /beevol/home/erickson/Ben_pipelines/snakemake_pipelines/.snakemake/tmp.a_vis65q/snakejob.bowtieSE.13.sh). For error details see the cluster log and the log files of the involved rule(s).
[Wed Nov 15 12:13:44 2023]
[Wed Nov 15 12:13:44 2023]
Finished job 3.
Error in rule hisatPE:
    jobid: 16
    output: Temp/293flpIN_PP1-PNUTS-H66K_pdox_DRB_ChIPseq_CTD_hg38.bam, Temp/bams/293flpIN_PP1-PNUTS-H66K_pdox_DRB_ChIPseq_CTD_hisat_stats.txt
    log: Temp/logs/293flpIN_PP1-PNUTS-H66K_pdox_DRB_ChIPseq_CTD_hisat.out, Temp/logs/293flpIN_PP1-PNUTS-H66K_pdox_DRB_ChIPseq_CTD_hisat.err (check log file(s) for error message)
    shell:
        
        hisat2             -p 12             -x /beevol/home/erickson/ref/hg38_mm10/hg38             -1 Temp/293flpIN_PP1-PNUTS-H66K_pdox_DRB_ChIPseq_CTD_R1.fastq.gz             -2 Temp/293flpIN_PP1-PNUTS-H66K_pdox_DRB_ChIPseq_CTD_R2.fastq.gz              --add-chrname --no-softclip              2> Temp/bams/293flpIN_PP1-PNUTS-H66K_pdox_DRB_ChIPseq_CTD_hisat_stats.txt             | samtools view  -bF4q30  -             > Temp/293flpIN_PP1-PNUTS-H66K_pdox_DRB_ChIPseq_CTD_hg38.bam
        
        
        (one of the commands exited with non-zero exit code; note that snakemake uses bash strict mode!)

1 of 22 steps (5%) done
Error executing rule hisatPE on cluster (jobid: 16, external: 566567, jobscript: /beevol/home/erickson/Ben_pipelines/snakemake_pipelines/.snakemake/tmp.a_vis65q/snakejob.hisatPE.16.sh). For error details see the cluster log and the log files of the involved rule(s).
[Wed Nov 15 12:13:44 2023]
Error in rule bowtiePE:
    jobid: 6
    output: Temp/293flpIN_PP1-PNUTS-H66K_mdox_DRB_ChIPseq_CTD_hg38.bam, Temp/bams/293flpIN_PP1-PNUTS-H66K_mdox_DRB_ChIPseq_CTD_bowtie_stats.txt
    log: Temp/logs/293flpIN_PP1-PNUTS-H66K_mdox_DRB_ChIPseq_CTD_bowtie.out, Temp/logs/293flpIN_PP1-PNUTS-H66K_mdox_DRB_ChIPseq_CTD_bowtie.err (check log file(s) for error message)
    shell:
        
        bowtie2             -p 12             -x /beevol/home/erickson/ref/hg38_mm10/hg38             -1 Temp/293flpIN_PP1-PNUTS-H66K_mdox_DRB_ChIPseq_CTD_R1.fastq.gz             -2 Temp/293flpIN_PP1-PNUTS-H66K_mdox_DRB_ChIPseq_CTD_R2.fastq.gz              --local --no-mixed --no-discordant              2> Temp/bams/293flpIN_PP1-PNUTS-H66K_mdox_DRB_ChIPseq_CTD_bowtie_stats.txt             | samtools view  -bF4q30  -             > Temp/293flpIN_PP1-PNUTS-H66K_mdox_DRB_ChIPseq_CTD_hg38.bam
        
        
        (one of the commands exited with non-zero exit code; note that snakemake uses bash strict mode!)

Error executing rule bowtiePE on cluster (jobid: 6, external: 566568, jobscript: /beevol/home/erickson/Ben_pipelines/snakemake_pipelines/.snakemake/tmp.a_vis65q/snakejob.bowtiePE.6.sh). For error details see the cluster log and the log files of the involved rule(s).
[Wed Nov 15 12:13:44 2023]
Error in rule bowtiePE:
    jobid: 8
    output: Temp/293flpIN_PP1-PNUTS-H66K_pdox_DRB_ChIPseq_CTD_hg38.bam, Temp/bams/293flpIN_PP1-PNUTS-H66K_pdox_DRB_ChIPseq_CTD_bowtie_stats.txt
    log: Temp/logs/293flpIN_PP1-PNUTS-H66K_pdox_DRB_ChIPseq_CTD_bowtie.out, Temp/logs/293flpIN_PP1-PNUTS-H66K_pdox_DRB_ChIPseq_CTD_bowtie.err (check log file(s) for error message)
    shell:
        
        bowtie2             -p 12             -x /beevol/home/erickson/ref/hg38_mm10/hg38             -1 Temp/293flpIN_PP1-PNUTS-H66K_pdox_DRB_ChIPseq_CTD_R1.fastq.gz             -2 Temp/293flpIN_PP1-PNUTS-H66K_pdox_DRB_ChIPseq_CTD_R2.fastq.gz              --local --no-mixed --no-discordant              2> Temp/bams/293flpIN_PP1-PNUTS-H66K_pdox_DRB_ChIPseq_CTD_bowtie_stats.txt             | samtools view  -bF4q30  -             > Temp/293flpIN_PP1-PNUTS-H66K_pdox_DRB_ChIPseq_CTD_hg38.bam
        
        
        (one of the commands exited with non-zero exit code; note that snakemake uses bash strict mode!)

Error executing rule bowtiePE on cluster (jobid: 8, external: 566569, jobscript: /beevol/home/erickson/Ben_pipelines/snakemake_pipelines/.snakemake/tmp.a_vis65q/snakejob.bowtiePE.8.sh). For error details see the cluster log and the log files of the involved rule(s).
[Wed Nov 15 12:13:44 2023]
Error in rule bowtieSE:
    jobid: 10
    output: Temp/293flpIN_PP1-PNUTS-H66K_mdox_DRB_ChIPseq_CTD_hg38.bam, Temp/bams/293flpIN_PP1-PNUTS-H66K_mdox_DRB_ChIPseq_CTD_bowtie_SE_stats.txt
    log: Temp/logs/293flpIN_PP1-PNUTS-H66K_mdox_DRB_ChIPseq_CTD_bowtie_SE.out, Temp/logs/293flpIN_PP1-PNUTS-H66K_mdox_DRB_ChIPseq_CTD_bowtie_SE.err (check log file(s) for error message)
    shell:
        
        bowtie2             -p 12             -x /beevol/home/erickson/ref/hg38_mm10/hg38             -U Temp/293flpIN_PP1-PNUTS-H66K_mdox_DRB_ChIPseq_CTD_R1.fastq.gz 
             --local --no-mixed --no-discordant              2> Temp/bams/293flpIN_PP1-PNUTS-H66K_mdox_DRB_ChIPseq_CTD_bowtie_SE_stats.txt             | samtools view  -bF4q30  -             > Temp/293flpIN_PP1-PNUTS-H66K_mdox_DRB_ChIPseq_CTD_hg38.bam
        
        
        (one of the commands exited with non-zero exit code; note that snakemake uses bash strict mode!)

Error executing rule bowtieSE on cluster (jobid: 10, external: 566570, jobscript: /beevol/home/erickson/Ben_pipelines/snakemake_pipelines/.snakemake/tmp.a_vis65q/snakejob.bowtieSE.10.sh). For error details see the cluster log and the log files of the involved rule(s).
[Wed Nov 15 12:13:44 2023]
Error in rule bowtieSE:
    jobid: 11
    output: Temp/293flpIN_PP1-PNUTS-H66K_mdox_DRB_ChIPseq_input_hg38.bam, Temp/bams/293flpIN_PP1-PNUTS-H66K_mdox_DRB_ChIPseq_input_bowtie_SE_stats.txt
    log: Temp/logs/293flpIN_PP1-PNUTS-H66K_mdox_DRB_ChIPseq_input_bowtie_SE.out, Temp/logs/293flpIN_PP1-PNUTS-H66K_mdox_DRB_ChIPseq_input_bowtie_SE.err (check log file(s) for error message)
    shell:
        
        bowtie2             -p 12             -x /beevol/home/erickson/ref/hg38_mm10/hg38             -U Temp/293flpIN_PP1-PNUTS-H66K_mdox_DRB_ChIPseq_input_R1.fastq.gz 
             --local --no-mixed --no-discordant              2> Temp/bams/293flpIN_PP1-PNUTS-H66K_mdox_DRB_ChIPseq_input_bowtie_SE_stats.txt             | samtools view  -bF4q30  -             > Temp/293flpIN_PP1-PNUTS-H66K_mdox_DRB_ChIPseq_input_hg38.bam
        
        
        (one of the commands exited with non-zero exit code; note that snakemake uses bash strict mode!)

Error executing rule bowtieSE on cluster (jobid: 11, external: 566571, jobscript: /beevol/home/erickson/Ben_pipelines/snakemake_pipelines/.snakemake/tmp.a_vis65q/snakejob.bowtieSE.11.sh). For error details see the cluster log and the log files of the involved rule(s).
[Wed Nov 15 12:13:44 2023]
Error in rule hisatPE:
    jobid: 14
    output: Temp/293flpIN_PP1-PNUTS-H66K_mdox_DRB_ChIPseq_CTD_hg38.bam, Temp/bams/293flpIN_PP1-PNUTS-H66K_mdox_DRB_ChIPseq_CTD_hisat_stats.txt
    log: Temp/logs/293flpIN_PP1-PNUTS-H66K_mdox_DRB_ChIPseq_CTD_hisat.out, Temp/logs/293flpIN_PP1-PNUTS-H66K_mdox_DRB_ChIPseq_CTD_hisat.err (check log file(s) for error message)
    shell:
        
        hisat2             -p 12             -x /beevol/home/erickson/ref/hg38_mm10/hg38             -1 Temp/293flpIN_PP1-PNUTS-H66K_mdox_DRB_ChIPseq_CTD_R1.fastq.gz             -2 Temp/293flpIN_PP1-PNUTS-H66K_mdox_DRB_ChIPseq_CTD_R2.fastq.gz              --add-chrname --no-softclip              2> Temp/bams/293flpIN_PP1-PNUTS-H66K_mdox_DRB_ChIPseq_CTD_hisat_stats.txt             | samtools view  -bF4q30  -             > Temp/293flpIN_PP1-PNUTS-H66K_mdox_DRB_ChIPseq_CTD_hg38.bam
        
        
        (one of the commands exited with non-zero exit code; note that snakemake uses bash strict mode!)

Error executing rule hisatPE on cluster (jobid: 14, external: 566572, jobscript: /beevol/home/erickson/Ben_pipelines/snakemake_pipelines/.snakemake/tmp.a_vis65q/snakejob.hisatPE.14.sh). For error details see the cluster log and the log files of the involved rule(s).
Shutting down, this might take some time.
Exiting because a job execution failed. Look above for error message
Complete log: /beevol/home/erickson/Ben_pipelines/snakemake_pipelines/.snakemake/log/2023-11-15T121332.105681.snakemake.log
