Building DAG of jobs...
Using shell: /bin/bash
Provided cluster nodes: 100
Job stats:
job                     count    min threads    max threads
--------------------  -------  -------------  -------------
all                         1              1              1
calculating_OR              2              1              1
gathering_OR_results        1              1              1
gathering_results           1              1              1
total                       5              1              1

Select jobs to execute...

[Tue Dec 19 12:17:26 2023]
Job 33: getting OR norm for PP1H66KSer5-r2

Submitted DRMAA job 33 with external jobid 580761.

[Tue Dec 19 12:17:26 2023]
Job 26: getting OR norm for PP1H66KSer5-r3

Submitted DRMAA job 26 with external jobid 580762.
[Tue Dec 19 12:17:45 2023]
Finished job 33.
1 of 5 steps (20%) done
[Tue Dec 19 12:17:45 2023]
Finished job 26.
2 of 5 steps (40%) done
Select jobs to execute...

[Tue Dec 19 12:17:45 2023]
Job 25: getting final results

Submitted DRMAA job 25 with external jobid 580763.
Removing temporary output file Temp_NET/counts/PP1H66KSer5-r3_OR_count.txt.
Removing temporary output file Temp_NET/counts/PP1H66KSer5-r2_OR_count.txt.
[Tue Dec 19 12:17:55 2023]
Finished job 25.
3 of 5 steps (60%) done
Select jobs to execute...

[Tue Dec 19 12:17:55 2023]
Job 24: getting final results

Submitted DRMAA job 24 with external jobid 580764.
[Tue Dec 19 12:18:05 2023]
Finished job 24.
4 of 5 steps (80%) done
Select jobs to execute...

[Tue Dec 19 12:18:05 2023]
localrule all:
    input: Temp_NET/stats/Temp_NET_fastqc.tsv, Temp_NET/stats/Temp_NET_cutadapt.tsv, Temp_NET/stats/Temp_NET_aligned.tsv, Temp_NET/stats/Temp_NET_results.tsv
    jobid: 0
    resources: tmpdir=/tmp

[Tue Dec 19 12:18:05 2023]
Finished job 0.
5 of 5 steps (100%) done
Complete log: /beevol/home/erickson/Ben_pipelines/snakemake_pipelines/.snakemake/log/2023-12-19T121723.258151.snakemake.log
