Building DAG of jobs...
Using shell: /bin/bash
Provided cluster nodes: 100
Job stats:
job                  count    min threads    max threads
-----------------  -------  -------------  -------------
all                      1              1              1
bowtieR1                 4             12             12
bowtieR1_summmary        1              1              1
cutadapt                 4              6              6
cutadapt_summary         1              1              1
extract_umi              4              1              1
fastqc                   8              6              6
fastqc_summary           1              1              1
total                   24              1             12

Select jobs to execute...

[Mon Dec 18 14:13:51 2023]
Job 12: Extracting UMIs for PP1H66KmDS2Ser53

Submitted DRMAA job 12 with external jobid 580268.

[Mon Dec 18 14:13:52 2023]
Job 3: Running FastQC on PP1H66KmDS2Ser53_CKDL230028616-1A_HCLMNDSX7_L4_2

Submitted DRMAA job 3 with external jobid 580269.

[Mon Dec 18 14:13:52 2023]
Job 14: Extracting UMIs for PP1H66KpDS2Ser53

Submitted DRMAA job 14 with external jobid 580270.

[Mon Dec 18 14:13:52 2023]
Job 2: Running FastQC on PP1H66KmDS2Ser53_CKDL230028616-1A_HCLMNDSX7_L4_1

Submitted DRMAA job 2 with external jobid 580271.

[Mon Dec 18 14:13:52 2023]
Job 16: Extracting UMIs for PP1H66KmDoxS2Ser5

Submitted DRMAA job 16 with external jobid 580272.

[Mon Dec 18 14:13:52 2023]
Job 4: Running FastQC on PP1H66KpDS2Ser53_CKDL230028616-1A_HCLMNDSX7_L4_1

Submitted DRMAA job 4 with external jobid 580273.

[Mon Dec 18 14:13:52 2023]
Job 18: Extracting UMIs for PP1H66KpDoxS2Ser5

Submitted DRMAA job 18 with external jobid 580274.

[Mon Dec 18 14:13:52 2023]
Job 6: Running FastQC on PP1H66KmDoxS2Ser5_CKDL230028616-1A_HCLMNDSX7_L4_1

Submitted DRMAA job 6 with external jobid 580275.

[Mon Dec 18 14:13:52 2023]
Job 8: Running FastQC on PP1H66KpDoxS2Ser5_CKDL230028616-1A_HCLMNDSX7_L4_1

Submitted DRMAA job 8 with external jobid 580276.

[Mon Dec 18 14:13:52 2023]
Job 5: Running FastQC on PP1H66KpDS2Ser53_CKDL230028616-1A_HCLMNDSX7_L4_2

Submitted DRMAA job 5 with external jobid 580277.

[Mon Dec 18 14:13:52 2023]
Job 7: Running FastQC on PP1H66KmDoxS2Ser5_CKDL230028616-1A_HCLMNDSX7_L4_2

Submitted DRMAA job 7 with external jobid 580278.

[Mon Dec 18 14:13:52 2023]
Job 9: Running FastQC on PP1H66KpDoxS2Ser5_CKDL230028616-1A_HCLMNDSX7_L4_2

Submitted DRMAA job 9 with external jobid 580279.
[Mon Dec 18 14:23:48 2023]
Finished job 7.
1 of 24 steps (4%) done
[Mon Dec 18 14:24:53 2023]
Finished job 8.
2 of 24 steps (8%) done
[Mon Dec 18 14:25:59 2023]
Finished job 6.
3 of 24 steps (12%) done
[Mon Dec 18 14:27:30 2023]
Finished job 4.
4 of 24 steps (17%) done
[Mon Dec 18 14:27:30 2023]
Finished job 5.
5 of 24 steps (21%) done
[Mon Dec 18 14:28:31 2023]
Finished job 9.
6 of 24 steps (25%) done
[Mon Dec 18 14:31:42 2023]
Finished job 3.
7 of 24 steps (29%) done
[Mon Dec 18 14:31:42 2023]
Finished job 2.
8 of 24 steps (33%) done
Select jobs to execute...

[Mon Dec 18 14:31:42 2023]
Job 1: Creating Temp_NET FastQC summary

Submitted DRMAA job 1 with external jobid 580290.
[Mon Dec 18 14:31:52 2023]
Finished job 1.
9 of 24 steps (38%) done
[Mon Dec 18 14:34:13 2023]
Finished job 16.
10 of 24 steps (42%) done
Select jobs to execute...

[Mon Dec 18 14:34:13 2023]
Job 15: Running cutadapt on PP1H66KmDoxS2Ser5

Submitted DRMAA job 15 with external jobid 580291.
[Mon Dec 18 14:34:23 2023]
Error in rule cutadapt:
    jobid: 15
    output: Temp_NET/PP1H66KmDoxS2Ser5_R1.fastq.gz, Temp_NET/PP1H66KmDoxS2Ser5_R2.fastq.gz, Temp_NET/UMI/PP1H66KmDoxS2Ser5_cutadapt_stats.txt
    log: Temp_NET/logs/PP1H66KmDoxS2Ser5_cutadapt.out, Temp_NET/logs/PP1H66KmDoxS2Ser5_cutadapt.err (check log file(s) for error message)
    shell:
        
        cutadapt              --pair-filter=first --discard-untrimmed --minimum-length 15 -O 10 -a 'AACTGTAGGCACCATCAAT' -A 'GATCGTCGGACTGTAGAACTCTGAAC'              -j 6             -o Temp_NET/PP1H66KmDoxS2Ser5_R1.fastq.gz             -p Temp_NET/PP1H66KmDoxS2Ser5_R2.fastq.gz             Temp_NET/PP1H66KmDoxS2Ser5_R1_umi.fastq.gz             Temp_NET/PP1H66KmDoxS2Ser5_R2_umi.fastq.gz             > Temp_NET/UMI/PP1H66KmDoxS2Ser5_cutadapt_stats.txt
        
        (one of the commands exited with non-zero exit code; note that snakemake uses bash strict mode!)

Error executing rule cutadapt on cluster (jobid: 15, external: 580291, jobscript: /beevol/home/erickson/Ben_pipelines/snakemake_pipelines/.snakemake/tmp.bgzggvct/snakejob.cutadapt.15.sh). For error details see the cluster log and the log files of the involved rule(s).
[Mon Dec 18 14:35:43 2023]
Finished job 12.
11 of 24 steps (46%) done
[Mon Dec 18 14:36:03 2023]
Finished job 14.
12 of 24 steps (50%) done
[Mon Dec 18 14:41:04 2023]
Finished job 18.
13 of 24 steps (54%) done
Shutting down, this might take some time.
Exiting because a job execution failed. Look above for error message
Complete log: /beevol/home/erickson/Ben_pipelines/snakemake_pipelines/.snakemake/log/2023-12-18T141350.910812.snakemake.log
