Building DAG of jobs...
Using shell: /bin/bash
Provided cluster nodes: 100
Job stats:
job                       count    min threads    max threads
----------------------  -------  -------------  -------------
all                           1              1              1
bbduk_paired                  6             12             12
bbduk_summary                 1              1              1
clumpify_paired               6              1              1
clumpify_summary              1              1              1
fastqc_summary                1              1              1
gathering_fastq_groups        1              1              1
total                        17              1             12

Select jobs to execute...

[Thu Jan 11 10:53:15 2024]
Job 15: Removing duplicats for 293flpIN_RTF1_WT1

Submitted DRMAA job 15 with external jobid 610991.

[Thu Jan 11 10:53:15 2024]
Job 16: Removing duplicats for 293flpIN_RTF1_WT2

Submitted DRMAA job 16 with external jobid 610992.

[Thu Jan 11 10:53:16 2024]
Job 18: Removing duplicats for 293flpIN_RTF1_MT_R1

Submitted DRMAA job 18 with external jobid 610993.

[Thu Jan 11 10:53:16 2024]
Job 20: Removing duplicats for 293flpIN_RTF1_MT_R3

Submitted DRMAA job 20 with external jobid 610994.

[Thu Jan 11 10:53:16 2024]
Job 1: Creating temp_RTF1_RNAseq FastQC summary

Submitted DRMAA job 1 with external jobid 610995.

[Thu Jan 11 10:53:16 2024]
Job 17: Removing duplicats for 293flpIN_RTF1_WT3

Submitted DRMAA job 17 with external jobid 610996.

[Thu Jan 11 10:53:16 2024]
Job 19: Removing duplicats for 293flpIN_RTF1_MT_R2

Submitted DRMAA job 19 with external jobid 610997.
[Thu Jan 11 10:53:25 2024]
Finished job 1.
1 of 17 steps (6%) done
[Thu Jan 11 10:56:46 2024]
Finished job 15.
2 of 17 steps (12%) done
Select jobs to execute...

[Thu Jan 11 10:56:46 2024]
Job 22: Removing duplicats for 293flpIN_RTF1_WT1

Submitted DRMAA job 22 with external jobid 610998.
[Thu Jan 11 10:56:46 2024]
Finished job 16.
3 of 17 steps (18%) done
Select jobs to execute...

[Thu Jan 11 10:56:46 2024]
Job 23: Removing duplicats for 293flpIN_RTF1_WT2

Submitted DRMAA job 23 with external jobid 610999.
[Thu Jan 11 10:56:56 2024]
Finished job 18.
4 of 17 steps (24%) done
Select jobs to execute...

[Thu Jan 11 10:56:56 2024]
Job 25: Removing duplicats for 293flpIN_RTF1_MT_R1

Submitted DRMAA job 25 with external jobid 611000.
[Thu Jan 11 10:57:06 2024]
Finished job 20.
5 of 17 steps (29%) done
Select jobs to execute...

[Thu Jan 11 10:57:06 2024]
Job 27: Removing duplicats for 293flpIN_RTF1_MT_R3

Submitted DRMAA job 27 with external jobid 611001.
[Thu Jan 11 10:57:16 2024]
Finished job 17.
6 of 17 steps (35%) done
Select jobs to execute...

[Thu Jan 11 10:57:16 2024]
Job 24: Removing duplicats for 293flpIN_RTF1_WT3

Submitted DRMAA job 24 with external jobid 611002.
[Thu Jan 11 10:57:36 2024]
Finished job 19.
7 of 17 steps (41%) done
Select jobs to execute...

[Thu Jan 11 10:57:36 2024]
Job 14: Creating temp_RTF1_RNAseq clumpify summary

Submitted DRMAA job 14 with external jobid 611003.

[Thu Jan 11 10:57:36 2024]
Job 26: Removing duplicats for 293flpIN_RTF1_MT_R2

Submitted DRMAA job 26 with external jobid 611004.
[Thu Jan 11 10:57:46 2024]
Finished job 14.
8 of 17 steps (47%) done
Removing temporary output file temp_RTF1_RNAseq/293flpIN_RTF1_WT2_R1_clumpify.fastq.gz.
Removing temporary output file temp_RTF1_RNAseq/293flpIN_RTF1_WT2_R2_clumpify.fastq.gz.
[Thu Jan 11 10:59:27 2024]
Finished job 23.
9 of 17 steps (53%) done
Removing temporary output file temp_RTF1_RNAseq/293flpIN_RTF1_WT1_R2_clumpify.fastq.gz.
Removing temporary output file temp_RTF1_RNAseq/293flpIN_RTF1_WT1_R1_clumpify.fastq.gz.
[Thu Jan 11 10:59:47 2024]
Finished job 22.
10 of 17 steps (59%) done
Removing temporary output file temp_RTF1_RNAseq/293flpIN_RTF1_MT_R2_R1_clumpify.fastq.gz.
Removing temporary output file temp_RTF1_RNAseq/293flpIN_RTF1_MT_R2_R2_clumpify.fastq.gz.
[Thu Jan 11 10:59:47 2024]
Finished job 26.
11 of 17 steps (65%) done
Removing temporary output file temp_RTF1_RNAseq/293flpIN_RTF1_MT_R1_R2_clumpify.fastq.gz.
Removing temporary output file temp_RTF1_RNAseq/293flpIN_RTF1_MT_R1_R1_clumpify.fastq.gz.
[Thu Jan 11 10:59:58 2024]
Finished job 25.
12 of 17 steps (71%) done
Removing temporary output file temp_RTF1_RNAseq/293flpIN_RTF1_WT3_R2_clumpify.fastq.gz.
Removing temporary output file temp_RTF1_RNAseq/293flpIN_RTF1_WT3_R1_clumpify.fastq.gz.
[Thu Jan 11 11:00:08 2024]
Finished job 24.
13 of 17 steps (76%) done
Removing temporary output file temp_RTF1_RNAseq/293flpIN_RTF1_MT_R3_R1_clumpify.fastq.gz.
Removing temporary output file temp_RTF1_RNAseq/293flpIN_RTF1_MT_R3_R2_clumpify.fastq.gz.
[Thu Jan 11 11:00:18 2024]
Finished job 27.
14 of 17 steps (82%) done
Select jobs to execute...

[Thu Jan 11 11:00:18 2024]
Job 21: Creating temp_RTF1_RNAseq bbduk summary

Submitted DRMAA job 21 with external jobid 611005.
[Thu Jan 11 11:00:28 2024]
Finished job 21.
15 of 17 steps (88%) done
Select jobs to execute...

[Thu Jan 11 11:00:28 2024]
Job 28: getting final rmats_fastq_groups  RTF1_WT,RTF1_MT

Submitted DRMAA job 28 with external jobid 611006.
[Thu Jan 11 11:00:48 2024]
Error in rule gathering_fastq_groups:
    jobid: 28
    output: temp_RTF1_RNAseq/RTF1_WT,RTF1_MT_S1.txt, temp_RTF1_RNAseq/RTF1_WT,RTF1_MT_S2.txt
    log: temp_RTF1_RNAseq/logs/rmats_fastq_RTF1_WT,RTF1_MT.out, temp_RTF1_RNAseq/logs/rmats_fastq_RTF1_WT,RTF1_MT.err (check log file(s) for error message)

Error executing rule gathering_fastq_groups on cluster (jobid: 28, external: 611006, jobscript: /beevol/home/erickson/Ben_pipelines/snakemake_pipelines/.snakemake/tmp.pw47eihs/snakejob.gathering_fastq_groups.28.sh). For error details see the cluster log and the log files of the involved rule(s).
Shutting down, this might take some time.
Exiting because a job execution failed. Look above for error message
Complete log: /beevol/home/erickson/Ben_pipelines/snakemake_pipelines/.snakemake/log/2024-01-11T105314.199587.snakemake.log
