Building DAG of jobs...
The params used to generate one or several output files has changed:
    To inspect which output files have changes, run 'snakemake --list-params-changes'.
    To trigger a re-run, use 'snakemake -R $(snakemake --list-params-changes)'.
Using shell: /bin/bash
Provided cluster nodes: 100
Job stats:
job                       count    min threads    max threads
----------------------  -------  -------------  -------------
all                           1              1              1
gathering_fastq_groups        1              1              1
total                         2              1              1

Select jobs to execute...

[Thu Jan 11 11:05:58 2024]
Job 28: getting final rmats_fastq_groups  RTF1_WT:RTF1_MT

Submitted DRMAA job 28 with external jobid 611008.
[Thu Jan 11 11:06:08 2024]
Error in rule gathering_fastq_groups:
    jobid: 28
    output: temp_RTF1_RNAseq/RTF1_WT:RTF1_MT_S1.txt, temp_RTF1_RNAseq/RTF1_WT:RTF1_MT_S2.txt
    log: temp_RTF1_RNAseq/logs/rmats_fastq_RTF1_WT:RTF1_MT.out, temp_RTF1_RNAseq/logs/rmats_fastq_RTF1_WT:RTF1_MT.err (check log file(s) for error message)

Error executing rule gathering_fastq_groups on cluster (jobid: 28, external: 611008, jobscript: /beevol/home/erickson/Ben_pipelines/snakemake_pipelines/.snakemake/tmp.kuw6gqr3/snakejob.gathering_fastq_groups.28.sh). For error details see the cluster log and the log files of the involved rule(s).
Shutting down, this might take some time.
Exiting because a job execution failed. Look above for error message
The params used to generate one or several output files has changed:
    To inspect which output files have changes, run 'snakemake --list-params-changes'.
    To trigger a re-run, use 'snakemake -R $(snakemake --list-params-changes)'.
Complete log: /beevol/home/erickson/Ben_pipelines/snakemake_pipelines/.snakemake/log/2024-01-11T110557.738870.snakemake.log
