Building DAG of jobs...
Using shell: /bin/bash
Provided cluster nodes: 100
Job stats:
job                    count    min threads    max threads
-------------------  -------  -------------  -------------
all                        1              1              1
fix_3_matrix               2              1              1
fix_543_matrix             2              1              1
fix_5_matrix               2              1              1
my_3_matrix                2             12             12
my_3_url                   2              1              1
my_3_url_summary           1              1              1
my_5_matrix                2             12             12
my_5_url                   2              1              1
my_5_url_summary           1              1              1
sense_url_summary          1              1              1
standared543_matrix        2             12             12
standared543_url           2              1              1
total                     22              1             12

Select jobs to execute...

[Thu Jan  4 14:49:28 2024]
Job 7: standard sense 543 matrix files PP1H66KSer5-r3

Submitted DRMAA job 7 with external jobid 603164.

[Thu Jan  4 14:49:28 2024]
Job 14: 5 matrix files PP1H66KSer5-r3

Submitted DRMAA job 14 with external jobid 603165.

[Thu Jan  4 14:49:28 2024]
Job 11: 5 matrix files PP1H66KSer5-r2

Submitted DRMAA job 11 with external jobid 603166.

[Thu Jan  4 14:49:28 2024]
Job 18: 3 matrix files PP1H66KSer5-r2

Submitted DRMAA job 18 with external jobid 603167.

[Thu Jan  4 14:49:28 2024]
Job 4: standard sense 543 matrix files PP1H66KSer5-r2

Submitted DRMAA job 4 with external jobid 603168.

[Thu Jan  4 14:49:28 2024]
Job 21: 3 matrix files PP1H66KSer5-r3

Submitted DRMAA job 21 with external jobid 603169.
[Thu Jan  4 14:49:58 2024]
Finished job 14.
1 of 22 steps (5%) done
Select jobs to execute...

[Thu Jan  4 14:49:58 2024]
Job 13: fix standard 5 matrix files PP1H66KSer5-r3

Submitted DRMAA job 13 with external jobid 603171.
[Thu Jan  4 14:49:58 2024]
Finished job 11.
2 of 22 steps (9%) done
[Thu Jan  4 14:49:58 2024]
Finished job 18.
3 of 22 steps (14%) done
Select jobs to execute...

[Thu Jan  4 14:49:58 2024]
Job 17: fix standard 3 matrix files PP1H66KSer5-r2

Submitted DRMAA job 17 with external jobid 603172.

[Thu Jan  4 14:49:58 2024]
Job 10: fix standard 5 matrix files PP1H66KSer5-r2

Submitted DRMAA job 10 with external jobid 603173.
[Thu Jan  4 14:50:08 2024]
Finished job 7.
4 of 22 steps (18%) done
Select jobs to execute...

[Thu Jan  4 14:50:08 2024]
Job 6: fix standard 543 matrix files PP1H66KSer5-r3

Submitted DRMAA job 6 with external jobid 603174.
[Thu Jan  4 14:50:08 2024]
Finished job 4.
5 of 22 steps (23%) done
Select jobs to execute...

[Thu Jan  4 14:50:08 2024]
Job 3: fix standard 543 matrix files PP1H66KSer5-r2

Submitted DRMAA job 3 with external jobid 603175.
[Thu Jan  4 14:50:18 2024]
Finished job 21.
6 of 22 steps (27%) done
Select jobs to execute...

[Thu Jan  4 14:50:18 2024]
Job 20: fix standard 3 matrix files PP1H66KSer5-r3

Submitted DRMAA job 20 with external jobid 603176.
Removing temporary output file Temp/matrix/PP1H66KSer5-r3_temp0_5_matrix.gz.
[Thu Jan  4 14:50:28 2024]
Finished job 13.
7 of 22 steps (32%) done
Select jobs to execute...

[Thu Jan  4 14:50:28 2024]
Job 12: Creating 5_matrix url for PP1H66KSer5-r3

Submitted DRMAA job 12 with external jobid 603177.
Removing temporary output file Temp/matrix/PP1H66KSer5-r2_temp0_3_matrix.gz.
[Thu Jan  4 14:50:29 2024]
Finished job 17.
8 of 22 steps (36%) done
Removing temporary output file Temp/matrix/PP1H66KSer5-r2_temp0_5_matrix.gz.
[Thu Jan  4 14:50:29 2024]
Finished job 10.
9 of 22 steps (41%) done
Removing temporary output file Temp/matrix/PP1H66KSer5-r3_temp0_543_matrix.gz.
[Thu Jan  4 14:50:29 2024]
Finished job 6.
10 of 22 steps (45%) done
Removing temporary output file Temp/matrix/PP1H66KSer5-r2_temp0_543_matrix.gz.
[Thu Jan  4 14:50:29 2024]
Finished job 3.
11 of 22 steps (50%) done
Select jobs to execute...

[Thu Jan  4 14:50:29 2024]
Job 9: Creating 5_matrix url for PP1H66KSer5-r2

Submitted DRMAA job 9 with external jobid 603178.

[Thu Jan  4 14:50:29 2024]
Job 5: Creating sense 543_matrix url for PP1H66KSer5-r3

Submitted DRMAA job 5 with external jobid 603179.

[Thu Jan  4 14:50:29 2024]
Job 2: Creating sense 543_matrix url for PP1H66KSer5-r2

Submitted DRMAA job 2 with external jobid 603180.

[Thu Jan  4 14:50:29 2024]
Job 16: Creating 3_matrix url for PP1H66KSer5-r2

Submitted DRMAA job 16 with external jobid 603181.
[Thu Jan  4 14:50:39 2024]
Finished job 12.
12 of 22 steps (55%) done
Removing temporary output file Temp/matrix/PP1H66KSer5-r3_temp0_3_matrix.gz.
[Thu Jan  4 14:50:39 2024]
Finished job 20.
13 of 22 steps (59%) done
Select jobs to execute...

[Thu Jan  4 14:50:39 2024]
Job 19: Creating 3_matrix url for PP1H66KSer5-r3

Submitted DRMAA job 19 with external jobid 603182.
[Thu Jan  4 14:50:39 2024]
Finished job 9.
14 of 22 steps (64%) done
[Thu Jan  4 14:50:39 2024]
Finished job 5.
15 of 22 steps (68%) done
[Thu Jan  4 14:50:39 2024]
Finished job 2.
16 of 22 steps (73%) done
[Thu Jan  4 14:50:39 2024]
Finished job 16.
17 of 22 steps (77%) done
Select jobs to execute...

[Thu Jan  4 14:50:39 2024]
Job 8: Creating Temp sense 5_matrix url

Submitted DRMAA job 8 with external jobid 603183.

[Thu Jan  4 14:50:39 2024]
Job 1: Creating Temp sense 543_matrix url

Submitted DRMAA job 1 with external jobid 603184.
[Thu Jan  4 14:50:49 2024]
Finished job 19.
18 of 22 steps (82%) done
Select jobs to execute...

[Thu Jan  4 14:50:49 2024]
Job 15: Creating Temp sense 3_matrix url

Submitted DRMAA job 15 with external jobid 603185.
Removing temporary output file Temp/matrix/5.PP1H66KSer5-r2_matrix.url.txt.
Removing temporary output file Temp/matrix/5.PP1H66KSer5-r3_matrix.url.txt.
[Thu Jan  4 14:50:49 2024]
Finished job 8.
19 of 22 steps (86%) done
Removing temporary output file Temp/matrix/543.PP1H66KSer5-r2_matrix.url.txt.
Removing temporary output file Temp/matrix/543.PP1H66KSer5-r3_matrix.url.txt.
[Thu Jan  4 14:50:49 2024]
Finished job 1.
20 of 22 steps (91%) done
Removing temporary output file Temp/matrix/3.PP1H66KSer5-r2_matrix.url.txt.
Removing temporary output file Temp/matrix/3.PP1H66KSer5-r3_matrix.url.txt.
[Thu Jan  4 14:50:59 2024]
Finished job 15.
21 of 22 steps (95%) done
Select jobs to execute...

[Thu Jan  4 14:50:59 2024]
localrule all:
    input: Temp/URLS/543_Temp_hg38_1.5k_0.5k_2.0k_0.5k_3.5k_100bin_norm_OR_enrich_matrix.url.txt, Temp/URLS/5_Temp_hg38_1.0k_2.0k_25bin_norm_OR_enrich_matrix.url.txt, Temp/URLS/3_Temp_hg38_1.0k_9.0k_100bin_norm_OR_enrich_matrix.url.txt
    jobid: 0
    resources: tmpdir=/tmp

[Thu Jan  4 14:50:59 2024]
Finished job 0.
22 of 22 steps (100%) done
Complete log: /beevol/home/erickson/Ben_pipelines/snakemake_pipelines/.snakemake/log/2024-01-04T144927.767095.snakemake.log
