Building DAG of jobs...
The params used to generate one or several output files has changed:
    To inspect which output files have changes, run 'snakemake --list-params-changes'.
    To trigger a re-run, use 'snakemake -R $(snakemake --list-params-changes)'.
Using shell: /bin/bash
Provided cluster nodes: 100
Job stats:
job                       count    min threads    max threads
----------------------  -------  -------------  -------------
all                           1              1              1
gathering_fastq_groups        1              1              1
total                         2              1              1

Select jobs to execute...

[Thu Jan 11 11:13:06 2024]
Job 28: getting final rmats_fastq_groups  RTF1_WT:RTF1_MT

Submitted DRMAA job 28 with external jobid 611016.
[Thu Jan 11 11:13:16 2024]
Finished job 28.
1 of 2 steps (50%) done
Select jobs to execute...

[Thu Jan 11 11:13:16 2024]
localrule all:
    input: temp_RTF1_RNAseq/stats/temp_RTF1_RNAseq_fastqc.tsv, temp_RTF1_RNAseq/stats/temp_RTF1_RNAseq_clumpify.tsv, temp_RTF1_RNAseq/stats/temp_RTF1_RNAseq_bbduk.tsv, temp_RTF1_RNAseq/RTF1_WT:RTF1_MT_S1.txt, temp_RTF1_RNAseq/RTF1_WT:RTF1_MT_S2.txt
    jobid: 0
    resources: tmpdir=/tmp

[Thu Jan 11 11:13:16 2024]
Finished job 0.
2 of 2 steps (100%) done
The params used to generate one or several output files has changed:
    To inspect which output files have changes, run 'snakemake --list-params-changes'.
    To trigger a re-run, use 'snakemake -R $(snakemake --list-params-changes)'.
Complete log: /beevol/home/erickson/Ben_pipelines/snakemake_pipelines/.snakemake/log/2024-01-11T111306.131097.snakemake.log
