Building DAG of jobs...
The params used to generate one or several output files has changed:
    To inspect which output files have changes, run 'snakemake --list-params-changes'.
    To trigger a re-run, use 'snakemake -R $(snakemake --list-params-changes)'.
Using shell: /bin/bash
Provided cluster nodes: 100
Job stats:
job                          count    min threads    max threads
-------------------------  -------  -------------  -------------
all                              1              1              1
bamCoverage                      2             12             12
bamCoverage_spike                2             12             12
bamCoverage_spike_summary        1              1              1
bamCoverage_summary              1              1              1
total                            7              1             12

Select jobs to execute...

[Thu Jan  4 14:46:57 2024]
Job 47: Aligning reads with bamCoverage_spike for PP1H66KSer5-r2

Submitted DRMAA job 47 with external jobid 603155.

[Thu Jan  4 14:46:58 2024]
Job 48: Aligning reads with bamCoverage_spike for PP1H66KSer5-r3

Submitted DRMAA job 48 with external jobid 603156.

[Thu Jan  4 14:46:58 2024]
Job 44: Aligning reads with bamCoverage for PP1H66KSer5-r2

Submitted DRMAA job 44 with external jobid 603157.

[Thu Jan  4 14:46:58 2024]
Job 45: Aligning reads with bamCoverage for PP1H66KSer5-r3

Submitted DRMAA job 45 with external jobid 603158.
[Thu Jan  4 14:48:05 2024]
Finished job 48.
1 of 7 steps (14%) done
[Thu Jan  4 14:48:15 2024]
Finished job 47.
2 of 7 steps (29%) done
Select jobs to execute...

[Thu Jan  4 14:48:15 2024]
Job 46: Creating Temp bamCoverage_spike summary

Submitted DRMAA job 46 with external jobid 603162.
Removing temporary output file Temp/bw/PP1H66KSer5-r2_spike_bamCoverage_stats.txt.
Removing temporary output file Temp/bw/PP1H66KSer5-r3_spike_bamCoverage_stats.txt.
[Thu Jan  4 14:48:25 2024]
Finished job 46.
3 of 7 steps (43%) done
[Thu Jan  4 14:48:56 2024]
Finished job 44.
4 of 7 steps (57%) done
[Thu Jan  4 14:49:06 2024]
Finished job 45.
5 of 7 steps (71%) done
Select jobs to execute...

[Thu Jan  4 14:49:06 2024]
Job 43: Creating Temp bamCoverage summary

Submitted DRMAA job 43 with external jobid 603163.
Removing temporary output file Temp/bw/PP1H66KSer5-r2_bamCoverage_stats.txt.
Removing temporary output file Temp/bw/PP1H66KSer5-r3_bamCoverage_stats.txt.
[Thu Jan  4 14:49:16 2024]
Finished job 43.
6 of 7 steps (86%) done
Select jobs to execute...

[Thu Jan  4 14:49:16 2024]
localrule all:
    input: Temp/stats/Temp_fastqc.tsv, Temp/stats/Temp_clumpify.tsv, Temp/stats/Temp_bbduk.tsv, Temp/stats/Temp_aligned.tsv, Temp/stats/Temp_results.tsv, Temp/stats/Temp_fragment_results.tsv, Temp/URLS/Temp_hg38_norm_OR_enrich_bw_URL.txt, Temp/URLS/Temp_mm10_norm_OR_enrich_bw_URL.txt
    jobid: 0
    resources: tmpdir=/tmp

[Thu Jan  4 14:49:16 2024]
Finished job 0.
7 of 7 steps (100%) done
The params used to generate one or several output files has changed:
    To inspect which output files have changes, run 'snakemake --list-params-changes'.
    To trigger a re-run, use 'snakemake -R $(snakemake --list-params-changes)'.
Complete log: /beevol/home/erickson/Ben_pipelines/snakemake_pipelines/.snakemake/log/2024-01-04T144652.880255.snakemake.log
