Building DAG of jobs...
The params used to generate one or several output files has changed:
    To inspect which output files have changes, run 'snakemake --list-params-changes'.
    To trigger a re-run, use 'snakemake -R $(snakemake --list-params-changes)'.
Using shell: /bin/bash
Provided cluster nodes: 100
Job stats:
job                      count    min threads    max threads
---------------------  -------  -------------  -------------
all                          1              1              1
fastq_rmats                  1             12             12
gathering_bams_groups        1              1              1
total                        3              1             12

Select jobs to execute...

[Fri Jan 12 08:35:26 2024]
Job 55: getting final rmats_bams_groups  RTF1_MT:RTF1_WT

Submitted DRMAA job 55 with external jobid 611292.
[Fri Jan 12 08:35:45 2024]
Finished job 55.
1 of 3 steps (33%) done
Select jobs to execute...

[Fri Jan 12 08:35:45 2024]
Job 54: Aligning reads with fastq_rmats for RTF1_MT:RTF1_WT

Submitted DRMAA job 54 with external jobid 611293.
[Fri Jan 12 08:51:00 2024]
Finished job 54.
2 of 3 steps (67%) done
Select jobs to execute...

[Fri Jan 12 08:51:00 2024]
localrule all:
    input: temp_RTF1_RNAseq/stats/temp_RTF1_RNAseq_fastqc.tsv, temp_RTF1_RNAseq/stats/temp_RTF1_RNAseq_clumpify.tsv, temp_RTF1_RNAseq/stats/temp_RTF1_RNAseq_bbduk.tsv, temp_RTF1_RNAseq/stats/temp_RTF1_RNAseq_aligned.tsv, temp_RTF1_RNAseq/stats/temp_RTF1_RNAseq_results.tsv, temp_RTF1_RNAseq/rmats/RTF1_MT:RTF1_WT/SE.MATS.JC.txt
    jobid: 0
    resources: tmpdir=/tmp

[Fri Jan 12 08:51:00 2024]
Finished job 0.
3 of 3 steps (100%) done
The params used to generate one or several output files has changed:
    To inspect which output files have changes, run 'snakemake --list-params-changes'.
    To trigger a re-run, use 'snakemake -R $(snakemake --list-params-changes)'.
Complete log: /beevol/home/erickson/Ben_pipelines/snakemake_pipelines/.snakemake/log/2024-01-12T083524.906081.snakemake.log
