Building DAG of jobs...
Using shell: /bin/bash
Provided cluster nodes: 100
Job stats:
job                    count    min threads    max threads
-------------------  -------  -------------  -------------
all                        1              1              1
fix_3_matrix               2              1              1
fix_543_matrix             2              1              1
fix_5L_matrix              2              1              1
fix_5_matrix               2              1              1
fix_PI_matrix              2              1              1
my_3_matrix                2             12             12
my_3_url                   2              1              1
my_3_url_summary           1              1              1
my_5L_matrix               2             12             12
my_5L_url                  2              1              1
my_5L_url_summary          1              1              1
my_5_matrix                2             12             12
my_5_url                   2              1              1
my_5_url_summary           1              1              1
my_PI_matrix               2             12             12
my_PI_url                  2              1              1
my_PI_url_summary          1              1              1
sense_url_summary          1              1              1
standared543_matrix        2             12             12
standared543_url           2              1              1
total                     36              1             12

Select jobs to execute...

[Fri Jun 16 14:36:08 2023]
Job 14: 5 matrix files PP1-PNUTS-H66K_pdox_DRB_CTD

Submitted DRMAA job 14 with external jobid 10555.

[Fri Jun 16 14:36:09 2023]
Job 28: 5L matrix files PP1-PNUTS-H66K_pdox_DRB_CTD

Submitted DRMAA job 28 with external jobid 10556.

[Fri Jun 16 14:36:09 2023]
Job 4: standard sense 543 matrix files PP1-PNUTS-H66K_mdox_DRB_CTD

Submitted DRMAA job 4 with external jobid 10557.

[Fri Jun 16 14:36:09 2023]
Job 18: 3 matrix files PP1-PNUTS-H66K_mdox_DRB_CTD

Submitted DRMAA job 18 with external jobid 10558.

[Fri Jun 16 14:36:09 2023]
Job 32: PI matrix files PP1-PNUTS-H66K_mdox_DRB_CTD

Submitted DRMAA job 32 with external jobid 10559.

[Fri Jun 16 14:36:10 2023]
Job 7: standard sense 543 matrix files PP1-PNUTS-H66K_pdox_DRB_CTD

Submitted DRMAA job 7 with external jobid 10560.

[Fri Jun 16 14:36:10 2023]
Job 21: 3 matrix files PP1-PNUTS-H66K_pdox_DRB_CTD

Submitted DRMAA job 21 with external jobid 10561.

[Fri Jun 16 14:36:10 2023]
Job 35: PI matrix files PP1-PNUTS-H66K_pdox_DRB_CTD

Submitted DRMAA job 35 with external jobid 10562.

[Fri Jun 16 14:36:10 2023]
Job 11: 5 matrix files PP1-PNUTS-H66K_mdox_DRB_CTD

Submitted DRMAA job 11 with external jobid 10563.

[Fri Jun 16 14:36:10 2023]
Job 25: 5L matrix files PP1-PNUTS-H66K_mdox_DRB_CTD

Submitted DRMAA job 25 with external jobid 10564.
[Fri Jun 16 14:36:52 2023]
Finished job 14.
1 of 36 steps (3%) done
Select jobs to execute...

[Fri Jun 16 14:36:52 2023]
Job 13: fix standard 5 matrix files PP1-PNUTS-H66K_pdox_DRB_CTD

Submitted DRMAA job 13 with external jobid 10565.
[Fri Jun 16 14:36:52 2023]
Finished job 18.
2 of 36 steps (6%) done
[Fri Jun 16 14:36:52 2023]
Finished job 32.
3 of 36 steps (8%) done
[Fri Jun 16 14:36:52 2023]
Finished job 21.
4 of 36 steps (11%) done
[Fri Jun 16 14:36:52 2023]
Finished job 35.
5 of 36 steps (14%) done
[Fri Jun 16 14:36:52 2023]
Finished job 11.
6 of 36 steps (17%) done
Select jobs to execute...

[Fri Jun 16 14:36:52 2023]
Job 34: fix standard PI matrix files PP1-PNUTS-H66K_pdox_DRB_CTD

Submitted DRMAA job 34 with external jobid 10566.

[Fri Jun 16 14:36:52 2023]
Job 20: fix standard 3 matrix files PP1-PNUTS-H66K_pdox_DRB_CTD

Submitted DRMAA job 20 with external jobid 10567.

[Fri Jun 16 14:36:53 2023]
Job 10: fix standard 5 matrix files PP1-PNUTS-H66K_mdox_DRB_CTD

Submitted DRMAA job 10 with external jobid 10568.

[Fri Jun 16 14:36:53 2023]
Job 31: fix standard PI matrix files PP1-PNUTS-H66K_mdox_DRB_CTD

Submitted DRMAA job 31 with external jobid 10569.

[Fri Jun 16 14:36:53 2023]
Job 17: fix standard 3 matrix files PP1-PNUTS-H66K_mdox_DRB_CTD

Submitted DRMAA job 17 with external jobid 10570.
[Fri Jun 16 14:37:03 2023]
Finished job 28.
7 of 36 steps (19%) done
Select jobs to execute...

[Fri Jun 16 14:37:03 2023]
Job 27: fix standard 5L matrix files PP1-PNUTS-H66K_pdox_DRB_CTD

Submitted DRMAA job 27 with external jobid 10571.
[Fri Jun 16 14:37:03 2023]
Finished job 4.
8 of 36 steps (22%) done
[Fri Jun 16 14:37:03 2023]
Finished job 7.
9 of 36 steps (25%) done
Select jobs to execute...

[Fri Jun 16 14:37:03 2023]
Job 3: fix standard 543 matrix files PP1-PNUTS-H66K_mdox_DRB_CTD

Submitted DRMAA job 3 with external jobid 10572.

[Fri Jun 16 14:37:03 2023]
Job 6: fix standard 543 matrix files PP1-PNUTS-H66K_pdox_DRB_CTD

Submitted DRMAA job 6 with external jobid 10573.
[Fri Jun 16 14:37:14 2023]
Finished job 25.
10 of 36 steps (28%) done
Select jobs to execute...

[Fri Jun 16 14:37:14 2023]
Job 24: fix standard 5L matrix files PP1-PNUTS-H66K_mdox_DRB_CTD

Submitted DRMAA job 24 with external jobid 10574.
Removing temporary output file 230426_H66K_DRB/matrix/PP1-PNUTS-H66K_pdox_DRB_CTD_temp0_5_matrix.gz.
[Fri Jun 16 14:37:25 2023]
Finished job 13.
11 of 36 steps (31%) done
Select jobs to execute...

[Fri Jun 16 14:37:25 2023]
Job 12: Creating 5_matrix url for PP1-PNUTS-H66K_pdox_DRB_CTD

Submitted DRMAA job 12 with external jobid 10575.
Removing temporary output file 230426_H66K_DRB/matrix/PP1-PNUTS-H66K_pdox_DRB_CTD_temp0_PI_matrix.gz.
[Fri Jun 16 14:37:25 2023]
Finished job 34.
12 of 36 steps (33%) done
Removing temporary output file 230426_H66K_DRB/matrix/PP1-PNUTS-H66K_pdox_DRB_CTD_temp0_3_matrix.gz.
[Fri Jun 16 14:37:25 2023]
Finished job 20.
13 of 36 steps (36%) done
Removing temporary output file 230426_H66K_DRB/matrix/PP1-PNUTS-H66K_mdox_DRB_CTD_temp0_5_matrix.gz.
[Fri Jun 16 14:37:25 2023]
Finished job 10.
14 of 36 steps (39%) done
Removing temporary output file 230426_H66K_DRB/matrix/PP1-PNUTS-H66K_mdox_DRB_CTD_temp0_PI_matrix.gz.
[Fri Jun 16 14:37:25 2023]
Finished job 31.
15 of 36 steps (42%) done
Removing temporary output file 230426_H66K_DRB/matrix/PP1-PNUTS-H66K_mdox_DRB_CTD_temp0_3_matrix.gz.
[Fri Jun 16 14:37:26 2023]
Finished job 17.
16 of 36 steps (44%) done
Removing temporary output file 230426_H66K_DRB/matrix/PP1-PNUTS-H66K_mdox_DRB_CTD_temp0_543_matrix.gz.
[Fri Jun 16 14:37:26 2023]
Finished job 3.
17 of 36 steps (47%) done
Removing temporary output file 230426_H66K_DRB/matrix/PP1-PNUTS-H66K_pdox_DRB_CTD_temp0_543_matrix.gz.
[Fri Jun 16 14:37:26 2023]
Finished job 6.
18 of 36 steps (50%) done
Select jobs to execute...

[Fri Jun 16 14:37:26 2023]
Job 33: Creating PI_matrix url for PP1-PNUTS-H66K_pdox_DRB_CTD

Submitted DRMAA job 33 with external jobid 10576.

[Fri Jun 16 14:37:26 2023]
Job 2: Creating sense 543_matrix url for PP1-PNUTS-H66K_mdox_DRB_CTD

Submitted DRMAA job 2 with external jobid 10577.

[Fri Jun 16 14:37:26 2023]
Job 5: Creating sense 543_matrix url for PP1-PNUTS-H66K_pdox_DRB_CTD

Submitted DRMAA job 5 with external jobid 10578.

[Fri Jun 16 14:37:26 2023]
Job 9: Creating 5_matrix url for PP1-PNUTS-H66K_mdox_DRB_CTD

Submitted DRMAA job 9 with external jobid 10579.

[Fri Jun 16 14:37:27 2023]
Job 30: Creating PI_matrix url for PP1-PNUTS-H66K_mdox_DRB_CTD

Submitted DRMAA job 30 with external jobid 10580.

[Fri Jun 16 14:37:27 2023]
Job 16: Creating 3_matrix url for PP1-PNUTS-H66K_mdox_DRB_CTD

Submitted DRMAA job 16 with external jobid 10581.

[Fri Jun 16 14:37:27 2023]
Job 19: Creating 3_matrix url for PP1-PNUTS-H66K_pdox_DRB_CTD

Submitted DRMAA job 19 with external jobid 10582.
Removing temporary output file 230426_H66K_DRB/matrix/PP1-PNUTS-H66K_pdox_DRB_CTD_temp0_5L_matrix.gz.
[Fri Jun 16 14:37:36 2023]
Finished job 27.
19 of 36 steps (53%) done
Select jobs to execute...

[Fri Jun 16 14:37:36 2023]
Job 26: Creating 5L_matrix url for PP1-PNUTS-H66K_pdox_DRB_CTD

Submitted DRMAA job 26 with external jobid 10583.
[Fri Jun 16 14:37:36 2023]
Finished job 33.
20 of 36 steps (56%) done
Removing temporary output file 230426_H66K_DRB/matrix/PP1-PNUTS-H66K_mdox_DRB_CTD_temp0_5L_matrix.gz.
[Fri Jun 16 14:37:47 2023]
Finished job 24.
21 of 36 steps (58%) done
Select jobs to execute...

[Fri Jun 16 14:37:47 2023]
Job 23: Creating 5L_matrix url for PP1-PNUTS-H66K_mdox_DRB_CTD

Submitted DRMAA job 23 with external jobid 10584.
[Fri Jun 16 14:37:47 2023]
Finished job 12.
22 of 36 steps (61%) done
[Fri Jun 16 14:37:47 2023]
Finished job 2.
23 of 36 steps (64%) done
[Fri Jun 16 14:37:47 2023]
Finished job 5.
24 of 36 steps (67%) done
[Fri Jun 16 14:37:47 2023]
Finished job 9.
25 of 36 steps (69%) done
[Fri Jun 16 14:37:47 2023]
Finished job 30.
26 of 36 steps (72%) done
[Fri Jun 16 14:37:48 2023]
Finished job 16.
27 of 36 steps (75%) done
[Fri Jun 16 14:37:48 2023]
Finished job 19.
28 of 36 steps (78%) done
Select jobs to execute...

[Fri Jun 16 14:37:48 2023]
Job 1: Creating 230426_H66K_DRB sense 543_matrix url

Submitted DRMAA job 1 with external jobid 10585.

[Fri Jun 16 14:37:48 2023]
Job 8: Creating 230426_H66K_DRB sense 5_matrix url

Submitted DRMAA job 8 with external jobid 10586.

[Fri Jun 16 14:37:48 2023]
Job 29: Creating 230426_H66K_DRB sense PI_matrix url

Submitted DRMAA job 29 with external jobid 10587.

[Fri Jun 16 14:37:48 2023]
Job 15: Creating 230426_H66K_DRB sense 3_matrix url

Submitted DRMAA job 15 with external jobid 10588.
[Fri Jun 16 14:37:57 2023]
Finished job 26.
29 of 36 steps (81%) done
Removing temporary output file 230426_H66K_DRB/matrix/543.PP1-PNUTS-H66K_mdox_DRB_CTD_matrix.url.txt.
Removing temporary output file 230426_H66K_DRB/matrix/543.PP1-PNUTS-H66K_pdox_DRB_CTD_matrix.url.txt.
[Fri Jun 16 14:37:57 2023]
Finished job 1.
30 of 36 steps (83%) done
Removing temporary output file 230426_H66K_DRB/matrix/5.PP1-PNUTS-H66K_mdox_DRB_CTD_matrix.url.txt.
Removing temporary output file 230426_H66K_DRB/matrix/5.PP1-PNUTS-H66K_pdox_DRB_CTD_matrix.url.txt.
[Fri Jun 16 14:37:57 2023]
Finished job 8.
31 of 36 steps (86%) done
Removing temporary output file 230426_H66K_DRB/matrix/PI.PP1-PNUTS-H66K_mdox_DRB_CTD_matrix.url.txt.
Removing temporary output file 230426_H66K_DRB/matrix/PI.PP1-PNUTS-H66K_pdox_DRB_CTD_matrix.url.txt.
[Fri Jun 16 14:37:58 2023]
Finished job 29.
32 of 36 steps (89%) done
Removing temporary output file 230426_H66K_DRB/matrix/3.PP1-PNUTS-H66K_mdox_DRB_CTD_matrix.url.txt.
Removing temporary output file 230426_H66K_DRB/matrix/3.PP1-PNUTS-H66K_pdox_DRB_CTD_matrix.url.txt.
[Fri Jun 16 14:37:58 2023]
Finished job 15.
33 of 36 steps (92%) done
[Fri Jun 16 14:38:08 2023]
Finished job 23.
34 of 36 steps (94%) done
Select jobs to execute...

[Fri Jun 16 14:38:08 2023]
Job 22: Creating 230426_H66K_DRB sense 5L_matrix url

Submitted DRMAA job 22 with external jobid 10589.
Removing temporary output file 230426_H66K_DRB/matrix/5L.PP1-PNUTS-H66K_mdox_DRB_CTD_matrix.url.txt.
Removing temporary output file 230426_H66K_DRB/matrix/5L.PP1-PNUTS-H66K_pdox_DRB_CTD_matrix.url.txt.
[Fri Jun 16 14:38:18 2023]
Finished job 22.
35 of 36 steps (97%) done
Select jobs to execute...

[Fri Jun 16 14:38:18 2023]
localrule all:
    input: 230426_H66K_DRB/URLS/543_230426_H66K_DRB_hg38_1.5k_0.5k_2.0k_0.5k_3.5k_100bin_norm_CPM_matrix.url.txt, 230426_H66K_DRB/URLS/5_230426_H66K_DRB_hg38_1.0k_2.0k_25bin_norm_CPM_matrix.url.txt, 230426_H66K_DRB/URLS/3_230426_H66K_DRB_hg38_1.0k_9.0k_100bin_norm_CPM_matrix.url.txt, 230426_H66K_DRB/URLS/5L_230426_H66K_DRB_hg38_0.1k_30.0k_100bin_norm_CPM_matrix.url.txt, 230426_H66K_DRB/URLS/PI_230426_H66K_DRB_hg38_norm_CPM_matrix.url.txt
    jobid: 0
    resources: tmpdir=/tmp

[Fri Jun 16 14:38:18 2023]
Finished job 0.
36 of 36 steps (100%) done
Complete log: /beevol/home/erickson/Ben_pipelines/snakemake_pipelines/ChIPseq/.snakemake/log/2023-06-16T143608.340728.snakemake.log
